<?xml version="1.0" encoding="UTF-8"?>
<!-- Generated by org.testng.reporters.JUnitXMLReporter -->
<testsuite ignored="0" hostname="ZCBLRLP0293" failures="4" tests="63" name="LoginTestsChromeBrowserGalaxyS20Portrait" time="525.954" errors="0" timestamp="2024-07-06T11:57:05 IST">
  <testcase classname="zapcg.Capillary.EarnPointPageTestCases.GoToPassPointMoreThanAvailablePoint" name="testing" time="0.0">
    <skipped/>
  </testcase> <!-- testing -->
  <testcase classname="zapcg.Capillary.LoginTestCases.Login_Valid_TestCases" name="testValidLogin_TestCase1" time="60.49">
    <failure type="java.lang.AssertionError" message="Timeout waiting for either page to become visible: Expected condition failed: waiting for visibility of Proxy element for: DefaultElementLocator &amp;apos;By.xpath: //div[@id=&amp;apos;MSCONT&amp;apos;]&amp;apos; (tried for 20 second(s) with 500 milliseconds interval)">
      <![CDATA[java.lang.AssertionError: Timeout waiting for either page to become visible: Expected condition failed: waiting for visibility of Proxy element for: DefaultElementLocator 'By.xpath: //div[@id='MSCONT']' (tried for 20 second(s) with 500 milliseconds interval)
at zapcg.Capillary.PageObject.loginPage.verifySuccessfullNavigationFromLogin(loginPage.java:496)
at zapcg.Capillary.LoginTestCases.Login_Valid_TestCases.testValidLogin_TestCase1(Login_Valid_TestCases.java:44)
at java.base/java.util.ArrayList.forEach(ArrayList.java:1511)
at java.base/java.util.concurrent.FutureTask.run(FutureTask.java:264)
at java.base/java.util.concurrent.ThreadPoolExecutor.runWorker(ThreadPoolExecutor.java:1130)
at java.base/java.util.concurrent.ThreadPoolExecutor$Worker.run(ThreadPoolExecutor.java:630)
at java.base/java.lang.Thread.run(Thread.java:832)
... Removed 18 stack frames]]>
    </failure>
  </testcase> <!-- testValidLogin_TestCase1 -->
  <testcase classname="zapcg.Capillary.MemberDetailsTestCases.memberDetails_TestCases" name="verifyMemberDetailsNavigationFromMeberLookupScreen" time="0.0">
    <skipped/>
  </testcase> <!-- verifyMemberDetailsNavigationFromMeberLookupScreen -->
  <testcase classname="zapcg.Capillary.EarnPointPageTestCases.EarnPoint_Valid_TestCases" name="verifyNonEditableLocationField" time="0.0">
    <skipped/>
  </testcase> <!-- verifyNonEditableLocationField -->
  <testcase classname="zapcg.Capillary.EarnPointPageTestCases.EarnPoint_Invalid_TestCases" name="verifyTransactionAmountShouldNotBeEmpty" time="0.0">
    <skipped/>
  </testcase> <!-- verifyTransactionAmountShouldNotBeEmpty -->
  <testcase classname="zapcg.Capillary.EarnPointPageTestCases.EarnPoint_Invalid_TestCases" name="emptyTxnAmountButGoToPassPointValue" time="0.0">
    <skipped/>
  </testcase> <!-- emptyTxnAmountButGoToPassPointValue -->
  <testcase classname="zapcg.Capillary.LoginTestCases.Login_Invalid_TestCases" name="testInvalidUsername_TestCase2" time="2.334"/>
  <testcase classname="zapcg.Capillary.MemberDetailsTestCases.memberDetails_TestCases" name="verifyMemberDetailsDisplaying" time="0.0">
    <skipped/>
  </testcase> <!-- verifyMemberDetailsDisplaying -->
  <testcase classname="zapcg.Capillary.EarnPointPageTestCases.EarnPoint_Valid_TestCases" name="verifyNonEditableDateField" time="0.0">
    <skipped/>
  </testcase> <!-- verifyNonEditableDateField -->
  <testcase classname="zapcg.Capillary.EarnPointPageTestCases.EarnPoint_Invalid_TestCases" name="goTOPassPointMoreThanTransactionAmount" time="0.0">
    <skipped/>
  </testcase> <!-- goTOPassPointMoreThanTransactionAmount -->
  <testcase classname="zapcg.Capillary.LoginTestCases.Login_Invalid_TestCases" name="testInvalidPassword_TestCase3" time="1.493"/>
  <testcase classname="zapcg.Capillary.MemberDetailsTestCases.memberDetails_TestCases" name="verifyMemberDetailsContentDisplaying" time="0.0">
    <skipped/>
  </testcase> <!-- verifyMemberDetailsContentDisplaying -->
  <testcase classname="zapcg.Capillary.EarnPointPageTestCases.EarnPoint_Valid_TestCases" name="verifyNonEditableTimeField" time="0.0">
    <skipped/>
  </testcase> <!-- verifyNonEditableTimeField -->
  <testcase classname="zapcg.Capillary.LoginTestCases.Login_Invalid_TestCases" name="testTooLongUsername_TestCase4" time="0.694"/>
  <testcase classname="zapcg.Capillary.EarnPointPageTestCases.EarnPoint_Valid_TestCases" name="verifyEarnPointsNavigationFromMeberDetailsScreen" time="0.0">
    <skipped/>
  </testcase> <!-- verifyEarnPointsNavigationFromMeberDetailsScreen -->
  <testcase classname="zapcg.Capillary.MemberDetailsTestCases.memberDetails_TestCases" name="verifyEnabledOfEnterReceiptDetailsButton" time="0.0">
    <skipped/>
  </testcase> <!-- verifyEnabledOfEnterReceiptDetailsButton -->
  <testcase classname="zapcg.Capillary.LoginTestCases.Login_Invalid_TestCases" name="testMinLengthPassword_TestCase5" time="0.447"/>
  <testcase classname="zapcg.Capillary.MemberDetailsTestCases.memberDetails_TestCases" name="verifyHeaderOfTheMemberDetailsScreen" time="0.0">
    <skipped/>
  </testcase> <!-- verifyHeaderOfTheMemberDetailsScreen -->
  <testcase classname="zapcg.Capillary.EarnPointPageTestCases.EarnPoint_Valid_TestCases" name="verifyMemberDetailsContentDisplayingOnEarnPointScreen" time="0.0">
    <skipped/>
  </testcase> <!-- verifyMemberDetailsContentDisplayingOnEarnPointScreen -->
  <testcase classname="zapcg.Capillary.LoginTestCases.Login_Invalid_TestCases" name="testUsernameWithSpaces_TestCase6" time="0.458"/>
  <testcase classname="zapcg.Capillary.MemberDetailsTestCases.memberDetails_TestCases" name="verifyExpiryDateEqualToSystemDateThenNoRedeem" time="0.0">
    <skipped/>
  </testcase> <!-- verifyExpiryDateEqualToSystemDateThenNoRedeem -->
  <testcase classname="zapcg.Capillary.EarnPointPageTestCases.EarnPoint_Valid_TestCases" name="verifyHeaderHyperlink" time="0.0">
    <skipped/>
  </testcase> <!-- verifyHeaderHyperlink -->
  <testcase classname="zapcg.Capillary.EarnPointPageTestCases.EarnPoint_Valid_TestCases" name="verifyBackButtonNavigation" time="0.0">
    <skipped/>
  </testcase> <!-- verifyBackButtonNavigation -->
  <testcase classname="zapcg.Capillary.LoginTestCases.Login_Invalid_TestCases" name="verifyForEnabledLoginButton_TestCase7" time="2.669"/>
  <testcase classname="zapcg.Capillary.MemberDetailsTestCases.memberDetails_TestCases" name="verifyHamBurgerMemberLookupOption" time="0.0">
    <skipped/>
  </testcase> <!-- verifyHamBurgerMemberLookupOption -->
  <testcase classname="zapcg.Capillary.LoginTestCases.Login_Invalid_TestCases" name="verifyForDisabledLoginButtonForEmptyUsername_TestCase8" time="0.207"/>
  <testcase classname="zapcg.Capillary.MemberDetailsTestCases.memberDetails_TestCases" name="verifyHamBurgerLocationOption" time="0.0">
    <skipped/>
  </testcase> <!-- verifyHamBurgerLocationOption -->
  <testcase classname="zapcg.Capillary.EarnPointPageTestCases.EarnPoint_Valid_TestCases" name="verifyHamBurgerMemberLookupOption" time="0.0">
    <skipped/>
  </testcase> <!-- verifyHamBurgerMemberLookupOption -->
  <testcase classname="zapcg.Capillary.LoginTestCases.Login_Invalid_TestCases" name="verifyForDisabledLoginButtonForEmptyPassword_TestCase9" time="0.347"/>
  <testcase classname="zapcg.Capillary.EarnPointPageTestCases.EarnPoint_Valid_TestCases" name="verifyHamBurgerLocationOption" time="0.0">
    <skipped/>
  </testcase> <!-- verifyHamBurgerLocationOption -->
  <testcase classname="zapcg.Capillary.MemberDetailsTestCases.memberDetails_TestCases" name="verifyHamBurgerLogoutOption" time="0.0">
    <skipped/>
  </testcase> <!-- verifyHamBurgerLogoutOption -->
  <testcase classname="zapcg.Capillary.MemberDetailsTestCases.memberDetails_TestCases" name="verifyBackButton" time="0.0">
    <skipped/>
  </testcase> <!-- verifyBackButton -->
  <testcase classname="zapcg.Capillary.LoginTestCases.Login_Invalid_TestCases" name="verifyForDisabledLoginButtonForEmptyUsernamePassword_TestCase10" time="0.281"/>
  <testcase classname="zapcg.Capillary.EarnPointPageTestCases.EarnPoint_Valid_TestCases" name="verifyHamBurgerLogoutOption" time="0.0">
    <skipped/>
  </testcase> <!-- verifyHamBurgerLogoutOption -->
  <testcase classname="zapcg.Capillary.LocationPageTestCases.Location_ExistingUser_TestCases" name="chooseValidLocationForNewUser" time="1.56"/>
  <testcase classname="zapcg.Capillary.EarnPointPageTestCases.EarnPoint_Valid_TestCases" name="verifyDateEqualToSystemCurrentDate" time="0.0">
    <skipped/>
  </testcase> <!-- verifyDateEqualToSystemCurrentDate -->
  <testcase classname="zapcg.Capillary.LocationPageTestCases.Location_ExistingUser_TestCases" name="verifyDropDownAvailability" time="0.07"/>
  <testcase classname="zapcg.Capillary.EarnPointPageTestCases.EarnPoint_Valid_TestCases" name="verifyTimeEqualToSystemCurrentTime" time="0.0">
    <skipped/>
  </testcase> <!-- verifyTimeEqualToSystemCurrentTime -->
  <testcase classname="zapcg.Capillary.LocationPageTestCases.Location_ExistingUser_TestCases" name="verifyIfAbleToSelectOptionFromDropDown" time="0.357"/>
  <testcase classname="zapcg.Capillary.EarnPointPageTestCases.EarnPoint_Valid_TestCases" name="verifyTransactionAmountShouldNotBeEmpty" time="0.0">
    <skipped/>
  </testcase> <!-- verifyTransactionAmountShouldNotBeEmpty -->
  <testcase classname="zapcg.Capillary.EarnPointPageTestCases.EarnPoint_Valid_TestCases" name="emptyTxnAmountButGoToPassPointValue" time="0.0">
    <skipped/>
  </testcase> <!-- emptyTxnAmountButGoToPassPointValue -->
  <testcase classname="zapcg.Capillary.LocationPageTestCases.Location_ExistingUser_TestCases" name="verifyChooseLocationButtonAvailability" time="0.0">
    <skipped/>
  </testcase> <!-- verifyChooseLocationButtonAvailability -->
  <testcase classname="zapcg.Capillary.EarnPointPageTestCases.EarnPoint_Valid_TestCases" name="verifyEligibleEarningPoints" time="0.0">
    <skipped/>
  </testcase> <!-- verifyEligibleEarningPoints -->
  <testcase classname="zapcg.Capillary.LocationPageTestCases.Location_ExistingUser_TestCases" name="verifyHeaderOfMemberLookupScreen" time="0.0">
    <skipped/>
  </testcase> <!-- verifyHeaderOfMemberLookupScreen -->
  <testcase classname="zapcg.Capillary.EarnPointPageTestCases.EarnPoint_Valid_TestCases" name="verifySuccessMessageForOnlyTransactionAmount" time="0.0">
    <skipped/>
  </testcase> <!-- verifySuccessMessageForOnlyTransactionAmount -->
  <testcase classname="zapcg.Capillary.EarnPointPageTestCases.EarnPoint_Valid_TestCases" name="verifySuccessMessageForRedeemPoint" time="0.0">
    <skipped/>
  </testcase> <!-- verifySuccessMessageForRedeemPoint -->
  <testcase classname="zapcg.Capillary.LocationPageTestCases.Location_ExistingUser_TestCases" name="burgerIconMemberLookupNavigation" time="0.0">
    <skipped/>
  </testcase> <!-- burgerIconMemberLookupNavigation -->
  <testcase classname="zapcg.Capillary.EarnPointPageTestCases.EarnPoint_Valid_TestCases" name="verifyExceedThresoldSuccessMessage" time="0.0">
    <skipped/>
  </testcase> <!-- verifyExceedThresoldSuccessMessage -->
  <testcase classname="zapcg.Capillary.EarnPointPageTestCases.EarnPoint_Valid_TestCases" name="verifyTaxAssumedAmount" time="0.0">
    <skipped/>
  </testcase> <!-- verifyTaxAssumedAmount -->
  <testcase classname="zapcg.Capillary.LocationPageTestCases.Location_ExistingUser_TestCases" name="burgerIconMemberLocationNavigation" time="0.0">
    <skipped/>
  </testcase> <!-- burgerIconMemberLocationNavigation -->
  <testcase classname="zapcg.Capillary.LocationPageTestCases.Location_ExistingUser_TestCases" name="burgerIconLogout" time="0.0">
    <skipped/>
  </testcase> <!-- burgerIconLogout -->
  <testcase classname="zapcg.Capillary.LocationPageTestCases.Location_ExistingUser_TestCases" name="navigatedFromLocationToLookupScreen" time="0.0">
    <skipped/>
  </testcase> <!-- navigatedFromLocationToLookupScreen -->
  <testcase classname="zapcg.Capillary.MemberLookupTestCases.MemberLookup_TestCases" name="verifyScanButtonAvailability" time="60.069">
    <failure type="java.lang.AssertionError" message="An unexpected error occurred: Expected condition failed: waiting for element to be clickable: Proxy element for: DefaultElementLocator &amp;apos;By.xpath: //button[@id=&amp;apos;MS020B&amp;apos;]&amp;apos; (tried for 10 second(s) with 500 milliseconds interval)">
      <![CDATA[java.lang.AssertionError: An unexpected error occurred: Expected condition failed: waiting for element to be clickable: Proxy element for: DefaultElementLocator 'By.xpath: //button[@id='MS020B']' (tried for 10 second(s) with 500 milliseconds interval)
at zapcg.Capillary.PageObject.memberLookupPage.verifyScanButtonEnabled(memberLookupPage.java:224)
at zapcg.Capillary.MemberLookupTestCases.MemberLookup_TestCases.verifyScanButtonAvailability(MemberLookup_TestCases.java:54)
at java.base/java.util.ArrayList.forEach(ArrayList.java:1511)
at java.base/java.util.concurrent.FutureTask.run(FutureTask.java:264)
at java.base/java.util.concurrent.ThreadPoolExecutor.runWorker(ThreadPoolExecutor.java:1130)
at java.base/java.util.concurrent.ThreadPoolExecutor$Worker.run(ThreadPoolExecutor.java:630)
at java.base/java.lang.Thread.run(Thread.java:832)
... Removed 18 stack frames]]>
    </failure>
  </testcase> <!-- verifyScanButtonAvailability -->
  <testcase classname="zapcg.Capillary.MemberLookupTestCases.MemberLookup_TestCases" name="enterValidMemberId" time="10.376">
    <failure type="org.openqa.selenium.NoSuchElementException" message="Unable to find element with locator By.id: MS016IN
For documentation on this error, please visit: https://www.selenium.dev/documentation/webdriver/troubleshooting/errors#no-such-element-exception
Build info: version: &amp;apos;4.22.0&amp;apos;, revision: &amp;apos;c5f3146703*&amp;apos;
System info: os.name: &amp;apos;Windows 10&amp;apos;, os.arch: &amp;apos;amd64&amp;apos;, os.version: &amp;apos;10.0&amp;apos;, java.version: &amp;apos;15.0.2&amp;apos;
Driver info: driver.version: RemoteWebDriver">
      <![CDATA[org.openqa.selenium.NoSuchElementException: Unable to find element with locator By.id: MS016IN
For documentation on this error, please visit: https://www.selenium.dev/documentation/webdriver/troubleshooting/errors#no-such-element-exception
Build info: version: '4.22.0', revision: 'c5f3146703*'
System info: os.name: 'Windows 10', os.arch: 'amd64', os.version: '10.0', java.version: '15.0.2'
Driver info: driver.version: RemoteWebDriver
at org.openqa.selenium.remote.ElementLocation$ElementFinder$2.findElement(ElementLocation.java:168)
at org.openqa.selenium.remote.ElementLocation.findElement(ElementLocation.java:66)
at org.openqa.selenium.remote.RemoteWebDriver.findElement(RemoteWebDriver.java:355)
at org.openqa.selenium.remote.RemoteWebDriver.findElement(RemoteWebDriver.java:349)
at org.openqa.selenium.support.pagefactory.DefaultElementLocator.findElement(DefaultElementLocator.java:68)
at org.openqa.selenium.support.pagefactory.internal.LocatingElementHandler.invoke(LocatingElementHandler.java:38)
at com.sun.proxy.$Proxy15.sendKeys(Unknown Source)
at zapcg.Capillary.PageObject.memberLookupPage.enterMemberId(memberLookupPage.java:94)
at zapcg.Capillary.MemberLookupTestCases.MemberLookup_TestCases.enterValidMemberId(MemberLookup_TestCases.java:61)
at java.base/java.util.ArrayList.forEach(ArrayList.java:1511)
at java.base/java.util.concurrent.FutureTask.run(FutureTask.java:264)
at java.base/java.util.concurrent.ThreadPoolExecutor.runWorker(ThreadPoolExecutor.java:1130)
at java.base/java.util.concurrent.ThreadPoolExecutor$Worker.run(ThreadPoolExecutor.java:630)
at java.base/java.lang.Thread.run(Thread.java:832)
... Removed 17 stack frames]]>
    </failure>
  </testcase> <!-- enterValidMemberId -->
  <testcase classname="zapcg.Capillary.MemberLookupTestCases.MemberLookup_TestCases" name="verifyHeaderHyperlink" time="30.039">
    <failure type="org.openqa.selenium.NoSuchElementException" message="no such element: Unable to locate element: {&amp;quot;method&amp;quot;:&amp;quot;xpath&amp;quot;,&amp;quot;selector&amp;quot;:&amp;quot;//button[@id=&amp;apos;MSMENUI2&amp;apos;]&amp;quot;}
  (Session info: chrome=126.0.6478.57)
For documentation on this error, please visit: https://www.selenium.dev/documentation/webdriver/troubleshooting/errors#no-such-element-exception
Build info: version: &amp;apos;4.22.0&amp;apos;, revision: &amp;apos;c5f3146703*&amp;apos;
System info: os.name: &amp;apos;Windows 10&amp;apos;, os.arch: &amp;apos;amd64&amp;apos;, os.version: &amp;apos;10.0&amp;apos;, java.version: &amp;apos;15.0.2&amp;apos;
Driver info: org.openqa.selenium.chrome.ChromeDriver
Command: [75346eede6fd6a1eef41231fb2201d22, findElement {value=//button[@id=&amp;apos;MSMENUI2&amp;apos;], using=xpath}]
Capabilities {acceptInsecureCerts: false, browserName: chrome, browserVersion: 126.0.6478.57, chrome: {chromedriverVersion: 126.0.6478.126 (d36ace6122e..., userDataDir: C:\Users\KAJALS~1\AppData\L...}, fedcm:accounts: true, goog:chromeOptions: {debuggerAddress: localhost:49193}, networkConnectionEnabled: false, pageLoadStrategy: normal, platformName: windows, proxy: Proxy(), se:cdp: ws://localhost:49193/devtoo..., se:cdpVersion: 126.0.6478.57, setWindowRect: true, strictFileInteractability: false, timeouts: {implicit: 0, pageLoad: 300000, script: 30000}, unhandledPromptBehavior: dismiss and notify, webauthn:extension:credBlob: true, webauthn:extension:largeBlob: true, webauthn:extension:minPinLength: true, webauthn:extension:prf: true, webauthn:virtualAuthenticators: true}
Session ID: 75346eede6fd6a1eef41231fb2201d22">
      <![CDATA[org.openqa.selenium.NoSuchElementException: no such element: Unable to locate element: {"method":"xpath","selector":"//button[@id='MSMENUI2']"}
  (Session info: chrome=126.0.6478.57)
For documentation on this error, please visit: https://www.selenium.dev/documentation/webdriver/troubleshooting/errors#no-such-element-exception
Build info: version: '4.22.0', revision: 'c5f3146703*'
System info: os.name: 'Windows 10', os.arch: 'amd64', os.version: '10.0', java.version: '15.0.2'
Driver info: org.openqa.selenium.chrome.ChromeDriver
Command: [75346eede6fd6a1eef41231fb2201d22, findElement {value=//button[@id='MSMENUI2'], using=xpath}]
Capabilities {acceptInsecureCerts: false, browserName: chrome, browserVersion: 126.0.6478.57, chrome: {chromedriverVersion: 126.0.6478.126 (d36ace6122e..., userDataDir: C:\Users\KAJALS~1\AppData\L...}, fedcm:accounts: true, goog:chromeOptions: {debuggerAddress: localhost:49193}, networkConnectionEnabled: false, pageLoadStrategy: normal, platformName: windows, proxy: Proxy(), se:cdp: ws://localhost:49193/devtoo..., se:cdpVersion: 126.0.6478.57, setWindowRect: true, strictFileInteractability: false, timeouts: {implicit: 0, pageLoad: 300000, script: 30000}, unhandledPromptBehavior: dismiss and notify, webauthn:extension:credBlob: true, webauthn:extension:largeBlob: true, webauthn:extension:minPinLength: true, webauthn:extension:prf: true, webauthn:virtualAuthenticators: true}
Session ID: 75346eede6fd6a1eef41231fb2201d22
at org.openqa.selenium.remote.ErrorCodec.decode(ErrorCodec.java:167)
at org.openqa.selenium.remote.codec.w3c.W3CHttpResponseCodec.decode(W3CHttpResponseCodec.java:138)
at org.openqa.selenium.remote.codec.w3c.W3CHttpResponseCodec.decode(W3CHttpResponseCodec.java:50)
at org.openqa.selenium.remote.HttpCommandExecutor.execute(HttpCommandExecutor.java:190)
at org.openqa.selenium.remote.service.DriverCommandExecutor.invokeExecute(DriverCommandExecutor.java:216)
at org.openqa.selenium.remote.service.DriverCommandExecutor.execute(DriverCommandExecutor.java:174)
at org.openqa.selenium.remote.RemoteWebDriver.execute(RemoteWebDriver.java:518)
at org.openqa.selenium.remote.ElementLocation$ElementFinder$2.findElement(ElementLocation.java:165)
at org.openqa.selenium.remote.ElementLocation.findElement(ElementLocation.java:59)
at org.openqa.selenium.remote.RemoteWebDriver.findElement(RemoteWebDriver.java:355)
at org.openqa.selenium.remote.RemoteWebDriver.findElement(RemoteWebDriver.java:349)
at org.openqa.selenium.support.pagefactory.DefaultElementLocator.findElement(DefaultElementLocator.java:68)
at org.openqa.selenium.support.pagefactory.internal.LocatingElementHandler.invoke(LocatingElementHandler.java:38)
at com.sun.proxy.$Proxy15.click(Unknown Source)
at zapcg.Capillary.PageObject.memberLookupPage.clickOnHyperlink(memberLookupPage.java:89)
at zapcg.Capillary.MemberLookupTestCases.MemberLookup_TestCases.verifyHeaderHyperlink(MemberLookup_TestCases.java:70)
at java.base/java.util.ArrayList.forEach(ArrayList.java:1511)
at java.base/java.util.concurrent.FutureTask.run(FutureTask.java:264)
at java.base/java.util.concurrent.ThreadPoolExecutor.runWorker(ThreadPoolExecutor.java:1130)
at java.base/java.util.concurrent.ThreadPoolExecutor$Worker.run(ThreadPoolExecutor.java:630)
at java.base/java.lang.Thread.run(Thread.java:832)
... Removed 21 stack frames]]>
    </failure>
  </testcase> <!-- verifyHeaderHyperlink -->
  <testcase classname="zapcg.Capillary.MemberLookupTestCases.MemberLookup_TestCases" name="burgerIconMemberLookupNavigation" time="1.799"/>
  <testcase classname="zapcg.Capillary.MemberLookupTestCases.MemberLookup_TestCases" name="burgerIconLocationNavigation" time="1.377"/>
  <testcase classname="zapcg.Capillary.MemberLookupTestCases.MemberLookup_TestCases" name="burgerIconLogout" time="1.876"/>
  <testcase classname="zapcg.Capillary.MemberLookupTestCases.memberLookup_Invalid_TestCases" name="verifyInvalidMemberID" time="3.042"/>
  <testcase classname="zapcg.Capillary.MemberLookupTestCases.memberLookup_Invalid_TestCases" name="verifyMemberIdFieldMaxLength" time="3.567"/>
  <testcase classname="zapcg.Capillary.MemberLookupTestCases.memberLookup_Invalid_TestCases" name="verifyInvalidCardNumberMinLength" time="3.168"/>
  <testcase classname="zapcg.Capillary.MemberLookupTestCases.memberLookup_Invalid_TestCases" name="verifyCardNumberFieldMaxLength" time="3.476"/>
  <testcase classname="zapcg.Capillary.MemberLookupTestCases.memberLookup_Invalid_TestCases" name="verifyForEmptyCardNumberButtonIsDisabled" time="1.668"/>
</testsuite> <!-- LoginTestsChromeBrowserGalaxyS20Portrait -->
