<?xml version="1.0" encoding="UTF-8"?>
<!-- Generated by org.testng.reporters.JUnitReportReporter -->
<testsuite hostname="ZCBLRLP0293" failures="0" tests="13" name="zapcg.Capillary.LoginTestCases.Login_Valid_TestCases" time="158.872" errors="1" timestamp="2024-06-20T17:16:11 IST" skipped="1">
  <testcase classname="zapcg.Capillary.LoginTestCases.Login_Valid_TestCases" name="initialize" time="64.591">
    <error message="Navigation timed out after 60000 ms
Build info: version: &#039;4.21.0&#039;, revision: &#039;79ed462ef4&#039;
System info: os.name: &#039;Windows 10&#039;, os.arch: &#039;amd64&#039;, os.version: &#039;10.0&#039;, java.version: &#039;15.0.2&#039;
Driver info: org.openqa.selenium.firefox.FirefoxDriver
Command: [0b42e013-bd37-4384-8a30-dc8fdff129d9, get {url=https://d1msv2sqknn4w4.cloudfront.net}]
Capabilities {acceptInsecureCerts: true, browserName: firefox, browserVersion: 128.0, moz:accessibilityChecks: false, moz:buildID: 20240617091959, moz:debuggerAddress: 127.0.0.1:29582, moz:geckodriverVersion: 0.34.0, moz:headless: false, moz:platformVersion: 10.0, moz:processID: 28416, moz:profile: C:\Users\KAJALS~1\AppData\L..., moz:shutdownTimeout: 60000, moz:webdriverClick: true, moz:windowless: false, pageLoadStrategy: normal, platformName: windows, proxy: Proxy(), se:cdp: ws://127.0.0.1:29582/devtoo..., se:cdpVersion: 85.0, setWindowRect: true, strictFileInteractability: false, timeouts: {implicit: 0, pageLoad: 300000, script: 30000}, unhandledPromptBehavior: dismiss and notify, userAgent: Mozilla/5.0 (Windows NT 10....}
Session ID: 0b42e013-bd37-4384-8a30-dc8fdff129d9" type="org.openqa.selenium.TimeoutException">
      <![CDATA[org.openqa.selenium.TimeoutException: Navigation timed out after 60000 ms
Build info: version: '4.21.0', revision: '79ed462ef4'
System info: os.name: 'Windows 10', os.arch: 'amd64', os.version: '10.0', java.version: '15.0.2'
Driver info: org.openqa.selenium.firefox.FirefoxDriver
Command: [0b42e013-bd37-4384-8a30-dc8fdff129d9, get {url=https://d1msv2sqknn4w4.cloudfront.net}]
Capabilities {acceptInsecureCerts: true, browserName: firefox, browserVersion: 128.0, moz:accessibilityChecks: false, moz:buildID: 20240617091959, moz:debuggerAddress: 127.0.0.1:29582, moz:geckodriverVersion: 0.34.0, moz:headless: false, moz:platformVersion: 10.0, moz:processID: 28416, moz:profile: C:\Users\KAJALS~1\AppData\L..., moz:shutdownTimeout: 60000, moz:webdriverClick: true, moz:windowless: false, pageLoadStrategy: normal, platformName: windows, proxy: Proxy(), se:cdp: ws://127.0.0.1:29582/devtoo..., se:cdpVersion: 85.0, setWindowRect: true, strictFileInteractability: false, timeouts: {implicit: 0, pageLoad: 300000, script: 30000}, unhandledPromptBehavior: dismiss and notify, userAgent: Mozilla/5.0 (Windows NT 10....}
Session ID: 0b42e013-bd37-4384-8a30-dc8fdff129d9
at java.base/jdk.internal.reflect.NativeConstructorAccessorImpl.newInstance0(Native Method)
at java.base/jdk.internal.reflect.NativeConstructorAccessorImpl.newInstance(NativeConstructorAccessorImpl.java:64)
at java.base/jdk.internal.reflect.DelegatingConstructorAccessorImpl.newInstance(DelegatingConstructorAccessorImpl.java:45)
at java.base/java.lang.reflect.Constructor.newInstanceWithCaller(Constructor.java:500)
at java.base/java.lang.reflect.Constructor.newInstance(Constructor.java:481)
at org.openqa.selenium.remote.ErrorCodec.decode(ErrorCodec.java:167)
at org.openqa.selenium.remote.codec.w3c.W3CHttpResponseCodec.decode(W3CHttpResponseCodec.java:138)
at org.openqa.selenium.remote.codec.w3c.W3CHttpResponseCodec.decode(W3CHttpResponseCodec.java:50)
at org.openqa.selenium.remote.HttpCommandExecutor.execute(HttpCommandExecutor.java:190)
at org.openqa.selenium.remote.service.DriverCommandExecutor.invokeExecute(DriverCommandExecutor.java:216)
at org.openqa.selenium.remote.service.DriverCommandExecutor.execute(DriverCommandExecutor.java:174)
at org.openqa.selenium.remote.RemoteWebDriver.execute(RemoteWebDriver.java:518)
at org.openqa.selenium.remote.RemoteWebDriver.get(RemoteWebDriver.java:300)
at zapcg.Capillary.LoginTestCases.Login_Valid_TestCases.initialize(Login_Valid_TestCases.java:21)
at java.base/jdk.internal.reflect.NativeMethodAccessorImpl.invoke0(Native Method)
at java.base/jdk.internal.reflect.NativeMethodAccessorImpl.invoke(NativeMethodAccessorImpl.java:64)
at java.base/jdk.internal.reflect.DelegatingMethodAccessorImpl.invoke(DelegatingMethodAccessorImpl.java:43)
at java.base/java.lang.reflect.Method.invoke(Method.java:564)
at org.testng.internal.invokers.MethodInvocationHelper.invokeMethod(MethodInvocationHelper.java:141)
at org.testng.internal.invokers.MethodInvocationHelper.invokeMethodConsideringTimeout(MethodInvocationHelper.java:71)
at org.testng.internal.invokers.ConfigInvoker.invokeConfigurationMethod(ConfigInvoker.java:400)
at org.testng.internal.invokers.ConfigInvoker.invokeConfigurations(ConfigInvoker.java:333)
at org.testng.internal.invokers.TestInvoker.runConfigMethods(TestInvoker.java:833)
at org.testng.internal.invokers.TestInvoker.invokeMethod(TestInvoker.java:600)
at org.testng.internal.invokers.TestInvoker.invokeTestMethod(TestInvoker.java:230)
at org.testng.internal.invokers.MethodRunner.runInSequence(MethodRunner.java:63)
at org.testng.internal.invokers.TestInvoker$MethodInvocationAgent.invoke(TestInvoker.java:992)
at org.testng.internal.invokers.TestInvoker.invokeTestMethods(TestInvoker.java:203)
at org.testng.internal.invokers.TestMethodWorker.invokeTestMethods(TestMethodWorker.java:154)
at org.testng.internal.invokers.TestMethodWorker.run(TestMethodWorker.java:134)
at java.base/java.util.ArrayList.forEach(ArrayList.java:1511)
at org.testng.TestRunner.privateRun(TestRunner.java:739)
at org.testng.TestRunner.run(TestRunner.java:614)
at org.testng.SuiteRunner.runTest(SuiteRunner.java:421)
at org.testng.SuiteRunner$SuiteWorker.run(SuiteRunner.java:463)
at org.testng.internal.thread.ThreadUtil.lambda$execute$0(ThreadUtil.java:64)
at java.base/java.util.concurrent.FutureTask.run(FutureTask.java:264)
at java.base/java.util.concurrent.ThreadPoolExecutor.runWorker(ThreadPoolExecutor.java:1130)
at java.base/java.util.concurrent.ThreadPoolExecutor$Worker.run(ThreadPoolExecutor.java:630)
at java.base/java.lang.Thread.run(Thread.java:832)
]]>
    </error>
  </testcase> <!-- initialize -->
  <testcase classname="zapcg.Capillary.LoginTestCases.Login_Valid_TestCases" name="testValidLogin_TestCase1" time="7.263"/>
  <testcase classname="zapcg.Capillary.LoginTestCases.Login_Valid_TestCases" name="testValidLogin_TestCase1" time="10.488"/>
  <testcase classname="zapcg.Capillary.LoginTestCases.Login_Valid_TestCases" name="testValidLogin_TestCase1" time="6.608"/>
  <testcase classname="zapcg.Capillary.LoginTestCases.Login_Valid_TestCases" name="testValidLogin_TestCase1" time="6.832"/>
  <testcase classname="zapcg.Capillary.LoginTestCases.Login_Valid_TestCases" name="testValidLogin_TestCase1" time="7.158"/>
  <testcase classname="zapcg.Capillary.LoginTestCases.Login_Valid_TestCases" name="testValidLogin_TestCase1" time="9.321"/>
  <testcase classname="zapcg.Capillary.LoginTestCases.Login_Valid_TestCases" name="testValidLogin_TestCase1" time="10.802"/>
  <testcase classname="zapcg.Capillary.LoginTestCases.Login_Valid_TestCases" name="testValidLogin_TestCase1" time="11.080"/>
  <testcase classname="zapcg.Capillary.LoginTestCases.Login_Valid_TestCases" name="testValidLogin_TestCase1" time="6.377"/>
  <testcase classname="zapcg.Capillary.LoginTestCases.Login_Valid_TestCases" name="testValidLogin_TestCase1" time="11.405"/>
  <testcase classname="zapcg.Capillary.LoginTestCases.Login_Valid_TestCases" name="testValidLogin_TestCase1" time="0.000">
    <skipped/>
  </testcase> <!-- testValidLogin_TestCase1 -->
  <testcase classname="zapcg.Capillary.LoginTestCases.Login_Valid_TestCases" name="testValidLogin_TestCase1" time="6.947"/>
</testsuite> <!-- zapcg.Capillary.LoginTestCases.Login_Valid_TestCases -->
