<!DOCTYPE html PUBLIC "-//W3C//DTD XHTML 1.1//EN" "https://www.w3.org/TR/xhtml11/DTD/xhtml11.dtd">
<html xmlns="https://www.w3.org/1999/xhtml">
<head>
<meta http-equiv="content-type" content="text/html; charset=UTF-8"/>
<title>TestNG Report</title>
<style type="text/css">table {margin-bottom:10px;border-collapse:collapse;empty-cells:show}th,td {border:1px solid #009;padding:.25em .5em}th {vertical-align:bottom}td {vertical-align:top}table a {font-weight:bold}.stripe td {background-color: #E6EBF9}.num {text-align:right}.passedodd td {background-color: #3F3}.passedeven td {background-color: #0A0}.skippedodd td {background-color: #DDD}.skippedeven td {background-color: #CCC}.failedodd td,.attn {background-color: #F33}.failedeven td,.stripe .attn {background-color: #D00}.stacktrace {white-space:pre;font-family:monospace}.totop {font-size:85%;text-align:center;border-bottom:2px solid #000}.invisible {display:none}</style>
</head>
<body>
<table>
<tr><th>Test</th><th># Passed</th><th># Skipped</th><th># Retried</th><th># Failed</th><th>Time (ms)</th><th>Included Groups</th><th>Excluded Groups</th></tr>
<tr><th colspan="8">TestSuite</th></tr>
<tr><td><a href="#t0">LoginTestsChromeBrowserTabletPortrait</a></td><td class="num">16</td><td class="num">0</td><td class="num">0</td><td class="num attn">2</td><td class="num">222,283</td><td></td><td></td></tr>
<tr class="stripe"><td><a href="#t1">LoginTestsChromeBrowserTabletLandscape</a></td><td class="num">16</td><td class="num">0</td><td class="num">0</td><td class="num attn">2</td><td class="num">202,987</td><td></td><td></td></tr>
<tr><td><a href="#t2">LoginTestsChromeBrowseriPhone11ProPortrait</a></td><td class="num">16</td><td class="num">0</td><td class="num">0</td><td class="num attn">2</td><td class="num">208,630</td><td></td><td></td></tr>
<tr class="stripe"><td><a href="#t3">LoginTestsChromeBrowseriPhone11ProLandscape</a></td><td class="num">15</td><td class="num">0</td><td class="num">0</td><td class="num attn">3</td><td class="num">229,197</td><td></td><td></td></tr>
<tr><td><a href="#t4">LoginTestsChromeBrowserGalaxyS20Portrait</a></td><td class="num">16</td><td class="num">0</td><td class="num">0</td><td class="num attn">2</td><td class="num">218,255</td><td></td><td></td></tr>
<tr class="stripe"><td><a href="#t5">LoginTestsChromeBrowserGalaxyS20Landscape</a></td><td class="num">14</td><td class="num">0</td><td class="num">0</td><td class="num attn">4</td><td class="num">234,247</td><td></td><td></td></tr>
<tr><th>Total</th><th class="num">93</th><th class="num">0</th><th class="num">0</th><th class="num attn">15</th><th class="num">1,315,599</th><th colspan="2"></th></tr>
</table>
<table id='summary'><thead><tr><th>Class</th><th>Method</th><th>Start</th><th>Time (ms)</th></tr></thead><tbody><tr><th colspan="4">TestSuite</th></tr></tbody><tbody id="t0"><tr><th colspan="4">LoginTestsChromeBrowserTabletPortrait &#8212; failed</th></tr><tr class="failedeven"><td rowspan="2">zapcg.Capillary.LoginTestCases.Login_Invalid_TestCases</td><td><a href="#m0">testInvalidPassword_TestCase3</a></td><td rowspan="1">1719311901869</td><td rowspan="1">60698</td></tr><tr class="failedeven"><td><a href="#m1">testInvalidUsername_TestCase2</a></td><td rowspan="1">1719311831665</td><td rowspan="1">60352</td></tr><tr><th colspan="4">LoginTestsChromeBrowserTabletPortrait &#8212; passed</th></tr><tr class="passedeven"><td rowspan="8">zapcg.Capillary.LocationPageTestCases.Location_ExistingUser_TestCases</td><td><a href="#m2">burgerIconLogout</a></td><td rowspan="1">1719312018671</td><td rowspan="1">146</td></tr><tr class="passedeven"><td><a href="#m3">burgerIconMemberLocationNavigation</a></td><td rowspan="1">1719312007235</td><td rowspan="1">130</td></tr><tr class="passedeven"><td><a href="#m4">burgerIconMemberLookupNavigation</a></td><td rowspan="1">1719311997677</td><td rowspan="1">134</td></tr><tr class="passedeven"><td><a href="#m5">chooseValidLocationForNewUser</a></td><td rowspan="1">1719311817606</td><td rowspan="1">5330</td></tr><tr class="passedeven"><td><a href="#m6">verifyChooseLocationButtonAvailability</a></td><td rowspan="1">1719311978888</td><td rowspan="1">2275</td></tr><tr class="passedeven"><td><a href="#m7">verifyDropDownAvailability</a></td><td rowspan="1">1719311898106</td><td rowspan="1">80</td></tr><tr class="passedeven"><td><a href="#m8">verifyHeaderOfMemberLookupScreen</a></td><td rowspan="1">1719311990140</td><td rowspan="1">2028</td></tr><tr class="passedeven"><td><a href="#m9">verifyIfAbleToSelectOptionFromDropDown</a></td><td rowspan="1">1719311968161</td><td rowspan="1">239</td></tr><tr class="passedodd"><td rowspan="7">zapcg.Capillary.LoginTestCases.Login_Invalid_TestCases</td><td><a href="#m10">testMinLengthPassword_TestCase5</a></td><td rowspan="1">1719311984160</td><td rowspan="1">370</td></tr><tr class="passedodd"><td><a href="#m11">testTooLongUsername_TestCase4</a></td><td rowspan="1">1719311971421</td><td rowspan="1">617</td></tr><tr class="passedodd"><td><a href="#m12">testUsernameWithSpaces_TestCase6</a></td><td rowspan="1">1719312001085</td><td rowspan="1">352</td></tr><tr class="passedodd"><td><a href="#m13">verifyForDisabledLoginButtonForEmptyPassword_TestCase9</a></td><td rowspan="1">1719312025402</td><td rowspan="1">192</td></tr><tr class="passedodd"><td><a href="#m14">verifyForDisabledLoginButtonForEmptyUsernamePassword_TestCase10</a></td><td rowspan="1">1719312028828</td><td rowspan="1">143</td></tr><tr class="passedodd"><td><a href="#m15">verifyForDisabledLoginButtonForEmptyUsername_TestCase8</a></td><td rowspan="1">1719312022095</td><td rowspan="1">170</td></tr><tr class="passedodd"><td><a href="#m16">verifyForEnabledLoginButton_TestCase7</a></td><td rowspan="1">1719312010625</td><td rowspan="1">2526</td></tr><tr class="passedeven"><td rowspan="1">zapcg.Capillary.LoginTestCases.Login_Valid_TestCases</td><td><a href="#m17">testValidLogin_TestCase1</a></td><td rowspan="1">1719311825950</td><td rowspan="1">2485</td></tr></tbody>
<tbody id="t1"><tr><th colspan="4">LoginTestsChromeBrowserTabletLandscape &#8212; failed</th></tr><tr class="failedeven"><td rowspan="2">zapcg.Capillary.LoginTestCases.Login_Invalid_TestCases</td><td><a href="#m18">testInvalidPassword_TestCase3</a></td><td rowspan="1">1719312112770</td><td rowspan="1">60300</td></tr><tr class="failedeven"><td><a href="#m19">testInvalidUsername_TestCase2</a></td><td rowspan="1">1719312044508</td><td rowspan="1">60431</td></tr><tr><th colspan="4">LoginTestsChromeBrowserTabletLandscape &#8212; passed</th></tr><tr class="passedeven"><td rowspan="8">zapcg.Capillary.LocationPageTestCases.Location_ExistingUser_TestCases</td><td><a href="#m20">burgerIconLogout</a></td><td rowspan="1">1719312222794</td><td rowspan="1">127</td></tr><tr class="passedeven"><td><a href="#m21">burgerIconMemberLocationNavigation</a></td><td rowspan="1">1719312212786</td><td rowspan="1">115</td></tr><tr class="passedeven"><td><a href="#m22">burgerIconMemberLookupNavigation</a></td><td rowspan="1">1719312204725</td><td rowspan="1">114</td></tr><tr class="passedeven"><td><a href="#m23">chooseValidLocationForNewUser</a></td><td rowspan="1">1719312034569</td><td rowspan="1">1914</td></tr><tr class="passedeven"><td><a href="#m24">verifyChooseLocationButtonAvailability</a></td><td rowspan="1">1719312186988</td><td rowspan="1">2281</td></tr><tr class="passedeven"><td><a href="#m25">verifyDropDownAvailability</a></td><td rowspan="1">1719312110057</td><td rowspan="1">52</td></tr><tr class="passedeven"><td><a href="#m26">verifyHeaderOfMemberLookupScreen</a></td><td rowspan="1">1719312197526</td><td rowspan="1">1994</td></tr><tr class="passedeven"><td><a href="#m27">verifyIfAbleToSelectOptionFromDropDown</a></td><td rowspan="1">1719312178476</td><td rowspan="1">178</td></tr><tr class="passedodd"><td rowspan="7">zapcg.Capillary.LoginTestCases.Login_Invalid_TestCases</td><td><a href="#m28">testMinLengthPassword_TestCase5</a></td><td rowspan="1">1719312191899</td><td rowspan="1">337</td></tr><tr class="passedodd"><td><a href="#m29">testTooLongUsername_TestCase4</a></td><td rowspan="1">1719312181269</td><td rowspan="1">485</td></tr><tr class="passedodd"><td><a href="#m30">testUsernameWithSpaces_TestCase6</a></td><td rowspan="1">1719312207399</td><td rowspan="1">354</td></tr><tr class="passedodd"><td><a href="#m31">verifyForDisabledLoginButtonForEmptyPassword_TestCase9</a></td><td rowspan="1">1719312228765</td><td rowspan="1">227</td></tr><tr class="passedodd"><td><a href="#m32">verifyForDisabledLoginButtonForEmptyUsernamePassword_TestCase10</a></td><td rowspan="1">1719312231710</td><td rowspan="1">181</td></tr><tr class="passedodd"><td><a href="#m33">verifyForDisabledLoginButtonForEmptyUsername_TestCase8</a></td><td rowspan="1">1719312225658</td><td rowspan="1">170</td></tr><tr class="passedodd"><td><a href="#m34">verifyForEnabledLoginButton_TestCase7</a></td><td rowspan="1">1719312215618</td><td rowspan="1">2533</td></tr><tr class="passedeven"><td rowspan="1">zapcg.Capillary.LoginTestCases.Login_Valid_TestCases</td><td><a href="#m35">testValidLogin_TestCase1</a></td><td rowspan="1">1719312039174</td><td rowspan="1">2593</td></tr></tbody>
<tbody id="t2"><tr><th colspan="4">LoginTestsChromeBrowseriPhone11ProPortrait &#8212; failed</th></tr><tr class="failedeven"><td rowspan="2">zapcg.Capillary.LoginTestCases.Login_Invalid_TestCases</td><td><a href="#m36">testInvalidPassword_TestCase3</a></td><td rowspan="1">1719312317700</td><td rowspan="1">60383</td></tr><tr class="failedeven"><td><a href="#m37">testInvalidUsername_TestCase2</a></td><td rowspan="1">1719312248185</td><td rowspan="1">60394</td></tr><tr><th colspan="4">LoginTestsChromeBrowseriPhone11ProPortrait &#8212; passed</th></tr><tr class="passedeven"><td rowspan="8">zapcg.Capillary.LocationPageTestCases.Location_ExistingUser_TestCases</td><td><a href="#m38">burgerIconLogout</a></td><td rowspan="1">1719312431012</td><td rowspan="1">126</td></tr><tr class="passedeven"><td><a href="#m39">burgerIconMemberLocationNavigation</a></td><td rowspan="1">1719312420093</td><td rowspan="1">115</td></tr><tr class="passedeven"><td><a href="#m40">burgerIconMemberLookupNavigation</a></td><td rowspan="1">1719312411395</td><td rowspan="1">132</td></tr><tr class="passedeven"><td><a href="#m41">chooseValidLocationForNewUser</a></td><td rowspan="1">1719312237717</td><td rowspan="1">1937</td></tr><tr class="passedeven"><td><a href="#m42">verifyChooseLocationButtonAvailability</a></td><td rowspan="1">1719312392795</td><td rowspan="1">2243</td></tr><tr class="passedeven"><td><a href="#m43">verifyDropDownAvailability</a></td><td rowspan="1">1719312314788</td><td rowspan="1">59</td></tr><tr class="passedeven"><td><a href="#m44">verifyHeaderOfMemberLookupScreen</a></td><td rowspan="1">1719312403961</td><td rowspan="1">1997</td></tr><tr class="passedeven"><td><a href="#m45">verifyIfAbleToSelectOptionFromDropDown</a></td><td rowspan="1">1719312383651</td><td rowspan="1">173</td></tr><tr class="passedodd"><td rowspan="7">zapcg.Capillary.LoginTestCases.Login_Invalid_TestCases</td><td><a href="#m46">testMinLengthPassword_TestCase5</a></td><td rowspan="1">1719312398077</td><td rowspan="1">330</td></tr><tr class="passedodd"><td><a href="#m47">testTooLongUsername_TestCase4</a></td><td rowspan="1">1719312386738</td><td rowspan="1">473</td></tr><tr class="passedodd"><td><a href="#m48">testUsernameWithSpaces_TestCase6</a></td><td rowspan="1">1719312414477</td><td rowspan="1">311</td></tr><tr class="passedodd"><td><a href="#m49">verifyForDisabledLoginButtonForEmptyPassword_TestCase9</a></td><td rowspan="1">1719312437104</td><td rowspan="1">239</td></tr><tr class="passedodd"><td><a href="#m50">verifyForDisabledLoginButtonForEmptyUsernamePassword_TestCase10</a></td><td rowspan="1">1719312440514</td><td rowspan="1">144</td></tr><tr class="passedodd"><td><a href="#m51">verifyForDisabledLoginButtonForEmptyUsername_TestCase8</a></td><td rowspan="1">1719312434013</td><td rowspan="1">167</td></tr><tr class="passedodd"><td><a href="#m52">verifyForEnabledLoginButton_TestCase7</a></td><td rowspan="1">1719312423111</td><td rowspan="1">2512</td></tr><tr class="passedeven"><td rowspan="1">zapcg.Capillary.LoginTestCases.Login_Valid_TestCases</td><td><a href="#m53">testValidLogin_TestCase1</a></td><td rowspan="1">1719312242781</td><td rowspan="1">2556</td></tr></tbody>
<tbody id="t3"><tr><th colspan="4">LoginTestsChromeBrowseriPhone11ProLandscape &#8212; failed</th></tr><tr class="failedeven"><td rowspan="1">zapcg.Capillary.LocationPageTestCases.Location_ExistingUser_TestCases</td><td><a href="#m54">verifyHeaderOfMemberLookupScreen</a></td><td rowspan="1">1719312605947</td><td rowspan="1">31939</td></tr><tr class="failedodd"><td rowspan="2">zapcg.Capillary.LoginTestCases.Login_Invalid_TestCases</td><td><a href="#m55">testInvalidPassword_TestCase3</a></td><td rowspan="1">1719312521916</td><td rowspan="1">60344</td></tr><tr class="failedodd"><td><a href="#m56">testInvalidUsername_TestCase2</a></td><td rowspan="1">1719312454775</td><td rowspan="1">60340</td></tr><tr><th colspan="4">LoginTestsChromeBrowseriPhone11ProLandscape &#8212; passed</th></tr><tr class="passedeven"><td rowspan="7">zapcg.Capillary.LocationPageTestCases.Location_ExistingUser_TestCases</td><td><a href="#m57">burgerIconLogout</a></td><td rowspan="1">1719312661376</td><td rowspan="1">119</td></tr><tr class="passedeven"><td><a href="#m58">burgerIconMemberLocationNavigation</a></td><td rowspan="1">1719312651093</td><td rowspan="1">111</td></tr><tr class="passedeven"><td><a href="#m59">burgerIconMemberLookupNavigation</a></td><td rowspan="1">1719312642797</td><td rowspan="1">113</td></tr><tr class="passedeven"><td><a href="#m60">chooseValidLocationForNewUser</a></td><td rowspan="1">1719312445323</td><td rowspan="1">1918</td></tr><tr class="passedeven"><td><a href="#m61">verifyChooseLocationButtonAvailability</a></td><td rowspan="1">1719312595732</td><td rowspan="1">2217</td></tr><tr class="passedeven"><td><a href="#m62">verifyDropDownAvailability</a></td><td rowspan="1">1719312519312</td><td rowspan="1">57</td></tr><tr class="passedeven"><td><a href="#m63">verifyIfAbleToSelectOptionFromDropDown</a></td><td rowspan="1">1719312587504</td><td rowspan="1">170</td></tr><tr class="passedodd"><td rowspan="7">zapcg.Capillary.LoginTestCases.Login_Invalid_TestCases</td><td><a href="#m64">testMinLengthPassword_TestCase5</a></td><td rowspan="1">1719312600538</td><td rowspan="1">353</td></tr><tr class="passedodd"><td><a href="#m65">testTooLongUsername_TestCase4</a></td><td rowspan="1">1719312590214</td><td rowspan="1">479</td></tr><tr class="passedodd"><td><a href="#m66">testUsernameWithSpaces_TestCase6</a></td><td rowspan="1">1719312645574</td><td rowspan="1">390</td></tr><tr class="passedodd"><td><a href="#m67">verifyForDisabledLoginButtonForEmptyPassword_TestCase9</a></td><td rowspan="1">1719312666923</td><td rowspan="1">217</td></tr><tr class="passedodd"><td><a href="#m68">verifyForDisabledLoginButtonForEmptyUsernamePassword_TestCase10</a></td><td rowspan="1">1719312669773</td><td rowspan="1">146</td></tr><tr class="passedodd"><td><a href="#m69">verifyForDisabledLoginButtonForEmptyUsername_TestCase8</a></td><td rowspan="1">1719312664189</td><td rowspan="1">164</td></tr><tr class="passedodd"><td><a href="#m70">verifyForEnabledLoginButton_TestCase7</a></td><td rowspan="1">1719312653710</td><td rowspan="1">2501</td></tr><tr class="passedeven"><td rowspan="1">zapcg.Capillary.LoginTestCases.Login_Valid_TestCases</td><td><a href="#m71">testValidLogin_TestCase1</a></td><td rowspan="1">1719312449767</td><td rowspan="1">2453</td></tr></tbody>
<tbody id="t4"><tr><th colspan="4">LoginTestsChromeBrowserGalaxyS20Portrait &#8212; failed</th></tr><tr class="failedeven"><td rowspan="2">zapcg.Capillary.LoginTestCases.Login_Invalid_TestCases</td><td><a href="#m72">testInvalidPassword_TestCase3</a></td><td rowspan="1">1719312755841</td><td rowspan="1">60339</td></tr><tr class="failedeven"><td><a href="#m73">testInvalidUsername_TestCase2</a></td><td rowspan="1">1719312686604</td><td rowspan="1">60392</td></tr><tr><th colspan="4">LoginTestsChromeBrowserGalaxyS20Portrait &#8212; passed</th></tr><tr class="passedeven"><td rowspan="8">zapcg.Capillary.LocationPageTestCases.Location_ExistingUser_TestCases</td><td><a href="#m74">burgerIconLogout</a></td><td rowspan="1">1719312876148</td><td rowspan="1">134</td></tr><tr class="passedeven"><td><a href="#m75">burgerIconMemberLocationNavigation</a></td><td rowspan="1">1719312864533</td><td rowspan="1">101</td></tr><tr class="passedeven"><td><a href="#m76">burgerIconMemberLookupNavigation</a></td><td rowspan="1">1719312855707</td><td rowspan="1">120</td></tr><tr class="passedeven"><td><a href="#m77">chooseValidLocationForNewUser</a></td><td rowspan="1">1719312675058</td><td rowspan="1">2450</td></tr><tr class="passedeven"><td><a href="#m78">verifyChooseLocationButtonAvailability</a></td><td rowspan="1">1719312832388</td><td rowspan="1">2260</td></tr><tr class="passedeven"><td><a href="#m79">verifyDropDownAvailability</a></td><td rowspan="1">1719312752838</td><td rowspan="1">58</td></tr><tr class="passedeven"><td><a href="#m80">verifyHeaderOfMemberLookupScreen</a></td><td rowspan="1">1719312843552</td><td rowspan="1">6362</td></tr><tr class="passedeven"><td><a href="#m81">verifyIfAbleToSelectOptionFromDropDown</a></td><td rowspan="1">1719312822362</td><td rowspan="1">185</td></tr><tr class="passedodd"><td rowspan="7">zapcg.Capillary.LoginTestCases.Login_Invalid_TestCases</td><td><a href="#m82">testMinLengthPassword_TestCase5</a></td><td rowspan="1">1719312837546</td><td rowspan="1">373</td></tr><tr class="passedodd"><td><a href="#m83">testTooLongUsername_TestCase4</a></td><td rowspan="1">1719312825723</td><td rowspan="1">462</td></tr><tr class="passedodd"><td><a href="#m84">testUsernameWithSpaces_TestCase6</a></td><td rowspan="1">1719312858717</td><td rowspan="1">332</td></tr><tr class="passedodd"><td><a href="#m85">verifyForDisabledLoginButtonForEmptyPassword_TestCase9</a></td><td rowspan="1">1719312882226</td><td rowspan="1">220</td></tr><tr class="passedodd"><td><a href="#m86">verifyForDisabledLoginButtonForEmptyUsernamePassword_TestCase10</a></td><td rowspan="1">1719312888026</td><td rowspan="1">148</td></tr><tr class="passedodd"><td><a href="#m87">verifyForDisabledLoginButtonForEmptyUsername_TestCase8</a></td><td rowspan="1">1719312879143</td><td rowspan="1">165</td></tr><tr class="passedodd"><td><a href="#m88">verifyForEnabledLoginButton_TestCase7</a></td><td rowspan="1">1719312867558</td><td rowspan="1">1906</td></tr><tr class="passedeven"><td rowspan="1">zapcg.Capillary.LoginTestCases.Login_Valid_TestCases</td><td><a href="#m89">testValidLogin_TestCase1</a></td><td rowspan="1">1719312680800</td><td rowspan="1">2933</td></tr></tbody>
<tbody id="t5"><tr><th colspan="4">LoginTestsChromeBrowserGalaxyS20Landscape &#8212; failed</th></tr><tr class="failedeven"><td rowspan="2">zapcg.Capillary.LocationPageTestCases.Location_ExistingUser_TestCases</td><td><a href="#m90">chooseValidLocationForNewUser</a></td><td rowspan="1">1719312893138</td><td rowspan="1">3473</td></tr><tr class="failedeven"><td><a href="#m91">verifyHeaderOfMemberLookupScreen</a></td><td rowspan="1">1719313054769</td><td rowspan="1">31965</td></tr><tr class="failedodd"><td rowspan="2">zapcg.Capillary.LoginTestCases.Login_Invalid_TestCases</td><td><a href="#m92">testInvalidPassword_TestCase3</a></td><td rowspan="1">1719312971955</td><td rowspan="1">60327</td></tr><tr class="failedodd"><td><a href="#m93">testInvalidUsername_TestCase2</a></td><td rowspan="1">1719312903996</td><td rowspan="1">60272</td></tr><tr><th colspan="4">LoginTestsChromeBrowserGalaxyS20Landscape &#8212; passed</th></tr><tr class="passedeven"><td rowspan="6">zapcg.Capillary.LocationPageTestCases.Location_ExistingUser_TestCases</td><td><a href="#m94">burgerIconLogout</a></td><td rowspan="1">1719313113150</td><td rowspan="1">118</td></tr><tr class="passedeven"><td><a href="#m95">burgerIconMemberLocationNavigation</a></td><td rowspan="1">1719313099801</td><td rowspan="1">110</td></tr><tr class="passedeven"><td><a href="#m96">burgerIconMemberLookupNavigation</a></td><td rowspan="1">1719313091604</td><td rowspan="1">114</td></tr><tr class="passedeven"><td><a href="#m97">verifyChooseLocationButtonAvailability</a></td><td rowspan="1">1719313045472</td><td rowspan="1">1654</td></tr><tr class="passedeven"><td><a href="#m98">verifyDropDownAvailability</a></td><td rowspan="1">1719312969378</td><td rowspan="1">47</td></tr><tr class="passedeven"><td><a href="#m99">verifyIfAbleToSelectOptionFromDropDown</a></td><td rowspan="1">1719313037375</td><td rowspan="1">179</td></tr><tr class="passedodd"><td rowspan="7">zapcg.Capillary.LoginTestCases.Login_Invalid_TestCases</td><td><a href="#m100">testMinLengthPassword_TestCase5</a></td><td rowspan="1">1719313049587</td><td rowspan="1">320</td></tr><tr class="passedodd"><td><a href="#m101">testTooLongUsername_TestCase4</a></td><td rowspan="1">1719313040135</td><td rowspan="1">501</td></tr><tr class="passedodd"><td><a href="#m102">testUsernameWithSpaces_TestCase6</a></td><td rowspan="1">1719313094465</td><td rowspan="1">353</td></tr><tr class="passedodd"><td><a href="#m103">verifyForDisabledLoginButtonForEmptyPassword_TestCase9</a></td><td rowspan="1">1719313119214</td><td rowspan="1">236</td></tr><tr class="passedodd"><td><a href="#m104">verifyForDisabledLoginButtonForEmptyUsernamePassword_TestCase10</a></td><td rowspan="1">1719313122231</td><td rowspan="1">162</td></tr><tr class="passedodd"><td><a href="#m105">verifyForDisabledLoginButtonForEmptyUsername_TestCase8</a></td><td rowspan="1">1719313116451</td><td rowspan="1">173</td></tr><tr class="passedodd"><td><a href="#m106">verifyForEnabledLoginButton_TestCase7</a></td><td rowspan="1">1719313102633</td><td rowspan="1">2521</td></tr><tr class="passedeven"><td rowspan="1">zapcg.Capillary.LoginTestCases.Login_Valid_TestCases</td><td><a href="#m107">testValidLogin_TestCase1</a></td><td rowspan="1">1719312899334</td><td rowspan="1">2563</td></tr></tbody>
</table>
<h2>LoginTestsChromeBrowserTabletPortrait</h2><h3 id="m0">zapcg.Capillary.LoginTestCases.Login_Invalid_TestCases#testInvalidPassword_TestCase3</h3><table class="result"><tr><th>Exception</th></tr><tr><td><div class="stacktrace">org.openqa.selenium.TimeoutException: Expected condition failed: waiting for visibility of Proxy element for: DefaultElementLocator &apos;By.xpath: //h6[@id=&apos;LSERRM&apos; and contains(text(),&quot;Invalid username or password. Try again.&quot;)]&apos; (tried for 10 second(s) with 500 milliseconds interval)
	at org.openqa.selenium.support.ui.WebDriverWait.timeoutException(WebDriverWait.java:84)
	at org.openqa.selenium.support.ui.FluentWait.until(FluentWait.java:228)
	at zapcg.Capillary.PageObject.loginPage.verifyInvalidPasswordError(loginPage.java:185)
	at zapcg.Capillary.LoginTestCases.Login_Invalid_TestCases.testInvalidPassword_TestCase3(Login_Invalid_TestCases.java:44)
	at java.base/java.util.ArrayList.forEach(ArrayList.java:1511)
	at java.base/java.util.concurrent.FutureTask.run(FutureTask.java:264)
	at java.base/java.util.concurrent.ThreadPoolExecutor.runWorker(ThreadPoolExecutor.java:1136)
	at java.base/java.util.concurrent.ThreadPoolExecutor$Worker.run(ThreadPoolExecutor.java:635)
	at java.base/java.lang.Thread.run(Thread.java:842)
Caused by: org.openqa.selenium.NoSuchElementException: no such element: Unable to locate element: {&quot;method&quot;:&quot;xpath&quot;,&quot;selector&quot;:&quot;//h6[@id=&apos;LSERRM&apos; and contains(text(),&quot;Invalid username or password. Try again.&quot;)]&quot;}
  (Session info: chrome=126.0.6478.62)
For documentation on this error, please visit: https://www.selenium.dev/documentation/webdriver/troubleshooting/errors#no-such-element-exception
Build info: version: &apos;4.21.0&apos;, revision: &apos;79ed462ef4&apos;
System info: os.name: &apos;Windows 11&apos;, os.arch: &apos;amd64&apos;, os.version: &apos;10.0&apos;, java.version: &apos;17.0.10&apos;
Driver info: org.openqa.selenium.chrome.ChromeDriver
Command: [4f60bdc1e58a6a7cf9645ec325dbf56c, findElement {using=xpath, value=//h6[@id=&apos;LSERRM&apos; and contains(text(),&quot;Invalid username or password. Try again.&quot;)]}]
Capabilities {acceptInsecureCerts: false, browserName: chrome, browserVersion: 126.0.6478.62, chrome: {chromedriverVersion: 126.0.6478.126 (d36ace6122e..., userDataDir: C:\Users\MANICH~1\AppData\L...}, fedcm:accounts: true, goog:chromeOptions: {debuggerAddress: localhost:55295}, networkConnectionEnabled: false, pageLoadStrategy: normal, platformName: windows, proxy: Proxy(), se:cdp: ws://localhost:55295/devtoo..., se:cdpVersion: 126.0.6478.62, setWindowRect: true, strictFileInteractability: false, timeouts: {implicit: 0, pageLoad: 300000, script: 30000}, unhandledPromptBehavior: dismiss and notify, webauthn:extension:credBlob: true, webauthn:extension:largeBlob: true, webauthn:extension:minPinLength: true, webauthn:extension:prf: true, webauthn:virtualAuthenticators: true}
Session ID: 4f60bdc1e58a6a7cf9645ec325dbf56c
	at org.openqa.selenium.remote.ErrorCodec.decode(ErrorCodec.java:167)
	at org.openqa.selenium.remote.codec.w3c.W3CHttpResponseCodec.decode(W3CHttpResponseCodec.java:138)
	at org.openqa.selenium.remote.codec.w3c.W3CHttpResponseCodec.decode(W3CHttpResponseCodec.java:50)
	at org.openqa.selenium.remote.HttpCommandExecutor.execute(HttpCommandExecutor.java:190)
	at org.openqa.selenium.remote.service.DriverCommandExecutor.invokeExecute(DriverCommandExecutor.java:216)
	at org.openqa.selenium.remote.service.DriverCommandExecutor.execute(DriverCommandExecutor.java:174)
	at org.openqa.selenium.remote.RemoteWebDriver.execute(RemoteWebDriver.java:518)
	at org.openqa.selenium.remote.ElementLocation$ElementFinder$2.findElement(ElementLocation.java:165)
	at org.openqa.selenium.remote.ElementLocation.findElement(ElementLocation.java:59)
	at org.openqa.selenium.remote.RemoteWebDriver.findElement(RemoteWebDriver.java:355)
	at org.openqa.selenium.remote.RemoteWebDriver.findElement(RemoteWebDriver.java:349)
	at org.openqa.selenium.support.pagefactory.DefaultElementLocator.findElement(DefaultElementLocator.java:68)
	at org.openqa.selenium.support.pagefactory.internal.LocatingElementHandler.invoke(LocatingElementHandler.java:38)
	at jdk.proxy2/jdk.proxy2.$Proxy10.isDisplayed(Unknown Source)
	at org.openqa.selenium.support.ui.ExpectedConditions.elementIfVisible(ExpectedConditions.java:304)
	at org.openqa.selenium.support.ui.ExpectedConditions$10.apply(ExpectedConditions.java:290)
	at org.openqa.selenium.support.ui.ExpectedConditions$10.apply(ExpectedConditions.java:287)
	at org.openqa.selenium.support.ui.FluentWait.until(FluentWait.java:203)
	... 24 more
... Removed 22 stack frames</div></td></tr></table><p class="totop"><a href="#summary">back to summary</a></p>
<h3 id="m1">zapcg.Capillary.LoginTestCases.Login_Invalid_TestCases#testInvalidUsername_TestCase2</h3><table class="result"><tr><th>Exception</th></tr><tr><td><div class="stacktrace">org.openqa.selenium.TimeoutException: Expected condition failed: waiting for visibility of Proxy element for: DefaultElementLocator &apos;By.xpath: //h6[contains(text(),&apos;Invalid username or password. Try again.&apos;)]&apos; (tried for 30 second(s) with 500 milliseconds interval)
	at org.openqa.selenium.support.ui.WebDriverWait.timeoutException(WebDriverWait.java:84)
	at org.openqa.selenium.support.ui.FluentWait.until(FluentWait.java:228)
	at zapcg.Capillary.PageObject.loginPage.verifyInvalidUserNameError(loginPage.java:154)
	at zapcg.Capillary.LoginTestCases.Login_Invalid_TestCases.testInvalidUsername_TestCase2(Login_Invalid_TestCases.java:36)
	at java.base/java.util.ArrayList.forEach(ArrayList.java:1511)
	at java.base/java.util.concurrent.FutureTask.run(FutureTask.java:264)
	at java.base/java.util.concurrent.ThreadPoolExecutor.runWorker(ThreadPoolExecutor.java:1136)
	at java.base/java.util.concurrent.ThreadPoolExecutor$Worker.run(ThreadPoolExecutor.java:635)
	at java.base/java.lang.Thread.run(Thread.java:842)
Caused by: org.openqa.selenium.NoSuchElementException: no such element: Unable to locate element: {&quot;method&quot;:&quot;xpath&quot;,&quot;selector&quot;:&quot;//h6[contains(text(),&apos;Invalid username or password. Try again.&apos;)]&quot;}
  (Session info: chrome=126.0.6478.62)
For documentation on this error, please visit: https://www.selenium.dev/documentation/webdriver/troubleshooting/errors#no-such-element-exception
Build info: version: &apos;4.21.0&apos;, revision: &apos;79ed462ef4&apos;
System info: os.name: &apos;Windows 11&apos;, os.arch: &apos;amd64&apos;, os.version: &apos;10.0&apos;, java.version: &apos;17.0.10&apos;
Driver info: org.openqa.selenium.chrome.ChromeDriver
Command: [73de644def708b1444c89ca6b402ccd5, findElement {using=xpath, value=//h6[contains(text(),&apos;Invalid username or password. Try again.&apos;)]}]
Capabilities {acceptInsecureCerts: false, browserName: chrome, browserVersion: 126.0.6478.62, chrome: {chromedriverVersion: 126.0.6478.126 (d36ace6122e..., userDataDir: C:\Users\MANICH~1\AppData\L...}, fedcm:accounts: true, goog:chromeOptions: {debuggerAddress: localhost:55233}, networkConnectionEnabled: false, pageLoadStrategy: normal, platformName: windows, proxy: Proxy(), se:cdp: ws://localhost:55233/devtoo..., se:cdpVersion: 126.0.6478.62, setWindowRect: true, strictFileInteractability: false, timeouts: {implicit: 0, pageLoad: 300000, script: 30000}, unhandledPromptBehavior: dismiss and notify, webauthn:extension:credBlob: true, webauthn:extension:largeBlob: true, webauthn:extension:minPinLength: true, webauthn:extension:prf: true, webauthn:virtualAuthenticators: true}
Session ID: 73de644def708b1444c89ca6b402ccd5
	at org.openqa.selenium.remote.ErrorCodec.decode(ErrorCodec.java:167)
	at org.openqa.selenium.remote.codec.w3c.W3CHttpResponseCodec.decode(W3CHttpResponseCodec.java:138)
	at org.openqa.selenium.remote.codec.w3c.W3CHttpResponseCodec.decode(W3CHttpResponseCodec.java:50)
	at org.openqa.selenium.remote.HttpCommandExecutor.execute(HttpCommandExecutor.java:190)
	at org.openqa.selenium.remote.service.DriverCommandExecutor.invokeExecute(DriverCommandExecutor.java:216)
	at org.openqa.selenium.remote.service.DriverCommandExecutor.execute(DriverCommandExecutor.java:174)
	at org.openqa.selenium.remote.RemoteWebDriver.execute(RemoteWebDriver.java:518)
	at org.openqa.selenium.remote.ElementLocation$ElementFinder$2.findElement(ElementLocation.java:165)
	at org.openqa.selenium.remote.ElementLocation.findElement(ElementLocation.java:59)
	at org.openqa.selenium.remote.RemoteWebDriver.findElement(RemoteWebDriver.java:355)
	at org.openqa.selenium.remote.RemoteWebDriver.findElement(RemoteWebDriver.java:349)
	at org.openqa.selenium.support.pagefactory.DefaultElementLocator.findElement(DefaultElementLocator.java:68)
	at org.openqa.selenium.support.pagefactory.internal.LocatingElementHandler.invoke(LocatingElementHandler.java:38)
	at jdk.proxy2/jdk.proxy2.$Proxy10.isDisplayed(Unknown Source)
	at org.openqa.selenium.support.ui.ExpectedConditions.elementIfVisible(ExpectedConditions.java:304)
	at org.openqa.selenium.support.ui.ExpectedConditions$10.apply(ExpectedConditions.java:290)
	at org.openqa.selenium.support.ui.ExpectedConditions$10.apply(ExpectedConditions.java:287)
	at org.openqa.selenium.support.ui.FluentWait.until(FluentWait.java:203)
	... 24 more
... Removed 22 stack frames</div></td></tr></table><p class="totop"><a href="#summary">back to summary</a></p>
<h3 id="m2">zapcg.Capillary.LocationPageTestCases.Location_ExistingUser_TestCases#burgerIconLogout</h3><table class="result"><tr><th class="invisible"/></tr></table><p class="totop"><a href="#summary">back to summary</a></p>
<h3 id="m3">zapcg.Capillary.LocationPageTestCases.Location_ExistingUser_TestCases#burgerIconMemberLocationNavigation</h3><table class="result"><tr><th class="invisible"/></tr></table><p class="totop"><a href="#summary">back to summary</a></p>
<h3 id="m4">zapcg.Capillary.LocationPageTestCases.Location_ExistingUser_TestCases#burgerIconMemberLookupNavigation</h3><table class="result"><tr><th class="invisible"/></tr></table><p class="totop"><a href="#summary">back to summary</a></p>
<h3 id="m5">zapcg.Capillary.LocationPageTestCases.Location_ExistingUser_TestCases#chooseValidLocationForNewUser</h3><table class="result"><tr><th class="invisible"/></tr></table><p class="totop"><a href="#summary">back to summary</a></p>
<h3 id="m6">zapcg.Capillary.LocationPageTestCases.Location_ExistingUser_TestCases#verifyChooseLocationButtonAvailability</h3><table class="result"><tr><th class="invisible"/></tr></table><p class="totop"><a href="#summary">back to summary</a></p>
<h3 id="m7">zapcg.Capillary.LocationPageTestCases.Location_ExistingUser_TestCases#verifyDropDownAvailability</h3><table class="result"><tr><th class="invisible"/></tr></table><p class="totop"><a href="#summary">back to summary</a></p>
<h3 id="m8">zapcg.Capillary.LocationPageTestCases.Location_ExistingUser_TestCases#verifyHeaderOfMemberLookupScreen</h3><table class="result"><tr><th class="invisible"/></tr></table><p class="totop"><a href="#summary">back to summary</a></p>
<h3 id="m9">zapcg.Capillary.LocationPageTestCases.Location_ExistingUser_TestCases#verifyIfAbleToSelectOptionFromDropDown</h3><table class="result"><tr><th class="invisible"/></tr></table><p class="totop"><a href="#summary">back to summary</a></p>
<h3 id="m10">zapcg.Capillary.LoginTestCases.Login_Invalid_TestCases#testMinLengthPassword_TestCase5</h3><table class="result"><tr><th class="invisible"/></tr></table><p class="totop"><a href="#summary">back to summary</a></p>
<h3 id="m11">zapcg.Capillary.LoginTestCases.Login_Invalid_TestCases#testTooLongUsername_TestCase4</h3><table class="result"><tr><th class="invisible"/></tr></table><p class="totop"><a href="#summary">back to summary</a></p>
<h3 id="m12">zapcg.Capillary.LoginTestCases.Login_Invalid_TestCases#testUsernameWithSpaces_TestCase6</h3><table class="result"><tr><th class="invisible"/></tr></table><p class="totop"><a href="#summary">back to summary</a></p>
<h3 id="m13">zapcg.Capillary.LoginTestCases.Login_Invalid_TestCases#verifyForDisabledLoginButtonForEmptyPassword_TestCase9</h3><table class="result"><tr><th class="invisible"/></tr></table><p class="totop"><a href="#summary">back to summary</a></p>
<h3 id="m14">zapcg.Capillary.LoginTestCases.Login_Invalid_TestCases#verifyForDisabledLoginButtonForEmptyUsernamePassword_TestCase10</h3><table class="result"><tr><th class="invisible"/></tr></table><p class="totop"><a href="#summary">back to summary</a></p>
<h3 id="m15">zapcg.Capillary.LoginTestCases.Login_Invalid_TestCases#verifyForDisabledLoginButtonForEmptyUsername_TestCase8</h3><table class="result"><tr><th class="invisible"/></tr></table><p class="totop"><a href="#summary">back to summary</a></p>
<h3 id="m16">zapcg.Capillary.LoginTestCases.Login_Invalid_TestCases#verifyForEnabledLoginButton_TestCase7</h3><table class="result"><tr><th class="invisible"/></tr></table><p class="totop"><a href="#summary">back to summary</a></p>
<h3 id="m17">zapcg.Capillary.LoginTestCases.Login_Valid_TestCases#testValidLogin_TestCase1</h3><table class="result"><tr><th class="invisible"/></tr></table><p class="totop"><a href="#summary">back to summary</a></p>
<h2>LoginTestsChromeBrowserTabletLandscape</h2><h3 id="m18">zapcg.Capillary.LoginTestCases.Login_Invalid_TestCases#testInvalidPassword_TestCase3</h3><table class="result"><tr><th>Exception</th></tr><tr><td><div class="stacktrace">org.openqa.selenium.TimeoutException: Expected condition failed: waiting for visibility of Proxy element for: DefaultElementLocator &apos;By.xpath: //h6[@id=&apos;LSERRM&apos; and contains(text(),&quot;Invalid username or password. Try again.&quot;)]&apos; (tried for 10 second(s) with 500 milliseconds interval)
	at org.openqa.selenium.support.ui.WebDriverWait.timeoutException(WebDriverWait.java:84)
	at org.openqa.selenium.support.ui.FluentWait.until(FluentWait.java:228)
	at zapcg.Capillary.PageObject.loginPage.verifyInvalidPasswordError(loginPage.java:185)
	at zapcg.Capillary.LoginTestCases.Login_Invalid_TestCases.testInvalidPassword_TestCase3(Login_Invalid_TestCases.java:44)
	at java.base/java.util.ArrayList.forEach(ArrayList.java:1511)
	at java.base/java.util.concurrent.FutureTask.run(FutureTask.java:264)
	at java.base/java.util.concurrent.ThreadPoolExecutor.runWorker(ThreadPoolExecutor.java:1136)
	at java.base/java.util.concurrent.ThreadPoolExecutor$Worker.run(ThreadPoolExecutor.java:635)
	at java.base/java.lang.Thread.run(Thread.java:842)
Caused by: org.openqa.selenium.NoSuchElementException: no such element: Unable to locate element: {&quot;method&quot;:&quot;xpath&quot;,&quot;selector&quot;:&quot;//h6[@id=&apos;LSERRM&apos; and contains(text(),&quot;Invalid username or password. Try again.&quot;)]&quot;}
  (Session info: chrome=126.0.6478.62)
For documentation on this error, please visit: https://www.selenium.dev/documentation/webdriver/troubleshooting/errors#no-such-element-exception
Build info: version: &apos;4.21.0&apos;, revision: &apos;79ed462ef4&apos;
System info: os.name: &apos;Windows 11&apos;, os.arch: &apos;amd64&apos;, os.version: &apos;10.0&apos;, java.version: &apos;17.0.10&apos;
Driver info: org.openqa.selenium.chrome.ChromeDriver
Command: [ff60b3c726fff87fce30ff971a159d96, findElement {using=xpath, value=//h6[@id=&apos;LSERRM&apos; and contains(text(),&quot;Invalid username or password. Try again.&quot;)]}]
Capabilities {acceptInsecureCerts: false, browserName: chrome, browserVersion: 126.0.6478.62, chrome: {chromedriverVersion: 126.0.6478.126 (d36ace6122e..., userDataDir: C:\Users\MANICH~1\AppData\L...}, fedcm:accounts: true, goog:chromeOptions: {debuggerAddress: localhost:55698}, networkConnectionEnabled: false, pageLoadStrategy: normal, platformName: windows, proxy: Proxy(), se:cdp: ws://localhost:55698/devtoo..., se:cdpVersion: 126.0.6478.62, setWindowRect: true, strictFileInteractability: false, timeouts: {implicit: 0, pageLoad: 300000, script: 30000}, unhandledPromptBehavior: dismiss and notify, webauthn:extension:credBlob: true, webauthn:extension:largeBlob: true, webauthn:extension:minPinLength: true, webauthn:extension:prf: true, webauthn:virtualAuthenticators: true}
Session ID: ff60b3c726fff87fce30ff971a159d96
	at org.openqa.selenium.remote.ErrorCodec.decode(ErrorCodec.java:167)
	at org.openqa.selenium.remote.codec.w3c.W3CHttpResponseCodec.decode(W3CHttpResponseCodec.java:138)
	at org.openqa.selenium.remote.codec.w3c.W3CHttpResponseCodec.decode(W3CHttpResponseCodec.java:50)
	at org.openqa.selenium.remote.HttpCommandExecutor.execute(HttpCommandExecutor.java:190)
	at org.openqa.selenium.remote.service.DriverCommandExecutor.invokeExecute(DriverCommandExecutor.java:216)
	at org.openqa.selenium.remote.service.DriverCommandExecutor.execute(DriverCommandExecutor.java:174)
	at org.openqa.selenium.remote.RemoteWebDriver.execute(RemoteWebDriver.java:518)
	at org.openqa.selenium.remote.ElementLocation$ElementFinder$2.findElement(ElementLocation.java:165)
	at org.openqa.selenium.remote.ElementLocation.findElement(ElementLocation.java:59)
	at org.openqa.selenium.remote.RemoteWebDriver.findElement(RemoteWebDriver.java:355)
	at org.openqa.selenium.remote.RemoteWebDriver.findElement(RemoteWebDriver.java:349)
	at org.openqa.selenium.support.pagefactory.DefaultElementLocator.findElement(DefaultElementLocator.java:68)
	at org.openqa.selenium.support.pagefactory.internal.LocatingElementHandler.invoke(LocatingElementHandler.java:38)
	at jdk.proxy2/jdk.proxy2.$Proxy10.isDisplayed(Unknown Source)
	at org.openqa.selenium.support.ui.ExpectedConditions.elementIfVisible(ExpectedConditions.java:304)
	at org.openqa.selenium.support.ui.ExpectedConditions$10.apply(ExpectedConditions.java:290)
	at org.openqa.selenium.support.ui.ExpectedConditions$10.apply(ExpectedConditions.java:287)
	at org.openqa.selenium.support.ui.FluentWait.until(FluentWait.java:203)
	... 24 more
... Removed 22 stack frames</div></td></tr></table><p class="totop"><a href="#summary">back to summary</a></p>
<h3 id="m19">zapcg.Capillary.LoginTestCases.Login_Invalid_TestCases#testInvalidUsername_TestCase2</h3><table class="result"><tr><th>Exception</th></tr><tr><td><div class="stacktrace">org.openqa.selenium.TimeoutException: Expected condition failed: waiting for visibility of Proxy element for: DefaultElementLocator &apos;By.xpath: //h6[contains(text(),&apos;Invalid username or password. Try again.&apos;)]&apos; (tried for 30 second(s) with 500 milliseconds interval)
	at org.openqa.selenium.support.ui.WebDriverWait.timeoutException(WebDriverWait.java:84)
	at org.openqa.selenium.support.ui.FluentWait.until(FluentWait.java:228)
	at zapcg.Capillary.PageObject.loginPage.verifyInvalidUserNameError(loginPage.java:154)
	at zapcg.Capillary.LoginTestCases.Login_Invalid_TestCases.testInvalidUsername_TestCase2(Login_Invalid_TestCases.java:36)
	at java.base/java.util.ArrayList.forEach(ArrayList.java:1511)
	at java.base/java.util.concurrent.FutureTask.run(FutureTask.java:264)
	at java.base/java.util.concurrent.ThreadPoolExecutor.runWorker(ThreadPoolExecutor.java:1136)
	at java.base/java.util.concurrent.ThreadPoolExecutor$Worker.run(ThreadPoolExecutor.java:635)
	at java.base/java.lang.Thread.run(Thread.java:842)
Caused by: org.openqa.selenium.NoSuchElementException: no such element: Unable to locate element: {&quot;method&quot;:&quot;xpath&quot;,&quot;selector&quot;:&quot;//h6[contains(text(),&apos;Invalid username or password. Try again.&apos;)]&quot;}
  (Session info: chrome=126.0.6478.62)
For documentation on this error, please visit: https://www.selenium.dev/documentation/webdriver/troubleshooting/errors#no-such-element-exception
Build info: version: &apos;4.21.0&apos;, revision: &apos;79ed462ef4&apos;
System info: os.name: &apos;Windows 11&apos;, os.arch: &apos;amd64&apos;, os.version: &apos;10.0&apos;, java.version: &apos;17.0.10&apos;
Driver info: org.openqa.selenium.chrome.ChromeDriver
Command: [8d8bf45fb76a9929d0dd4d62a13036c2, findElement {using=xpath, value=//h6[contains(text(),&apos;Invalid username or password. Try again.&apos;)]}]
Capabilities {acceptInsecureCerts: false, browserName: chrome, browserVersion: 126.0.6478.62, chrome: {chromedriverVersion: 126.0.6478.126 (d36ace6122e..., userDataDir: C:\Users\MANICH~1\AppData\L...}, fedcm:accounts: true, goog:chromeOptions: {debuggerAddress: localhost:55652}, networkConnectionEnabled: false, pageLoadStrategy: normal, platformName: windows, proxy: Proxy(), se:cdp: ws://localhost:55652/devtoo..., se:cdpVersion: 126.0.6478.62, setWindowRect: true, strictFileInteractability: false, timeouts: {implicit: 0, pageLoad: 300000, script: 30000}, unhandledPromptBehavior: dismiss and notify, webauthn:extension:credBlob: true, webauthn:extension:largeBlob: true, webauthn:extension:minPinLength: true, webauthn:extension:prf: true, webauthn:virtualAuthenticators: true}
Session ID: 8d8bf45fb76a9929d0dd4d62a13036c2
	at org.openqa.selenium.remote.ErrorCodec.decode(ErrorCodec.java:167)
	at org.openqa.selenium.remote.codec.w3c.W3CHttpResponseCodec.decode(W3CHttpResponseCodec.java:138)
	at org.openqa.selenium.remote.codec.w3c.W3CHttpResponseCodec.decode(W3CHttpResponseCodec.java:50)
	at org.openqa.selenium.remote.HttpCommandExecutor.execute(HttpCommandExecutor.java:190)
	at org.openqa.selenium.remote.service.DriverCommandExecutor.invokeExecute(DriverCommandExecutor.java:216)
	at org.openqa.selenium.remote.service.DriverCommandExecutor.execute(DriverCommandExecutor.java:174)
	at org.openqa.selenium.remote.RemoteWebDriver.execute(RemoteWebDriver.java:518)
	at org.openqa.selenium.remote.ElementLocation$ElementFinder$2.findElement(ElementLocation.java:165)
	at org.openqa.selenium.remote.ElementLocation.findElement(ElementLocation.java:59)
	at org.openqa.selenium.remote.RemoteWebDriver.findElement(RemoteWebDriver.java:355)
	at org.openqa.selenium.remote.RemoteWebDriver.findElement(RemoteWebDriver.java:349)
	at org.openqa.selenium.support.pagefactory.DefaultElementLocator.findElement(DefaultElementLocator.java:68)
	at org.openqa.selenium.support.pagefactory.internal.LocatingElementHandler.invoke(LocatingElementHandler.java:38)
	at jdk.proxy2/jdk.proxy2.$Proxy10.isDisplayed(Unknown Source)
	at org.openqa.selenium.support.ui.ExpectedConditions.elementIfVisible(ExpectedConditions.java:304)
	at org.openqa.selenium.support.ui.ExpectedConditions$10.apply(ExpectedConditions.java:290)
	at org.openqa.selenium.support.ui.ExpectedConditions$10.apply(ExpectedConditions.java:287)
	at org.openqa.selenium.support.ui.FluentWait.until(FluentWait.java:203)
	... 24 more
... Removed 22 stack frames</div></td></tr></table><p class="totop"><a href="#summary">back to summary</a></p>
<h3 id="m20">zapcg.Capillary.LocationPageTestCases.Location_ExistingUser_TestCases#burgerIconLogout</h3><table class="result"><tr><th class="invisible"/></tr></table><p class="totop"><a href="#summary">back to summary</a></p>
<h3 id="m21">zapcg.Capillary.LocationPageTestCases.Location_ExistingUser_TestCases#burgerIconMemberLocationNavigation</h3><table class="result"><tr><th class="invisible"/></tr></table><p class="totop"><a href="#summary">back to summary</a></p>
<h3 id="m22">zapcg.Capillary.LocationPageTestCases.Location_ExistingUser_TestCases#burgerIconMemberLookupNavigation</h3><table class="result"><tr><th class="invisible"/></tr></table><p class="totop"><a href="#summary">back to summary</a></p>
<h3 id="m23">zapcg.Capillary.LocationPageTestCases.Location_ExistingUser_TestCases#chooseValidLocationForNewUser</h3><table class="result"><tr><th class="invisible"/></tr></table><p class="totop"><a href="#summary">back to summary</a></p>
<h3 id="m24">zapcg.Capillary.LocationPageTestCases.Location_ExistingUser_TestCases#verifyChooseLocationButtonAvailability</h3><table class="result"><tr><th class="invisible"/></tr></table><p class="totop"><a href="#summary">back to summary</a></p>
<h3 id="m25">zapcg.Capillary.LocationPageTestCases.Location_ExistingUser_TestCases#verifyDropDownAvailability</h3><table class="result"><tr><th class="invisible"/></tr></table><p class="totop"><a href="#summary">back to summary</a></p>
<h3 id="m26">zapcg.Capillary.LocationPageTestCases.Location_ExistingUser_TestCases#verifyHeaderOfMemberLookupScreen</h3><table class="result"><tr><th class="invisible"/></tr></table><p class="totop"><a href="#summary">back to summary</a></p>
<h3 id="m27">zapcg.Capillary.LocationPageTestCases.Location_ExistingUser_TestCases#verifyIfAbleToSelectOptionFromDropDown</h3><table class="result"><tr><th class="invisible"/></tr></table><p class="totop"><a href="#summary">back to summary</a></p>
<h3 id="m28">zapcg.Capillary.LoginTestCases.Login_Invalid_TestCases#testMinLengthPassword_TestCase5</h3><table class="result"><tr><th class="invisible"/></tr></table><p class="totop"><a href="#summary">back to summary</a></p>
<h3 id="m29">zapcg.Capillary.LoginTestCases.Login_Invalid_TestCases#testTooLongUsername_TestCase4</h3><table class="result"><tr><th class="invisible"/></tr></table><p class="totop"><a href="#summary">back to summary</a></p>
<h3 id="m30">zapcg.Capillary.LoginTestCases.Login_Invalid_TestCases#testUsernameWithSpaces_TestCase6</h3><table class="result"><tr><th class="invisible"/></tr></table><p class="totop"><a href="#summary">back to summary</a></p>
<h3 id="m31">zapcg.Capillary.LoginTestCases.Login_Invalid_TestCases#verifyForDisabledLoginButtonForEmptyPassword_TestCase9</h3><table class="result"><tr><th class="invisible"/></tr></table><p class="totop"><a href="#summary">back to summary</a></p>
<h3 id="m32">zapcg.Capillary.LoginTestCases.Login_Invalid_TestCases#verifyForDisabledLoginButtonForEmptyUsernamePassword_TestCase10</h3><table class="result"><tr><th class="invisible"/></tr></table><p class="totop"><a href="#summary">back to summary</a></p>
<h3 id="m33">zapcg.Capillary.LoginTestCases.Login_Invalid_TestCases#verifyForDisabledLoginButtonForEmptyUsername_TestCase8</h3><table class="result"><tr><th class="invisible"/></tr></table><p class="totop"><a href="#summary">back to summary</a></p>
<h3 id="m34">zapcg.Capillary.LoginTestCases.Login_Invalid_TestCases#verifyForEnabledLoginButton_TestCase7</h3><table class="result"><tr><th class="invisible"/></tr></table><p class="totop"><a href="#summary">back to summary</a></p>
<h3 id="m35">zapcg.Capillary.LoginTestCases.Login_Valid_TestCases#testValidLogin_TestCase1</h3><table class="result"><tr><th class="invisible"/></tr></table><p class="totop"><a href="#summary">back to summary</a></p>
<h2>LoginTestsChromeBrowseriPhone11ProPortrait</h2><h3 id="m36">zapcg.Capillary.LoginTestCases.Login_Invalid_TestCases#testInvalidPassword_TestCase3</h3><table class="result"><tr><th>Exception</th></tr><tr><td><div class="stacktrace">org.openqa.selenium.TimeoutException: Expected condition failed: waiting for visibility of Proxy element for: DefaultElementLocator &apos;By.xpath: //h6[@id=&apos;LSERRM&apos; and contains(text(),&quot;Invalid username or password. Try again.&quot;)]&apos; (tried for 10 second(s) with 500 milliseconds interval)
	at org.openqa.selenium.support.ui.WebDriverWait.timeoutException(WebDriverWait.java:84)
	at org.openqa.selenium.support.ui.FluentWait.until(FluentWait.java:228)
	at zapcg.Capillary.PageObject.loginPage.verifyInvalidPasswordError(loginPage.java:185)
	at zapcg.Capillary.LoginTestCases.Login_Invalid_TestCases.testInvalidPassword_TestCase3(Login_Invalid_TestCases.java:44)
	at java.base/java.util.ArrayList.forEach(ArrayList.java:1511)
	at java.base/java.util.concurrent.FutureTask.run(FutureTask.java:264)
	at java.base/java.util.concurrent.ThreadPoolExecutor.runWorker(ThreadPoolExecutor.java:1136)
	at java.base/java.util.concurrent.ThreadPoolExecutor$Worker.run(ThreadPoolExecutor.java:635)
	at java.base/java.lang.Thread.run(Thread.java:842)
Caused by: org.openqa.selenium.NoSuchElementException: no such element: Unable to locate element: {&quot;method&quot;:&quot;xpath&quot;,&quot;selector&quot;:&quot;//h6[@id=&apos;LSERRM&apos; and contains(text(),&quot;Invalid username or password. Try again.&quot;)]&quot;}
  (Session info: chrome=126.0.6478.62)
For documentation on this error, please visit: https://www.selenium.dev/documentation/webdriver/troubleshooting/errors#no-such-element-exception
Build info: version: &apos;4.21.0&apos;, revision: &apos;79ed462ef4&apos;
System info: os.name: &apos;Windows 11&apos;, os.arch: &apos;amd64&apos;, os.version: &apos;10.0&apos;, java.version: &apos;17.0.10&apos;
Driver info: org.openqa.selenium.chrome.ChromeDriver
Command: [cc16d9cc819ff1e2d08b97013eb42ed1, findElement {using=xpath, value=//h6[@id=&apos;LSERRM&apos; and contains(text(),&quot;Invalid username or password. Try again.&quot;)]}]
Capabilities {acceptInsecureCerts: false, browserName: chrome, browserVersion: 126.0.6478.62, chrome: {chromedriverVersion: 126.0.6478.126 (d36ace6122e..., userDataDir: C:\Users\MANICH~1\AppData\L...}, fedcm:accounts: true, goog:chromeOptions: {debuggerAddress: localhost:56091}, networkConnectionEnabled: false, pageLoadStrategy: normal, platformName: windows, proxy: Proxy(), se:cdp: ws://localhost:56091/devtoo..., se:cdpVersion: 126.0.6478.62, setWindowRect: true, strictFileInteractability: false, timeouts: {implicit: 0, pageLoad: 300000, script: 30000}, unhandledPromptBehavior: dismiss and notify, webauthn:extension:credBlob: true, webauthn:extension:largeBlob: true, webauthn:extension:minPinLength: true, webauthn:extension:prf: true, webauthn:virtualAuthenticators: true}
Session ID: cc16d9cc819ff1e2d08b97013eb42ed1
	at org.openqa.selenium.remote.ErrorCodec.decode(ErrorCodec.java:167)
	at org.openqa.selenium.remote.codec.w3c.W3CHttpResponseCodec.decode(W3CHttpResponseCodec.java:138)
	at org.openqa.selenium.remote.codec.w3c.W3CHttpResponseCodec.decode(W3CHttpResponseCodec.java:50)
	at org.openqa.selenium.remote.HttpCommandExecutor.execute(HttpCommandExecutor.java:190)
	at org.openqa.selenium.remote.service.DriverCommandExecutor.invokeExecute(DriverCommandExecutor.java:216)
	at org.openqa.selenium.remote.service.DriverCommandExecutor.execute(DriverCommandExecutor.java:174)
	at org.openqa.selenium.remote.RemoteWebDriver.execute(RemoteWebDriver.java:518)
	at org.openqa.selenium.remote.ElementLocation$ElementFinder$2.findElement(ElementLocation.java:165)
	at org.openqa.selenium.remote.ElementLocation.findElement(ElementLocation.java:59)
	at org.openqa.selenium.remote.RemoteWebDriver.findElement(RemoteWebDriver.java:355)
	at org.openqa.selenium.remote.RemoteWebDriver.findElement(RemoteWebDriver.java:349)
	at org.openqa.selenium.support.pagefactory.DefaultElementLocator.findElement(DefaultElementLocator.java:68)
	at org.openqa.selenium.support.pagefactory.internal.LocatingElementHandler.invoke(LocatingElementHandler.java:38)
	at jdk.proxy2/jdk.proxy2.$Proxy10.isDisplayed(Unknown Source)
	at org.openqa.selenium.support.ui.ExpectedConditions.elementIfVisible(ExpectedConditions.java:304)
	at org.openqa.selenium.support.ui.ExpectedConditions$10.apply(ExpectedConditions.java:290)
	at org.openqa.selenium.support.ui.ExpectedConditions$10.apply(ExpectedConditions.java:287)
	at org.openqa.selenium.support.ui.FluentWait.until(FluentWait.java:203)
	... 24 more
... Removed 22 stack frames</div></td></tr></table><p class="totop"><a href="#summary">back to summary</a></p>
<h3 id="m37">zapcg.Capillary.LoginTestCases.Login_Invalid_TestCases#testInvalidUsername_TestCase2</h3><table class="result"><tr><th>Exception</th></tr><tr><td><div class="stacktrace">org.openqa.selenium.TimeoutException: Expected condition failed: waiting for visibility of Proxy element for: DefaultElementLocator &apos;By.xpath: //h6[contains(text(),&apos;Invalid username or password. Try again.&apos;)]&apos; (tried for 30 second(s) with 500 milliseconds interval)
	at org.openqa.selenium.support.ui.WebDriverWait.timeoutException(WebDriverWait.java:84)
	at org.openqa.selenium.support.ui.FluentWait.until(FluentWait.java:228)
	at zapcg.Capillary.PageObject.loginPage.verifyInvalidUserNameError(loginPage.java:154)
	at zapcg.Capillary.LoginTestCases.Login_Invalid_TestCases.testInvalidUsername_TestCase2(Login_Invalid_TestCases.java:36)
	at java.base/java.util.ArrayList.forEach(ArrayList.java:1511)
	at java.base/java.util.concurrent.FutureTask.run(FutureTask.java:264)
	at java.base/java.util.concurrent.ThreadPoolExecutor.runWorker(ThreadPoolExecutor.java:1136)
	at java.base/java.util.concurrent.ThreadPoolExecutor$Worker.run(ThreadPoolExecutor.java:635)
	at java.base/java.lang.Thread.run(Thread.java:842)
Caused by: org.openqa.selenium.NoSuchElementException: no such element: Unable to locate element: {&quot;method&quot;:&quot;xpath&quot;,&quot;selector&quot;:&quot;//h6[contains(text(),&apos;Invalid username or password. Try again.&apos;)]&quot;}
  (Session info: chrome=126.0.6478.62)
For documentation on this error, please visit: https://www.selenium.dev/documentation/webdriver/troubleshooting/errors#no-such-element-exception
Build info: version: &apos;4.21.0&apos;, revision: &apos;79ed462ef4&apos;
System info: os.name: &apos;Windows 11&apos;, os.arch: &apos;amd64&apos;, os.version: &apos;10.0&apos;, java.version: &apos;17.0.10&apos;
Driver info: org.openqa.selenium.chrome.ChromeDriver
Command: [2f5f2891d5f0aca929000f28c8f70143, findElement {using=xpath, value=//h6[contains(text(),&apos;Invalid username or password. Try again.&apos;)]}]
Capabilities {acceptInsecureCerts: false, browserName: chrome, browserVersion: 126.0.6478.62, chrome: {chromedriverVersion: 126.0.6478.126 (d36ace6122e..., userDataDir: C:\Users\MANICH~1\AppData\L...}, fedcm:accounts: true, goog:chromeOptions: {debuggerAddress: localhost:56035}, networkConnectionEnabled: false, pageLoadStrategy: normal, platformName: windows, proxy: Proxy(), se:cdp: ws://localhost:56035/devtoo..., se:cdpVersion: 126.0.6478.62, setWindowRect: true, strictFileInteractability: false, timeouts: {implicit: 0, pageLoad: 300000, script: 30000}, unhandledPromptBehavior: dismiss and notify, webauthn:extension:credBlob: true, webauthn:extension:largeBlob: true, webauthn:extension:minPinLength: true, webauthn:extension:prf: true, webauthn:virtualAuthenticators: true}
Session ID: 2f5f2891d5f0aca929000f28c8f70143
	at org.openqa.selenium.remote.ErrorCodec.decode(ErrorCodec.java:167)
	at org.openqa.selenium.remote.codec.w3c.W3CHttpResponseCodec.decode(W3CHttpResponseCodec.java:138)
	at org.openqa.selenium.remote.codec.w3c.W3CHttpResponseCodec.decode(W3CHttpResponseCodec.java:50)
	at org.openqa.selenium.remote.HttpCommandExecutor.execute(HttpCommandExecutor.java:190)
	at org.openqa.selenium.remote.service.DriverCommandExecutor.invokeExecute(DriverCommandExecutor.java:216)
	at org.openqa.selenium.remote.service.DriverCommandExecutor.execute(DriverCommandExecutor.java:174)
	at org.openqa.selenium.remote.RemoteWebDriver.execute(RemoteWebDriver.java:518)
	at org.openqa.selenium.remote.ElementLocation$ElementFinder$2.findElement(ElementLocation.java:165)
	at org.openqa.selenium.remote.ElementLocation.findElement(ElementLocation.java:59)
	at org.openqa.selenium.remote.RemoteWebDriver.findElement(RemoteWebDriver.java:355)
	at org.openqa.selenium.remote.RemoteWebDriver.findElement(RemoteWebDriver.java:349)
	at org.openqa.selenium.support.pagefactory.DefaultElementLocator.findElement(DefaultElementLocator.java:68)
	at org.openqa.selenium.support.pagefactory.internal.LocatingElementHandler.invoke(LocatingElementHandler.java:38)
	at jdk.proxy2/jdk.proxy2.$Proxy10.isDisplayed(Unknown Source)
	at org.openqa.selenium.support.ui.ExpectedConditions.elementIfVisible(ExpectedConditions.java:304)
	at org.openqa.selenium.support.ui.ExpectedConditions$10.apply(ExpectedConditions.java:290)
	at org.openqa.selenium.support.ui.ExpectedConditions$10.apply(ExpectedConditions.java:287)
	at org.openqa.selenium.support.ui.FluentWait.until(FluentWait.java:203)
	... 24 more
... Removed 22 stack frames</div></td></tr></table><p class="totop"><a href="#summary">back to summary</a></p>
<h3 id="m38">zapcg.Capillary.LocationPageTestCases.Location_ExistingUser_TestCases#burgerIconLogout</h3><table class="result"><tr><th class="invisible"/></tr></table><p class="totop"><a href="#summary">back to summary</a></p>
<h3 id="m39">zapcg.Capillary.LocationPageTestCases.Location_ExistingUser_TestCases#burgerIconMemberLocationNavigation</h3><table class="result"><tr><th class="invisible"/></tr></table><p class="totop"><a href="#summary">back to summary</a></p>
<h3 id="m40">zapcg.Capillary.LocationPageTestCases.Location_ExistingUser_TestCases#burgerIconMemberLookupNavigation</h3><table class="result"><tr><th class="invisible"/></tr></table><p class="totop"><a href="#summary">back to summary</a></p>
<h3 id="m41">zapcg.Capillary.LocationPageTestCases.Location_ExistingUser_TestCases#chooseValidLocationForNewUser</h3><table class="result"><tr><th class="invisible"/></tr></table><p class="totop"><a href="#summary">back to summary</a></p>
<h3 id="m42">zapcg.Capillary.LocationPageTestCases.Location_ExistingUser_TestCases#verifyChooseLocationButtonAvailability</h3><table class="result"><tr><th class="invisible"/></tr></table><p class="totop"><a href="#summary">back to summary</a></p>
<h3 id="m43">zapcg.Capillary.LocationPageTestCases.Location_ExistingUser_TestCases#verifyDropDownAvailability</h3><table class="result"><tr><th class="invisible"/></tr></table><p class="totop"><a href="#summary">back to summary</a></p>
<h3 id="m44">zapcg.Capillary.LocationPageTestCases.Location_ExistingUser_TestCases#verifyHeaderOfMemberLookupScreen</h3><table class="result"><tr><th class="invisible"/></tr></table><p class="totop"><a href="#summary">back to summary</a></p>
<h3 id="m45">zapcg.Capillary.LocationPageTestCases.Location_ExistingUser_TestCases#verifyIfAbleToSelectOptionFromDropDown</h3><table class="result"><tr><th class="invisible"/></tr></table><p class="totop"><a href="#summary">back to summary</a></p>
<h3 id="m46">zapcg.Capillary.LoginTestCases.Login_Invalid_TestCases#testMinLengthPassword_TestCase5</h3><table class="result"><tr><th class="invisible"/></tr></table><p class="totop"><a href="#summary">back to summary</a></p>
<h3 id="m47">zapcg.Capillary.LoginTestCases.Login_Invalid_TestCases#testTooLongUsername_TestCase4</h3><table class="result"><tr><th class="invisible"/></tr></table><p class="totop"><a href="#summary">back to summary</a></p>
<h3 id="m48">zapcg.Capillary.LoginTestCases.Login_Invalid_TestCases#testUsernameWithSpaces_TestCase6</h3><table class="result"><tr><th class="invisible"/></tr></table><p class="totop"><a href="#summary">back to summary</a></p>
<h3 id="m49">zapcg.Capillary.LoginTestCases.Login_Invalid_TestCases#verifyForDisabledLoginButtonForEmptyPassword_TestCase9</h3><table class="result"><tr><th class="invisible"/></tr></table><p class="totop"><a href="#summary">back to summary</a></p>
<h3 id="m50">zapcg.Capillary.LoginTestCases.Login_Invalid_TestCases#verifyForDisabledLoginButtonForEmptyUsernamePassword_TestCase10</h3><table class="result"><tr><th class="invisible"/></tr></table><p class="totop"><a href="#summary">back to summary</a></p>
<h3 id="m51">zapcg.Capillary.LoginTestCases.Login_Invalid_TestCases#verifyForDisabledLoginButtonForEmptyUsername_TestCase8</h3><table class="result"><tr><th class="invisible"/></tr></table><p class="totop"><a href="#summary">back to summary</a></p>
<h3 id="m52">zapcg.Capillary.LoginTestCases.Login_Invalid_TestCases#verifyForEnabledLoginButton_TestCase7</h3><table class="result"><tr><th class="invisible"/></tr></table><p class="totop"><a href="#summary">back to summary</a></p>
<h3 id="m53">zapcg.Capillary.LoginTestCases.Login_Valid_TestCases#testValidLogin_TestCase1</h3><table class="result"><tr><th class="invisible"/></tr></table><p class="totop"><a href="#summary">back to summary</a></p>
<h2>LoginTestsChromeBrowseriPhone11ProLandscape</h2><h3 id="m54">zapcg.Capillary.LocationPageTestCases.Location_ExistingUser_TestCases#verifyHeaderOfMemberLookupScreen</h3><table class="result"><tr><th>Exception</th></tr><tr><td><div class="stacktrace">java.lang.AssertionError: An error occurred while verifying the dropdown selections: no such element: Unable to locate element: {&quot;method&quot;:&quot;xpath&quot;,&quot;selector&quot;:&quot;//button[@id=&apos;MSMENUI2&apos;]&quot;}
  (Session info: chrome=126.0.6478.62)
For documentation on this error, please visit: https://www.selenium.dev/documentation/webdriver/troubleshooting/errors#no-such-element-exception
Build info: version: &apos;4.21.0&apos;, revision: &apos;79ed462ef4&apos;
System info: os.name: &apos;Windows 11&apos;, os.arch: &apos;amd64&apos;, os.version: &apos;10.0&apos;, java.version: &apos;17.0.10&apos;
Driver info: org.openqa.selenium.chrome.ChromeDriver
Command: [e11a32b7ae50c07d9b5176460763df65, findElement {using=xpath, value=//button[@id=&apos;MSMENUI2&apos;]}]
Capabilities {acceptInsecureCerts: false, browserName: chrome, browserVersion: 126.0.6478.62, chrome: {chromedriverVersion: 126.0.6478.126 (d36ace6122e..., userDataDir: C:\Users\MANICH~1\AppData\L...}, fedcm:accounts: true, goog:chromeOptions: {debuggerAddress: localhost:56812}, networkConnectionEnabled: false, pageLoadStrategy: normal, platformName: windows, proxy: Proxy(), se:cdp: ws://localhost:56812/devtoo..., se:cdpVersion: 126.0.6478.62, setWindowRect: true, strictFileInteractability: false, timeouts: {implicit: 0, pageLoad: 300000, script: 30000}, unhandledPromptBehavior: dismiss and notify, webauthn:extension:credBlob: true, webauthn:extension:largeBlob: true, webauthn:extension:minPinLength: true, webauthn:extension:prf: true, webauthn:virtualAuthenticators: true}
Session ID: e11a32b7ae50c07d9b5176460763df65
	at zapcg.Capillary.LocationPageTestCases.Location_ExistingUser_TestCases.verifyHeaderOfMemberLookupScreen(Location_ExistingUser_TestCases.java:150)
	at java.base/java.util.ArrayList.forEach(ArrayList.java:1511)
	at java.base/java.util.concurrent.FutureTask.run(FutureTask.java:264)
	at java.base/java.util.concurrent.ThreadPoolExecutor.runWorker(ThreadPoolExecutor.java:1136)
	at java.base/java.util.concurrent.ThreadPoolExecutor$Worker.run(ThreadPoolExecutor.java:635)
	at java.base/java.lang.Thread.run(Thread.java:842)
... Removed 18 stack frames</div></td></tr></table><p class="totop"><a href="#summary">back to summary</a></p>
<h3 id="m55">zapcg.Capillary.LoginTestCases.Login_Invalid_TestCases#testInvalidPassword_TestCase3</h3><table class="result"><tr><th>Exception</th></tr><tr><td><div class="stacktrace">org.openqa.selenium.TimeoutException: Expected condition failed: waiting for visibility of Proxy element for: DefaultElementLocator &apos;By.xpath: //h6[@id=&apos;LSERRM&apos; and contains(text(),&quot;Invalid username or password. Try again.&quot;)]&apos; (tried for 10 second(s) with 500 milliseconds interval)
	at org.openqa.selenium.support.ui.WebDriverWait.timeoutException(WebDriverWait.java:84)
	at org.openqa.selenium.support.ui.FluentWait.until(FluentWait.java:228)
	at zapcg.Capillary.PageObject.loginPage.verifyInvalidPasswordError(loginPage.java:185)
	at zapcg.Capillary.LoginTestCases.Login_Invalid_TestCases.testInvalidPassword_TestCase3(Login_Invalid_TestCases.java:44)
	at java.base/java.util.ArrayList.forEach(ArrayList.java:1511)
	at java.base/java.util.concurrent.FutureTask.run(FutureTask.java:264)
	at java.base/java.util.concurrent.ThreadPoolExecutor.runWorker(ThreadPoolExecutor.java:1136)
	at java.base/java.util.concurrent.ThreadPoolExecutor$Worker.run(ThreadPoolExecutor.java:635)
	at java.base/java.lang.Thread.run(Thread.java:842)
Caused by: org.openqa.selenium.NoSuchElementException: no such element: Unable to locate element: {&quot;method&quot;:&quot;xpath&quot;,&quot;selector&quot;:&quot;//h6[@id=&apos;LSERRM&apos; and contains(text(),&quot;Invalid username or password. Try again.&quot;)]&quot;}
  (Session info: chrome=126.0.6478.62)
For documentation on this error, please visit: https://www.selenium.dev/documentation/webdriver/troubleshooting/errors#no-such-element-exception
Build info: version: &apos;4.21.0&apos;, revision: &apos;79ed462ef4&apos;
System info: os.name: &apos;Windows 11&apos;, os.arch: &apos;amd64&apos;, os.version: &apos;10.0&apos;, java.version: &apos;17.0.10&apos;
Driver info: org.openqa.selenium.chrome.ChromeDriver
Command: [e929e6a6ca7288e96e346c90de5aedf2, findElement {using=xpath, value=//h6[@id=&apos;LSERRM&apos; and contains(text(),&quot;Invalid username or password. Try again.&quot;)]}]
Capabilities {acceptInsecureCerts: false, browserName: chrome, browserVersion: 126.0.6478.62, chrome: {chromedriverVersion: 126.0.6478.126 (d36ace6122e..., userDataDir: C:\Users\MANICH~1\AppData\L...}, fedcm:accounts: true, goog:chromeOptions: {debuggerAddress: localhost:56584}, networkConnectionEnabled: false, pageLoadStrategy: normal, platformName: windows, proxy: Proxy(), se:cdp: ws://localhost:56584/devtoo..., se:cdpVersion: 126.0.6478.62, setWindowRect: true, strictFileInteractability: false, timeouts: {implicit: 0, pageLoad: 300000, script: 30000}, unhandledPromptBehavior: dismiss and notify, webauthn:extension:credBlob: true, webauthn:extension:largeBlob: true, webauthn:extension:minPinLength: true, webauthn:extension:prf: true, webauthn:virtualAuthenticators: true}
Session ID: e929e6a6ca7288e96e346c90de5aedf2
	at org.openqa.selenium.remote.ErrorCodec.decode(ErrorCodec.java:167)
	at org.openqa.selenium.remote.codec.w3c.W3CHttpResponseCodec.decode(W3CHttpResponseCodec.java:138)
	at org.openqa.selenium.remote.codec.w3c.W3CHttpResponseCodec.decode(W3CHttpResponseCodec.java:50)
	at org.openqa.selenium.remote.HttpCommandExecutor.execute(HttpCommandExecutor.java:190)
	at org.openqa.selenium.remote.service.DriverCommandExecutor.invokeExecute(DriverCommandExecutor.java:216)
	at org.openqa.selenium.remote.service.DriverCommandExecutor.execute(DriverCommandExecutor.java:174)
	at org.openqa.selenium.remote.RemoteWebDriver.execute(RemoteWebDriver.java:518)
	at org.openqa.selenium.remote.ElementLocation$ElementFinder$2.findElement(ElementLocation.java:165)
	at org.openqa.selenium.remote.ElementLocation.findElement(ElementLocation.java:59)
	at org.openqa.selenium.remote.RemoteWebDriver.findElement(RemoteWebDriver.java:355)
	at org.openqa.selenium.remote.RemoteWebDriver.findElement(RemoteWebDriver.java:349)
	at org.openqa.selenium.support.pagefactory.DefaultElementLocator.findElement(DefaultElementLocator.java:68)
	at org.openqa.selenium.support.pagefactory.internal.LocatingElementHandler.invoke(LocatingElementHandler.java:38)
	at jdk.proxy2/jdk.proxy2.$Proxy10.isDisplayed(Unknown Source)
	at org.openqa.selenium.support.ui.ExpectedConditions.elementIfVisible(ExpectedConditions.java:304)
	at org.openqa.selenium.support.ui.ExpectedConditions$10.apply(ExpectedConditions.java:290)
	at org.openqa.selenium.support.ui.ExpectedConditions$10.apply(ExpectedConditions.java:287)
	at org.openqa.selenium.support.ui.FluentWait.until(FluentWait.java:203)
	... 24 more
... Removed 22 stack frames</div></td></tr></table><p class="totop"><a href="#summary">back to summary</a></p>
<h3 id="m56">zapcg.Capillary.LoginTestCases.Login_Invalid_TestCases#testInvalidUsername_TestCase2</h3><table class="result"><tr><th>Exception</th></tr><tr><td><div class="stacktrace">org.openqa.selenium.TimeoutException: Expected condition failed: waiting for visibility of Proxy element for: DefaultElementLocator &apos;By.xpath: //h6[contains(text(),&apos;Invalid username or password. Try again.&apos;)]&apos; (tried for 30 second(s) with 500 milliseconds interval)
	at org.openqa.selenium.support.ui.WebDriverWait.timeoutException(WebDriverWait.java:84)
	at org.openqa.selenium.support.ui.FluentWait.until(FluentWait.java:228)
	at zapcg.Capillary.PageObject.loginPage.verifyInvalidUserNameError(loginPage.java:154)
	at zapcg.Capillary.LoginTestCases.Login_Invalid_TestCases.testInvalidUsername_TestCase2(Login_Invalid_TestCases.java:36)
	at java.base/java.util.ArrayList.forEach(ArrayList.java:1511)
	at java.base/java.util.concurrent.FutureTask.run(FutureTask.java:264)
	at java.base/java.util.concurrent.ThreadPoolExecutor.runWorker(ThreadPoolExecutor.java:1136)
	at java.base/java.util.concurrent.ThreadPoolExecutor$Worker.run(ThreadPoolExecutor.java:635)
	at java.base/java.lang.Thread.run(Thread.java:842)
Caused by: org.openqa.selenium.NoSuchElementException: no such element: Unable to locate element: {&quot;method&quot;:&quot;xpath&quot;,&quot;selector&quot;:&quot;//h6[contains(text(),&apos;Invalid username or password. Try again.&apos;)]&quot;}
  (Session info: chrome=126.0.6478.62)
For documentation on this error, please visit: https://www.selenium.dev/documentation/webdriver/troubleshooting/errors#no-such-element-exception
Build info: version: &apos;4.21.0&apos;, revision: &apos;79ed462ef4&apos;
System info: os.name: &apos;Windows 11&apos;, os.arch: &apos;amd64&apos;, os.version: &apos;10.0&apos;, java.version: &apos;17.0.10&apos;
Driver info: org.openqa.selenium.chrome.ChromeDriver
Command: [0358d8308ddd751cb415e69bb09eb03c, findElement {using=xpath, value=//h6[contains(text(),&apos;Invalid username or password. Try again.&apos;)]}]
Capabilities {acceptInsecureCerts: false, browserName: chrome, browserVersion: 126.0.6478.62, chrome: {chromedriverVersion: 126.0.6478.126 (d36ace6122e..., userDataDir: C:\Users\MANICH~1\AppData\L...}, fedcm:accounts: true, goog:chromeOptions: {debuggerAddress: localhost:56422}, networkConnectionEnabled: false, pageLoadStrategy: normal, platformName: windows, proxy: Proxy(), se:cdp: ws://localhost:56422/devtoo..., se:cdpVersion: 126.0.6478.62, setWindowRect: true, strictFileInteractability: false, timeouts: {implicit: 0, pageLoad: 300000, script: 30000}, unhandledPromptBehavior: dismiss and notify, webauthn:extension:credBlob: true, webauthn:extension:largeBlob: true, webauthn:extension:minPinLength: true, webauthn:extension:prf: true, webauthn:virtualAuthenticators: true}
Session ID: 0358d8308ddd751cb415e69bb09eb03c
	at org.openqa.selenium.remote.ErrorCodec.decode(ErrorCodec.java:167)
	at org.openqa.selenium.remote.codec.w3c.W3CHttpResponseCodec.decode(W3CHttpResponseCodec.java:138)
	at org.openqa.selenium.remote.codec.w3c.W3CHttpResponseCodec.decode(W3CHttpResponseCodec.java:50)
	at org.openqa.selenium.remote.HttpCommandExecutor.execute(HttpCommandExecutor.java:190)
	at org.openqa.selenium.remote.service.DriverCommandExecutor.invokeExecute(DriverCommandExecutor.java:216)
	at org.openqa.selenium.remote.service.DriverCommandExecutor.execute(DriverCommandExecutor.java:174)
	at org.openqa.selenium.remote.RemoteWebDriver.execute(RemoteWebDriver.java:518)
	at org.openqa.selenium.remote.ElementLocation$ElementFinder$2.findElement(ElementLocation.java:165)
	at org.openqa.selenium.remote.ElementLocation.findElement(ElementLocation.java:59)
	at org.openqa.selenium.remote.RemoteWebDriver.findElement(RemoteWebDriver.java:355)
	at org.openqa.selenium.remote.RemoteWebDriver.findElement(RemoteWebDriver.java:349)
	at org.openqa.selenium.support.pagefactory.DefaultElementLocator.findElement(DefaultElementLocator.java:68)
	at org.openqa.selenium.support.pagefactory.internal.LocatingElementHandler.invoke(LocatingElementHandler.java:38)
	at jdk.proxy2/jdk.proxy2.$Proxy10.isDisplayed(Unknown Source)
	at org.openqa.selenium.support.ui.ExpectedConditions.elementIfVisible(ExpectedConditions.java:304)
	at org.openqa.selenium.support.ui.ExpectedConditions$10.apply(ExpectedConditions.java:290)
	at org.openqa.selenium.support.ui.ExpectedConditions$10.apply(ExpectedConditions.java:287)
	at org.openqa.selenium.support.ui.FluentWait.until(FluentWait.java:203)
	... 24 more
... Removed 22 stack frames</div></td></tr></table><p class="totop"><a href="#summary">back to summary</a></p>
<h3 id="m57">zapcg.Capillary.LocationPageTestCases.Location_ExistingUser_TestCases#burgerIconLogout</h3><table class="result"><tr><th class="invisible"/></tr></table><p class="totop"><a href="#summary">back to summary</a></p>
<h3 id="m58">zapcg.Capillary.LocationPageTestCases.Location_ExistingUser_TestCases#burgerIconMemberLocationNavigation</h3><table class="result"><tr><th class="invisible"/></tr></table><p class="totop"><a href="#summary">back to summary</a></p>
<h3 id="m59">zapcg.Capillary.LocationPageTestCases.Location_ExistingUser_TestCases#burgerIconMemberLookupNavigation</h3><table class="result"><tr><th class="invisible"/></tr></table><p class="totop"><a href="#summary">back to summary</a></p>
<h3 id="m60">zapcg.Capillary.LocationPageTestCases.Location_ExistingUser_TestCases#chooseValidLocationForNewUser</h3><table class="result"><tr><th class="invisible"/></tr></table><p class="totop"><a href="#summary">back to summary</a></p>
<h3 id="m61">zapcg.Capillary.LocationPageTestCases.Location_ExistingUser_TestCases#verifyChooseLocationButtonAvailability</h3><table class="result"><tr><th class="invisible"/></tr></table><p class="totop"><a href="#summary">back to summary</a></p>
<h3 id="m62">zapcg.Capillary.LocationPageTestCases.Location_ExistingUser_TestCases#verifyDropDownAvailability</h3><table class="result"><tr><th class="invisible"/></tr></table><p class="totop"><a href="#summary">back to summary</a></p>
<h3 id="m63">zapcg.Capillary.LocationPageTestCases.Location_ExistingUser_TestCases#verifyIfAbleToSelectOptionFromDropDown</h3><table class="result"><tr><th class="invisible"/></tr></table><p class="totop"><a href="#summary">back to summary</a></p>
<h3 id="m64">zapcg.Capillary.LoginTestCases.Login_Invalid_TestCases#testMinLengthPassword_TestCase5</h3><table class="result"><tr><th class="invisible"/></tr></table><p class="totop"><a href="#summary">back to summary</a></p>
<h3 id="m65">zapcg.Capillary.LoginTestCases.Login_Invalid_TestCases#testTooLongUsername_TestCase4</h3><table class="result"><tr><th class="invisible"/></tr></table><p class="totop"><a href="#summary">back to summary</a></p>
<h3 id="m66">zapcg.Capillary.LoginTestCases.Login_Invalid_TestCases#testUsernameWithSpaces_TestCase6</h3><table class="result"><tr><th class="invisible"/></tr></table><p class="totop"><a href="#summary">back to summary</a></p>
<h3 id="m67">zapcg.Capillary.LoginTestCases.Login_Invalid_TestCases#verifyForDisabledLoginButtonForEmptyPassword_TestCase9</h3><table class="result"><tr><th class="invisible"/></tr></table><p class="totop"><a href="#summary">back to summary</a></p>
<h3 id="m68">zapcg.Capillary.LoginTestCases.Login_Invalid_TestCases#verifyForDisabledLoginButtonForEmptyUsernamePassword_TestCase10</h3><table class="result"><tr><th class="invisible"/></tr></table><p class="totop"><a href="#summary">back to summary</a></p>
<h3 id="m69">zapcg.Capillary.LoginTestCases.Login_Invalid_TestCases#verifyForDisabledLoginButtonForEmptyUsername_TestCase8</h3><table class="result"><tr><th class="invisible"/></tr></table><p class="totop"><a href="#summary">back to summary</a></p>
<h3 id="m70">zapcg.Capillary.LoginTestCases.Login_Invalid_TestCases#verifyForEnabledLoginButton_TestCase7</h3><table class="result"><tr><th class="invisible"/></tr></table><p class="totop"><a href="#summary">back to summary</a></p>
<h3 id="m71">zapcg.Capillary.LoginTestCases.Login_Valid_TestCases#testValidLogin_TestCase1</h3><table class="result"><tr><th class="invisible"/></tr></table><p class="totop"><a href="#summary">back to summary</a></p>
<h2>LoginTestsChromeBrowserGalaxyS20Portrait</h2><h3 id="m72">zapcg.Capillary.LoginTestCases.Login_Invalid_TestCases#testInvalidPassword_TestCase3</h3><table class="result"><tr><th>Exception</th></tr><tr><td><div class="stacktrace">org.openqa.selenium.TimeoutException: Expected condition failed: waiting for visibility of Proxy element for: DefaultElementLocator &apos;By.xpath: //h6[@id=&apos;LSERRM&apos; and contains(text(),&quot;Invalid username or password. Try again.&quot;)]&apos; (tried for 10 second(s) with 500 milliseconds interval)
	at org.openqa.selenium.support.ui.WebDriverWait.timeoutException(WebDriverWait.java:84)
	at org.openqa.selenium.support.ui.FluentWait.until(FluentWait.java:228)
	at zapcg.Capillary.PageObject.loginPage.verifyInvalidPasswordError(loginPage.java:185)
	at zapcg.Capillary.LoginTestCases.Login_Invalid_TestCases.testInvalidPassword_TestCase3(Login_Invalid_TestCases.java:44)
	at java.base/java.util.ArrayList.forEach(ArrayList.java:1511)
	at java.base/java.util.concurrent.FutureTask.run(FutureTask.java:264)
	at java.base/java.util.concurrent.ThreadPoolExecutor.runWorker(ThreadPoolExecutor.java:1136)
	at java.base/java.util.concurrent.ThreadPoolExecutor$Worker.run(ThreadPoolExecutor.java:635)
	at java.base/java.lang.Thread.run(Thread.java:842)
Caused by: org.openqa.selenium.NoSuchElementException: no such element: Unable to locate element: {&quot;method&quot;:&quot;xpath&quot;,&quot;selector&quot;:&quot;//h6[@id=&apos;LSERRM&apos; and contains(text(),&quot;Invalid username or password. Try again.&quot;)]&quot;}
  (Session info: chrome=126.0.6478.62)
For documentation on this error, please visit: https://www.selenium.dev/documentation/webdriver/troubleshooting/errors#no-such-element-exception
Build info: version: &apos;4.21.0&apos;, revision: &apos;79ed462ef4&apos;
System info: os.name: &apos;Windows 11&apos;, os.arch: &apos;amd64&apos;, os.version: &apos;10.0&apos;, java.version: &apos;17.0.10&apos;
Driver info: org.openqa.selenium.chrome.ChromeDriver
Command: [21255b2c1f6689a806ed71f386327df3, findElement {using=xpath, value=//h6[@id=&apos;LSERRM&apos; and contains(text(),&quot;Invalid username or password. Try again.&quot;)]}]
Capabilities {acceptInsecureCerts: false, browserName: chrome, browserVersion: 126.0.6478.62, chrome: {chromedriverVersion: 126.0.6478.126 (d36ace6122e..., userDataDir: C:\Users\MANICH~1\AppData\L...}, fedcm:accounts: true, goog:chromeOptions: {debuggerAddress: localhost:57142}, networkConnectionEnabled: false, pageLoadStrategy: normal, platformName: windows, proxy: Proxy(), se:cdp: ws://localhost:57142/devtoo..., se:cdpVersion: 126.0.6478.62, setWindowRect: true, strictFileInteractability: false, timeouts: {implicit: 0, pageLoad: 300000, script: 30000}, unhandledPromptBehavior: dismiss and notify, webauthn:extension:credBlob: true, webauthn:extension:largeBlob: true, webauthn:extension:minPinLength: true, webauthn:extension:prf: true, webauthn:virtualAuthenticators: true}
Session ID: 21255b2c1f6689a806ed71f386327df3
	at org.openqa.selenium.remote.ErrorCodec.decode(ErrorCodec.java:167)
	at org.openqa.selenium.remote.codec.w3c.W3CHttpResponseCodec.decode(W3CHttpResponseCodec.java:138)
	at org.openqa.selenium.remote.codec.w3c.W3CHttpResponseCodec.decode(W3CHttpResponseCodec.java:50)
	at org.openqa.selenium.remote.HttpCommandExecutor.execute(HttpCommandExecutor.java:190)
	at org.openqa.selenium.remote.service.DriverCommandExecutor.invokeExecute(DriverCommandExecutor.java:216)
	at org.openqa.selenium.remote.service.DriverCommandExecutor.execute(DriverCommandExecutor.java:174)
	at org.openqa.selenium.remote.RemoteWebDriver.execute(RemoteWebDriver.java:518)
	at org.openqa.selenium.remote.ElementLocation$ElementFinder$2.findElement(ElementLocation.java:165)
	at org.openqa.selenium.remote.ElementLocation.findElement(ElementLocation.java:59)
	at org.openqa.selenium.remote.RemoteWebDriver.findElement(RemoteWebDriver.java:355)
	at org.openqa.selenium.remote.RemoteWebDriver.findElement(RemoteWebDriver.java:349)
	at org.openqa.selenium.support.pagefactory.DefaultElementLocator.findElement(DefaultElementLocator.java:68)
	at org.openqa.selenium.support.pagefactory.internal.LocatingElementHandler.invoke(LocatingElementHandler.java:38)
	at jdk.proxy2/jdk.proxy2.$Proxy10.isDisplayed(Unknown Source)
	at org.openqa.selenium.support.ui.ExpectedConditions.elementIfVisible(ExpectedConditions.java:304)
	at org.openqa.selenium.support.ui.ExpectedConditions$10.apply(ExpectedConditions.java:290)
	at org.openqa.selenium.support.ui.ExpectedConditions$10.apply(ExpectedConditions.java:287)
	at org.openqa.selenium.support.ui.FluentWait.until(FluentWait.java:203)
	... 24 more
... Removed 21 stack frames</div></td></tr></table><p class="totop"><a href="#summary">back to summary</a></p>
<h3 id="m73">zapcg.Capillary.LoginTestCases.Login_Invalid_TestCases#testInvalidUsername_TestCase2</h3><table class="result"><tr><th>Exception</th></tr><tr><td><div class="stacktrace">org.openqa.selenium.TimeoutException: Expected condition failed: waiting for visibility of Proxy element for: DefaultElementLocator &apos;By.xpath: //h6[contains(text(),&apos;Invalid username or password. Try again.&apos;)]&apos; (tried for 30 second(s) with 500 milliseconds interval)
	at org.openqa.selenium.support.ui.WebDriverWait.timeoutException(WebDriverWait.java:84)
	at org.openqa.selenium.support.ui.FluentWait.until(FluentWait.java:228)
	at zapcg.Capillary.PageObject.loginPage.verifyInvalidUserNameError(loginPage.java:154)
	at zapcg.Capillary.LoginTestCases.Login_Invalid_TestCases.testInvalidUsername_TestCase2(Login_Invalid_TestCases.java:36)
	at java.base/java.util.ArrayList.forEach(ArrayList.java:1511)
	at java.base/java.util.concurrent.FutureTask.run(FutureTask.java:264)
	at java.base/java.util.concurrent.ThreadPoolExecutor.runWorker(ThreadPoolExecutor.java:1136)
	at java.base/java.util.concurrent.ThreadPoolExecutor$Worker.run(ThreadPoolExecutor.java:635)
	at java.base/java.lang.Thread.run(Thread.java:842)
Caused by: org.openqa.selenium.NoSuchElementException: no such element: Unable to locate element: {&quot;method&quot;:&quot;xpath&quot;,&quot;selector&quot;:&quot;//h6[contains(text(),&apos;Invalid username or password. Try again.&apos;)]&quot;}
  (Session info: chrome=126.0.6478.62)
For documentation on this error, please visit: https://www.selenium.dev/documentation/webdriver/troubleshooting/errors#no-such-element-exception
Build info: version: &apos;4.21.0&apos;, revision: &apos;79ed462ef4&apos;
System info: os.name: &apos;Windows 11&apos;, os.arch: &apos;amd64&apos;, os.version: &apos;10.0&apos;, java.version: &apos;17.0.10&apos;
Driver info: org.openqa.selenium.chrome.ChromeDriver
Command: [b10a5dc601cc73f2041db3ccc6e19a87, findElement {using=xpath, value=//h6[contains(text(),&apos;Invalid username or password. Try again.&apos;)]}]
Capabilities {acceptInsecureCerts: false, browserName: chrome, browserVersion: 126.0.6478.62, chrome: {chromedriverVersion: 126.0.6478.126 (d36ace6122e..., userDataDir: C:\Users\MANICH~1\AppData\L...}, fedcm:accounts: true, goog:chromeOptions: {debuggerAddress: localhost:57052}, networkConnectionEnabled: false, pageLoadStrategy: normal, platformName: windows, proxy: Proxy(), se:cdp: ws://localhost:57052/devtoo..., se:cdpVersion: 126.0.6478.62, setWindowRect: true, strictFileInteractability: false, timeouts: {implicit: 0, pageLoad: 300000, script: 30000}, unhandledPromptBehavior: dismiss and notify, webauthn:extension:credBlob: true, webauthn:extension:largeBlob: true, webauthn:extension:minPinLength: true, webauthn:extension:prf: true, webauthn:virtualAuthenticators: true}
Session ID: b10a5dc601cc73f2041db3ccc6e19a87
	at org.openqa.selenium.remote.ErrorCodec.decode(ErrorCodec.java:167)
	at org.openqa.selenium.remote.codec.w3c.W3CHttpResponseCodec.decode(W3CHttpResponseCodec.java:138)
	at org.openqa.selenium.remote.codec.w3c.W3CHttpResponseCodec.decode(W3CHttpResponseCodec.java:50)
	at org.openqa.selenium.remote.HttpCommandExecutor.execute(HttpCommandExecutor.java:190)
	at org.openqa.selenium.remote.service.DriverCommandExecutor.invokeExecute(DriverCommandExecutor.java:216)
	at org.openqa.selenium.remote.service.DriverCommandExecutor.execute(DriverCommandExecutor.java:174)
	at org.openqa.selenium.remote.RemoteWebDriver.execute(RemoteWebDriver.java:518)
	at org.openqa.selenium.remote.ElementLocation$ElementFinder$2.findElement(ElementLocation.java:165)
	at org.openqa.selenium.remote.ElementLocation.findElement(ElementLocation.java:59)
	at org.openqa.selenium.remote.RemoteWebDriver.findElement(RemoteWebDriver.java:355)
	at org.openqa.selenium.remote.RemoteWebDriver.findElement(RemoteWebDriver.java:349)
	at org.openqa.selenium.support.pagefactory.DefaultElementLocator.findElement(DefaultElementLocator.java:68)
	at org.openqa.selenium.support.pagefactory.internal.LocatingElementHandler.invoke(LocatingElementHandler.java:38)
	at jdk.proxy2/jdk.proxy2.$Proxy10.isDisplayed(Unknown Source)
	at org.openqa.selenium.support.ui.ExpectedConditions.elementIfVisible(ExpectedConditions.java:304)
	at org.openqa.selenium.support.ui.ExpectedConditions$10.apply(ExpectedConditions.java:290)
	at org.openqa.selenium.support.ui.ExpectedConditions$10.apply(ExpectedConditions.java:287)
	at org.openqa.selenium.support.ui.FluentWait.until(FluentWait.java:203)
	... 24 more
... Removed 21 stack frames</div></td></tr></table><p class="totop"><a href="#summary">back to summary</a></p>
<h3 id="m74">zapcg.Capillary.LocationPageTestCases.Location_ExistingUser_TestCases#burgerIconLogout</h3><table class="result"><tr><th class="invisible"/></tr></table><p class="totop"><a href="#summary">back to summary</a></p>
<h3 id="m75">zapcg.Capillary.LocationPageTestCases.Location_ExistingUser_TestCases#burgerIconMemberLocationNavigation</h3><table class="result"><tr><th class="invisible"/></tr></table><p class="totop"><a href="#summary">back to summary</a></p>
<h3 id="m76">zapcg.Capillary.LocationPageTestCases.Location_ExistingUser_TestCases#burgerIconMemberLookupNavigation</h3><table class="result"><tr><th class="invisible"/></tr></table><p class="totop"><a href="#summary">back to summary</a></p>
<h3 id="m77">zapcg.Capillary.LocationPageTestCases.Location_ExistingUser_TestCases#chooseValidLocationForNewUser</h3><table class="result"><tr><th class="invisible"/></tr></table><p class="totop"><a href="#summary">back to summary</a></p>
<h3 id="m78">zapcg.Capillary.LocationPageTestCases.Location_ExistingUser_TestCases#verifyChooseLocationButtonAvailability</h3><table class="result"><tr><th class="invisible"/></tr></table><p class="totop"><a href="#summary">back to summary</a></p>
<h3 id="m79">zapcg.Capillary.LocationPageTestCases.Location_ExistingUser_TestCases#verifyDropDownAvailability</h3><table class="result"><tr><th class="invisible"/></tr></table><p class="totop"><a href="#summary">back to summary</a></p>
<h3 id="m80">zapcg.Capillary.LocationPageTestCases.Location_ExistingUser_TestCases#verifyHeaderOfMemberLookupScreen</h3><table class="result"><tr><th class="invisible"/></tr></table><p class="totop"><a href="#summary">back to summary</a></p>
<h3 id="m81">zapcg.Capillary.LocationPageTestCases.Location_ExistingUser_TestCases#verifyIfAbleToSelectOptionFromDropDown</h3><table class="result"><tr><th class="invisible"/></tr></table><p class="totop"><a href="#summary">back to summary</a></p>
<h3 id="m82">zapcg.Capillary.LoginTestCases.Login_Invalid_TestCases#testMinLengthPassword_TestCase5</h3><table class="result"><tr><th class="invisible"/></tr></table><p class="totop"><a href="#summary">back to summary</a></p>
<h3 id="m83">zapcg.Capillary.LoginTestCases.Login_Invalid_TestCases#testTooLongUsername_TestCase4</h3><table class="result"><tr><th class="invisible"/></tr></table><p class="totop"><a href="#summary">back to summary</a></p>
<h3 id="m84">zapcg.Capillary.LoginTestCases.Login_Invalid_TestCases#testUsernameWithSpaces_TestCase6</h3><table class="result"><tr><th class="invisible"/></tr></table><p class="totop"><a href="#summary">back to summary</a></p>
<h3 id="m85">zapcg.Capillary.LoginTestCases.Login_Invalid_TestCases#verifyForDisabledLoginButtonForEmptyPassword_TestCase9</h3><table class="result"><tr><th class="invisible"/></tr></table><p class="totop"><a href="#summary">back to summary</a></p>
<h3 id="m86">zapcg.Capillary.LoginTestCases.Login_Invalid_TestCases#verifyForDisabledLoginButtonForEmptyUsernamePassword_TestCase10</h3><table class="result"><tr><th class="invisible"/></tr></table><p class="totop"><a href="#summary">back to summary</a></p>
<h3 id="m87">zapcg.Capillary.LoginTestCases.Login_Invalid_TestCases#verifyForDisabledLoginButtonForEmptyUsername_TestCase8</h3><table class="result"><tr><th class="invisible"/></tr></table><p class="totop"><a href="#summary">back to summary</a></p>
<h3 id="m88">zapcg.Capillary.LoginTestCases.Login_Invalid_TestCases#verifyForEnabledLoginButton_TestCase7</h3><table class="result"><tr><th class="invisible"/></tr></table><p class="totop"><a href="#summary">back to summary</a></p>
<h3 id="m89">zapcg.Capillary.LoginTestCases.Login_Valid_TestCases#testValidLogin_TestCase1</h3><table class="result"><tr><th class="invisible"/></tr></table><p class="totop"><a href="#summary">back to summary</a></p>
<h2>LoginTestsChromeBrowserGalaxyS20Landscape</h2><h3 id="m90">zapcg.Capillary.LocationPageTestCases.Location_ExistingUser_TestCases#chooseValidLocationForNewUser</h3><table class="result"><tr><th>Exception</th></tr><tr><td><div class="stacktrace">org.openqa.selenium.ElementClickInterceptedException: element click intercepted: Element &lt;button class=&quot;MuiButtonBase-root MuiButton-root MuiButton-contained MuiButton-containedPrimary MuiButton-sizeMedium MuiButton-containedSizeMedium MuiButton-colorPrimary MuiButton-root MuiButton-contained MuiButton-containedPrimary MuiButton-sizeMedium MuiButton-containedSizeMedium MuiButton-colorPrimary css-y7km40&quot; tabindex=&quot;0&quot; type=&quot;button&quot; data-testid=&quot;LS014B&quot; id=&quot;LS014B&quot;&gt;...&lt;/button&gt; is not clickable at point (383, 193). Other element would receive the click: &lt;li tabindex=&quot;-1&quot; role=&quot;option&quot; id=&quot;LS013OP1&quot; data-option-index=&quot;1&quot; aria-disabled=&quot;false&quot; aria-selected=&quot;false&quot; class=&quot;MuiAutocomplete-option&quot; data-testid=&quot;LS013OP1&quot;&gt;...&lt;/li&gt;
  (Session info: chrome=126.0.6478.62)
Build info: version: &apos;4.21.0&apos;, revision: &apos;79ed462ef4&apos;
System info: os.name: &apos;Windows 11&apos;, os.arch: &apos;amd64&apos;, os.version: &apos;10.0&apos;, java.version: &apos;17.0.10&apos;
Driver info: org.openqa.selenium.chrome.ChromeDriver
Command: [0593ae2063595f05b28a39da01ee1505, clickElement {id=f.8C544020C450652522A7EC69391AA474.d.A2F8B21F8EA7972870813B06D3424458.e.54}]
Capabilities {acceptInsecureCerts: false, browserName: chrome, browserVersion: 126.0.6478.62, chrome: {chromedriverVersion: 126.0.6478.126 (d36ace6122e..., userDataDir: C:\Users\MANICH~1\AppData\L...}, fedcm:accounts: true, goog:chromeOptions: {debuggerAddress: localhost:57503}, networkConnectionEnabled: false, pageLoadStrategy: normal, platformName: windows, proxy: Proxy(), se:cdp: ws://localhost:57503/devtoo..., se:cdpVersion: 126.0.6478.62, setWindowRect: true, strictFileInteractability: false, timeouts: {implicit: 0, pageLoad: 300000, script: 30000}, unhandledPromptBehavior: dismiss and notify, webauthn:extension:credBlob: true, webauthn:extension:largeBlob: true, webauthn:extension:minPinLength: true, webauthn:extension:prf: true, webauthn:virtualAuthenticators: true}
Element: [[ChromeDriver: chrome on windows (0593ae2063595f05b28a39da01ee1505)] -&gt; xpath: //button[@id=&apos;LS014B&apos;]]
Session ID: 0593ae2063595f05b28a39da01ee1505
	at org.openqa.selenium.remote.ErrorCodec.decode(ErrorCodec.java:167)
	at org.openqa.selenium.remote.codec.w3c.W3CHttpResponseCodec.decode(W3CHttpResponseCodec.java:138)
	at org.openqa.selenium.remote.codec.w3c.W3CHttpResponseCodec.decode(W3CHttpResponseCodec.java:50)
	at org.openqa.selenium.remote.HttpCommandExecutor.execute(HttpCommandExecutor.java:190)
	at org.openqa.selenium.remote.service.DriverCommandExecutor.invokeExecute(DriverCommandExecutor.java:216)
	at org.openqa.selenium.remote.service.DriverCommandExecutor.execute(DriverCommandExecutor.java:174)
	at org.openqa.selenium.remote.RemoteWebDriver.execute(RemoteWebDriver.java:518)
	at org.openqa.selenium.remote.RemoteWebElement.execute(RemoteWebElement.java:223)
	at org.openqa.selenium.remote.RemoteWebElement.click(RemoteWebElement.java:76)
	at org.openqa.selenium.support.pagefactory.internal.LocatingElementHandler.invoke(LocatingElementHandler.java:51)
	at jdk.proxy2/jdk.proxy2.$Proxy10.click(Unknown Source)
	at zapcg.Capillary.PageObject.locationSelectionPage.clickOnChooseLocationButton(locationSelectionPage.java:149)
	at zapcg.Capillary.LocationPageTestCases.Location_ExistingUser_TestCases.chooseValidLocationForNewUser(Location_ExistingUser_TestCases.java:53)
	at java.base/java.util.ArrayList.forEach(ArrayList.java:1511)
	at java.base/java.util.concurrent.FutureTask.run(FutureTask.java:264)
	at java.base/java.util.concurrent.ThreadPoolExecutor.runWorker(ThreadPoolExecutor.java:1136)
	at java.base/java.util.concurrent.ThreadPoolExecutor$Worker.run(ThreadPoolExecutor.java:635)
	at java.base/java.lang.Thread.run(Thread.java:842)
... Removed 25 stack frames</div></td></tr></table><p class="totop"><a href="#summary">back to summary</a></p>
<h3 id="m91">zapcg.Capillary.LocationPageTestCases.Location_ExistingUser_TestCases#verifyHeaderOfMemberLookupScreen</h3><table class="result"><tr><th>Exception</th></tr><tr><td><div class="stacktrace">java.lang.AssertionError: An error occurred while verifying the dropdown selections: no such element: Unable to locate element: {&quot;method&quot;:&quot;xpath&quot;,&quot;selector&quot;:&quot;//button[@id=&apos;MSMENUI2&apos;]&quot;}
  (Session info: chrome=126.0.6478.62)
For documentation on this error, please visit: https://www.selenium.dev/documentation/webdriver/troubleshooting/errors#no-such-element-exception
Build info: version: &apos;4.21.0&apos;, revision: &apos;79ed462ef4&apos;
System info: os.name: &apos;Windows 11&apos;, os.arch: &apos;amd64&apos;, os.version: &apos;10.0&apos;, java.version: &apos;17.0.10&apos;
Driver info: org.openqa.selenium.chrome.ChromeDriver
Command: [ef9068b1e0f16e303461460b3220ca37, findElement {using=xpath, value=//button[@id=&apos;MSMENUI2&apos;]}]
Capabilities {acceptInsecureCerts: false, browserName: chrome, browserVersion: 126.0.6478.62, chrome: {chromedriverVersion: 126.0.6478.126 (d36ace6122e..., userDataDir: C:\Users\MANICH~1\AppData\L...}, fedcm:accounts: true, goog:chromeOptions: {debuggerAddress: localhost:57763}, networkConnectionEnabled: false, pageLoadStrategy: normal, platformName: windows, proxy: Proxy(), se:cdp: ws://localhost:57763/devtoo..., se:cdpVersion: 126.0.6478.62, setWindowRect: true, strictFileInteractability: false, timeouts: {implicit: 0, pageLoad: 300000, script: 30000}, unhandledPromptBehavior: dismiss and notify, webauthn:extension:credBlob: true, webauthn:extension:largeBlob: true, webauthn:extension:minPinLength: true, webauthn:extension:prf: true, webauthn:virtualAuthenticators: true}
Session ID: ef9068b1e0f16e303461460b3220ca37
	at zapcg.Capillary.LocationPageTestCases.Location_ExistingUser_TestCases.verifyHeaderOfMemberLookupScreen(Location_ExistingUser_TestCases.java:150)
	at java.base/java.util.ArrayList.forEach(ArrayList.java:1511)
	at java.base/java.util.concurrent.FutureTask.run(FutureTask.java:264)
	at java.base/java.util.concurrent.ThreadPoolExecutor.runWorker(ThreadPoolExecutor.java:1136)
	at java.base/java.util.concurrent.ThreadPoolExecutor$Worker.run(ThreadPoolExecutor.java:635)
	at java.base/java.lang.Thread.run(Thread.java:842)
... Removed 18 stack frames</div></td></tr></table><p class="totop"><a href="#summary">back to summary</a></p>
<h3 id="m92">zapcg.Capillary.LoginTestCases.Login_Invalid_TestCases#testInvalidPassword_TestCase3</h3><table class="result"><tr><th>Exception</th></tr><tr><td><div class="stacktrace">org.openqa.selenium.TimeoutException: Expected condition failed: waiting for visibility of Proxy element for: DefaultElementLocator &apos;By.xpath: //h6[@id=&apos;LSERRM&apos; and contains(text(),&quot;Invalid username or password. Try again.&quot;)]&apos; (tried for 10 second(s) with 500 milliseconds interval)
	at org.openqa.selenium.support.ui.WebDriverWait.timeoutException(WebDriverWait.java:84)
	at org.openqa.selenium.support.ui.FluentWait.until(FluentWait.java:228)
	at zapcg.Capillary.PageObject.loginPage.verifyInvalidPasswordError(loginPage.java:185)
	at zapcg.Capillary.LoginTestCases.Login_Invalid_TestCases.testInvalidPassword_TestCase3(Login_Invalid_TestCases.java:44)
	at java.base/java.util.ArrayList.forEach(ArrayList.java:1511)
	at java.base/java.util.concurrent.FutureTask.run(FutureTask.java:264)
	at java.base/java.util.concurrent.ThreadPoolExecutor.runWorker(ThreadPoolExecutor.java:1136)
	at java.base/java.util.concurrent.ThreadPoolExecutor$Worker.run(ThreadPoolExecutor.java:635)
	at java.base/java.lang.Thread.run(Thread.java:842)
Caused by: org.openqa.selenium.NoSuchElementException: no such element: Unable to locate element: {&quot;method&quot;:&quot;xpath&quot;,&quot;selector&quot;:&quot;//h6[@id=&apos;LSERRM&apos; and contains(text(),&quot;Invalid username or password. Try again.&quot;)]&quot;}
  (Session info: chrome=126.0.6478.62)
For documentation on this error, please visit: https://www.selenium.dev/documentation/webdriver/troubleshooting/errors#no-such-element-exception
Build info: version: &apos;4.21.0&apos;, revision: &apos;79ed462ef4&apos;
System info: os.name: &apos;Windows 11&apos;, os.arch: &apos;amd64&apos;, os.version: &apos;10.0&apos;, java.version: &apos;17.0.10&apos;
Driver info: org.openqa.selenium.chrome.ChromeDriver
Command: [b74538cc505408a11206e024c46a91d4, findElement {using=xpath, value=//h6[@id=&apos;LSERRM&apos; and contains(text(),&quot;Invalid username or password. Try again.&quot;)]}]
Capabilities {acceptInsecureCerts: false, browserName: chrome, browserVersion: 126.0.6478.62, chrome: {chromedriverVersion: 126.0.6478.126 (d36ace6122e..., userDataDir: C:\Users\MANICH~1\AppData\L...}, fedcm:accounts: true, goog:chromeOptions: {debuggerAddress: localhost:57645}, networkConnectionEnabled: false, pageLoadStrategy: normal, platformName: windows, proxy: Proxy(), se:cdp: ws://localhost:57645/devtoo..., se:cdpVersion: 126.0.6478.62, setWindowRect: true, strictFileInteractability: false, timeouts: {implicit: 0, pageLoad: 300000, script: 30000}, unhandledPromptBehavior: dismiss and notify, webauthn:extension:credBlob: true, webauthn:extension:largeBlob: true, webauthn:extension:minPinLength: true, webauthn:extension:prf: true, webauthn:virtualAuthenticators: true}
Session ID: b74538cc505408a11206e024c46a91d4
	at org.openqa.selenium.remote.ErrorCodec.decode(ErrorCodec.java:167)
	at org.openqa.selenium.remote.codec.w3c.W3CHttpResponseCodec.decode(W3CHttpResponseCodec.java:138)
	at org.openqa.selenium.remote.codec.w3c.W3CHttpResponseCodec.decode(W3CHttpResponseCodec.java:50)
	at org.openqa.selenium.remote.HttpCommandExecutor.execute(HttpCommandExecutor.java:190)
	at org.openqa.selenium.remote.service.DriverCommandExecutor.invokeExecute(DriverCommandExecutor.java:216)
	at org.openqa.selenium.remote.service.DriverCommandExecutor.execute(DriverCommandExecutor.java:174)
	at org.openqa.selenium.remote.RemoteWebDriver.execute(RemoteWebDriver.java:518)
	at org.openqa.selenium.remote.ElementLocation$ElementFinder$2.findElement(ElementLocation.java:165)
	at org.openqa.selenium.remote.ElementLocation.findElement(ElementLocation.java:59)
	at org.openqa.selenium.remote.RemoteWebDriver.findElement(RemoteWebDriver.java:355)
	at org.openqa.selenium.remote.RemoteWebDriver.findElement(RemoteWebDriver.java:349)
	at org.openqa.selenium.support.pagefactory.DefaultElementLocator.findElement(DefaultElementLocator.java:68)
	at org.openqa.selenium.support.pagefactory.internal.LocatingElementHandler.invoke(LocatingElementHandler.java:38)
	at jdk.proxy2/jdk.proxy2.$Proxy10.isDisplayed(Unknown Source)
	at org.openqa.selenium.support.ui.ExpectedConditions.elementIfVisible(ExpectedConditions.java:304)
	at org.openqa.selenium.support.ui.ExpectedConditions$10.apply(ExpectedConditions.java:290)
	at org.openqa.selenium.support.ui.ExpectedConditions$10.apply(ExpectedConditions.java:287)
	at org.openqa.selenium.support.ui.FluentWait.until(FluentWait.java:203)
	... 24 more
... Removed 21 stack frames</div></td></tr></table><p class="totop"><a href="#summary">back to summary</a></p>
<h3 id="m93">zapcg.Capillary.LoginTestCases.Login_Invalid_TestCases#testInvalidUsername_TestCase2</h3><table class="result"><tr><th>Exception</th></tr><tr><td><div class="stacktrace">org.openqa.selenium.TimeoutException: Expected condition failed: waiting for visibility of Proxy element for: DefaultElementLocator &apos;By.xpath: //h6[contains(text(),&apos;Invalid username or password. Try again.&apos;)]&apos; (tried for 30 second(s) with 500 milliseconds interval)
	at org.openqa.selenium.support.ui.WebDriverWait.timeoutException(WebDriverWait.java:84)
	at org.openqa.selenium.support.ui.FluentWait.until(FluentWait.java:228)
	at zapcg.Capillary.PageObject.loginPage.verifyInvalidUserNameError(loginPage.java:154)
	at zapcg.Capillary.LoginTestCases.Login_Invalid_TestCases.testInvalidUsername_TestCase2(Login_Invalid_TestCases.java:36)
	at java.base/java.util.ArrayList.forEach(ArrayList.java:1511)
	at java.base/java.util.concurrent.FutureTask.run(FutureTask.java:264)
	at java.base/java.util.concurrent.ThreadPoolExecutor.runWorker(ThreadPoolExecutor.java:1136)
	at java.base/java.util.concurrent.ThreadPoolExecutor$Worker.run(ThreadPoolExecutor.java:635)
	at java.base/java.lang.Thread.run(Thread.java:842)
Caused by: org.openqa.selenium.NoSuchElementException: no such element: Unable to locate element: {&quot;method&quot;:&quot;xpath&quot;,&quot;selector&quot;:&quot;//h6[contains(text(),&apos;Invalid username or password. Try again.&apos;)]&quot;}
  (Session info: chrome=126.0.6478.62)
For documentation on this error, please visit: https://www.selenium.dev/documentation/webdriver/troubleshooting/errors#no-such-element-exception
Build info: version: &apos;4.21.0&apos;, revision: &apos;79ed462ef4&apos;
System info: os.name: &apos;Windows 11&apos;, os.arch: &apos;amd64&apos;, os.version: &apos;10.0&apos;, java.version: &apos;17.0.10&apos;
Driver info: org.openqa.selenium.chrome.ChromeDriver
Command: [176d30174cc5e39d02ec2fd3b3d07112, findElement {using=xpath, value=//h6[contains(text(),&apos;Invalid username or password. Try again.&apos;)]}]
Capabilities {acceptInsecureCerts: false, browserName: chrome, browserVersion: 126.0.6478.62, chrome: {chromedriverVersion: 126.0.6478.126 (d36ace6122e..., userDataDir: C:\Users\MANICH~1\AppData\L...}, fedcm:accounts: true, goog:chromeOptions: {debuggerAddress: localhost:57551}, networkConnectionEnabled: false, pageLoadStrategy: normal, platformName: windows, proxy: Proxy(), se:cdp: ws://localhost:57551/devtoo..., se:cdpVersion: 126.0.6478.62, setWindowRect: true, strictFileInteractability: false, timeouts: {implicit: 0, pageLoad: 300000, script: 30000}, unhandledPromptBehavior: dismiss and notify, webauthn:extension:credBlob: true, webauthn:extension:largeBlob: true, webauthn:extension:minPinLength: true, webauthn:extension:prf: true, webauthn:virtualAuthenticators: true}
Session ID: 176d30174cc5e39d02ec2fd3b3d07112
	at org.openqa.selenium.remote.ErrorCodec.decode(ErrorCodec.java:167)
	at org.openqa.selenium.remote.codec.w3c.W3CHttpResponseCodec.decode(W3CHttpResponseCodec.java:138)
	at org.openqa.selenium.remote.codec.w3c.W3CHttpResponseCodec.decode(W3CHttpResponseCodec.java:50)
	at org.openqa.selenium.remote.HttpCommandExecutor.execute(HttpCommandExecutor.java:190)
	at org.openqa.selenium.remote.service.DriverCommandExecutor.invokeExecute(DriverCommandExecutor.java:216)
	at org.openqa.selenium.remote.service.DriverCommandExecutor.execute(DriverCommandExecutor.java:174)
	at org.openqa.selenium.remote.RemoteWebDriver.execute(RemoteWebDriver.java:518)
	at org.openqa.selenium.remote.ElementLocation$ElementFinder$2.findElement(ElementLocation.java:165)
	at org.openqa.selenium.remote.ElementLocation.findElement(ElementLocation.java:59)
	at org.openqa.selenium.remote.RemoteWebDriver.findElement(RemoteWebDriver.java:355)
	at org.openqa.selenium.remote.RemoteWebDriver.findElement(RemoteWebDriver.java:349)
	at org.openqa.selenium.support.pagefactory.DefaultElementLocator.findElement(DefaultElementLocator.java:68)
	at org.openqa.selenium.support.pagefactory.internal.LocatingElementHandler.invoke(LocatingElementHandler.java:38)
	at jdk.proxy2/jdk.proxy2.$Proxy10.isDisplayed(Unknown Source)
	at org.openqa.selenium.support.ui.ExpectedConditions.elementIfVisible(ExpectedConditions.java:304)
	at org.openqa.selenium.support.ui.ExpectedConditions$10.apply(ExpectedConditions.java:290)
	at org.openqa.selenium.support.ui.ExpectedConditions$10.apply(ExpectedConditions.java:287)
	at org.openqa.selenium.support.ui.FluentWait.until(FluentWait.java:203)
	... 24 more
... Removed 21 stack frames</div></td></tr></table><p class="totop"><a href="#summary">back to summary</a></p>
<h3 id="m94">zapcg.Capillary.LocationPageTestCases.Location_ExistingUser_TestCases#burgerIconLogout</h3><table class="result"><tr><th class="invisible"/></tr></table><p class="totop"><a href="#summary">back to summary</a></p>
<h3 id="m95">zapcg.Capillary.LocationPageTestCases.Location_ExistingUser_TestCases#burgerIconMemberLocationNavigation</h3><table class="result"><tr><th class="invisible"/></tr></table><p class="totop"><a href="#summary">back to summary</a></p>
<h3 id="m96">zapcg.Capillary.LocationPageTestCases.Location_ExistingUser_TestCases#burgerIconMemberLookupNavigation</h3><table class="result"><tr><th class="invisible"/></tr></table><p class="totop"><a href="#summary">back to summary</a></p>
<h3 id="m97">zapcg.Capillary.LocationPageTestCases.Location_ExistingUser_TestCases#verifyChooseLocationButtonAvailability</h3><table class="result"><tr><th class="invisible"/></tr></table><p class="totop"><a href="#summary">back to summary</a></p>
<h3 id="m98">zapcg.Capillary.LocationPageTestCases.Location_ExistingUser_TestCases#verifyDropDownAvailability</h3><table class="result"><tr><th class="invisible"/></tr></table><p class="totop"><a href="#summary">back to summary</a></p>
<h3 id="m99">zapcg.Capillary.LocationPageTestCases.Location_ExistingUser_TestCases#verifyIfAbleToSelectOptionFromDropDown</h3><table class="result"><tr><th class="invisible"/></tr></table><p class="totop"><a href="#summary">back to summary</a></p>
<h3 id="m100">zapcg.Capillary.LoginTestCases.Login_Invalid_TestCases#testMinLengthPassword_TestCase5</h3><table class="result"><tr><th class="invisible"/></tr></table><p class="totop"><a href="#summary">back to summary</a></p>
<h3 id="m101">zapcg.Capillary.LoginTestCases.Login_Invalid_TestCases#testTooLongUsername_TestCase4</h3><table class="result"><tr><th class="invisible"/></tr></table><p class="totop"><a href="#summary">back to summary</a></p>
<h3 id="m102">zapcg.Capillary.LoginTestCases.Login_Invalid_TestCases#testUsernameWithSpaces_TestCase6</h3><table class="result"><tr><th class="invisible"/></tr></table><p class="totop"><a href="#summary">back to summary</a></p>
<h3 id="m103">zapcg.Capillary.LoginTestCases.Login_Invalid_TestCases#verifyForDisabledLoginButtonForEmptyPassword_TestCase9</h3><table class="result"><tr><th class="invisible"/></tr></table><p class="totop"><a href="#summary">back to summary</a></p>
<h3 id="m104">zapcg.Capillary.LoginTestCases.Login_Invalid_TestCases#verifyForDisabledLoginButtonForEmptyUsernamePassword_TestCase10</h3><table class="result"><tr><th class="invisible"/></tr></table><p class="totop"><a href="#summary">back to summary</a></p>
<h3 id="m105">zapcg.Capillary.LoginTestCases.Login_Invalid_TestCases#verifyForDisabledLoginButtonForEmptyUsername_TestCase8</h3><table class="result"><tr><th class="invisible"/></tr></table><p class="totop"><a href="#summary">back to summary</a></p>
<h3 id="m106">zapcg.Capillary.LoginTestCases.Login_Invalid_TestCases#verifyForEnabledLoginButton_TestCase7</h3><table class="result"><tr><th class="invisible"/></tr></table><p class="totop"><a href="#summary">back to summary</a></p>
<h3 id="m107">zapcg.Capillary.LoginTestCases.Login_Valid_TestCases#testValidLogin_TestCase1</h3><table class="result"><tr><th class="invisible"/></tr></table><p class="totop"><a href="#summary">back to summary</a></p>
</body>
</html>
