<!DOCTYPE html>

<html>
  <head>
  <meta charset='utf-8'>
  <title>TestNG reports</title>

    <link type="text/css" href="testng-reports1.css" rel="stylesheet" id="ultra" />
    <link type="text/css" href="testng-reports.css" rel="stylesheet" id="retro" disabled="false"/>
    <script type="text/javascript" src="jquery-3.6.0.min.js"></script>
    <script type="text/javascript" src="testng-reports.js"></script>
    <script type="text/javascript" src="https://www.google.com/jsapi"></script>
    <script type='text/javascript'>
      google.load('visualization', '1', {packages:['table']});
      google.setOnLoadCallback(drawTable);
      var suiteTableInitFunctions = new Array();
      var suiteTableData = new Array();
    </script>
    <!--
      <script type="text/javascript" src="jquery-ui/js/jquery-ui-1.8.16.custom.min.js"></script>
     -->
  </head>

  <body>    <div class="top-banner-root">
      <span class="top-banner-title-font">Test results</span>
      <button id="button" class="button">Switch Retro Theme</button> <!-- button -->
      <br/>
      <span class="top-banner-font-1">1 suite, 10 failed tests</span>
    </div> <!-- top-banner-root -->
    <div class="navigator-root">
      <div class="navigator-suite-header">
        <span>All suites</span>
        <a href="#" title="Collapse/expand all the suites" class="collapse-all-link">
          <img src="collapseall.gif" class="collapse-all-icon">
          </img> <!-- collapse-all-icon -->
        </a> <!-- collapse-all-link -->
      </div> <!-- navigator-suite-header -->
      <div class="suite">
        <div class="rounded-window">
          <div class="suite-header light-rounded-window-top">
            <a href="#" panel-name="suite-TestSuite" class="navigator-link">
              <span class="suite-name border-failed">TestSuite</span>
            </a> <!-- navigator-link -->
          </div> <!-- suite-header light-rounded-window-top -->
          <div class="navigator-suite-content">
            <div class="suite-section-title">
              <span>Info</span>
            </div> <!-- suite-section-title -->
            <div class="suite-section-content">
              <ul>
                <li>
                  <a href="#" panel-name="test-xml-TestSuite" class="navigator-link ">
                    <span>C:\Users\KajalSharma\eclipse-workspace\Capillary\Capillary_Framework\testNgSuite.xml</span>
                  </a> <!-- navigator-link  -->
                </li>
                <li>
                  <a href="#" panel-name="testlist-TestSuite" class="navigator-link ">
                    <span class="test-stats">6 tests</span>
                  </a> <!-- navigator-link  -->
                </li>
                <li>
                  <a href="#" panel-name="group-TestSuite" class="navigator-link ">
                    <span>0 groups</span>
                  </a> <!-- navigator-link  -->
                </li>
                <li>
                  <a href="#" panel-name="times-TestSuite" class="navigator-link ">
                    <span>Times</span>
                  </a> <!-- navigator-link  -->
                </li>
                <li>
                  <a href="#" panel-name="reporter-TestSuite" class="navigator-link ">
                    <span>Reporter output</span>
                  </a> <!-- navigator-link  -->
                </li>
                <li>
                  <a href="#" panel-name="ignored-methods-TestSuite" class="navigator-link ">
                    <span>Ignored methods</span>
                  </a> <!-- navigator-link  -->
                </li>
                <li>
                  <a href="#" panel-name="chronological-TestSuite" class="navigator-link ">
                    <span>Chronological view</span>
                  </a> <!-- navigator-link  -->
                </li>
              </ul>
            </div> <!-- suite-section-content -->
            <div class="result-section">
              <div class="suite-section-title">
                <span>Results</span>
              </div> <!-- suite-section-title -->
              <div class="suite-section-content">
                <ul>
                  <li>
                    <span class="method-stats">66 methods, 10 failed,  11 skipped,  45 passed</span>
                  </li>
                  <li>
                    <span class="method-list-title failed">Failed methods</span>
                    <span class="show-or-hide-methods failed">
                      <a href="#" panel-name="suite-TestSuite" class="hide-methods failed suite-TestSuite"> (hide)</a> <!-- hide-methods failed suite-TestSuite -->
                      <a href="#" panel-name="suite-TestSuite" class="show-methods failed suite-TestSuite"> (show)</a> <!-- show-methods failed suite-TestSuite -->
                    </span>
                    <div class="method-list-content failed suite-TestSuite">
                      <span>
                        <img src="failed.png" width="3%"/>
                        <a href="#" panel-name="suite-TestSuite" title="zapcg.Capillary.LoginTestCases.Login_Invalid_TestCases" class="method navigator-link" hash-for-method="testInvalidPassword">testInvalidPassword</a> <!-- method navigator-link -->
                      </span>
                      <br/>
                      <span>
                        <img src="failed.png" width="3%"/>
                        <a href="#" panel-name="suite-TestSuite" title="zapcg.Capillary.LoginTestCases.Login_Invalid_TestCases" class="method navigator-link" hash-for-method="testInvalidUsername">testInvalidUsername</a> <!-- method navigator-link -->
                      </span>
                      <br/>
                      <span>
                        <img src="failed.png" width="3%"/>
                        <a href="#" panel-name="suite-TestSuite" title="zapcg.Capillary.LoginTestCases.Login_Invalid_TestCases" class="method navigator-link" hash-for-method="testInvalidUsername">testInvalidUsername</a> <!-- method navigator-link -->
                      </span>
                      <br/>
                      <span>
                        <img src="failed.png" width="3%"/>
                        <a href="#" panel-name="suite-TestSuite" title="zapcg.Capillary.LoginTestCases.Login_Invalid_TestCases" class="method navigator-link" hash-for-method="testInvalidUsername">testInvalidUsername</a> <!-- method navigator-link -->
                      </span>
                      <br/>
                      <span>
                        <img src="failed.png" width="3%"/>
                        <a href="#" panel-name="suite-TestSuite" title="zapcg.Capillary.LoginTestCases.Login_Invalid_TestCases" class="method navigator-link" hash-for-method="testInvalidUsername">testInvalidUsername</a> <!-- method navigator-link -->
                      </span>
                      <br/>
                      <span>
                        <img src="failed.png" width="3%"/>
                        <a href="#" panel-name="suite-TestSuite" title="zapcg.Capillary.LocationPageTestCases.Location_TestCases" class="method navigator-link" hash-for-method="verifyHeaderOfMemberLookupScreen">verifyHeaderOfMemberLookupScreen</a> <!-- method navigator-link -->
                      </span>
                      <br/>
                      <span>
                        <img src="failed.png" width="3%"/>
                        <a href="#" panel-name="suite-TestSuite" title="zapcg.Capillary.LocationPageTestCases.Location_TestCases" class="method navigator-link" hash-for-method="verifyHeaderOfMemberLookupScreen">verifyHeaderOfMemberLookupScreen</a> <!-- method navigator-link -->
                      </span>
                      <br/>
                      <span>
                        <img src="failed.png" width="3%"/>
                        <a href="#" panel-name="suite-TestSuite" title="zapcg.Capillary.LocationPageTestCases.Location_TestCases" class="method navigator-link" hash-for-method="verifyHeaderOfMemberLookupScreen">verifyHeaderOfMemberLookupScreen</a> <!-- method navigator-link -->
                      </span>
                      <br/>
                      <span>
                        <img src="failed.png" width="3%"/>
                        <a href="#" panel-name="suite-TestSuite" title="zapcg.Capillary.LocationPageTestCases.Location_TestCases" class="method navigator-link" hash-for-method="verifyHeaderOfMemberLookupScreen">verifyHeaderOfMemberLookupScreen</a> <!-- method navigator-link -->
                      </span>
                      <br/>
                      <span>
                        <img src="failed.png" width="3%"/>
                        <a href="#" panel-name="suite-TestSuite" title="zapcg.Capillary.LocationPageTestCases.Location_TestCases" class="method navigator-link" hash-for-method="verifyHeaderOfMemberLookupScreen">verifyHeaderOfMemberLookupScreen</a> <!-- method navigator-link -->
                      </span>
                      <br/>
                    </div> <!-- method-list-content failed suite-TestSuite -->
                  </li>
                  <li>
                    <span class="method-list-title skipped">Skipped methods</span>
                    <span class="show-or-hide-methods skipped">
                      <a href="#" panel-name="suite-TestSuite" class="hide-methods skipped suite-TestSuite"> (hide)</a> <!-- hide-methods skipped suite-TestSuite -->
                      <a href="#" panel-name="suite-TestSuite" class="show-methods skipped suite-TestSuite"> (show)</a> <!-- show-methods skipped suite-TestSuite -->
                    </span>
                    <div class="method-list-content skipped suite-TestSuite">
                      <span>
                        <img src="skipped.png" width="3%"/>
                        <a href="#" panel-name="suite-TestSuite" title="zapcg.Capillary.LoginTestCases.Login_Invalid_TestCases" class="method navigator-link" hash-for-method="testInvalidPassword">testInvalidPassword</a> <!-- method navigator-link -->
                      </span>
                      <br/>
                      <span>
                        <img src="skipped.png" width="3%"/>
                        <a href="#" panel-name="suite-TestSuite" title="zapcg.Capillary.LoginTestCases.Login_Invalid_TestCases" class="method navigator-link" hash-for-method="testInvalidUsername">testInvalidUsername</a> <!-- method navigator-link -->
                      </span>
                      <br/>
                      <span>
                        <img src="skipped.png" width="3%"/>
                        <a href="#" panel-name="suite-TestSuite" title="zapcg.Capillary.LoginTestCases.Login_Invalid_TestCases" class="method navigator-link" hash-for-method="testMinLengthPassword">testMinLengthPassword</a> <!-- method navigator-link -->
                      </span>
                      <br/>
                      <span>
                        <img src="skipped.png" width="3%"/>
                        <a href="#" panel-name="suite-TestSuite" title="zapcg.Capillary.LoginTestCases.Login_Invalid_TestCases" class="method navigator-link" hash-for-method="testTooLongUsername">testTooLongUsername</a> <!-- method navigator-link -->
                      </span>
                      <br/>
                      <span>
                        <img src="skipped.png" width="3%"/>
                        <a href="#" panel-name="suite-TestSuite" title="zapcg.Capillary.LoginTestCases.Login_Invalid_TestCases" class="method navigator-link" hash-for-method="testUsernameWithSpaces">testUsernameWithSpaces</a> <!-- method navigator-link -->
                      </span>
                      <br/>
                      <span>
                        <img src="skipped.png" width="3%"/>
                        <a href="#" panel-name="suite-TestSuite" title="zapcg.Capillary.LoginTestCases.Login_Valid_TestCases" class="method navigator-link" hash-for-method="testValidLogin">testValidLogin</a> <!-- method navigator-link -->
                      </span>
                      <br/>
                      <span>
                        <img src="skipped.png" width="3%"/>
                        <a href="#" panel-name="suite-TestSuite" title="zapcg.Capillary.LoginTestCases.Login_Invalid_TestCases" class="method navigator-link" hash-for-method="verifyForDisabledLoginButtonForEmptyPassword">verifyForDisabledLoginButtonForEmptyPassword</a> <!-- method navigator-link -->
                      </span>
                      <br/>
                      <span>
                        <img src="skipped.png" width="3%"/>
                        <a href="#" panel-name="suite-TestSuite" title="zapcg.Capillary.LoginTestCases.Login_Invalid_TestCases" class="method navigator-link" hash-for-method="verifyForDisabledLoginButtonForEmptyUsername">verifyForDisabledLoginButtonForEmptyUsername</a> <!-- method navigator-link -->
                      </span>
                      <br/>
                      <span>
                        <img src="skipped.png" width="3%"/>
                        <a href="#" panel-name="suite-TestSuite" title="zapcg.Capillary.LoginTestCases.Login_Invalid_TestCases" class="method navigator-link" hash-for-method="verifyForDisabledLoginButtonForEmptyUsernamePassword">verifyForDisabledLoginButtonForEmptyUsernamePassword</a> <!-- method navigator-link -->
                      </span>
                      <br/>
                      <span>
                        <img src="skipped.png" width="3%"/>
                        <a href="#" panel-name="suite-TestSuite" title="zapcg.Capillary.LoginTestCases.Login_Invalid_TestCases" class="method navigator-link" hash-for-method="verifyForEnabledLoginButton">verifyForEnabledLoginButton</a> <!-- method navigator-link -->
                      </span>
                      <br/>
                      <span>
                        <img src="skipped.png" width="3%"/>
                        <a href="#" panel-name="suite-TestSuite" title="zapcg.Capillary.LocationPageTestCases.Location_TestCases" class="method navigator-link" hash-for-method="verifyHeaderOfMemberLookupScreen">verifyHeaderOfMemberLookupScreen</a> <!-- method navigator-link -->
                      </span>
                      <br/>
                    </div> <!-- method-list-content skipped suite-TestSuite -->
                  </li>
                  <li>
                    <span class="method-list-title passed">Passed methods</span>
                    <span class="show-or-hide-methods passed">
                      <a href="#" panel-name="suite-TestSuite" class="hide-methods passed suite-TestSuite"> (hide)</a> <!-- hide-methods passed suite-TestSuite -->
                      <a href="#" panel-name="suite-TestSuite" class="show-methods passed suite-TestSuite"> (show)</a> <!-- show-methods passed suite-TestSuite -->
                    </span>
                    <div class="method-list-content passed suite-TestSuite">
                      <span>
                        <img src="passed.png" width="3%"/>
                        <a href="#" panel-name="suite-TestSuite" title="zapcg.Capillary.LoginTestCases.Login_Invalid_TestCases" class="method navigator-link" hash-for-method="testInvalidPassword">testInvalidPassword</a> <!-- method navigator-link -->
                      </span>
                      <br/>
                      <span>
                        <img src="passed.png" width="3%"/>
                        <a href="#" panel-name="suite-TestSuite" title="zapcg.Capillary.LoginTestCases.Login_Invalid_TestCases" class="method navigator-link" hash-for-method="testInvalidPassword">testInvalidPassword</a> <!-- method navigator-link -->
                      </span>
                      <br/>
                      <span>
                        <img src="passed.png" width="3%"/>
                        <a href="#" panel-name="suite-TestSuite" title="zapcg.Capillary.LoginTestCases.Login_Invalid_TestCases" class="method navigator-link" hash-for-method="testInvalidPassword">testInvalidPassword</a> <!-- method navigator-link -->
                      </span>
                      <br/>
                      <span>
                        <img src="passed.png" width="3%"/>
                        <a href="#" panel-name="suite-TestSuite" title="zapcg.Capillary.LoginTestCases.Login_Invalid_TestCases" class="method navigator-link" hash-for-method="testInvalidPassword">testInvalidPassword</a> <!-- method navigator-link -->
                      </span>
                      <br/>
                      <span>
                        <img src="passed.png" width="3%"/>
                        <a href="#" panel-name="suite-TestSuite" title="zapcg.Capillary.LoginTestCases.Login_Invalid_TestCases" class="method navigator-link" hash-for-method="testInvalidUsername">testInvalidUsername</a> <!-- method navigator-link -->
                      </span>
                      <br/>
                      <span>
                        <img src="passed.png" width="3%"/>
                        <a href="#" panel-name="suite-TestSuite" title="zapcg.Capillary.LoginTestCases.Login_Invalid_TestCases" class="method navigator-link" hash-for-method="testMinLengthPassword">testMinLengthPassword</a> <!-- method navigator-link -->
                      </span>
                      <br/>
                      <span>
                        <img src="passed.png" width="3%"/>
                        <a href="#" panel-name="suite-TestSuite" title="zapcg.Capillary.LoginTestCases.Login_Invalid_TestCases" class="method navigator-link" hash-for-method="testMinLengthPassword">testMinLengthPassword</a> <!-- method navigator-link -->
                      </span>
                      <br/>
                      <span>
                        <img src="passed.png" width="3%"/>
                        <a href="#" panel-name="suite-TestSuite" title="zapcg.Capillary.LoginTestCases.Login_Invalid_TestCases" class="method navigator-link" hash-for-method="testMinLengthPassword">testMinLengthPassword</a> <!-- method navigator-link -->
                      </span>
                      <br/>
                      <span>
                        <img src="passed.png" width="3%"/>
                        <a href="#" panel-name="suite-TestSuite" title="zapcg.Capillary.LoginTestCases.Login_Invalid_TestCases" class="method navigator-link" hash-for-method="testMinLengthPassword">testMinLengthPassword</a> <!-- method navigator-link -->
                      </span>
                      <br/>
                      <span>
                        <img src="passed.png" width="3%"/>
                        <a href="#" panel-name="suite-TestSuite" title="zapcg.Capillary.LoginTestCases.Login_Invalid_TestCases" class="method navigator-link" hash-for-method="testMinLengthPassword">testMinLengthPassword</a> <!-- method navigator-link -->
                      </span>
                      <br/>
                      <span>
                        <img src="passed.png" width="3%"/>
                        <a href="#" panel-name="suite-TestSuite" title="zapcg.Capillary.LoginTestCases.Login_Invalid_TestCases" class="method navigator-link" hash-for-method="testTooLongUsername">testTooLongUsername</a> <!-- method navigator-link -->
                      </span>
                      <br/>
                      <span>
                        <img src="passed.png" width="3%"/>
                        <a href="#" panel-name="suite-TestSuite" title="zapcg.Capillary.LoginTestCases.Login_Invalid_TestCases" class="method navigator-link" hash-for-method="testTooLongUsername">testTooLongUsername</a> <!-- method navigator-link -->
                      </span>
                      <br/>
                      <span>
                        <img src="passed.png" width="3%"/>
                        <a href="#" panel-name="suite-TestSuite" title="zapcg.Capillary.LoginTestCases.Login_Invalid_TestCases" class="method navigator-link" hash-for-method="testTooLongUsername">testTooLongUsername</a> <!-- method navigator-link -->
                      </span>
                      <br/>
                      <span>
                        <img src="passed.png" width="3%"/>
                        <a href="#" panel-name="suite-TestSuite" title="zapcg.Capillary.LoginTestCases.Login_Invalid_TestCases" class="method navigator-link" hash-for-method="testTooLongUsername">testTooLongUsername</a> <!-- method navigator-link -->
                      </span>
                      <br/>
                      <span>
                        <img src="passed.png" width="3%"/>
                        <a href="#" panel-name="suite-TestSuite" title="zapcg.Capillary.LoginTestCases.Login_Invalid_TestCases" class="method navigator-link" hash-for-method="testTooLongUsername">testTooLongUsername</a> <!-- method navigator-link -->
                      </span>
                      <br/>
                      <span>
                        <img src="passed.png" width="3%"/>
                        <a href="#" panel-name="suite-TestSuite" title="zapcg.Capillary.LoginTestCases.Login_Invalid_TestCases" class="method navigator-link" hash-for-method="testUsernameWithSpaces">testUsernameWithSpaces</a> <!-- method navigator-link -->
                      </span>
                      <br/>
                      <span>
                        <img src="passed.png" width="3%"/>
                        <a href="#" panel-name="suite-TestSuite" title="zapcg.Capillary.LoginTestCases.Login_Invalid_TestCases" class="method navigator-link" hash-for-method="testUsernameWithSpaces">testUsernameWithSpaces</a> <!-- method navigator-link -->
                      </span>
                      <br/>
                      <span>
                        <img src="passed.png" width="3%"/>
                        <a href="#" panel-name="suite-TestSuite" title="zapcg.Capillary.LoginTestCases.Login_Invalid_TestCases" class="method navigator-link" hash-for-method="testUsernameWithSpaces">testUsernameWithSpaces</a> <!-- method navigator-link -->
                      </span>
                      <br/>
                      <span>
                        <img src="passed.png" width="3%"/>
                        <a href="#" panel-name="suite-TestSuite" title="zapcg.Capillary.LoginTestCases.Login_Invalid_TestCases" class="method navigator-link" hash-for-method="testUsernameWithSpaces">testUsernameWithSpaces</a> <!-- method navigator-link -->
                      </span>
                      <br/>
                      <span>
                        <img src="passed.png" width="3%"/>
                        <a href="#" panel-name="suite-TestSuite" title="zapcg.Capillary.LoginTestCases.Login_Invalid_TestCases" class="method navigator-link" hash-for-method="testUsernameWithSpaces">testUsernameWithSpaces</a> <!-- method navigator-link -->
                      </span>
                      <br/>
                      <span>
                        <img src="passed.png" width="3%"/>
                        <a href="#" panel-name="suite-TestSuite" title="zapcg.Capillary.LoginTestCases.Login_Valid_TestCases" class="method navigator-link" hash-for-method="testValidLogin">testValidLogin</a> <!-- method navigator-link -->
                      </span>
                      <br/>
                      <span>
                        <img src="passed.png" width="3%"/>
                        <a href="#" panel-name="suite-TestSuite" title="zapcg.Capillary.LoginTestCases.Login_Valid_TestCases" class="method navigator-link" hash-for-method="testValidLogin">testValidLogin</a> <!-- method navigator-link -->
                      </span>
                      <br/>
                      <span>
                        <img src="passed.png" width="3%"/>
                        <a href="#" panel-name="suite-TestSuite" title="zapcg.Capillary.LoginTestCases.Login_Valid_TestCases" class="method navigator-link" hash-for-method="testValidLogin">testValidLogin</a> <!-- method navigator-link -->
                      </span>
                      <br/>
                      <span>
                        <img src="passed.png" width="3%"/>
                        <a href="#" panel-name="suite-TestSuite" title="zapcg.Capillary.LoginTestCases.Login_Valid_TestCases" class="method navigator-link" hash-for-method="testValidLogin">testValidLogin</a> <!-- method navigator-link -->
                      </span>
                      <br/>
                      <span>
                        <img src="passed.png" width="3%"/>
                        <a href="#" panel-name="suite-TestSuite" title="zapcg.Capillary.LoginTestCases.Login_Valid_TestCases" class="method navigator-link" hash-for-method="testValidLogin">testValidLogin</a> <!-- method navigator-link -->
                      </span>
                      <br/>
                      <span>
                        <img src="passed.png" width="3%"/>
                        <a href="#" panel-name="suite-TestSuite" title="zapcg.Capillary.LoginTestCases.Login_Invalid_TestCases" class="method navigator-link" hash-for-method="verifyForDisabledLoginButtonForEmptyPassword">verifyForDisabledLoginButtonForEmptyPassword</a> <!-- method navigator-link -->
                      </span>
                      <br/>
                      <span>
                        <img src="passed.png" width="3%"/>
                        <a href="#" panel-name="suite-TestSuite" title="zapcg.Capillary.LoginTestCases.Login_Invalid_TestCases" class="method navigator-link" hash-for-method="verifyForDisabledLoginButtonForEmptyPassword">verifyForDisabledLoginButtonForEmptyPassword</a> <!-- method navigator-link -->
                      </span>
                      <br/>
                      <span>
                        <img src="passed.png" width="3%"/>
                        <a href="#" panel-name="suite-TestSuite" title="zapcg.Capillary.LoginTestCases.Login_Invalid_TestCases" class="method navigator-link" hash-for-method="verifyForDisabledLoginButtonForEmptyPassword">verifyForDisabledLoginButtonForEmptyPassword</a> <!-- method navigator-link -->
                      </span>
                      <br/>
                      <span>
                        <img src="passed.png" width="3%"/>
                        <a href="#" panel-name="suite-TestSuite" title="zapcg.Capillary.LoginTestCases.Login_Invalid_TestCases" class="method navigator-link" hash-for-method="verifyForDisabledLoginButtonForEmptyPassword">verifyForDisabledLoginButtonForEmptyPassword</a> <!-- method navigator-link -->
                      </span>
                      <br/>
                      <span>
                        <img src="passed.png" width="3%"/>
                        <a href="#" panel-name="suite-TestSuite" title="zapcg.Capillary.LoginTestCases.Login_Invalid_TestCases" class="method navigator-link" hash-for-method="verifyForDisabledLoginButtonForEmptyPassword">verifyForDisabledLoginButtonForEmptyPassword</a> <!-- method navigator-link -->
                      </span>
                      <br/>
                      <span>
                        <img src="passed.png" width="3%"/>
                        <a href="#" panel-name="suite-TestSuite" title="zapcg.Capillary.LoginTestCases.Login_Invalid_TestCases" class="method navigator-link" hash-for-method="verifyForDisabledLoginButtonForEmptyUsername">verifyForDisabledLoginButtonForEmptyUsername</a> <!-- method navigator-link -->
                      </span>
                      <br/>
                      <span>
                        <img src="passed.png" width="3%"/>
                        <a href="#" panel-name="suite-TestSuite" title="zapcg.Capillary.LoginTestCases.Login_Invalid_TestCases" class="method navigator-link" hash-for-method="verifyForDisabledLoginButtonForEmptyUsername">verifyForDisabledLoginButtonForEmptyUsername</a> <!-- method navigator-link -->
                      </span>
                      <br/>
                      <span>
                        <img src="passed.png" width="3%"/>
                        <a href="#" panel-name="suite-TestSuite" title="zapcg.Capillary.LoginTestCases.Login_Invalid_TestCases" class="method navigator-link" hash-for-method="verifyForDisabledLoginButtonForEmptyUsername">verifyForDisabledLoginButtonForEmptyUsername</a> <!-- method navigator-link -->
                      </span>
                      <br/>
                      <span>
                        <img src="passed.png" width="3%"/>
                        <a href="#" panel-name="suite-TestSuite" title="zapcg.Capillary.LoginTestCases.Login_Invalid_TestCases" class="method navigator-link" hash-for-method="verifyForDisabledLoginButtonForEmptyUsername">verifyForDisabledLoginButtonForEmptyUsername</a> <!-- method navigator-link -->
                      </span>
                      <br/>
                      <span>
                        <img src="passed.png" width="3%"/>
                        <a href="#" panel-name="suite-TestSuite" title="zapcg.Capillary.LoginTestCases.Login_Invalid_TestCases" class="method navigator-link" hash-for-method="verifyForDisabledLoginButtonForEmptyUsername">verifyForDisabledLoginButtonForEmptyUsername</a> <!-- method navigator-link -->
                      </span>
                      <br/>
                      <span>
                        <img src="passed.png" width="3%"/>
                        <a href="#" panel-name="suite-TestSuite" title="zapcg.Capillary.LoginTestCases.Login_Invalid_TestCases" class="method navigator-link" hash-for-method="verifyForDisabledLoginButtonForEmptyUsernamePassword">verifyForDisabledLoginButtonForEmptyUsernamePassword</a> <!-- method navigator-link -->
                      </span>
                      <br/>
                      <span>
                        <img src="passed.png" width="3%"/>
                        <a href="#" panel-name="suite-TestSuite" title="zapcg.Capillary.LoginTestCases.Login_Invalid_TestCases" class="method navigator-link" hash-for-method="verifyForDisabledLoginButtonForEmptyUsernamePassword">verifyForDisabledLoginButtonForEmptyUsernamePassword</a> <!-- method navigator-link -->
                      </span>
                      <br/>
                      <span>
                        <img src="passed.png" width="3%"/>
                        <a href="#" panel-name="suite-TestSuite" title="zapcg.Capillary.LoginTestCases.Login_Invalid_TestCases" class="method navigator-link" hash-for-method="verifyForDisabledLoginButtonForEmptyUsernamePassword">verifyForDisabledLoginButtonForEmptyUsernamePassword</a> <!-- method navigator-link -->
                      </span>
                      <br/>
                      <span>
                        <img src="passed.png" width="3%"/>
                        <a href="#" panel-name="suite-TestSuite" title="zapcg.Capillary.LoginTestCases.Login_Invalid_TestCases" class="method navigator-link" hash-for-method="verifyForDisabledLoginButtonForEmptyUsernamePassword">verifyForDisabledLoginButtonForEmptyUsernamePassword</a> <!-- method navigator-link -->
                      </span>
                      <br/>
                      <span>
                        <img src="passed.png" width="3%"/>
                        <a href="#" panel-name="suite-TestSuite" title="zapcg.Capillary.LoginTestCases.Login_Invalid_TestCases" class="method navigator-link" hash-for-method="verifyForDisabledLoginButtonForEmptyUsernamePassword">verifyForDisabledLoginButtonForEmptyUsernamePassword</a> <!-- method navigator-link -->
                      </span>
                      <br/>
                      <span>
                        <img src="passed.png" width="3%"/>
                        <a href="#" panel-name="suite-TestSuite" title="zapcg.Capillary.LoginTestCases.Login_Invalid_TestCases" class="method navigator-link" hash-for-method="verifyForEnabledLoginButton">verifyForEnabledLoginButton</a> <!-- method navigator-link -->
                      </span>
                      <br/>
                      <span>
                        <img src="passed.png" width="3%"/>
                        <a href="#" panel-name="suite-TestSuite" title="zapcg.Capillary.LoginTestCases.Login_Invalid_TestCases" class="method navigator-link" hash-for-method="verifyForEnabledLoginButton">verifyForEnabledLoginButton</a> <!-- method navigator-link -->
                      </span>
                      <br/>
                      <span>
                        <img src="passed.png" width="3%"/>
                        <a href="#" panel-name="suite-TestSuite" title="zapcg.Capillary.LoginTestCases.Login_Invalid_TestCases" class="method navigator-link" hash-for-method="verifyForEnabledLoginButton">verifyForEnabledLoginButton</a> <!-- method navigator-link -->
                      </span>
                      <br/>
                      <span>
                        <img src="passed.png" width="3%"/>
                        <a href="#" panel-name="suite-TestSuite" title="zapcg.Capillary.LoginTestCases.Login_Invalid_TestCases" class="method navigator-link" hash-for-method="verifyForEnabledLoginButton">verifyForEnabledLoginButton</a> <!-- method navigator-link -->
                      </span>
                      <br/>
                      <span>
                        <img src="passed.png" width="3%"/>
                        <a href="#" panel-name="suite-TestSuite" title="zapcg.Capillary.LoginTestCases.Login_Invalid_TestCases" class="method navigator-link" hash-for-method="verifyForEnabledLoginButton">verifyForEnabledLoginButton</a> <!-- method navigator-link -->
                      </span>
                      <br/>
                    </div> <!-- method-list-content passed suite-TestSuite -->
                  </li>
                </ul>
              </div> <!-- suite-section-content -->
            </div> <!-- result-section -->
          </div> <!-- navigator-suite-content -->
        </div> <!-- rounded-window -->
      </div> <!-- suite -->
    </div> <!-- navigator-root -->
    <div class="wrapper">
      <div class="main-panel-root">
        <div panel-name="suite-TestSuite" class="panel TestSuite">
          <div class="suite-TestSuite-class-failed">
            <div class="main-panel-header rounded-window-top">
              <img src="failed.png"/>
              <span class="class-name">zapcg.Capillary.LoginTestCases.Login_Invalid_TestCases</span>
            </div> <!-- main-panel-header rounded-window-top -->
            <div class="main-panel-content rounded-window-bottom">
              <div class="method">
                <div class="method-content">
                  <a name="testInvalidPassword">
                  </a> <!-- testInvalidPassword -->
                  <span class="method-name">testInvalidPassword</span>
                  <div class="stack-trace">org.openqa.selenium.NoSuchWindowException: no such window: target window already closed
from unknown error: web view not found
  (Session info: chrome=126.0.6478.57)
Build info: version: &apos;4.21.0&apos;, revision: &apos;79ed462ef4&apos;
System info: os.name: &apos;Windows 10&apos;, os.arch: &apos;amd64&apos;, os.version: &apos;10.0&apos;, java.version: &apos;15.0.2&apos;
Driver info: org.openqa.selenium.chrome.ChromeDriver
Command: [36a625879763707ae635782b70c48af6, findElement {using=xpath, value=//h6[@id=&apos;LSERRM&apos; and contains(text(),&quot;Invalid username or password. Try again.&quot;)]}]
Capabilities {acceptInsecureCerts: false, browserName: chrome, browserVersion: 126.0.6478.57, chrome: {chromedriverVersion: 126.0.6478.61 (8dc092df54ce..., userDataDir: C:\Users\KAJALS~1\AppData\L...}, fedcm:accounts: true, goog:chromeOptions: {debuggerAddress: localhost:57040}, networkConnectionEnabled: false, pageLoadStrategy: normal, platformName: windows, proxy: Proxy(), se:cdp: ws://localhost:57040/devtoo..., se:cdpVersion: 126.0.6478.57, setWindowRect: true, strictFileInteractability: false, timeouts: {implicit: 0, pageLoad: 300000, script: 30000}, unhandledPromptBehavior: dismiss and notify, webauthn:extension:credBlob: true, webauthn:extension:largeBlob: true, webauthn:extension:minPinLength: true, webauthn:extension:prf: true, webauthn:virtualAuthenticators: true}
Session ID: 36a625879763707ae635782b70c48af6
	at org.openqa.selenium.remote.ErrorCodec.decode(ErrorCodec.java:167)
	at org.openqa.selenium.remote.codec.w3c.W3CHttpResponseCodec.decode(W3CHttpResponseCodec.java:138)
	at org.openqa.selenium.remote.codec.w3c.W3CHttpResponseCodec.decode(W3CHttpResponseCodec.java:50)
	at org.openqa.selenium.remote.HttpCommandExecutor.execute(HttpCommandExecutor.java:190)
	at org.openqa.selenium.remote.service.DriverCommandExecutor.invokeExecute(DriverCommandExecutor.java:216)
	at org.openqa.selenium.remote.service.DriverCommandExecutor.execute(DriverCommandExecutor.java:174)
	at org.openqa.selenium.remote.RemoteWebDriver.execute(RemoteWebDriver.java:518)
	at org.openqa.selenium.remote.ElementLocation$ElementFinder$2.findElement(ElementLocation.java:165)
	at org.openqa.selenium.remote.ElementLocation.findElement(ElementLocation.java:59)
	at org.openqa.selenium.remote.RemoteWebDriver.findElement(RemoteWebDriver.java:355)
	at org.openqa.selenium.remote.RemoteWebDriver.findElement(RemoteWebDriver.java:349)
	at org.openqa.selenium.support.pagefactory.DefaultElementLocator.findElement(DefaultElementLocator.java:68)
	at org.openqa.selenium.support.pagefactory.internal.LocatingElementHandler.invoke(LocatingElementHandler.java:38)
	at com.sun.proxy.$Proxy10.toString(Unknown Source)
	at java.base/java.lang.String.valueOf(String.java:3367)
	at org.openqa.selenium.support.ui.ExpectedConditions$10.toString(ExpectedConditions.java:295)
	at java.base/java.lang.String.valueOf(String.java:3367)
	at org.openqa.selenium.support.ui.FluentWait.until(FluentWait.java:225)
	at zapcg.Capillary.PageObject.loginPage.verifyInvalidPasswordError(loginPage.java:185)
	at zapcg.Capillary.LoginTestCases.Login_Invalid_TestCases.testInvalidPassword(Login_Invalid_TestCases.java:44)
	at java.base/java.util.ArrayList.forEach(ArrayList.java:1511)
	at java.base/java.util.concurrent.FutureTask.run(FutureTask.java:264)
	at java.base/java.util.concurrent.ThreadPoolExecutor.runWorker(ThreadPoolExecutor.java:1130)
	at java.base/java.util.concurrent.ThreadPoolExecutor$Worker.run(ThreadPoolExecutor.java:630)
	at java.base/java.lang.Thread.run(Thread.java:832)
... Removed 21 stack frames
</div> <!-- stack-trace -->
                </div> <!-- method-content -->
              </div> <!-- method -->
              <div class="method">
                <div class="method-content">
                  <a name="testInvalidUsername">
                  </a> <!-- testInvalidUsername -->
                  <span class="method-name">testInvalidUsername</span>
                  <div class="stack-trace">org.openqa.selenium.NoSuchWindowException: no such window: target window already closed
from unknown error: web view not found
  (Session info: chrome=126.0.6478.57)
Build info: version: &apos;4.21.0&apos;, revision: &apos;79ed462ef4&apos;
System info: os.name: &apos;Windows 10&apos;, os.arch: &apos;amd64&apos;, os.version: &apos;10.0&apos;, java.version: &apos;15.0.2&apos;
Driver info: org.openqa.selenium.chrome.ChromeDriver
Command: [61504f42515079fea8a55cabe06041dd, findElement {using=xpath, value=//h6[contains(text(),&apos;Invalid username or password. Try again.&apos;)]}]
Capabilities {acceptInsecureCerts: false, browserName: chrome, browserVersion: 126.0.6478.57, chrome: {chromedriverVersion: 126.0.6478.61 (8dc092df54ce..., userDataDir: C:\Users\KAJALS~1\AppData\L...}, fedcm:accounts: true, goog:chromeOptions: {debuggerAddress: localhost:56948}, networkConnectionEnabled: false, pageLoadStrategy: normal, platformName: windows, proxy: Proxy(), se:cdp: ws://localhost:56948/devtoo..., se:cdpVersion: 126.0.6478.57, setWindowRect: true, strictFileInteractability: false, timeouts: {implicit: 0, pageLoad: 300000, script: 30000}, unhandledPromptBehavior: dismiss and notify, webauthn:extension:credBlob: true, webauthn:extension:largeBlob: true, webauthn:extension:minPinLength: true, webauthn:extension:prf: true, webauthn:virtualAuthenticators: true}
Session ID: 61504f42515079fea8a55cabe06041dd
	at org.openqa.selenium.remote.ErrorCodec.decode(ErrorCodec.java:167)
	at org.openqa.selenium.remote.codec.w3c.W3CHttpResponseCodec.decode(W3CHttpResponseCodec.java:138)
	at org.openqa.selenium.remote.codec.w3c.W3CHttpResponseCodec.decode(W3CHttpResponseCodec.java:50)
	at org.openqa.selenium.remote.HttpCommandExecutor.execute(HttpCommandExecutor.java:190)
	at org.openqa.selenium.remote.service.DriverCommandExecutor.invokeExecute(DriverCommandExecutor.java:216)
	at org.openqa.selenium.remote.service.DriverCommandExecutor.execute(DriverCommandExecutor.java:174)
	at org.openqa.selenium.remote.RemoteWebDriver.execute(RemoteWebDriver.java:518)
	at org.openqa.selenium.remote.ElementLocation$ElementFinder$2.findElement(ElementLocation.java:165)
	at org.openqa.selenium.remote.ElementLocation.findElement(ElementLocation.java:59)
	at org.openqa.selenium.remote.RemoteWebDriver.findElement(RemoteWebDriver.java:355)
	at org.openqa.selenium.remote.RemoteWebDriver.findElement(RemoteWebDriver.java:349)
	at org.openqa.selenium.support.pagefactory.DefaultElementLocator.findElement(DefaultElementLocator.java:68)
	at org.openqa.selenium.support.pagefactory.internal.LocatingElementHandler.invoke(LocatingElementHandler.java:38)
	at com.sun.proxy.$Proxy10.toString(Unknown Source)
	at java.base/java.lang.String.valueOf(String.java:3367)
	at org.openqa.selenium.support.ui.ExpectedConditions$10.toString(ExpectedConditions.java:295)
	at java.base/java.lang.String.valueOf(String.java:3367)
	at org.openqa.selenium.support.ui.FluentWait.until(FluentWait.java:225)
	at zapcg.Capillary.PageObject.loginPage.verifyInvalidUserNameError(loginPage.java:154)
	at zapcg.Capillary.LoginTestCases.Login_Invalid_TestCases.testInvalidUsername(Login_Invalid_TestCases.java:36)
	at java.base/java.util.ArrayList.forEach(ArrayList.java:1511)
	at java.base/java.util.concurrent.FutureTask.run(FutureTask.java:264)
	at java.base/java.util.concurrent.ThreadPoolExecutor.runWorker(ThreadPoolExecutor.java:1130)
	at java.base/java.util.concurrent.ThreadPoolExecutor$Worker.run(ThreadPoolExecutor.java:630)
	at java.base/java.lang.Thread.run(Thread.java:832)
... Removed 22 stack frames
</div> <!-- stack-trace -->
                </div> <!-- method-content -->
              </div> <!-- method -->
              <div class="method">
                <div class="method-content">
                  <a name="testInvalidUsername">
                  </a> <!-- testInvalidUsername -->
                  <span class="method-name">testInvalidUsername</span>
                  <div class="stack-trace">org.openqa.selenium.TimeoutException: Expected condition failed: waiting for visibility of Proxy element for: DefaultElementLocator &apos;By.xpath: //h6[contains(text(),&apos;Invalid username or password. Try again.&apos;)]&apos; (tried for 30 second(s) with 500 milliseconds interval)
	at org.openqa.selenium.support.ui.WebDriverWait.timeoutException(WebDriverWait.java:84)
	at org.openqa.selenium.support.ui.FluentWait.until(FluentWait.java:228)
	at zapcg.Capillary.PageObject.loginPage.verifyInvalidUserNameError(loginPage.java:154)
	at zapcg.Capillary.LoginTestCases.Login_Invalid_TestCases.testInvalidUsername(Login_Invalid_TestCases.java:36)
	at java.base/java.util.ArrayList.forEach(ArrayList.java:1511)
	at java.base/java.util.concurrent.FutureTask.run(FutureTask.java:264)
	at java.base/java.util.concurrent.ThreadPoolExecutor.runWorker(ThreadPoolExecutor.java:1130)
	at java.base/java.util.concurrent.ThreadPoolExecutor$Worker.run(ThreadPoolExecutor.java:630)
	at java.base/java.lang.Thread.run(Thread.java:832)
Caused by: org.openqa.selenium.NoSuchElementException: Unable to locate element: //h6[contains(text(),&apos;Invalid username or password. Try again.&apos;)]
For documentation on this error, please visit: https://www.selenium.dev/documentation/webdriver/troubleshooting/errors#no-such-element-exception
Build info: version: &apos;4.21.0&apos;, revision: &apos;79ed462ef4&apos;
System info: os.name: &apos;Windows 10&apos;, os.arch: &apos;amd64&apos;, os.version: &apos;10.0&apos;, java.version: &apos;15.0.2&apos;
Driver info: org.openqa.selenium.firefox.FirefoxDriver
Command: [f2f62c43-8f74-4b22-8830-a704aa3b8fd8, findElement {using=xpath, value=//h6[contains(text(),&apos;Invalid username or password. Try again.&apos;)]}]
Capabilities {acceptInsecureCerts: true, browserName: firefox, browserVersion: 128.0, moz:accessibilityChecks: false, moz:buildID: 20240617091959, moz:debuggerAddress: 127.0.0.1:39163, moz:geckodriverVersion: 0.34.0, moz:headless: false, moz:platformVersion: 10.0, moz:processID: 34804, moz:profile: C:\Users\KAJALS~1\AppData\L..., moz:shutdownTimeout: 60000, moz:webdriverClick: true, moz:windowless: false, pageLoadStrategy: normal, platformName: windows, proxy: Proxy(), se:cdp: ws://127.0.0.1:39163/devtoo..., se:cdpVersion: 85.0, setWindowRect: true, strictFileInteractability: false, timeouts: {implicit: 0, pageLoad: 300000, script: 30000}, unhandledPromptBehavior: dismiss and notify, userAgent: Mozilla/5.0 (Windows NT 10....}
Session ID: f2f62c43-8f74-4b22-8830-a704aa3b8fd8
	at org.openqa.selenium.remote.ErrorCodec.decode(ErrorCodec.java:167)
	at org.openqa.selenium.remote.codec.w3c.W3CHttpResponseCodec.decode(W3CHttpResponseCodec.java:138)
	at org.openqa.selenium.remote.codec.w3c.W3CHttpResponseCodec.decode(W3CHttpResponseCodec.java:50)
	at org.openqa.selenium.remote.HttpCommandExecutor.execute(HttpCommandExecutor.java:190)
	at org.openqa.selenium.remote.service.DriverCommandExecutor.invokeExecute(DriverCommandExecutor.java:216)
	at org.openqa.selenium.remote.service.DriverCommandExecutor.execute(DriverCommandExecutor.java:174)
	at org.openqa.selenium.remote.RemoteWebDriver.execute(RemoteWebDriver.java:518)
	at org.openqa.selenium.remote.ElementLocation$ElementFinder$2.findElement(ElementLocation.java:165)
	at org.openqa.selenium.remote.ElementLocation.findElement(ElementLocation.java:59)
	at org.openqa.selenium.remote.RemoteWebDriver.findElement(RemoteWebDriver.java:355)
	at org.openqa.selenium.remote.RemoteWebDriver.findElement(RemoteWebDriver.java:349)
	at org.openqa.selenium.support.pagefactory.DefaultElementLocator.findElement(DefaultElementLocator.java:68)
	at org.openqa.selenium.support.pagefactory.internal.LocatingElementHandler.invoke(LocatingElementHandler.java:38)
	at com.sun.proxy.$Proxy10.isDisplayed(Unknown Source)
	at org.openqa.selenium.support.ui.ExpectedConditions.elementIfVisible(ExpectedConditions.java:304)
	at org.openqa.selenium.support.ui.ExpectedConditions$10.apply(ExpectedConditions.java:290)
	at org.openqa.selenium.support.ui.ExpectedConditions$10.apply(ExpectedConditions.java:287)
	at org.openqa.selenium.support.ui.FluentWait.until(FluentWait.java:203)
	... 24 more
... Removed 22 stack frames
</div> <!-- stack-trace -->
                </div> <!-- method-content -->
              </div> <!-- method -->
              <div class="method">
                <div class="method-content">
                  <a name="testInvalidUsername">
                  </a> <!-- testInvalidUsername -->
                  <span class="method-name">testInvalidUsername</span>
                  <div class="stack-trace">org.openqa.selenium.TimeoutException: Expected condition failed: waiting for visibility of Proxy element for: DefaultElementLocator &apos;By.xpath: //h6[contains(text(),&apos;Invalid username or password. Try again.&apos;)]&apos; (tried for 30 second(s) with 500 milliseconds interval)
	at org.openqa.selenium.support.ui.WebDriverWait.timeoutException(WebDriverWait.java:84)
	at org.openqa.selenium.support.ui.FluentWait.until(FluentWait.java:228)
	at zapcg.Capillary.PageObject.loginPage.verifyInvalidUserNameError(loginPage.java:154)
	at zapcg.Capillary.LoginTestCases.Login_Invalid_TestCases.testInvalidUsername(Login_Invalid_TestCases.java:36)
	at java.base/java.util.ArrayList.forEach(ArrayList.java:1511)
	at java.base/java.util.concurrent.FutureTask.run(FutureTask.java:264)
	at java.base/java.util.concurrent.ThreadPoolExecutor.runWorker(ThreadPoolExecutor.java:1130)
	at java.base/java.util.concurrent.ThreadPoolExecutor$Worker.run(ThreadPoolExecutor.java:630)
	at java.base/java.lang.Thread.run(Thread.java:832)
Caused by: org.openqa.selenium.NoSuchElementException: no such element: Unable to locate element: {&quot;method&quot;:&quot;xpath&quot;,&quot;selector&quot;:&quot;//h6[contains(text(),&apos;Invalid username or password. Try again.&apos;)]&quot;}
  (Session info: chrome=126.0.6478.57)
For documentation on this error, please visit: https://www.selenium.dev/documentation/webdriver/troubleshooting/errors#no-such-element-exception
Build info: version: &apos;4.21.0&apos;, revision: &apos;79ed462ef4&apos;
System info: os.name: &apos;Windows 10&apos;, os.arch: &apos;amd64&apos;, os.version: &apos;10.0&apos;, java.version: &apos;15.0.2&apos;
Driver info: org.openqa.selenium.chrome.ChromeDriver
Command: [09ea37edd6060b56c72587c3fc7a167f, findElement {using=xpath, value=//h6[contains(text(),&apos;Invalid username or password. Try again.&apos;)]}]
Capabilities {acceptInsecureCerts: false, browserName: chrome, browserVersion: 126.0.6478.57, chrome: {chromedriverVersion: 126.0.6478.61 (8dc092df54ce..., userDataDir: C:\Users\KAJALS~1\AppData\L...}, fedcm:accounts: true, goog:chromeOptions: {debuggerAddress: localhost:57867}, networkConnectionEnabled: false, pageLoadStrategy: normal, platformName: windows, proxy: Proxy(), se:cdp: ws://localhost:57867/devtoo..., se:cdpVersion: 126.0.6478.57, setWindowRect: true, strictFileInteractability: false, timeouts: {implicit: 0, pageLoad: 300000, script: 30000}, unhandledPromptBehavior: dismiss and notify, webauthn:extension:credBlob: true, webauthn:extension:largeBlob: true, webauthn:extension:minPinLength: true, webauthn:extension:prf: true, webauthn:virtualAuthenticators: true}
Session ID: 09ea37edd6060b56c72587c3fc7a167f
	at org.openqa.selenium.remote.ErrorCodec.decode(ErrorCodec.java:167)
	at org.openqa.selenium.remote.codec.w3c.W3CHttpResponseCodec.decode(W3CHttpResponseCodec.java:138)
	at org.openqa.selenium.remote.codec.w3c.W3CHttpResponseCodec.decode(W3CHttpResponseCodec.java:50)
	at org.openqa.selenium.remote.HttpCommandExecutor.execute(HttpCommandExecutor.java:190)
	at org.openqa.selenium.remote.service.DriverCommandExecutor.invokeExecute(DriverCommandExecutor.java:216)
	at org.openqa.selenium.remote.service.DriverCommandExecutor.execute(DriverCommandExecutor.java:174)
	at org.openqa.selenium.remote.RemoteWebDriver.execute(RemoteWebDriver.java:518)
	at org.openqa.selenium.remote.ElementLocation$ElementFinder$2.findElement(ElementLocation.java:165)
	at org.openqa.selenium.remote.ElementLocation.findElement(ElementLocation.java:59)
	at org.openqa.selenium.remote.RemoteWebDriver.findElement(RemoteWebDriver.java:355)
	at org.openqa.selenium.remote.RemoteWebDriver.findElement(RemoteWebDriver.java:349)
	at org.openqa.selenium.support.pagefactory.DefaultElementLocator.findElement(DefaultElementLocator.java:68)
	at org.openqa.selenium.support.pagefactory.internal.LocatingElementHandler.invoke(LocatingElementHandler.java:38)
	at com.sun.proxy.$Proxy10.isDisplayed(Unknown Source)
	at org.openqa.selenium.support.ui.ExpectedConditions.elementIfVisible(ExpectedConditions.java:304)
	at org.openqa.selenium.support.ui.ExpectedConditions$10.apply(ExpectedConditions.java:290)
	at org.openqa.selenium.support.ui.ExpectedConditions$10.apply(ExpectedConditions.java:287)
	at org.openqa.selenium.support.ui.FluentWait.until(FluentWait.java:203)
	... 24 more
... Removed 22 stack frames
</div> <!-- stack-trace -->
                </div> <!-- method-content -->
              </div> <!-- method -->
              <div class="method">
                <div class="method-content">
                  <a name="testInvalidUsername">
                  </a> <!-- testInvalidUsername -->
                  <span class="method-name">testInvalidUsername</span>
                  <div class="stack-trace">org.openqa.selenium.TimeoutException: Expected condition failed: waiting for visibility of Proxy element for: DefaultElementLocator &apos;By.xpath: //h6[contains(text(),&apos;Invalid username or password. Try again.&apos;)]&apos; (tried for 30 second(s) with 500 milliseconds interval)
	at org.openqa.selenium.support.ui.WebDriverWait.timeoutException(WebDriverWait.java:84)
	at org.openqa.selenium.support.ui.FluentWait.until(FluentWait.java:228)
	at zapcg.Capillary.PageObject.loginPage.verifyInvalidUserNameError(loginPage.java:154)
	at zapcg.Capillary.LoginTestCases.Login_Invalid_TestCases.testInvalidUsername(Login_Invalid_TestCases.java:36)
	at java.base/java.util.ArrayList.forEach(ArrayList.java:1511)
	at java.base/java.util.concurrent.FutureTask.run(FutureTask.java:264)
	at java.base/java.util.concurrent.ThreadPoolExecutor.runWorker(ThreadPoolExecutor.java:1130)
	at java.base/java.util.concurrent.ThreadPoolExecutor$Worker.run(ThreadPoolExecutor.java:630)
	at java.base/java.lang.Thread.run(Thread.java:832)
Caused by: org.openqa.selenium.NoSuchElementException: Unable to locate element: //h6[contains(text(),&apos;Invalid username or password. Try again.&apos;)]
For documentation on this error, please visit: https://www.selenium.dev/documentation/webdriver/troubleshooting/errors#no-such-element-exception
Build info: version: &apos;4.21.0&apos;, revision: &apos;79ed462ef4&apos;
System info: os.name: &apos;Windows 10&apos;, os.arch: &apos;amd64&apos;, os.version: &apos;10.0&apos;, java.version: &apos;15.0.2&apos;
Driver info: org.openqa.selenium.firefox.FirefoxDriver
Command: [8c0f2e42-352e-437c-b3ab-07121f622c62, findElement {using=xpath, value=//h6[contains(text(),&apos;Invalid username or password. Try again.&apos;)]}]
Capabilities {acceptInsecureCerts: true, browserName: firefox, browserVersion: 128.0, moz:accessibilityChecks: false, moz:buildID: 20240617091959, moz:debuggerAddress: 127.0.0.1:42298, moz:geckodriverVersion: 0.34.0, moz:headless: false, moz:platformVersion: 10.0, moz:processID: 14732, moz:profile: C:\Users\KAJALS~1\AppData\L..., moz:shutdownTimeout: 60000, moz:webdriverClick: true, moz:windowless: false, pageLoadStrategy: normal, platformName: windows, proxy: Proxy(), se:cdp: ws://127.0.0.1:42298/devtoo..., se:cdpVersion: 85.0, setWindowRect: true, strictFileInteractability: false, timeouts: {implicit: 0, pageLoad: 300000, script: 30000}, unhandledPromptBehavior: dismiss and notify, userAgent: Mozilla/5.0 (Windows NT 10....}
Session ID: 8c0f2e42-352e-437c-b3ab-07121f622c62
	at org.openqa.selenium.remote.ErrorCodec.decode(ErrorCodec.java:167)
	at org.openqa.selenium.remote.codec.w3c.W3CHttpResponseCodec.decode(W3CHttpResponseCodec.java:138)
	at org.openqa.selenium.remote.codec.w3c.W3CHttpResponseCodec.decode(W3CHttpResponseCodec.java:50)
	at org.openqa.selenium.remote.HttpCommandExecutor.execute(HttpCommandExecutor.java:190)
	at org.openqa.selenium.remote.service.DriverCommandExecutor.invokeExecute(DriverCommandExecutor.java:216)
	at org.openqa.selenium.remote.service.DriverCommandExecutor.execute(DriverCommandExecutor.java:174)
	at org.openqa.selenium.remote.RemoteWebDriver.execute(RemoteWebDriver.java:518)
	at org.openqa.selenium.remote.ElementLocation$ElementFinder$2.findElement(ElementLocation.java:165)
	at org.openqa.selenium.remote.ElementLocation.findElement(ElementLocation.java:59)
	at org.openqa.selenium.remote.RemoteWebDriver.findElement(RemoteWebDriver.java:355)
	at org.openqa.selenium.remote.RemoteWebDriver.findElement(RemoteWebDriver.java:349)
	at org.openqa.selenium.support.pagefactory.DefaultElementLocator.findElement(DefaultElementLocator.java:68)
	at org.openqa.selenium.support.pagefactory.internal.LocatingElementHandler.invoke(LocatingElementHandler.java:38)
	at com.sun.proxy.$Proxy10.isDisplayed(Unknown Source)
	at org.openqa.selenium.support.ui.ExpectedConditions.elementIfVisible(ExpectedConditions.java:304)
	at org.openqa.selenium.support.ui.ExpectedConditions$10.apply(ExpectedConditions.java:290)
	at org.openqa.selenium.support.ui.ExpectedConditions$10.apply(ExpectedConditions.java:287)
	at org.openqa.selenium.support.ui.FluentWait.until(FluentWait.java:203)
	... 24 more
... Removed 22 stack frames
</div> <!-- stack-trace -->
                </div> <!-- method-content -->
              </div> <!-- method -->
            </div> <!-- main-panel-content rounded-window-bottom -->
          </div> <!-- suite-TestSuite-class-failed -->
          <div class="suite-TestSuite-class-failed">
            <div class="main-panel-header rounded-window-top">
              <img src="failed.png"/>
              <span class="class-name">zapcg.Capillary.LocationPageTestCases.Location_TestCases</span>
            </div> <!-- main-panel-header rounded-window-top -->
            <div class="main-panel-content rounded-window-bottom">
              <div class="method">
                <div class="method-content">
                  <a name="verifyHeaderOfMemberLookupScreen">
                  </a> <!-- verifyHeaderOfMemberLookupScreen -->
                  <span class="method-name">verifyHeaderOfMemberLookupScreen</span>
                  <div class="stack-trace">java.lang.AssertionError: The second dropdown selection does not partially match on the next page. expected [true] but found [false]
	at zapcg.Capillary.LocationPageTestCases.Location_TestCases.verifyHeaderOfMemberLookupScreen(Location_TestCases.java:123)
	at java.base/java.util.ArrayList.forEach(ArrayList.java:1511)
	at java.base/java.util.concurrent.FutureTask.run(FutureTask.java:264)
	at java.base/java.util.concurrent.ThreadPoolExecutor.runWorker(ThreadPoolExecutor.java:1130)
	at java.base/java.util.concurrent.ThreadPoolExecutor$Worker.run(ThreadPoolExecutor.java:630)
	at java.base/java.lang.Thread.run(Thread.java:832)
... Removed 20 stack frames
</div> <!-- stack-trace -->
                </div> <!-- method-content -->
              </div> <!-- method -->
              <div class="method">
                <div class="method-content">
                  <a name="verifyHeaderOfMemberLookupScreen">
                  </a> <!-- verifyHeaderOfMemberLookupScreen -->
                  <span class="method-name">verifyHeaderOfMemberLookupScreen</span>
                  <div class="stack-trace">java.lang.AssertionError: The second dropdown selection does not partially match on the next page. expected [true] but found [false]
	at zapcg.Capillary.LocationPageTestCases.Location_TestCases.verifyHeaderOfMemberLookupScreen(Location_TestCases.java:123)
	at java.base/java.util.ArrayList.forEach(ArrayList.java:1511)
	at java.base/java.util.concurrent.FutureTask.run(FutureTask.java:264)
	at java.base/java.util.concurrent.ThreadPoolExecutor.runWorker(ThreadPoolExecutor.java:1130)
	at java.base/java.util.concurrent.ThreadPoolExecutor$Worker.run(ThreadPoolExecutor.java:630)
	at java.base/java.lang.Thread.run(Thread.java:832)
... Removed 20 stack frames
</div> <!-- stack-trace -->
                </div> <!-- method-content -->
              </div> <!-- method -->
              <div class="method">
                <div class="method-content">
                  <a name="verifyHeaderOfMemberLookupScreen">
                  </a> <!-- verifyHeaderOfMemberLookupScreen -->
                  <span class="method-name">verifyHeaderOfMemberLookupScreen</span>
                  <div class="stack-trace">java.lang.AssertionError: The second dropdown selection does not partially match on the next page. expected [true] but found [false]
	at zapcg.Capillary.LocationPageTestCases.Location_TestCases.verifyHeaderOfMemberLookupScreen(Location_TestCases.java:123)
	at java.base/java.util.ArrayList.forEach(ArrayList.java:1511)
	at java.base/java.util.concurrent.FutureTask.run(FutureTask.java:264)
	at java.base/java.util.concurrent.ThreadPoolExecutor.runWorker(ThreadPoolExecutor.java:1130)
	at java.base/java.util.concurrent.ThreadPoolExecutor$Worker.run(ThreadPoolExecutor.java:630)
	at java.base/java.lang.Thread.run(Thread.java:832)
... Removed 20 stack frames
</div> <!-- stack-trace -->
                </div> <!-- method-content -->
              </div> <!-- method -->
              <div class="method">
                <div class="method-content">
                  <a name="verifyHeaderOfMemberLookupScreen">
                  </a> <!-- verifyHeaderOfMemberLookupScreen -->
                  <span class="method-name">verifyHeaderOfMemberLookupScreen</span>
                  <div class="stack-trace">java.lang.AssertionError: The second dropdown selection does not partially match on the next page. expected [true] but found [false]
	at zapcg.Capillary.LocationPageTestCases.Location_TestCases.verifyHeaderOfMemberLookupScreen(Location_TestCases.java:123)
	at java.base/java.util.ArrayList.forEach(ArrayList.java:1511)
	at java.base/java.util.concurrent.FutureTask.run(FutureTask.java:264)
	at java.base/java.util.concurrent.ThreadPoolExecutor.runWorker(ThreadPoolExecutor.java:1130)
	at java.base/java.util.concurrent.ThreadPoolExecutor$Worker.run(ThreadPoolExecutor.java:630)
	at java.base/java.lang.Thread.run(Thread.java:832)
... Removed 20 stack frames
</div> <!-- stack-trace -->
                </div> <!-- method-content -->
              </div> <!-- method -->
              <div class="method">
                <div class="method-content">
                  <a name="verifyHeaderOfMemberLookupScreen">
                  </a> <!-- verifyHeaderOfMemberLookupScreen -->
                  <span class="method-name">verifyHeaderOfMemberLookupScreen</span>
                  <div class="stack-trace">java.lang.AssertionError: An error occurred while verifying the dropdown selections: Element &lt;button id=&quot;LS014B&quot; class=&quot;MuiButtonBase-root MuiButton-root MuiButton-contained MuiButton-containedPrimary MuiButton-sizeMedium MuiButton-containedSizeMedium MuiButton-colorPrimary MuiButton-root MuiButton-contained MuiButton-containedPrimary MuiButton-sizeMedium MuiButton-containedSizeMedium MuiButton-colorPrimary css-y7km40&quot; type=&quot;button&quot;&gt; is not clickable at point (225,472) because another element &lt;li id=&quot;LS013OP0&quot; class=&quot;MuiAutocomplete-option&quot;&gt; obscures it
Build info: version: &apos;4.21.0&apos;, revision: &apos;79ed462ef4&apos;
System info: os.name: &apos;Windows 10&apos;, os.arch: &apos;amd64&apos;, os.version: &apos;10.0&apos;, java.version: &apos;15.0.2&apos;
Driver info: org.openqa.selenium.firefox.FirefoxDriver
Command: [f36fbe11-8ba8-43fd-b09d-d67966f67555, clickElement {id=57fb83b6-f29c-4262-b76d-5ff7667cfbb1}]
Capabilities {acceptInsecureCerts: true, browserName: firefox, browserVersion: 128.0, moz:accessibilityChecks: false, moz:buildID: 20240617091959, moz:debuggerAddress: 127.0.0.1:35458, moz:geckodriverVersion: 0.34.0, moz:headless: false, moz:platformVersion: 10.0, moz:processID: 24608, moz:profile: C:\Users\KAJALS~1\AppData\L..., moz:shutdownTimeout: 60000, moz:webdriverClick: true, moz:windowless: false, pageLoadStrategy: normal, platformName: windows, proxy: Proxy(), se:cdp: ws://127.0.0.1:35458/devtoo..., se:cdpVersion: 85.0, setWindowRect: true, strictFileInteractability: false, timeouts: {implicit: 0, pageLoad: 300000, script: 30000}, unhandledPromptBehavior: dismiss and notify, userAgent: Mozilla/5.0 (Windows NT 10....}
Element: [[FirefoxDriver: firefox on windows (f36fbe11-8ba8-43fd-b09d-d67966f67555)] -&gt; xpath: //button[@id=&apos;LS014B&apos;]]
Session ID: f36fbe11-8ba8-43fd-b09d-d67966f67555
	at zapcg.Capillary.LocationPageTestCases.Location_TestCases.verifyHeaderOfMemberLookupScreen(Location_TestCases.java:126)
	at java.base/java.util.ArrayList.forEach(ArrayList.java:1511)
	at java.base/java.util.concurrent.FutureTask.run(FutureTask.java:264)
	at java.base/java.util.concurrent.ThreadPoolExecutor.runWorker(ThreadPoolExecutor.java:1130)
	at java.base/java.util.concurrent.ThreadPoolExecutor$Worker.run(ThreadPoolExecutor.java:630)
	at java.base/java.lang.Thread.run(Thread.java:832)
... Removed 18 stack frames
</div> <!-- stack-trace -->
                </div> <!-- method-content -->
              </div> <!-- method -->
            </div> <!-- main-panel-content rounded-window-bottom -->
          </div> <!-- suite-TestSuite-class-failed -->
          <div class="suite-TestSuite-class-skipped">
            <div class="main-panel-header rounded-window-top">
              <img src="skipped.png"/>
              <span class="class-name">zapcg.Capillary.LoginTestCases.Login_Valid_TestCases</span>
            </div> <!-- main-panel-header rounded-window-top -->
            <div class="main-panel-content rounded-window-bottom">
              <div class="method">
                <div class="method-content">
                  <a name="testValidLogin">
                  </a> <!-- testValidLogin -->
                  <span class="method-name">testValidLogin</span>
                  <div class="stack-trace">org.openqa.selenium.NoSuchSessionException: Session ID is null. Using WebDriver after calling quit()?
Build info: version: &apos;4.21.0&apos;, revision: &apos;79ed462ef4&apos;
System info: os.name: &apos;Windows 10&apos;, os.arch: &apos;amd64&apos;, os.version: &apos;10.0&apos;, java.version: &apos;15.0.2&apos;
Driver info: org.openqa.selenium.chrome.ChromeDriver
Command: [null, get {url=https://d1msv2sqknn4w4.cloudfront.net}]
Capabilities {acceptInsecureCerts: false, browserName: chrome, browserVersion: 126.0.6478.57, chrome: {chromedriverVersion: 126.0.6478.61 (8dc092df54ce..., userDataDir: C:\Users\KAJALS~1\AppData\L...}, fedcm:accounts: true, goog:chromeOptions: {debuggerAddress: localhost:56747}, networkConnectionEnabled: false, pageLoadStrategy: normal, platformName: windows, proxy: Proxy(), se:cdp: ws://localhost:56747/devtoo..., se:cdpVersion: 126.0.6478.57, setWindowRect: true, strictFileInteractability: false, timeouts: {implicit: 0, pageLoad: 300000, script: 30000}, unhandledPromptBehavior: dismiss and notify, webauthn:extension:credBlob: true, webauthn:extension:largeBlob: true, webauthn:extension:minPinLength: true, webauthn:extension:prf: true, webauthn:virtualAuthenticators: true}
	at org.openqa.selenium.remote.HttpCommandExecutor.execute(HttpCommandExecutor.java:151)
	at org.openqa.selenium.remote.service.DriverCommandExecutor.invokeExecute(DriverCommandExecutor.java:216)
	at org.openqa.selenium.remote.service.DriverCommandExecutor.execute(DriverCommandExecutor.java:174)
	at org.openqa.selenium.remote.RemoteWebDriver.execute(RemoteWebDriver.java:518)
	at org.openqa.selenium.remote.RemoteWebDriver.get(RemoteWebDriver.java:300)
	at zapcg.Capillary.LoginTestCases.Login_Valid_TestCases.initialize(Login_Valid_TestCases.java:21)
	at java.base/java.util.ArrayList.forEach(ArrayList.java:1511)
	at java.base/java.util.concurrent.FutureTask.run(FutureTask.java:264)
	at java.base/java.util.concurrent.ThreadPoolExecutor.runWorker(ThreadPoolExecutor.java:1130)
	at java.base/java.util.concurrent.ThreadPoolExecutor$Worker.run(ThreadPoolExecutor.java:630)
	at java.base/java.lang.Thread.run(Thread.java:832)
... Removed 21 stack frames
</div> <!-- stack-trace -->
                </div> <!-- method-content -->
              </div> <!-- method -->
            </div> <!-- main-panel-content rounded-window-bottom -->
          </div> <!-- suite-TestSuite-class-skipped -->
          <div class="suite-TestSuite-class-skipped">
            <div class="main-panel-header rounded-window-top">
              <img src="skipped.png"/>
              <span class="class-name">zapcg.Capillary.LocationPageTestCases.Location_TestCases</span>
            </div> <!-- main-panel-header rounded-window-top -->
            <div class="main-panel-content rounded-window-bottom">
              <div class="method">
                <div class="method-content">
                  <a name="verifyHeaderOfMemberLookupScreen">
                  </a> <!-- verifyHeaderOfMemberLookupScreen -->
                  <span class="method-name">verifyHeaderOfMemberLookupScreen</span>
                  <div class="stack-trace">org.openqa.selenium.WebDriverException: Failed to decode response from marionette
Build info: version: &apos;4.21.0&apos;, revision: &apos;79ed462ef4&apos;
System info: os.name: &apos;Windows 10&apos;, os.arch: &apos;amd64&apos;, os.version: &apos;10.0&apos;, java.version: &apos;15.0.2&apos;
Driver info: org.openqa.selenium.firefox.FirefoxDriver
Command: [be07a10b-4fcf-47d5-b6b6-cf6b15a13a7d, findElement {using=xpath, value=//div[@class=&apos;MuiBox-root css-g9yypl&apos; and contains(text(), &apos;Japanese&apos;)]}]
Capabilities {acceptInsecureCerts: true, browserName: firefox, browserVersion: 128.0, moz:accessibilityChecks: false, moz:buildID: 20240612091431, moz:debuggerAddress: 127.0.0.1:9008, moz:geckodriverVersion: 0.34.0, moz:headless: false, moz:platformVersion: 10.0, moz:processID: 34764, moz:profile: C:\Users\KAJALS~1\AppData\L..., moz:shutdownTimeout: 60000, moz:webdriverClick: true, moz:windowless: false, pageLoadStrategy: normal, platformName: windows, proxy: Proxy(), se:cdp: ws://127.0.0.1:9008/devtool..., se:cdpVersion: 85.0, setWindowRect: true, strictFileInteractability: false, timeouts: {implicit: 0, pageLoad: 300000, script: 30000}, unhandledPromptBehavior: dismiss and notify, userAgent: Mozilla/5.0 (Windows NT 10....}
Session ID: be07a10b-4fcf-47d5-b6b6-cf6b15a13a7d
	at org.openqa.selenium.remote.ErrorCodec.decode(ErrorCodec.java:167)
	at org.openqa.selenium.remote.codec.w3c.W3CHttpResponseCodec.decode(W3CHttpResponseCodec.java:138)
	at org.openqa.selenium.remote.codec.w3c.W3CHttpResponseCodec.decode(W3CHttpResponseCodec.java:50)
	at org.openqa.selenium.remote.HttpCommandExecutor.execute(HttpCommandExecutor.java:190)
	at org.openqa.selenium.remote.service.DriverCommandExecutor.invokeExecute(DriverCommandExecutor.java:216)
	at org.openqa.selenium.remote.service.DriverCommandExecutor.execute(DriverCommandExecutor.java:174)
	at org.openqa.selenium.remote.RemoteWebDriver.execute(RemoteWebDriver.java:518)
	at org.openqa.selenium.remote.ElementLocation$ElementFinder$2.findElement(ElementLocation.java:165)
	at org.openqa.selenium.remote.ElementLocation.findElement(ElementLocation.java:59)
	at org.openqa.selenium.remote.RemoteWebDriver.findElement(RemoteWebDriver.java:355)
	at org.openqa.selenium.remote.RemoteWebDriver.findElement(RemoteWebDriver.java:349)
	at org.openqa.selenium.support.pagefactory.DefaultElementLocator.findElement(DefaultElementLocator.java:68)
	at org.openqa.selenium.support.pagefactory.internal.LocatingElementHandler.invoke(LocatingElementHandler.java:38)
	at com.sun.proxy.$Proxy10.click(Unknown Source)
	at zapcg.Capillary.PageObject.loginPage.changeDefaultLanguage(loginPage.java:66)
	at zapcg.Capillary.LocationPageTestCases.Location_TestCases.initialize(Location_TestCases.java:29)
	at java.base/java.util.ArrayList.forEach(ArrayList.java:1511)
	at java.base/java.util.concurrent.FutureTask.run(FutureTask.java:264)
	at java.base/java.util.concurrent.ThreadPoolExecutor.runWorker(ThreadPoolExecutor.java:1130)
	at java.base/java.util.concurrent.ThreadPoolExecutor$Worker.run(ThreadPoolExecutor.java:630)
	at java.base/java.lang.Thread.run(Thread.java:832)
... Removed 26 stack frames
</div> <!-- stack-trace -->
                </div> <!-- method-content -->
              </div> <!-- method -->
            </div> <!-- main-panel-content rounded-window-bottom -->
          </div> <!-- suite-TestSuite-class-skipped -->
          <div class="suite-TestSuite-class-skipped">
            <div class="main-panel-header rounded-window-top">
              <img src="skipped.png"/>
              <span class="class-name">zapcg.Capillary.LoginTestCases.Login_Invalid_TestCases</span>
            </div> <!-- main-panel-header rounded-window-top -->
            <div class="main-panel-content rounded-window-bottom">
              <div class="method">
                <div class="method-content">
                  <a name="testInvalidPassword">
                  </a> <!-- testInvalidPassword -->
                  <span class="method-name">testInvalidPassword</span>
                  <div class="stack-trace">org.openqa.selenium.NoSuchSessionException: Session ID is null. Using WebDriver after calling quit()?
Build info: version: &apos;4.21.0&apos;, revision: &apos;79ed462ef4&apos;
System info: os.name: &apos;Windows 10&apos;, os.arch: &apos;amd64&apos;, os.version: &apos;10.0&apos;, java.version: &apos;15.0.2&apos;
Driver info: org.openqa.selenium.chrome.ChromeDriver
Command: [null, get {url=https://d1msv2sqknn4w4.cloudfront.net}]
Capabilities {acceptInsecureCerts: false, browserName: chrome, browserVersion: 126.0.6478.57, chrome: {chromedriverVersion: 126.0.6478.61 (8dc092df54ce..., userDataDir: C:\Users\KAJALS~1\AppData\L...}, fedcm:accounts: true, goog:chromeOptions: {debuggerAddress: localhost:56747}, networkConnectionEnabled: false, pageLoadStrategy: normal, platformName: windows, proxy: Proxy(), se:cdp: ws://localhost:56747/devtoo..., se:cdpVersion: 126.0.6478.57, setWindowRect: true, strictFileInteractability: false, timeouts: {implicit: 0, pageLoad: 300000, script: 30000}, unhandledPromptBehavior: dismiss and notify, webauthn:extension:credBlob: true, webauthn:extension:largeBlob: true, webauthn:extension:minPinLength: true, webauthn:extension:prf: true, webauthn:virtualAuthenticators: true}
	at org.openqa.selenium.remote.HttpCommandExecutor.execute(HttpCommandExecutor.java:151)
	at org.openqa.selenium.remote.service.DriverCommandExecutor.invokeExecute(DriverCommandExecutor.java:216)
	at org.openqa.selenium.remote.service.DriverCommandExecutor.execute(DriverCommandExecutor.java:174)
	at org.openqa.selenium.remote.RemoteWebDriver.execute(RemoteWebDriver.java:518)
	at org.openqa.selenium.remote.RemoteWebDriver.get(RemoteWebDriver.java:300)
	at zapcg.Capillary.LoginTestCases.Login_Invalid_TestCases.initialize(Login_Invalid_TestCases.java:22)
	at java.base/java.util.ArrayList.forEach(ArrayList.java:1511)
	at java.base/java.util.concurrent.FutureTask.run(FutureTask.java:264)
	at java.base/java.util.concurrent.ThreadPoolExecutor.runWorker(ThreadPoolExecutor.java:1130)
	at java.base/java.util.concurrent.ThreadPoolExecutor$Worker.run(ThreadPoolExecutor.java:630)
	at java.base/java.lang.Thread.run(Thread.java:832)
... Removed 21 stack frames
</div> <!-- stack-trace -->
                </div> <!-- method-content -->
              </div> <!-- method -->
              <div class="method">
                <div class="method-content">
                  <a name="testInvalidUsername">
                  </a> <!-- testInvalidUsername -->
                  <span class="method-name">testInvalidUsername</span>
                  <div class="stack-trace">org.openqa.selenium.NoSuchSessionException: Session ID is null. Using WebDriver after calling quit()?
Build info: version: &apos;4.21.0&apos;, revision: &apos;79ed462ef4&apos;
System info: os.name: &apos;Windows 10&apos;, os.arch: &apos;amd64&apos;, os.version: &apos;10.0&apos;, java.version: &apos;15.0.2&apos;
Driver info: org.openqa.selenium.chrome.ChromeDriver
Command: [null, get {url=https://d1msv2sqknn4w4.cloudfront.net}]
Capabilities {acceptInsecureCerts: false, browserName: chrome, browserVersion: 126.0.6478.57, chrome: {chromedriverVersion: 126.0.6478.61 (8dc092df54ce..., userDataDir: C:\Users\KAJALS~1\AppData\L...}, fedcm:accounts: true, goog:chromeOptions: {debuggerAddress: localhost:56747}, networkConnectionEnabled: false, pageLoadStrategy: normal, platformName: windows, proxy: Proxy(), se:cdp: ws://localhost:56747/devtoo..., se:cdpVersion: 126.0.6478.57, setWindowRect: true, strictFileInteractability: false, timeouts: {implicit: 0, pageLoad: 300000, script: 30000}, unhandledPromptBehavior: dismiss and notify, webauthn:extension:credBlob: true, webauthn:extension:largeBlob: true, webauthn:extension:minPinLength: true, webauthn:extension:prf: true, webauthn:virtualAuthenticators: true}
	at org.openqa.selenium.remote.HttpCommandExecutor.execute(HttpCommandExecutor.java:151)
	at org.openqa.selenium.remote.service.DriverCommandExecutor.invokeExecute(DriverCommandExecutor.java:216)
	at org.openqa.selenium.remote.service.DriverCommandExecutor.execute(DriverCommandExecutor.java:174)
	at org.openqa.selenium.remote.RemoteWebDriver.execute(RemoteWebDriver.java:518)
	at org.openqa.selenium.remote.RemoteWebDriver.get(RemoteWebDriver.java:300)
	at zapcg.Capillary.LoginTestCases.Login_Invalid_TestCases.initialize(Login_Invalid_TestCases.java:22)
	at java.base/java.util.ArrayList.forEach(ArrayList.java:1511)
	at java.base/java.util.concurrent.FutureTask.run(FutureTask.java:264)
	at java.base/java.util.concurrent.ThreadPoolExecutor.runWorker(ThreadPoolExecutor.java:1130)
	at java.base/java.util.concurrent.ThreadPoolExecutor$Worker.run(ThreadPoolExecutor.java:630)
	at java.base/java.lang.Thread.run(Thread.java:832)
... Removed 21 stack frames
</div> <!-- stack-trace -->
                </div> <!-- method-content -->
              </div> <!-- method -->
              <div class="method">
                <div class="method-content">
                  <a name="testMinLengthPassword">
                  </a> <!-- testMinLengthPassword -->
                  <span class="method-name">testMinLengthPassword</span>
                  <div class="stack-trace">org.openqa.selenium.NoSuchSessionException: Session ID is null. Using WebDriver after calling quit()?
Build info: version: &apos;4.21.0&apos;, revision: &apos;79ed462ef4&apos;
System info: os.name: &apos;Windows 10&apos;, os.arch: &apos;amd64&apos;, os.version: &apos;10.0&apos;, java.version: &apos;15.0.2&apos;
Driver info: org.openqa.selenium.chrome.ChromeDriver
Command: [null, get {url=https://d1msv2sqknn4w4.cloudfront.net}]
Capabilities {acceptInsecureCerts: false, browserName: chrome, browserVersion: 126.0.6478.57, chrome: {chromedriverVersion: 126.0.6478.61 (8dc092df54ce..., userDataDir: C:\Users\KAJALS~1\AppData\L...}, fedcm:accounts: true, goog:chromeOptions: {debuggerAddress: localhost:56747}, networkConnectionEnabled: false, pageLoadStrategy: normal, platformName: windows, proxy: Proxy(), se:cdp: ws://localhost:56747/devtoo..., se:cdpVersion: 126.0.6478.57, setWindowRect: true, strictFileInteractability: false, timeouts: {implicit: 0, pageLoad: 300000, script: 30000}, unhandledPromptBehavior: dismiss and notify, webauthn:extension:credBlob: true, webauthn:extension:largeBlob: true, webauthn:extension:minPinLength: true, webauthn:extension:prf: true, webauthn:virtualAuthenticators: true}
	at org.openqa.selenium.remote.HttpCommandExecutor.execute(HttpCommandExecutor.java:151)
	at org.openqa.selenium.remote.service.DriverCommandExecutor.invokeExecute(DriverCommandExecutor.java:216)
	at org.openqa.selenium.remote.service.DriverCommandExecutor.execute(DriverCommandExecutor.java:174)
	at org.openqa.selenium.remote.RemoteWebDriver.execute(RemoteWebDriver.java:518)
	at org.openqa.selenium.remote.RemoteWebDriver.get(RemoteWebDriver.java:300)
	at zapcg.Capillary.LoginTestCases.Login_Invalid_TestCases.initialize(Login_Invalid_TestCases.java:22)
	at java.base/java.util.ArrayList.forEach(ArrayList.java:1511)
	at java.base/java.util.concurrent.FutureTask.run(FutureTask.java:264)
	at java.base/java.util.concurrent.ThreadPoolExecutor.runWorker(ThreadPoolExecutor.java:1130)
	at java.base/java.util.concurrent.ThreadPoolExecutor$Worker.run(ThreadPoolExecutor.java:630)
	at java.base/java.lang.Thread.run(Thread.java:832)
... Removed 21 stack frames
</div> <!-- stack-trace -->
                </div> <!-- method-content -->
              </div> <!-- method -->
              <div class="method">
                <div class="method-content">
                  <a name="testTooLongUsername">
                  </a> <!-- testTooLongUsername -->
                  <span class="method-name">testTooLongUsername</span>
                  <div class="stack-trace">org.openqa.selenium.NoSuchSessionException: Session ID is null. Using WebDriver after calling quit()?
Build info: version: &apos;4.21.0&apos;, revision: &apos;79ed462ef4&apos;
System info: os.name: &apos;Windows 10&apos;, os.arch: &apos;amd64&apos;, os.version: &apos;10.0&apos;, java.version: &apos;15.0.2&apos;
Driver info: org.openqa.selenium.chrome.ChromeDriver
Command: [null, get {url=https://d1msv2sqknn4w4.cloudfront.net}]
Capabilities {acceptInsecureCerts: false, browserName: chrome, browserVersion: 126.0.6478.57, chrome: {chromedriverVersion: 126.0.6478.61 (8dc092df54ce..., userDataDir: C:\Users\KAJALS~1\AppData\L...}, fedcm:accounts: true, goog:chromeOptions: {debuggerAddress: localhost:56747}, networkConnectionEnabled: false, pageLoadStrategy: normal, platformName: windows, proxy: Proxy(), se:cdp: ws://localhost:56747/devtoo..., se:cdpVersion: 126.0.6478.57, setWindowRect: true, strictFileInteractability: false, timeouts: {implicit: 0, pageLoad: 300000, script: 30000}, unhandledPromptBehavior: dismiss and notify, webauthn:extension:credBlob: true, webauthn:extension:largeBlob: true, webauthn:extension:minPinLength: true, webauthn:extension:prf: true, webauthn:virtualAuthenticators: true}
	at org.openqa.selenium.remote.HttpCommandExecutor.execute(HttpCommandExecutor.java:151)
	at org.openqa.selenium.remote.service.DriverCommandExecutor.invokeExecute(DriverCommandExecutor.java:216)
	at org.openqa.selenium.remote.service.DriverCommandExecutor.execute(DriverCommandExecutor.java:174)
	at org.openqa.selenium.remote.RemoteWebDriver.execute(RemoteWebDriver.java:518)
	at org.openqa.selenium.remote.RemoteWebDriver.get(RemoteWebDriver.java:300)
	at zapcg.Capillary.LoginTestCases.Login_Invalid_TestCases.initialize(Login_Invalid_TestCases.java:22)
	at java.base/java.util.ArrayList.forEach(ArrayList.java:1511)
	at java.base/java.util.concurrent.FutureTask.run(FutureTask.java:264)
	at java.base/java.util.concurrent.ThreadPoolExecutor.runWorker(ThreadPoolExecutor.java:1130)
	at java.base/java.util.concurrent.ThreadPoolExecutor$Worker.run(ThreadPoolExecutor.java:630)
	at java.base/java.lang.Thread.run(Thread.java:832)
... Removed 21 stack frames
</div> <!-- stack-trace -->
                </div> <!-- method-content -->
              </div> <!-- method -->
              <div class="method">
                <div class="method-content">
                  <a name="testUsernameWithSpaces">
                  </a> <!-- testUsernameWithSpaces -->
                  <span class="method-name">testUsernameWithSpaces</span>
                  <div class="stack-trace">org.openqa.selenium.NoSuchSessionException: Session ID is null. Using WebDriver after calling quit()?
Build info: version: &apos;4.21.0&apos;, revision: &apos;79ed462ef4&apos;
System info: os.name: &apos;Windows 10&apos;, os.arch: &apos;amd64&apos;, os.version: &apos;10.0&apos;, java.version: &apos;15.0.2&apos;
Driver info: org.openqa.selenium.chrome.ChromeDriver
Command: [null, get {url=https://d1msv2sqknn4w4.cloudfront.net}]
Capabilities {acceptInsecureCerts: false, browserName: chrome, browserVersion: 126.0.6478.57, chrome: {chromedriverVersion: 126.0.6478.61 (8dc092df54ce..., userDataDir: C:\Users\KAJALS~1\AppData\L...}, fedcm:accounts: true, goog:chromeOptions: {debuggerAddress: localhost:56747}, networkConnectionEnabled: false, pageLoadStrategy: normal, platformName: windows, proxy: Proxy(), se:cdp: ws://localhost:56747/devtoo..., se:cdpVersion: 126.0.6478.57, setWindowRect: true, strictFileInteractability: false, timeouts: {implicit: 0, pageLoad: 300000, script: 30000}, unhandledPromptBehavior: dismiss and notify, webauthn:extension:credBlob: true, webauthn:extension:largeBlob: true, webauthn:extension:minPinLength: true, webauthn:extension:prf: true, webauthn:virtualAuthenticators: true}
	at org.openqa.selenium.remote.HttpCommandExecutor.execute(HttpCommandExecutor.java:151)
	at org.openqa.selenium.remote.service.DriverCommandExecutor.invokeExecute(DriverCommandExecutor.java:216)
	at org.openqa.selenium.remote.service.DriverCommandExecutor.execute(DriverCommandExecutor.java:174)
	at org.openqa.selenium.remote.RemoteWebDriver.execute(RemoteWebDriver.java:518)
	at org.openqa.selenium.remote.RemoteWebDriver.get(RemoteWebDriver.java:300)
	at zapcg.Capillary.LoginTestCases.Login_Invalid_TestCases.initialize(Login_Invalid_TestCases.java:22)
	at java.base/java.util.ArrayList.forEach(ArrayList.java:1511)
	at java.base/java.util.concurrent.FutureTask.run(FutureTask.java:264)
	at java.base/java.util.concurrent.ThreadPoolExecutor.runWorker(ThreadPoolExecutor.java:1130)
	at java.base/java.util.concurrent.ThreadPoolExecutor$Worker.run(ThreadPoolExecutor.java:630)
	at java.base/java.lang.Thread.run(Thread.java:832)
... Removed 21 stack frames
</div> <!-- stack-trace -->
                </div> <!-- method-content -->
              </div> <!-- method -->
              <div class="method">
                <div class="method-content">
                  <a name="verifyForDisabledLoginButtonForEmptyPassword">
                  </a> <!-- verifyForDisabledLoginButtonForEmptyPassword -->
                  <span class="method-name">verifyForDisabledLoginButtonForEmptyPassword</span>
                  <div class="stack-trace">org.openqa.selenium.NoSuchSessionException: Session ID is null. Using WebDriver after calling quit()?
Build info: version: &apos;4.21.0&apos;, revision: &apos;79ed462ef4&apos;
System info: os.name: &apos;Windows 10&apos;, os.arch: &apos;amd64&apos;, os.version: &apos;10.0&apos;, java.version: &apos;15.0.2&apos;
Driver info: org.openqa.selenium.chrome.ChromeDriver
Command: [null, get {url=https://d1msv2sqknn4w4.cloudfront.net}]
Capabilities {acceptInsecureCerts: false, browserName: chrome, browserVersion: 126.0.6478.57, chrome: {chromedriverVersion: 126.0.6478.61 (8dc092df54ce..., userDataDir: C:\Users\KAJALS~1\AppData\L...}, fedcm:accounts: true, goog:chromeOptions: {debuggerAddress: localhost:56747}, networkConnectionEnabled: false, pageLoadStrategy: normal, platformName: windows, proxy: Proxy(), se:cdp: ws://localhost:56747/devtoo..., se:cdpVersion: 126.0.6478.57, setWindowRect: true, strictFileInteractability: false, timeouts: {implicit: 0, pageLoad: 300000, script: 30000}, unhandledPromptBehavior: dismiss and notify, webauthn:extension:credBlob: true, webauthn:extension:largeBlob: true, webauthn:extension:minPinLength: true, webauthn:extension:prf: true, webauthn:virtualAuthenticators: true}
	at org.openqa.selenium.remote.HttpCommandExecutor.execute(HttpCommandExecutor.java:151)
	at org.openqa.selenium.remote.service.DriverCommandExecutor.invokeExecute(DriverCommandExecutor.java:216)
	at org.openqa.selenium.remote.service.DriverCommandExecutor.execute(DriverCommandExecutor.java:174)
	at org.openqa.selenium.remote.RemoteWebDriver.execute(RemoteWebDriver.java:518)
	at org.openqa.selenium.remote.RemoteWebDriver.get(RemoteWebDriver.java:300)
	at zapcg.Capillary.LoginTestCases.Login_Invalid_TestCases.initialize(Login_Invalid_TestCases.java:22)
	at java.base/java.util.ArrayList.forEach(ArrayList.java:1511)
	at java.base/java.util.concurrent.FutureTask.run(FutureTask.java:264)
	at java.base/java.util.concurrent.ThreadPoolExecutor.runWorker(ThreadPoolExecutor.java:1130)
	at java.base/java.util.concurrent.ThreadPoolExecutor$Worker.run(ThreadPoolExecutor.java:630)
	at java.base/java.lang.Thread.run(Thread.java:832)
... Removed 21 stack frames
</div> <!-- stack-trace -->
                </div> <!-- method-content -->
              </div> <!-- method -->
              <div class="method">
                <div class="method-content">
                  <a name="verifyForDisabledLoginButtonForEmptyUsername">
                  </a> <!-- verifyForDisabledLoginButtonForEmptyUsername -->
                  <span class="method-name">verifyForDisabledLoginButtonForEmptyUsername</span>
                  <div class="stack-trace">org.openqa.selenium.NoSuchSessionException: Session ID is null. Using WebDriver after calling quit()?
Build info: version: &apos;4.21.0&apos;, revision: &apos;79ed462ef4&apos;
System info: os.name: &apos;Windows 10&apos;, os.arch: &apos;amd64&apos;, os.version: &apos;10.0&apos;, java.version: &apos;15.0.2&apos;
Driver info: org.openqa.selenium.chrome.ChromeDriver
Command: [null, get {url=https://d1msv2sqknn4w4.cloudfront.net}]
Capabilities {acceptInsecureCerts: false, browserName: chrome, browserVersion: 126.0.6478.57, chrome: {chromedriverVersion: 126.0.6478.61 (8dc092df54ce..., userDataDir: C:\Users\KAJALS~1\AppData\L...}, fedcm:accounts: true, goog:chromeOptions: {debuggerAddress: localhost:56747}, networkConnectionEnabled: false, pageLoadStrategy: normal, platformName: windows, proxy: Proxy(), se:cdp: ws://localhost:56747/devtoo..., se:cdpVersion: 126.0.6478.57, setWindowRect: true, strictFileInteractability: false, timeouts: {implicit: 0, pageLoad: 300000, script: 30000}, unhandledPromptBehavior: dismiss and notify, webauthn:extension:credBlob: true, webauthn:extension:largeBlob: true, webauthn:extension:minPinLength: true, webauthn:extension:prf: true, webauthn:virtualAuthenticators: true}
	at org.openqa.selenium.remote.HttpCommandExecutor.execute(HttpCommandExecutor.java:151)
	at org.openqa.selenium.remote.service.DriverCommandExecutor.invokeExecute(DriverCommandExecutor.java:216)
	at org.openqa.selenium.remote.service.DriverCommandExecutor.execute(DriverCommandExecutor.java:174)
	at org.openqa.selenium.remote.RemoteWebDriver.execute(RemoteWebDriver.java:518)
	at org.openqa.selenium.remote.RemoteWebDriver.get(RemoteWebDriver.java:300)
	at zapcg.Capillary.LoginTestCases.Login_Invalid_TestCases.initialize(Login_Invalid_TestCases.java:22)
	at java.base/java.util.ArrayList.forEach(ArrayList.java:1511)
	at java.base/java.util.concurrent.FutureTask.run(FutureTask.java:264)
	at java.base/java.util.concurrent.ThreadPoolExecutor.runWorker(ThreadPoolExecutor.java:1130)
	at java.base/java.util.concurrent.ThreadPoolExecutor$Worker.run(ThreadPoolExecutor.java:630)
	at java.base/java.lang.Thread.run(Thread.java:832)
... Removed 21 stack frames
</div> <!-- stack-trace -->
                </div> <!-- method-content -->
              </div> <!-- method -->
              <div class="method">
                <div class="method-content">
                  <a name="verifyForDisabledLoginButtonForEmptyUsernamePassword">
                  </a> <!-- verifyForDisabledLoginButtonForEmptyUsernamePassword -->
                  <span class="method-name">verifyForDisabledLoginButtonForEmptyUsernamePassword</span>
                  <div class="stack-trace">org.openqa.selenium.NoSuchSessionException: Session ID is null. Using WebDriver after calling quit()?
Build info: version: &apos;4.21.0&apos;, revision: &apos;79ed462ef4&apos;
System info: os.name: &apos;Windows 10&apos;, os.arch: &apos;amd64&apos;, os.version: &apos;10.0&apos;, java.version: &apos;15.0.2&apos;
Driver info: org.openqa.selenium.chrome.ChromeDriver
Command: [null, get {url=https://d1msv2sqknn4w4.cloudfront.net}]
Capabilities {acceptInsecureCerts: false, browserName: chrome, browserVersion: 126.0.6478.57, chrome: {chromedriverVersion: 126.0.6478.61 (8dc092df54ce..., userDataDir: C:\Users\KAJALS~1\AppData\L...}, fedcm:accounts: true, goog:chromeOptions: {debuggerAddress: localhost:56747}, networkConnectionEnabled: false, pageLoadStrategy: normal, platformName: windows, proxy: Proxy(), se:cdp: ws://localhost:56747/devtoo..., se:cdpVersion: 126.0.6478.57, setWindowRect: true, strictFileInteractability: false, timeouts: {implicit: 0, pageLoad: 300000, script: 30000}, unhandledPromptBehavior: dismiss and notify, webauthn:extension:credBlob: true, webauthn:extension:largeBlob: true, webauthn:extension:minPinLength: true, webauthn:extension:prf: true, webauthn:virtualAuthenticators: true}
	at org.openqa.selenium.remote.HttpCommandExecutor.execute(HttpCommandExecutor.java:151)
	at org.openqa.selenium.remote.service.DriverCommandExecutor.invokeExecute(DriverCommandExecutor.java:216)
	at org.openqa.selenium.remote.service.DriverCommandExecutor.execute(DriverCommandExecutor.java:174)
	at org.openqa.selenium.remote.RemoteWebDriver.execute(RemoteWebDriver.java:518)
	at org.openqa.selenium.remote.RemoteWebDriver.get(RemoteWebDriver.java:300)
	at zapcg.Capillary.LoginTestCases.Login_Invalid_TestCases.initialize(Login_Invalid_TestCases.java:22)
	at java.base/java.util.ArrayList.forEach(ArrayList.java:1511)
	at java.base/java.util.concurrent.FutureTask.run(FutureTask.java:264)
	at java.base/java.util.concurrent.ThreadPoolExecutor.runWorker(ThreadPoolExecutor.java:1130)
	at java.base/java.util.concurrent.ThreadPoolExecutor$Worker.run(ThreadPoolExecutor.java:630)
	at java.base/java.lang.Thread.run(Thread.java:832)
... Removed 21 stack frames
</div> <!-- stack-trace -->
                </div> <!-- method-content -->
              </div> <!-- method -->
              <div class="method">
                <div class="method-content">
                  <a name="verifyForEnabledLoginButton">
                  </a> <!-- verifyForEnabledLoginButton -->
                  <span class="method-name">verifyForEnabledLoginButton</span>
                  <div class="stack-trace">org.openqa.selenium.NoSuchSessionException: Session ID is null. Using WebDriver after calling quit()?
Build info: version: &apos;4.21.0&apos;, revision: &apos;79ed462ef4&apos;
System info: os.name: &apos;Windows 10&apos;, os.arch: &apos;amd64&apos;, os.version: &apos;10.0&apos;, java.version: &apos;15.0.2&apos;
Driver info: org.openqa.selenium.chrome.ChromeDriver
Command: [null, get {url=https://d1msv2sqknn4w4.cloudfront.net}]
Capabilities {acceptInsecureCerts: false, browserName: chrome, browserVersion: 126.0.6478.57, chrome: {chromedriverVersion: 126.0.6478.61 (8dc092df54ce..., userDataDir: C:\Users\KAJALS~1\AppData\L...}, fedcm:accounts: true, goog:chromeOptions: {debuggerAddress: localhost:56747}, networkConnectionEnabled: false, pageLoadStrategy: normal, platformName: windows, proxy: Proxy(), se:cdp: ws://localhost:56747/devtoo..., se:cdpVersion: 126.0.6478.57, setWindowRect: true, strictFileInteractability: false, timeouts: {implicit: 0, pageLoad: 300000, script: 30000}, unhandledPromptBehavior: dismiss and notify, webauthn:extension:credBlob: true, webauthn:extension:largeBlob: true, webauthn:extension:minPinLength: true, webauthn:extension:prf: true, webauthn:virtualAuthenticators: true}
	at org.openqa.selenium.remote.HttpCommandExecutor.execute(HttpCommandExecutor.java:151)
	at org.openqa.selenium.remote.service.DriverCommandExecutor.invokeExecute(DriverCommandExecutor.java:216)
	at org.openqa.selenium.remote.service.DriverCommandExecutor.execute(DriverCommandExecutor.java:174)
	at org.openqa.selenium.remote.RemoteWebDriver.execute(RemoteWebDriver.java:518)
	at org.openqa.selenium.remote.RemoteWebDriver.get(RemoteWebDriver.java:300)
	at zapcg.Capillary.LoginTestCases.Login_Invalid_TestCases.initialize(Login_Invalid_TestCases.java:22)
	at java.base/java.util.ArrayList.forEach(ArrayList.java:1511)
	at java.base/java.util.concurrent.FutureTask.run(FutureTask.java:264)
	at java.base/java.util.concurrent.ThreadPoolExecutor.runWorker(ThreadPoolExecutor.java:1130)
	at java.base/java.util.concurrent.ThreadPoolExecutor$Worker.run(ThreadPoolExecutor.java:630)
	at java.base/java.lang.Thread.run(Thread.java:832)
... Removed 21 stack frames
</div> <!-- stack-trace -->
                </div> <!-- method-content -->
              </div> <!-- method -->
            </div> <!-- main-panel-content rounded-window-bottom -->
          </div> <!-- suite-TestSuite-class-skipped -->
          <div class="suite-TestSuite-class-passed">
            <div class="main-panel-header rounded-window-top">
              <img src="passed.png"/>
              <span class="class-name">zapcg.Capillary.LoginTestCases.Login_Valid_TestCases</span>
            </div> <!-- main-panel-header rounded-window-top -->
            <div class="main-panel-content rounded-window-bottom">
              <div class="method">
                <div class="method-content">
                  <a name="testValidLogin">
                  </a> <!-- testValidLogin -->
                  <span class="method-name">testValidLogin</span>
                </div> <!-- method-content -->
              </div> <!-- method -->
              <div class="method">
                <div class="method-content">
                  <a name="testValidLogin">
                  </a> <!-- testValidLogin -->
                  <span class="method-name">testValidLogin</span>
                </div> <!-- method-content -->
              </div> <!-- method -->
              <div class="method">
                <div class="method-content">
                  <a name="testValidLogin">
                  </a> <!-- testValidLogin -->
                  <span class="method-name">testValidLogin</span>
                </div> <!-- method-content -->
              </div> <!-- method -->
              <div class="method">
                <div class="method-content">
                  <a name="testValidLogin">
                  </a> <!-- testValidLogin -->
                  <span class="method-name">testValidLogin</span>
                </div> <!-- method-content -->
              </div> <!-- method -->
              <div class="method">
                <div class="method-content">
                  <a name="testValidLogin">
                  </a> <!-- testValidLogin -->
                  <span class="method-name">testValidLogin</span>
                </div> <!-- method-content -->
              </div> <!-- method -->
            </div> <!-- main-panel-content rounded-window-bottom -->
          </div> <!-- suite-TestSuite-class-passed -->
          <div class="suite-TestSuite-class-passed">
            <div class="main-panel-header rounded-window-top">
              <img src="passed.png"/>
              <span class="class-name">zapcg.Capillary.LoginTestCases.Login_Invalid_TestCases</span>
            </div> <!-- main-panel-header rounded-window-top -->
            <div class="main-panel-content rounded-window-bottom">
              <div class="method">
                <div class="method-content">
                  <a name="testInvalidPassword">
                  </a> <!-- testInvalidPassword -->
                  <span class="method-name">testInvalidPassword</span>
                </div> <!-- method-content -->
              </div> <!-- method -->
              <div class="method">
                <div class="method-content">
                  <a name="testInvalidPassword">
                  </a> <!-- testInvalidPassword -->
                  <span class="method-name">testInvalidPassword</span>
                </div> <!-- method-content -->
              </div> <!-- method -->
              <div class="method">
                <div class="method-content">
                  <a name="testInvalidPassword">
                  </a> <!-- testInvalidPassword -->
                  <span class="method-name">testInvalidPassword</span>
                </div> <!-- method-content -->
              </div> <!-- method -->
              <div class="method">
                <div class="method-content">
                  <a name="testInvalidPassword">
                  </a> <!-- testInvalidPassword -->
                  <span class="method-name">testInvalidPassword</span>
                </div> <!-- method-content -->
              </div> <!-- method -->
              <div class="method">
                <div class="method-content">
                  <a name="testInvalidUsername">
                  </a> <!-- testInvalidUsername -->
                  <span class="method-name">testInvalidUsername</span>
                </div> <!-- method-content -->
              </div> <!-- method -->
              <div class="method">
                <div class="method-content">
                  <a name="testMinLengthPassword">
                  </a> <!-- testMinLengthPassword -->
                  <span class="method-name">testMinLengthPassword</span>
                </div> <!-- method-content -->
              </div> <!-- method -->
              <div class="method">
                <div class="method-content">
                  <a name="testMinLengthPassword">
                  </a> <!-- testMinLengthPassword -->
                  <span class="method-name">testMinLengthPassword</span>
                </div> <!-- method-content -->
              </div> <!-- method -->
              <div class="method">
                <div class="method-content">
                  <a name="testMinLengthPassword">
                  </a> <!-- testMinLengthPassword -->
                  <span class="method-name">testMinLengthPassword</span>
                </div> <!-- method-content -->
              </div> <!-- method -->
              <div class="method">
                <div class="method-content">
                  <a name="testMinLengthPassword">
                  </a> <!-- testMinLengthPassword -->
                  <span class="method-name">testMinLengthPassword</span>
                </div> <!-- method-content -->
              </div> <!-- method -->
              <div class="method">
                <div class="method-content">
                  <a name="testMinLengthPassword">
                  </a> <!-- testMinLengthPassword -->
                  <span class="method-name">testMinLengthPassword</span>
                </div> <!-- method-content -->
              </div> <!-- method -->
              <div class="method">
                <div class="method-content">
                  <a name="testTooLongUsername">
                  </a> <!-- testTooLongUsername -->
                  <span class="method-name">testTooLongUsername</span>
                </div> <!-- method-content -->
              </div> <!-- method -->
              <div class="method">
                <div class="method-content">
                  <a name="testTooLongUsername">
                  </a> <!-- testTooLongUsername -->
                  <span class="method-name">testTooLongUsername</span>
                </div> <!-- method-content -->
              </div> <!-- method -->
              <div class="method">
                <div class="method-content">
                  <a name="testTooLongUsername">
                  </a> <!-- testTooLongUsername -->
                  <span class="method-name">testTooLongUsername</span>
                </div> <!-- method-content -->
              </div> <!-- method -->
              <div class="method">
                <div class="method-content">
                  <a name="testTooLongUsername">
                  </a> <!-- testTooLongUsername -->
                  <span class="method-name">testTooLongUsername</span>
                </div> <!-- method-content -->
              </div> <!-- method -->
              <div class="method">
                <div class="method-content">
                  <a name="testTooLongUsername">
                  </a> <!-- testTooLongUsername -->
                  <span class="method-name">testTooLongUsername</span>
                </div> <!-- method-content -->
              </div> <!-- method -->
              <div class="method">
                <div class="method-content">
                  <a name="testUsernameWithSpaces">
                  </a> <!-- testUsernameWithSpaces -->
                  <span class="method-name">testUsernameWithSpaces</span>
                </div> <!-- method-content -->
              </div> <!-- method -->
              <div class="method">
                <div class="method-content">
                  <a name="testUsernameWithSpaces">
                  </a> <!-- testUsernameWithSpaces -->
                  <span class="method-name">testUsernameWithSpaces</span>
                </div> <!-- method-content -->
              </div> <!-- method -->
              <div class="method">
                <div class="method-content">
                  <a name="testUsernameWithSpaces">
                  </a> <!-- testUsernameWithSpaces -->
                  <span class="method-name">testUsernameWithSpaces</span>
                </div> <!-- method-content -->
              </div> <!-- method -->
              <div class="method">
                <div class="method-content">
                  <a name="testUsernameWithSpaces">
                  </a> <!-- testUsernameWithSpaces -->
                  <span class="method-name">testUsernameWithSpaces</span>
                </div> <!-- method-content -->
              </div> <!-- method -->
              <div class="method">
                <div class="method-content">
                  <a name="testUsernameWithSpaces">
                  </a> <!-- testUsernameWithSpaces -->
                  <span class="method-name">testUsernameWithSpaces</span>
                </div> <!-- method-content -->
              </div> <!-- method -->
              <div class="method">
                <div class="method-content">
                  <a name="verifyForDisabledLoginButtonForEmptyPassword">
                  </a> <!-- verifyForDisabledLoginButtonForEmptyPassword -->
                  <span class="method-name">verifyForDisabledLoginButtonForEmptyPassword</span>
                </div> <!-- method-content -->
              </div> <!-- method -->
              <div class="method">
                <div class="method-content">
                  <a name="verifyForDisabledLoginButtonForEmptyPassword">
                  </a> <!-- verifyForDisabledLoginButtonForEmptyPassword -->
                  <span class="method-name">verifyForDisabledLoginButtonForEmptyPassword</span>
                </div> <!-- method-content -->
              </div> <!-- method -->
              <div class="method">
                <div class="method-content">
                  <a name="verifyForDisabledLoginButtonForEmptyPassword">
                  </a> <!-- verifyForDisabledLoginButtonForEmptyPassword -->
                  <span class="method-name">verifyForDisabledLoginButtonForEmptyPassword</span>
                </div> <!-- method-content -->
              </div> <!-- method -->
              <div class="method">
                <div class="method-content">
                  <a name="verifyForDisabledLoginButtonForEmptyPassword">
                  </a> <!-- verifyForDisabledLoginButtonForEmptyPassword -->
                  <span class="method-name">verifyForDisabledLoginButtonForEmptyPassword</span>
                </div> <!-- method-content -->
              </div> <!-- method -->
              <div class="method">
                <div class="method-content">
                  <a name="verifyForDisabledLoginButtonForEmptyPassword">
                  </a> <!-- verifyForDisabledLoginButtonForEmptyPassword -->
                  <span class="method-name">verifyForDisabledLoginButtonForEmptyPassword</span>
                </div> <!-- method-content -->
              </div> <!-- method -->
              <div class="method">
                <div class="method-content">
                  <a name="verifyForDisabledLoginButtonForEmptyUsername">
                  </a> <!-- verifyForDisabledLoginButtonForEmptyUsername -->
                  <span class="method-name">verifyForDisabledLoginButtonForEmptyUsername</span>
                </div> <!-- method-content -->
              </div> <!-- method -->
              <div class="method">
                <div class="method-content">
                  <a name="verifyForDisabledLoginButtonForEmptyUsername">
                  </a> <!-- verifyForDisabledLoginButtonForEmptyUsername -->
                  <span class="method-name">verifyForDisabledLoginButtonForEmptyUsername</span>
                </div> <!-- method-content -->
              </div> <!-- method -->
              <div class="method">
                <div class="method-content">
                  <a name="verifyForDisabledLoginButtonForEmptyUsername">
                  </a> <!-- verifyForDisabledLoginButtonForEmptyUsername -->
                  <span class="method-name">verifyForDisabledLoginButtonForEmptyUsername</span>
                </div> <!-- method-content -->
              </div> <!-- method -->
              <div class="method">
                <div class="method-content">
                  <a name="verifyForDisabledLoginButtonForEmptyUsername">
                  </a> <!-- verifyForDisabledLoginButtonForEmptyUsername -->
                  <span class="method-name">verifyForDisabledLoginButtonForEmptyUsername</span>
                </div> <!-- method-content -->
              </div> <!-- method -->
              <div class="method">
                <div class="method-content">
                  <a name="verifyForDisabledLoginButtonForEmptyUsername">
                  </a> <!-- verifyForDisabledLoginButtonForEmptyUsername -->
                  <span class="method-name">verifyForDisabledLoginButtonForEmptyUsername</span>
                </div> <!-- method-content -->
              </div> <!-- method -->
              <div class="method">
                <div class="method-content">
                  <a name="verifyForDisabledLoginButtonForEmptyUsernamePassword">
                  </a> <!-- verifyForDisabledLoginButtonForEmptyUsernamePassword -->
                  <span class="method-name">verifyForDisabledLoginButtonForEmptyUsernamePassword</span>
                </div> <!-- method-content -->
              </div> <!-- method -->
              <div class="method">
                <div class="method-content">
                  <a name="verifyForDisabledLoginButtonForEmptyUsernamePassword">
                  </a> <!-- verifyForDisabledLoginButtonForEmptyUsernamePassword -->
                  <span class="method-name">verifyForDisabledLoginButtonForEmptyUsernamePassword</span>
                </div> <!-- method-content -->
              </div> <!-- method -->
              <div class="method">
                <div class="method-content">
                  <a name="verifyForDisabledLoginButtonForEmptyUsernamePassword">
                  </a> <!-- verifyForDisabledLoginButtonForEmptyUsernamePassword -->
                  <span class="method-name">verifyForDisabledLoginButtonForEmptyUsernamePassword</span>
                </div> <!-- method-content -->
              </div> <!-- method -->
              <div class="method">
                <div class="method-content">
                  <a name="verifyForDisabledLoginButtonForEmptyUsernamePassword">
                  </a> <!-- verifyForDisabledLoginButtonForEmptyUsernamePassword -->
                  <span class="method-name">verifyForDisabledLoginButtonForEmptyUsernamePassword</span>
                </div> <!-- method-content -->
              </div> <!-- method -->
              <div class="method">
                <div class="method-content">
                  <a name="verifyForDisabledLoginButtonForEmptyUsernamePassword">
                  </a> <!-- verifyForDisabledLoginButtonForEmptyUsernamePassword -->
                  <span class="method-name">verifyForDisabledLoginButtonForEmptyUsernamePassword</span>
                </div> <!-- method-content -->
              </div> <!-- method -->
              <div class="method">
                <div class="method-content">
                  <a name="verifyForEnabledLoginButton">
                  </a> <!-- verifyForEnabledLoginButton -->
                  <span class="method-name">verifyForEnabledLoginButton</span>
                </div> <!-- method-content -->
              </div> <!-- method -->
              <div class="method">
                <div class="method-content">
                  <a name="verifyForEnabledLoginButton">
                  </a> <!-- verifyForEnabledLoginButton -->
                  <span class="method-name">verifyForEnabledLoginButton</span>
                </div> <!-- method-content -->
              </div> <!-- method -->
              <div class="method">
                <div class="method-content">
                  <a name="verifyForEnabledLoginButton">
                  </a> <!-- verifyForEnabledLoginButton -->
                  <span class="method-name">verifyForEnabledLoginButton</span>
                </div> <!-- method-content -->
              </div> <!-- method -->
              <div class="method">
                <div class="method-content">
                  <a name="verifyForEnabledLoginButton">
                  </a> <!-- verifyForEnabledLoginButton -->
                  <span class="method-name">verifyForEnabledLoginButton</span>
                </div> <!-- method-content -->
              </div> <!-- method -->
              <div class="method">
                <div class="method-content">
                  <a name="verifyForEnabledLoginButton">
                  </a> <!-- verifyForEnabledLoginButton -->
                  <span class="method-name">verifyForEnabledLoginButton</span>
                </div> <!-- method-content -->
              </div> <!-- method -->
            </div> <!-- main-panel-content rounded-window-bottom -->
          </div> <!-- suite-TestSuite-class-passed -->
        </div> <!-- panel TestSuite -->
        <div panel-name="test-xml-TestSuite" class="panel">
          <div class="main-panel-header rounded-window-top">
            <span class="header-content">C:\Users\KajalSharma\eclipse-workspace\Capillary\Capillary_Framework\testNgSuite.xml</span>
          </div> <!-- main-panel-header rounded-window-top -->
          <div class="main-panel-content rounded-window-bottom">
            <pre>
&lt;?xml version=&quot;1.0&quot; encoding=&quot;UTF-8&quot;?&gt;
&lt;!DOCTYPE suite SYSTEM &quot;https://testng.org/testng-1.0.dtd&quot;&gt;
&lt;suite thread-count=&quot;1&quot; parallel=&quot;tests&quot; name=&quot;TestSuite&quot; guice-stage=&quot;DEVELOPMENT&quot; verbose=&quot;0&quot;&gt;
  &lt;test thread-count=&quot;1&quot; parallel=&quot;tests&quot; name=&quot;LoginTestsChromeBrowserTabletPortrait&quot; verbose=&quot;0&quot;&gt;
    &lt;parameter name=&quot;browser&quot; value=&quot;chrome&quot;/&gt;
    &lt;parameter name=&quot;deviceName&quot; value=&quot;Tablet Portrait&quot;/&gt;
    &lt;classes&gt;
      &lt;class name=&quot;zapcg.Capillary.LoginTestCases.Login_Valid_TestCases&quot;/&gt;
      &lt;class name=&quot;zapcg.Capillary.LoginTestCases.Login_Invalid_TestCases&quot;/&gt;
      &lt;class name=&quot;zapcg.Capillary.LocationPageTestCases.Location_TestCases&quot;/&gt;
    &lt;/classes&gt;
  &lt;/test&gt; &lt;!-- LoginTestsChromeBrowserTabletPortrait --&gt;
  &lt;test thread-count=&quot;1&quot; parallel=&quot;tests&quot; name=&quot;LoginTestsFirefoxBrowserTabletPortrait&quot; verbose=&quot;0&quot;&gt;
    &lt;parameter name=&quot;browser&quot; value=&quot;firefox&quot;/&gt;
    &lt;parameter name=&quot;deviceName&quot; value=&quot;Tablet Portrait&quot;/&gt;
    &lt;classes&gt;
      &lt;class name=&quot;zapcg.Capillary.LoginTestCases.Login_Valid_TestCases&quot;/&gt;
      &lt;class name=&quot;zapcg.Capillary.LoginTestCases.Login_Invalid_TestCases&quot;/&gt;
      &lt;class name=&quot;zapcg.Capillary.LocationPageTestCases.Location_TestCases&quot;/&gt;
    &lt;/classes&gt;
  &lt;/test&gt; &lt;!-- LoginTestsFirefoxBrowserTabletPortrait --&gt;
  &lt;test thread-count=&quot;1&quot; parallel=&quot;tests&quot; name=&quot;LoginTestsChromeBrowserTabletLandscape&quot; verbose=&quot;0&quot;&gt;
    &lt;parameter name=&quot;browser&quot; value=&quot;chrome&quot;/&gt;
    &lt;parameter name=&quot;deviceName&quot; value=&quot;Tablet Landscape&quot;/&gt;
    &lt;classes&gt;
      &lt;class name=&quot;zapcg.Capillary.LoginTestCases.Login_Valid_TestCases&quot;/&gt;
      &lt;class name=&quot;zapcg.Capillary.LoginTestCases.Login_Invalid_TestCases&quot;/&gt;
      &lt;class name=&quot;zapcg.Capillary.LocationPageTestCases.Location_TestCases&quot;/&gt;
    &lt;/classes&gt;
  &lt;/test&gt; &lt;!-- LoginTestsChromeBrowserTabletLandscape --&gt;
  &lt;test thread-count=&quot;1&quot; parallel=&quot;tests&quot; name=&quot;LoginTestsFirefoxBrowserTabletLandscape&quot; verbose=&quot;0&quot;&gt;
    &lt;parameter name=&quot;browser&quot; value=&quot;firefox&quot;/&gt;
    &lt;parameter name=&quot;deviceName&quot; value=&quot;Tablet Landscape&quot;/&gt;
    &lt;classes&gt;
      &lt;class name=&quot;zapcg.Capillary.LoginTestCases.Login_Valid_TestCases&quot;/&gt;
      &lt;class name=&quot;zapcg.Capillary.LoginTestCases.Login_Invalid_TestCases&quot;/&gt;
      &lt;class name=&quot;zapcg.Capillary.LocationPageTestCases.Location_TestCases&quot;/&gt;
    &lt;/classes&gt;
  &lt;/test&gt; &lt;!-- LoginTestsFirefoxBrowserTabletLandscape --&gt;
  &lt;test thread-count=&quot;1&quot; parallel=&quot;tests&quot; name=&quot;LoginTestsChromeBrowseriPhone11ProPortrait&quot; verbose=&quot;0&quot;&gt;
    &lt;parameter name=&quot;browser&quot; value=&quot;chrome&quot;/&gt;
    &lt;parameter name=&quot;deviceName&quot; value=&quot;iPhone 11 Pro Portrait&quot;/&gt;
    &lt;classes&gt;
      &lt;class name=&quot;zapcg.Capillary.LoginTestCases.Login_Valid_TestCases&quot;/&gt;
      &lt;class name=&quot;zapcg.Capillary.LoginTestCases.Login_Invalid_TestCases&quot;/&gt;
      &lt;class name=&quot;zapcg.Capillary.LocationPageTestCases.Location_TestCases&quot;/&gt;
    &lt;/classes&gt;
  &lt;/test&gt; &lt;!-- LoginTestsChromeBrowseriPhone11ProPortrait --&gt;
  &lt;test thread-count=&quot;1&quot; parallel=&quot;tests&quot; name=&quot;LoginTestsFirefoxBrowseriPhone11ProPortrait&quot; verbose=&quot;0&quot;&gt;
    &lt;parameter name=&quot;browser&quot; value=&quot;firefox&quot;/&gt;
    &lt;parameter name=&quot;deviceName&quot; value=&quot;iPhone 11 Pro Portrait&quot;/&gt;
    &lt;classes&gt;
      &lt;class name=&quot;zapcg.Capillary.LoginTestCases.Login_Valid_TestCases&quot;/&gt;
      &lt;class name=&quot;zapcg.Capillary.LoginTestCases.Login_Invalid_TestCases&quot;/&gt;
      &lt;class name=&quot;zapcg.Capillary.LocationPageTestCases.Location_TestCases&quot;/&gt;
    &lt;/classes&gt;
  &lt;/test&gt; &lt;!-- LoginTestsFirefoxBrowseriPhone11ProPortrait --&gt;
&lt;/suite&gt; &lt;!-- TestSuite --&gt;
            </pre>
          </div> <!-- main-panel-content rounded-window-bottom -->
        </div> <!-- panel -->
        <div panel-name="testlist-TestSuite" class="panel">
          <div class="main-panel-header rounded-window-top">
            <span class="header-content">Tests for TestSuite</span>
          </div> <!-- main-panel-header rounded-window-top -->
          <div class="main-panel-content rounded-window-bottom">
            <ul>
              <li>
                <span class="test-name">LoginTestsChromeBrowserTabletPortrait (3 classes)</span>
              </li>
              <li>
                <span class="test-name">LoginTestsFirefoxBrowserTabletPortrait (3 classes)</span>
              </li>
              <li>
                <span class="test-name">LoginTestsChromeBrowserTabletLandscape (3 classes)</span>
              </li>
              <li>
                <span class="test-name">LoginTestsFirefoxBrowserTabletLandscape (3 classes)</span>
              </li>
              <li>
                <span class="test-name">LoginTestsChromeBrowseriPhone11ProPortrait (3 classes)</span>
              </li>
              <li>
                <span class="test-name">LoginTestsFirefoxBrowseriPhone11ProPortrait (3 classes)</span>
              </li>
            </ul>
          </div> <!-- main-panel-content rounded-window-bottom -->
        </div> <!-- panel -->
        <div panel-name="group-TestSuite" class="panel">
          <div class="main-panel-header rounded-window-top">
            <span class="header-content">Groups for TestSuite</span>
          </div> <!-- main-panel-header rounded-window-top -->
          <div class="main-panel-content rounded-window-bottom">
          </div> <!-- main-panel-content rounded-window-bottom -->
        </div> <!-- panel -->
        <div panel-name="times-TestSuite" class="panel">
          <div class="main-panel-header rounded-window-top">
            <span class="header-content">Times for TestSuite</span>
          </div> <!-- main-panel-header rounded-window-top -->
          <div class="main-panel-content rounded-window-bottom">
            <div class="times-div">
              <script type="text/javascript">
suiteTableInitFunctions.push('tableData_TestSuite');
function tableData_TestSuite() {
var data = new google.visualization.DataTable();
data.addColumn('number', 'Number');
data.addColumn('string', 'Method');
data.addColumn('string', 'Class');
data.addColumn('number', 'Time (ms)');
data.addRows(66);
data.setCell(0, 0, 0)
data.setCell(0, 1, 'testInvalidUsername')
data.setCell(0, 2, 'zapcg.Capillary.LoginTestCases.Login_Invalid_TestCases')
data.setCell(0, 3, 60450);
data.setCell(1, 0, 1)
data.setCell(1, 1, 'testInvalidUsername')
data.setCell(1, 2, 'zapcg.Capillary.LoginTestCases.Login_Invalid_TestCases')
data.setCell(1, 3, 60396);
data.setCell(2, 0, 2)
data.setCell(2, 1, 'testInvalidUsername')
data.setCell(2, 2, 'zapcg.Capillary.LoginTestCases.Login_Invalid_TestCases')
data.setCell(2, 3, 60360);
data.setCell(3, 0, 3)
data.setCell(3, 1, 'verifyHeaderOfMemberLookupScreen')
data.setCell(3, 2, 'zapcg.Capillary.LocationPageTestCases.Location_TestCases')
data.setCell(3, 3, 32666);
data.setCell(4, 0, 4)
data.setCell(4, 1, 'verifyHeaderOfMemberLookupScreen')
data.setCell(4, 2, 'zapcg.Capillary.LocationPageTestCases.Location_TestCases')
data.setCell(4, 3, 32576);
data.setCell(5, 0, 5)
data.setCell(5, 1, 'verifyHeaderOfMemberLookupScreen')
data.setCell(5, 2, 'zapcg.Capillary.LocationPageTestCases.Location_TestCases')
data.setCell(5, 3, 32404);
data.setCell(6, 0, 6)
data.setCell(6, 1, 'verifyHeaderOfMemberLookupScreen')
data.setCell(6, 2, 'zapcg.Capillary.LocationPageTestCases.Location_TestCases')
data.setCell(6, 3, 31893);
data.setCell(7, 0, 7)
data.setCell(7, 1, 'verifyHeaderOfMemberLookupScreen')
data.setCell(7, 2, 'zapcg.Capillary.LocationPageTestCases.Location_TestCases')
data.setCell(7, 3, 31845);
data.setCell(8, 0, 8)
data.setCell(8, 1, 'testInvalidUsername')
data.setCell(8, 2, 'zapcg.Capillary.LoginTestCases.Login_Invalid_TestCases')
data.setCell(8, 3, 30834);
data.setCell(9, 0, 9)
data.setCell(9, 1, 'testInvalidPassword')
data.setCell(9, 2, 'zapcg.Capillary.LoginTestCases.Login_Invalid_TestCases')
data.setCell(9, 3, 10552);
data.setCell(10, 0, 10)
data.setCell(10, 1, 'testValidLogin')
data.setCell(10, 2, 'zapcg.Capillary.LoginTestCases.Login_Valid_TestCases')
data.setCell(10, 3, 3559);
data.setCell(11, 0, 11)
data.setCell(11, 1, 'testValidLogin')
data.setCell(11, 2, 'zapcg.Capillary.LoginTestCases.Login_Valid_TestCases')
data.setCell(11, 3, 3354);
data.setCell(12, 0, 12)
data.setCell(12, 1, 'testValidLogin')
data.setCell(12, 2, 'zapcg.Capillary.LoginTestCases.Login_Valid_TestCases')
data.setCell(12, 3, 3329);
data.setCell(13, 0, 13)
data.setCell(13, 1, 'testValidLogin')
data.setCell(13, 2, 'zapcg.Capillary.LoginTestCases.Login_Valid_TestCases')
data.setCell(13, 3, 3143);
data.setCell(14, 0, 14)
data.setCell(14, 1, 'testValidLogin')
data.setCell(14, 2, 'zapcg.Capillary.LoginTestCases.Login_Valid_TestCases')
data.setCell(14, 3, 3074);
data.setCell(15, 0, 15)
data.setCell(15, 1, 'verifyForEnabledLoginButton')
data.setCell(15, 2, 'zapcg.Capillary.LoginTestCases.Login_Invalid_TestCases')
data.setCell(15, 3, 2778);
data.setCell(16, 0, 16)
data.setCell(16, 1, 'verifyForEnabledLoginButton')
data.setCell(16, 2, 'zapcg.Capillary.LoginTestCases.Login_Invalid_TestCases')
data.setCell(16, 3, 2758);
data.setCell(17, 0, 17)
data.setCell(17, 1, 'testInvalidUsername')
data.setCell(17, 2, 'zapcg.Capillary.LoginTestCases.Login_Invalid_TestCases')
data.setCell(17, 3, 2664);
data.setCell(18, 0, 18)
data.setCell(18, 1, 'testInvalidPassword')
data.setCell(18, 2, 'zapcg.Capillary.LoginTestCases.Login_Invalid_TestCases')
data.setCell(18, 3, 2515);
data.setCell(19, 0, 19)
data.setCell(19, 1, 'testInvalidPassword')
data.setCell(19, 2, 'zapcg.Capillary.LoginTestCases.Login_Invalid_TestCases')
data.setCell(19, 3, 2337);
data.setCell(20, 0, 20)
data.setCell(20, 1, 'testInvalidPassword')
data.setCell(20, 2, 'zapcg.Capillary.LoginTestCases.Login_Invalid_TestCases')
data.setCell(20, 3, 2203);
data.setCell(21, 0, 21)
data.setCell(21, 1, 'verifyForEnabledLoginButton')
data.setCell(21, 2, 'zapcg.Capillary.LoginTestCases.Login_Invalid_TestCases')
data.setCell(21, 3, 2063);
data.setCell(22, 0, 22)
data.setCell(22, 1, 'verifyForEnabledLoginButton')
data.setCell(22, 2, 'zapcg.Capillary.LoginTestCases.Login_Invalid_TestCases')
data.setCell(22, 3, 2024);
data.setCell(23, 0, 23)
data.setCell(23, 1, 'verifyForEnabledLoginButton')
data.setCell(23, 2, 'zapcg.Capillary.LoginTestCases.Login_Invalid_TestCases')
data.setCell(23, 3, 1997);
data.setCell(24, 0, 24)
data.setCell(24, 1, 'testInvalidPassword')
data.setCell(24, 2, 'zapcg.Capillary.LoginTestCases.Login_Invalid_TestCases')
data.setCell(24, 3, 1893);
data.setCell(25, 0, 25)
data.setCell(25, 1, 'testTooLongUsername')
data.setCell(25, 2, 'zapcg.Capillary.LoginTestCases.Login_Invalid_TestCases')
data.setCell(25, 3, 674);
data.setCell(26, 0, 26)
data.setCell(26, 1, 'testTooLongUsername')
data.setCell(26, 2, 'zapcg.Capillary.LoginTestCases.Login_Invalid_TestCases')
data.setCell(26, 3, 619);
data.setCell(27, 0, 27)
data.setCell(27, 1, 'testTooLongUsername')
data.setCell(27, 2, 'zapcg.Capillary.LoginTestCases.Login_Invalid_TestCases')
data.setCell(27, 3, 598);
data.setCell(28, 0, 28)
data.setCell(28, 1, 'testTooLongUsername')
data.setCell(28, 2, 'zapcg.Capillary.LoginTestCases.Login_Invalid_TestCases')
data.setCell(28, 3, 527);
data.setCell(29, 0, 29)
data.setCell(29, 1, 'testUsernameWithSpaces')
data.setCell(29, 2, 'zapcg.Capillary.LoginTestCases.Login_Invalid_TestCases')
data.setCell(29, 3, 483);
data.setCell(30, 0, 30)
data.setCell(30, 1, 'testMinLengthPassword')
data.setCell(30, 2, 'zapcg.Capillary.LoginTestCases.Login_Invalid_TestCases')
data.setCell(30, 3, 473);
data.setCell(31, 0, 31)
data.setCell(31, 1, 'testTooLongUsername')
data.setCell(31, 2, 'zapcg.Capillary.LoginTestCases.Login_Invalid_TestCases')
data.setCell(31, 3, 464);
data.setCell(32, 0, 32)
data.setCell(32, 1, 'testMinLengthPassword')
data.setCell(32, 2, 'zapcg.Capillary.LoginTestCases.Login_Invalid_TestCases')
data.setCell(32, 3, 459);
data.setCell(33, 0, 33)
data.setCell(33, 1, 'testUsernameWithSpaces')
data.setCell(33, 2, 'zapcg.Capillary.LoginTestCases.Login_Invalid_TestCases')
data.setCell(33, 3, 456);
data.setCell(34, 0, 34)
data.setCell(34, 1, 'testUsernameWithSpaces')
data.setCell(34, 2, 'zapcg.Capillary.LoginTestCases.Login_Invalid_TestCases')
data.setCell(34, 3, 453);
data.setCell(35, 0, 35)
data.setCell(35, 1, 'testMinLengthPassword')
data.setCell(35, 2, 'zapcg.Capillary.LoginTestCases.Login_Invalid_TestCases')
data.setCell(35, 3, 439);
data.setCell(36, 0, 36)
data.setCell(36, 1, 'testUsernameWithSpaces')
data.setCell(36, 2, 'zapcg.Capillary.LoginTestCases.Login_Invalid_TestCases')
data.setCell(36, 3, 437);
data.setCell(37, 0, 37)
data.setCell(37, 1, 'testMinLengthPassword')
data.setCell(37, 2, 'zapcg.Capillary.LoginTestCases.Login_Invalid_TestCases')
data.setCell(37, 3, 413);
data.setCell(38, 0, 38)
data.setCell(38, 1, 'testMinLengthPassword')
data.setCell(38, 2, 'zapcg.Capillary.LoginTestCases.Login_Invalid_TestCases')
data.setCell(38, 3, 386);
data.setCell(39, 0, 39)
data.setCell(39, 1, 'testUsernameWithSpaces')
data.setCell(39, 2, 'zapcg.Capillary.LoginTestCases.Login_Invalid_TestCases')
data.setCell(39, 3, 340);
data.setCell(40, 0, 40)
data.setCell(40, 1, 'verifyForDisabledLoginButtonForEmptyPassword')
data.setCell(40, 2, 'zapcg.Capillary.LoginTestCases.Login_Invalid_TestCases')
data.setCell(40, 3, 296);
data.setCell(41, 0, 41)
data.setCell(41, 1, 'verifyForDisabledLoginButtonForEmptyPassword')
data.setCell(41, 2, 'zapcg.Capillary.LoginTestCases.Login_Invalid_TestCases')
data.setCell(41, 3, 275);
data.setCell(42, 0, 42)
data.setCell(42, 1, 'verifyForDisabledLoginButtonForEmptyPassword')
data.setCell(42, 2, 'zapcg.Capillary.LoginTestCases.Login_Invalid_TestCases')
data.setCell(42, 3, 266);
data.setCell(43, 0, 43)
data.setCell(43, 1, 'verifyForDisabledLoginButtonForEmptyUsernamePassword')
data.setCell(43, 2, 'zapcg.Capillary.LoginTestCases.Login_Invalid_TestCases')
data.setCell(43, 3, 239);
data.setCell(44, 0, 44)
data.setCell(44, 1, 'verifyForDisabledLoginButtonForEmptyUsername')
data.setCell(44, 2, 'zapcg.Capillary.LoginTestCases.Login_Invalid_TestCases')
data.setCell(44, 3, 233);
data.setCell(45, 0, 45)
data.setCell(45, 1, 'verifyForDisabledLoginButtonForEmptyUsername')
data.setCell(45, 2, 'zapcg.Capillary.LoginTestCases.Login_Invalid_TestCases')
data.setCell(45, 3, 219);
data.setCell(46, 0, 46)
data.setCell(46, 1, 'verifyForDisabledLoginButtonForEmptyUsername')
data.setCell(46, 2, 'zapcg.Capillary.LoginTestCases.Login_Invalid_TestCases')
data.setCell(46, 3, 200);
data.setCell(47, 0, 47)
data.setCell(47, 1, 'verifyForDisabledLoginButtonForEmptyUsernamePassword')
data.setCell(47, 2, 'zapcg.Capillary.LoginTestCases.Login_Invalid_TestCases')
data.setCell(47, 3, 192);
data.setCell(48, 0, 48)
data.setCell(48, 1, 'verifyForDisabledLoginButtonForEmptyUsernamePassword')
data.setCell(48, 2, 'zapcg.Capillary.LoginTestCases.Login_Invalid_TestCases')
data.setCell(48, 3, 168);
data.setCell(49, 0, 49)
data.setCell(49, 1, 'verifyForDisabledLoginButtonForEmptyPassword')
data.setCell(49, 2, 'zapcg.Capillary.LoginTestCases.Login_Invalid_TestCases')
data.setCell(49, 3, 146);
data.setCell(50, 0, 50)
data.setCell(50, 1, 'verifyForDisabledLoginButtonForEmptyPassword')
data.setCell(50, 2, 'zapcg.Capillary.LoginTestCases.Login_Invalid_TestCases')
data.setCell(50, 3, 135);
data.setCell(51, 0, 51)
data.setCell(51, 1, 'verifyForDisabledLoginButtonForEmptyUsername')
data.setCell(51, 2, 'zapcg.Capillary.LoginTestCases.Login_Invalid_TestCases')
data.setCell(51, 3, 115);
data.setCell(52, 0, 52)
data.setCell(52, 1, 'verifyForDisabledLoginButtonForEmptyUsername')
data.setCell(52, 2, 'zapcg.Capillary.LoginTestCases.Login_Invalid_TestCases')
data.setCell(52, 3, 110);
data.setCell(53, 0, 53)
data.setCell(53, 1, 'verifyForDisabledLoginButtonForEmptyUsernamePassword')
data.setCell(53, 2, 'zapcg.Capillary.LoginTestCases.Login_Invalid_TestCases')
data.setCell(53, 3, 91);
data.setCell(54, 0, 54)
data.setCell(54, 1, 'verifyForDisabledLoginButtonForEmptyUsernamePassword')
data.setCell(54, 2, 'zapcg.Capillary.LoginTestCases.Login_Invalid_TestCases')
data.setCell(54, 3, 91);
data.setCell(55, 0, 55)
data.setCell(55, 1, 'testInvalidUsername')
data.setCell(55, 2, 'zapcg.Capillary.LoginTestCases.Login_Invalid_TestCases')
data.setCell(55, 3, 1);
data.setCell(56, 0, 56)
data.setCell(56, 1, 'testValidLogin')
data.setCell(56, 2, 'zapcg.Capillary.LoginTestCases.Login_Valid_TestCases')
data.setCell(56, 3, 0);
data.setCell(57, 0, 57)
data.setCell(57, 1, 'testMinLengthPassword')
data.setCell(57, 2, 'zapcg.Capillary.LoginTestCases.Login_Invalid_TestCases')
data.setCell(57, 3, 0);
data.setCell(58, 0, 58)
data.setCell(58, 1, 'verifyForDisabledLoginButtonForEmptyPassword')
data.setCell(58, 2, 'zapcg.Capillary.LoginTestCases.Login_Invalid_TestCases')
data.setCell(58, 3, 0);
data.setCell(59, 0, 59)
data.setCell(59, 1, 'verifyForDisabledLoginButtonForEmptyUsername')
data.setCell(59, 2, 'zapcg.Capillary.LoginTestCases.Login_Invalid_TestCases')
data.setCell(59, 3, 0);
data.setCell(60, 0, 60)
data.setCell(60, 1, 'verifyHeaderOfMemberLookupScreen')
data.setCell(60, 2, 'zapcg.Capillary.LocationPageTestCases.Location_TestCases')
data.setCell(60, 3, 0);
data.setCell(61, 0, 61)
data.setCell(61, 1, 'testTooLongUsername')
data.setCell(61, 2, 'zapcg.Capillary.LoginTestCases.Login_Invalid_TestCases')
data.setCell(61, 3, 0);
data.setCell(62, 0, 62)
data.setCell(62, 1, 'verifyForDisabledLoginButtonForEmptyUsernamePassword')
data.setCell(62, 2, 'zapcg.Capillary.LoginTestCases.Login_Invalid_TestCases')
data.setCell(62, 3, 0);
data.setCell(63, 0, 63)
data.setCell(63, 1, 'testInvalidPassword')
data.setCell(63, 2, 'zapcg.Capillary.LoginTestCases.Login_Invalid_TestCases')
data.setCell(63, 3, 0);
data.setCell(64, 0, 64)
data.setCell(64, 1, 'verifyForEnabledLoginButton')
data.setCell(64, 2, 'zapcg.Capillary.LoginTestCases.Login_Invalid_TestCases')
data.setCell(64, 3, 0);
data.setCell(65, 0, 65)
data.setCell(65, 1, 'testUsernameWithSpaces')
data.setCell(65, 2, 'zapcg.Capillary.LoginTestCases.Login_Invalid_TestCases')
data.setCell(65, 3, 0);
window.suiteTableData['TestSuite']= { tableData: data, tableDiv: 'times-div-TestSuite'}
return data;
}
              </script>
              <span class="suite-total-time">Total running time: 3 minutes</span>
              <div id="times-div-TestSuite">
              </div> <!-- times-div-TestSuite -->
            </div> <!-- times-div -->
          </div> <!-- main-panel-content rounded-window-bottom -->
        </div> <!-- panel -->
        <div panel-name="reporter-TestSuite" class="panel">
          <div class="main-panel-header rounded-window-top">
            <span class="header-content">Reporter output for TestSuite</span>
          </div> <!-- main-panel-header rounded-window-top -->
          <div class="main-panel-content rounded-window-bottom">
          </div> <!-- main-panel-content rounded-window-bottom -->
        </div> <!-- panel -->
        <div panel-name="ignored-methods-TestSuite" class="panel">
          <div class="main-panel-header rounded-window-top">
            <span class="header-content">0 ignored methods</span>
          </div> <!-- main-panel-header rounded-window-top -->
          <div class="main-panel-content rounded-window-bottom">
          </div> <!-- main-panel-content rounded-window-bottom -->
        </div> <!-- panel -->
        <div panel-name="chronological-TestSuite" class="panel">
          <div class="main-panel-header rounded-window-top">
            <span class="header-content">Methods in chronological order</span>
          </div> <!-- main-panel-header rounded-window-top -->
          <div class="main-panel-content rounded-window-bottom">
            <div class="chronological-class">
              <div class="chronological-class-name">zapcg.Capillary.LoginTestCases.Login_Valid_TestCases</div> <!-- chronological-class-name -->
              <div class="configuration-method before">
                <span class="method-name">initialize(chrome, Tablet Portrait)</span>
                <span class="method-start">0 ms</span>
              </div> <!-- configuration-method before -->
              <div class="test-method">
                <span class="method-name">testValidLogin</span>
                <span class="method-start">4443 ms</span>
              </div> <!-- test-method -->
              <div class="configuration-method after">
                <span class="method-name">tearDown</span>
                <span class="method-start">7587 ms</span>
              </div> <!-- configuration-method after -->
            </div> <!-- chronological-class -->
            <div class="chronological-class">
              <div class="chronological-class-name">zapcg.Capillary.LoginTestCases.Login_Invalid_TestCases</div> <!-- chronological-class-name -->
              <div class="configuration-method before">
                <span class="method-name">initialize(chrome, Tablet Portrait)</span>
                <span class="method-start">8184 ms</span>
              </div> <!-- configuration-method before -->
              <div class="test-method">
                <span class="method-name">testInvalidUsername</span>
                <span class="method-start">11564 ms</span>
              </div> <!-- test-method -->
              <div class="configuration-method after">
                <span class="method-name">tearDown</span>
                <span class="method-start">14228 ms</span>
              </div> <!-- configuration-method after -->
              <div class="configuration-method before">
                <span class="method-name">initialize(chrome, Tablet Portrait)</span>
                <span class="method-start">14899 ms</span>
              </div> <!-- configuration-method before -->
              <div class="test-method">
                <span class="method-name">testInvalidPassword</span>
                <span class="method-start">18275 ms</span>
              </div> <!-- test-method -->
              <div class="configuration-method after">
                <span class="method-name">tearDown</span>
                <span class="method-start">20613 ms</span>
              </div> <!-- configuration-method after -->
              <div class="configuration-method before">
                <span class="method-name">initialize(chrome, Tablet Portrait)</span>
                <span class="method-start">21274 ms</span>
              </div> <!-- configuration-method before -->
              <div class="test-method">
                <span class="method-name">testTooLongUsername</span>
                <span class="method-start">24502 ms</span>
              </div> <!-- test-method -->
              <div class="configuration-method after">
                <span class="method-name">tearDown</span>
                <span class="method-start">25176 ms</span>
              </div> <!-- configuration-method after -->
              <div class="configuration-method before">
                <span class="method-name">initialize(chrome, Tablet Portrait)</span>
                <span class="method-start">25816 ms</span>
              </div> <!-- configuration-method before -->
              <div class="test-method">
                <span class="method-name">testMinLengthPassword</span>
                <span class="method-start">29128 ms</span>
              </div> <!-- test-method -->
              <div class="configuration-method after">
                <span class="method-name">tearDown</span>
                <span class="method-start">29567 ms</span>
              </div> <!-- configuration-method after -->
            </div> <!-- chronological-class -->
            <div class="chronological-class">
              <div class="chronological-class-name">zapcg.Capillary.LocationPageTestCases.Location_TestCases</div> <!-- chronological-class-name -->
              <div class="configuration-method before">
                <span class="method-name">initialize(chrome, Tablet Portrait)</span>
                <span class="method-start">30217 ms</span>
              </div> <!-- configuration-method before -->
              <div class="test-method">
                <img src="failed.png">
                </img>
                <span class="method-name">verifyHeaderOfMemberLookupScreen</span>
                <span class="method-start">33905 ms</span>
              </div> <!-- test-method -->
              <div class="configuration-method after">
                <span class="method-name">tearDown</span>
                <span class="method-start">66315 ms</span>
              </div> <!-- configuration-method after -->
            </div> <!-- chronological-class -->
            <div class="chronological-class">
              <div class="chronological-class-name">zapcg.Capillary.LoginTestCases.Login_Invalid_TestCases</div> <!-- chronological-class-name -->
              <div class="configuration-method before">
                <span class="method-name">initialize(chrome, Tablet Portrait)</span>
                <span class="method-start">67007 ms</span>
              </div> <!-- configuration-method before -->
              <div class="test-method">
                <span class="method-name">testUsernameWithSpaces</span>
                <span class="method-start">70397 ms</span>
              </div> <!-- test-method -->
              <div class="configuration-method after">
                <span class="method-name">tearDown</span>
                <span class="method-start">70880 ms</span>
              </div> <!-- configuration-method after -->
              <div class="configuration-method before">
                <span class="method-name">initialize(chrome, Tablet Portrait)</span>
                <span class="method-start">71542 ms</span>
              </div> <!-- configuration-method before -->
              <div class="test-method">
                <span class="method-name">verifyForEnabledLoginButton</span>
                <span class="method-start">74858 ms</span>
              </div> <!-- test-method -->
              <div class="configuration-method after">
                <span class="method-name">tearDown</span>
                <span class="method-start">77616 ms</span>
              </div> <!-- configuration-method after -->
              <div class="configuration-method before">
                <span class="method-name">initialize(chrome, Tablet Portrait)</span>
                <span class="method-start">78281 ms</span>
              </div> <!-- configuration-method before -->
              <div class="test-method">
                <span class="method-name">verifyForDisabledLoginButtonForEmptyUsername</span>
                <span class="method-start">81581 ms</span>
              </div> <!-- test-method -->
              <div class="configuration-method after">
                <span class="method-name">tearDown</span>
                <span class="method-start">81815 ms</span>
              </div> <!-- configuration-method after -->
              <div class="configuration-method before">
                <span class="method-name">initialize(chrome, Tablet Portrait)</span>
                <span class="method-start">82471 ms</span>
              </div> <!-- configuration-method before -->
              <div class="test-method">
                <span class="method-name">verifyForDisabledLoginButtonForEmptyPassword</span>
                <span class="method-start">85806 ms</span>
              </div> <!-- test-method -->
              <div class="configuration-method after">
                <span class="method-name">tearDown</span>
                <span class="method-start">86102 ms</span>
              </div> <!-- configuration-method after -->
              <div class="configuration-method before">
                <span class="method-name">initialize(chrome, Tablet Portrait)</span>
                <span class="method-start">86753 ms</span>
              </div> <!-- configuration-method before -->
              <div class="test-method">
                <span class="method-name">verifyForDisabledLoginButtonForEmptyUsernamePassword</span>
                <span class="method-start">90134 ms</span>
              </div> <!-- test-method -->
              <div class="configuration-method after">
                <span class="method-name">tearDown</span>
                <span class="method-start">90373 ms</span>
              </div> <!-- configuration-method after -->
            </div> <!-- chronological-class -->
            <div class="chronological-class">
              <div class="chronological-class-name">zapcg.Capillary.LoginTestCases.Login_Valid_TestCases</div> <!-- chronological-class-name -->
              <div class="configuration-method before">
                <img src="failed.png">
                </img>
                <span class="method-name">initialize(firefox, Tablet Portrait)</span>
                <span class="method-start">91080 ms</span>
              </div> <!-- configuration-method before -->
            </div> <!-- chronological-class -->
            <div class="chronological-class">
              <div class="chronological-class-name">zapcg.Capillary.LoginTestCases.Login_Invalid_TestCases</div> <!-- chronological-class-name -->
              <div class="configuration-method before">
                <img src="failed.png">
                </img>
                <span class="method-name">initialize(firefox, Tablet Portrait)</span>
                <span class="method-start">93381 ms</span>
              </div> <!-- configuration-method before -->
              <div class="configuration-method before">
                <span class="method-name">initialize</span>
                <span class="method-start">94991 ms</span>
              </div> <!-- configuration-method before -->
              <div class="configuration-method before">
                <span class="method-name">initialize</span>
                <span class="method-start">94992 ms</span>
              </div> <!-- configuration-method before -->
              <div class="configuration-method before">
                <span class="method-name">initialize</span>
                <span class="method-start">94993 ms</span>
              </div> <!-- configuration-method before -->
            </div> <!-- chronological-class -->
            <div class="chronological-class">
              <div class="chronological-class-name">zapcg.Capillary.LocationPageTestCases.Location_TestCases</div> <!-- chronological-class-name -->
              <div class="configuration-method before">
                <img src="failed.png">
                </img>
                <span class="method-name">initialize(firefox, Tablet Portrait)</span>
                <span class="method-start">94994 ms</span>
              </div> <!-- configuration-method before -->
            </div> <!-- chronological-class -->
            <div class="chronological-class">
              <div class="chronological-class-name">zapcg.Capillary.LoginTestCases.Login_Invalid_TestCases</div> <!-- chronological-class-name -->
              <div class="configuration-method before">
                <span class="method-name">initialize</span>
                <span class="method-start">105336 ms</span>
              </div> <!-- configuration-method before -->
              <div class="configuration-method before">
                <span class="method-name">initialize</span>
                <span class="method-start">105336 ms</span>
              </div> <!-- configuration-method before -->
              <div class="configuration-method before">
                <span class="method-name">initialize</span>
                <span class="method-start">105347 ms</span>
              </div> <!-- configuration-method before -->
              <div class="configuration-method before">
                <span class="method-name">initialize</span>
                <span class="method-start">105347 ms</span>
              </div> <!-- configuration-method before -->
              <div class="configuration-method before">
                <span class="method-name">initialize</span>
                <span class="method-start">105347 ms</span>
              </div> <!-- configuration-method before -->
            </div> <!-- chronological-class -->
            <div class="chronological-class">
              <div class="chronological-class-name">zapcg.Capillary.LoginTestCases.Login_Valid_TestCases</div> <!-- chronological-class-name -->
              <div class="configuration-method before">
                <span class="method-name">initialize(chrome, Tablet Landscape)</span>
                <span class="method-start">105393 ms</span>
              </div> <!-- configuration-method before -->
              <div class="test-method">
                <span class="method-name">testValidLogin</span>
                <span class="method-start">109371 ms</span>
              </div> <!-- test-method -->
              <div class="configuration-method after">
                <span class="method-name">tearDown</span>
                <span class="method-start">112930 ms</span>
              </div> <!-- configuration-method after -->
            </div> <!-- chronological-class -->
            <div class="chronological-class">
              <div class="chronological-class-name">zapcg.Capillary.LoginTestCases.Login_Invalid_TestCases</div> <!-- chronological-class-name -->
              <div class="configuration-method before">
                <span class="method-name">initialize(chrome, Tablet Landscape)</span>
                <span class="method-start">113546 ms</span>
              </div> <!-- configuration-method before -->
              <div class="test-method">
                <img src="failed.png">
                </img>
                <span class="method-name">testInvalidUsername</span>
                <span class="method-start">117768 ms</span>
              </div> <!-- test-method -->
              <div class="configuration-method after">
                <span class="method-name">tearDown</span>
                <span class="method-start">148618 ms</span>
              </div> <!-- configuration-method after -->
              <div class="configuration-method before">
                <span class="method-name">initialize(chrome, Tablet Landscape)</span>
                <span class="method-start">149279 ms</span>
              </div> <!-- configuration-method before -->
              <div class="test-method">
                <img src="failed.png">
                </img>
                <span class="method-name">testInvalidPassword</span>
                <span class="method-start">152745 ms</span>
              </div> <!-- test-method -->
              <div class="configuration-method after">
                <span class="method-name">tearDown</span>
                <span class="method-start">163297 ms</span>
              </div> <!-- configuration-method after -->
              <div class="configuration-method before">
                <span class="method-name">initialize(chrome, Tablet Landscape)</span>
                <span class="method-start">163868 ms</span>
              </div> <!-- configuration-method before -->
              <div class="test-method">
                <span class="method-name">testTooLongUsername</span>
                <span class="method-start">167266 ms</span>
              </div> <!-- test-method -->
              <div class="configuration-method after">
                <span class="method-name">tearDown</span>
                <span class="method-start">167864 ms</span>
              </div> <!-- configuration-method after -->
              <div class="configuration-method before">
                <span class="method-name">initialize(chrome, Tablet Landscape)</span>
                <span class="method-start">168528 ms</span>
              </div> <!-- configuration-method before -->
              <div class="test-method">
                <span class="method-name">testMinLengthPassword</span>
                <span class="method-start">171985 ms</span>
              </div> <!-- test-method -->
              <div class="configuration-method after">
                <span class="method-name">tearDown</span>
                <span class="method-start">172444 ms</span>
              </div> <!-- configuration-method after -->
            </div> <!-- chronological-class -->
            <div class="chronological-class">
              <div class="chronological-class-name">zapcg.Capillary.LocationPageTestCases.Location_TestCases</div> <!-- chronological-class-name -->
              <div class="configuration-method before">
                <span class="method-name">initialize(chrome, Tablet Landscape)</span>
                <span class="method-start">173109 ms</span>
              </div> <!-- configuration-method before -->
              <div class="test-method">
                <img src="failed.png">
                </img>
                <span class="method-name">verifyHeaderOfMemberLookupScreen</span>
                <span class="method-start">176775 ms</span>
              </div> <!-- test-method -->
              <div class="configuration-method after">
                <span class="method-name">tearDown</span>
                <span class="method-start">209352 ms</span>
              </div> <!-- configuration-method after -->
            </div> <!-- chronological-class -->
            <div class="chronological-class">
              <div class="chronological-class-name">zapcg.Capillary.LoginTestCases.Login_Invalid_TestCases</div> <!-- chronological-class-name -->
              <div class="configuration-method before">
                <span class="method-name">initialize(chrome, Tablet Landscape)</span>
                <span class="method-start">210071 ms</span>
              </div> <!-- configuration-method before -->
              <div class="test-method">
                <span class="method-name">testUsernameWithSpaces</span>
                <span class="method-start">213591 ms</span>
              </div> <!-- test-method -->
              <div class="configuration-method after">
                <span class="method-name">tearDown</span>
                <span class="method-start">214028 ms</span>
              </div> <!-- configuration-method after -->
              <div class="configuration-method before">
                <span class="method-name">initialize(chrome, Tablet Landscape)</span>
                <span class="method-start">214684 ms</span>
              </div> <!-- configuration-method before -->
              <div class="test-method">
                <span class="method-name">verifyForEnabledLoginButton</span>
                <span class="method-start">218059 ms</span>
              </div> <!-- test-method -->
              <div class="configuration-method after">
                <span class="method-name">tearDown</span>
                <span class="method-start">220837 ms</span>
              </div> <!-- configuration-method after -->
              <div class="configuration-method before">
                <span class="method-name">initialize(chrome, Tablet Landscape)</span>
                <span class="method-start">221506 ms</span>
              </div> <!-- configuration-method before -->
              <div class="test-method">
                <span class="method-name">verifyForDisabledLoginButtonForEmptyUsername</span>
                <span class="method-start">224801 ms</span>
              </div> <!-- test-method -->
              <div class="configuration-method after">
                <span class="method-name">tearDown</span>
                <span class="method-start">225020 ms</span>
              </div> <!-- configuration-method after -->
              <div class="configuration-method before">
                <span class="method-name">initialize(chrome, Tablet Landscape)</span>
                <span class="method-start">225661 ms</span>
              </div> <!-- configuration-method before -->
              <div class="test-method">
                <span class="method-name">verifyForDisabledLoginButtonForEmptyPassword</span>
                <span class="method-start">229063 ms</span>
              </div> <!-- test-method -->
              <div class="configuration-method after">
                <span class="method-name">tearDown</span>
                <span class="method-start">229338 ms</span>
              </div> <!-- configuration-method after -->
              <div class="configuration-method before">
                <span class="method-name">initialize(chrome, Tablet Landscape)</span>
                <span class="method-start">229992 ms</span>
              </div> <!-- configuration-method before -->
              <div class="test-method">
                <span class="method-name">verifyForDisabledLoginButtonForEmptyUsernamePassword</span>
                <span class="method-start">233377 ms</span>
              </div> <!-- test-method -->
              <div class="configuration-method after">
                <span class="method-name">tearDown</span>
                <span class="method-start">233569 ms</span>
              </div> <!-- configuration-method after -->
            </div> <!-- chronological-class -->
            <div class="chronological-class">
              <div class="chronological-class-name">zapcg.Capillary.LoginTestCases.Login_Valid_TestCases</div> <!-- chronological-class-name -->
              <div class="configuration-method before">
                <span class="method-name">initialize(firefox, Tablet Landscape)</span>
                <span class="method-start">234221 ms</span>
              </div> <!-- configuration-method before -->
              <div class="test-method">
                <span class="method-name">testValidLogin</span>
                <span class="method-start">242010 ms</span>
              </div> <!-- test-method -->
              <div class="configuration-method after">
                <span class="method-name">tearDown</span>
                <span class="method-start">245339 ms</span>
              </div> <!-- configuration-method after -->
            </div> <!-- chronological-class -->
            <div class="chronological-class">
              <div class="chronological-class-name">zapcg.Capillary.LoginTestCases.Login_Invalid_TestCases</div> <!-- chronological-class-name -->
              <div class="configuration-method before">
                <span class="method-name">initialize(firefox, Tablet Landscape)</span>
                <span class="method-start">245346 ms</span>
              </div> <!-- configuration-method before -->
              <div class="test-method">
                <img src="failed.png">
                </img>
                <span class="method-name">testInvalidUsername</span>
                <span class="method-start">251540 ms</span>
              </div> <!-- test-method -->
              <div class="configuration-method after">
                <span class="method-name">tearDown</span>
                <span class="method-start">311992 ms</span>
              </div> <!-- configuration-method after -->
              <div class="configuration-method before">
                <span class="method-name">initialize(firefox, Tablet Landscape)</span>
                <span class="method-start">313895 ms</span>
              </div> <!-- configuration-method before -->
              <div class="test-method">
                <span class="method-name">testInvalidPassword</span>
                <span class="method-start">320735 ms</span>
              </div> <!-- test-method -->
              <div class="configuration-method after">
                <span class="method-name">tearDown</span>
                <span class="method-start">323251 ms</span>
              </div> <!-- configuration-method after -->
              <div class="configuration-method before">
                <span class="method-name">initialize(firefox, Tablet Landscape)</span>
                <span class="method-start">324214 ms</span>
              </div> <!-- configuration-method before -->
              <div class="test-method">
                <span class="method-name">testTooLongUsername</span>
                <span class="method-start">330597 ms</span>
              </div> <!-- test-method -->
              <div class="configuration-method after">
                <span class="method-name">tearDown</span>
                <span class="method-start">331217 ms</span>
              </div> <!-- configuration-method after -->
              <div class="configuration-method before">
                <span class="method-name">initialize(firefox, Tablet Landscape)</span>
                <span class="method-start">332211 ms</span>
              </div> <!-- configuration-method before -->
              <div class="test-method">
                <span class="method-name">testMinLengthPassword</span>
                <span class="method-start">338385 ms</span>
              </div> <!-- test-method -->
              <div class="configuration-method after">
                <span class="method-name">tearDown</span>
                <span class="method-start">338859 ms</span>
              </div> <!-- configuration-method after -->
            </div> <!-- chronological-class -->
            <div class="chronological-class">
              <div class="chronological-class-name">zapcg.Capillary.LocationPageTestCases.Location_TestCases</div> <!-- chronological-class-name -->
              <div class="configuration-method before">
                <span class="method-name">initialize(firefox, Tablet Landscape)</span>
                <span class="method-start">339836 ms</span>
              </div> <!-- configuration-method before -->
              <div class="test-method">
                <img src="failed.png">
                </img>
                <span class="method-name">verifyHeaderOfMemberLookupScreen</span>
                <span class="method-start">346526 ms</span>
              </div> <!-- test-method -->
              <div class="configuration-method after">
                <span class="method-name">tearDown</span>
                <span class="method-start">379192 ms</span>
              </div> <!-- configuration-method after -->
            </div> <!-- chronological-class -->
            <div class="chronological-class">
              <div class="chronological-class-name">zapcg.Capillary.LoginTestCases.Login_Invalid_TestCases</div> <!-- chronological-class-name -->
              <div class="configuration-method before">
                <span class="method-name">initialize(firefox, Tablet Landscape)</span>
                <span class="method-start">380199 ms</span>
              </div> <!-- configuration-method before -->
              <div class="test-method">
                <span class="method-name">testUsernameWithSpaces</span>
                <span class="method-start">386242 ms</span>
              </div> <!-- test-method -->
              <div class="configuration-method after">
                <span class="method-name">tearDown</span>
                <span class="method-start">386699 ms</span>
              </div> <!-- configuration-method after -->
              <div class="configuration-method before">
                <span class="method-name">initialize(firefox, Tablet Landscape)</span>
                <span class="method-start">387633 ms</span>
              </div> <!-- configuration-method before -->
              <div class="test-method">
                <span class="method-name">verifyForEnabledLoginButton</span>
                <span class="method-start">393802 ms</span>
              </div> <!-- test-method -->
              <div class="configuration-method after">
                <span class="method-name">tearDown</span>
                <span class="method-start">395826 ms</span>
              </div> <!-- configuration-method after -->
              <div class="configuration-method before">
                <span class="method-name">initialize(firefox, Tablet Landscape)</span>
                <span class="method-start">396633 ms</span>
              </div> <!-- configuration-method before -->
              <div class="test-method">
                <span class="method-name">verifyForDisabledLoginButtonForEmptyUsername</span>
                <span class="method-start">402888 ms</span>
              </div> <!-- test-method -->
              <div class="configuration-method after">
                <span class="method-name">tearDown</span>
                <span class="method-start">402999 ms</span>
              </div> <!-- configuration-method after -->
              <div class="configuration-method before">
                <span class="method-name">initialize(firefox, Tablet Landscape)</span>
                <span class="method-start">403852 ms</span>
              </div> <!-- configuration-method before -->
              <div class="test-method">
                <span class="method-name">verifyForDisabledLoginButtonForEmptyPassword</span>
                <span class="method-start">409938 ms</span>
              </div> <!-- test-method -->
              <div class="configuration-method after">
                <span class="method-name">tearDown</span>
                <span class="method-start">410084 ms</span>
              </div> <!-- configuration-method after -->
              <div class="configuration-method before">
                <span class="method-name">initialize(firefox, Tablet Landscape)</span>
                <span class="method-start">410781 ms</span>
              </div> <!-- configuration-method before -->
              <div class="test-method">
                <span class="method-name">verifyForDisabledLoginButtonForEmptyUsernamePassword</span>
                <span class="method-start">416812 ms</span>
              </div> <!-- test-method -->
              <div class="configuration-method after">
                <span class="method-name">tearDown</span>
                <span class="method-start">416903 ms</span>
              </div> <!-- configuration-method after -->
            </div> <!-- chronological-class -->
            <div class="chronological-class">
              <div class="chronological-class-name">zapcg.Capillary.LoginTestCases.Login_Valid_TestCases</div> <!-- chronological-class-name -->
              <div class="configuration-method before">
                <span class="method-name">initialize(chrome, iPhone 11 Pro Portrait)</span>
                <span class="method-start">417648 ms</span>
              </div> <!-- configuration-method before -->
              <div class="test-method">
                <span class="method-name">testValidLogin</span>
                <span class="method-start">421070 ms</span>
              </div> <!-- test-method -->
              <div class="configuration-method after">
                <span class="method-name">tearDown</span>
                <span class="method-start">424145 ms</span>
              </div> <!-- configuration-method after -->
            </div> <!-- chronological-class -->
            <div class="chronological-class">
              <div class="chronological-class-name">zapcg.Capillary.LoginTestCases.Login_Invalid_TestCases</div> <!-- chronological-class-name -->
              <div class="configuration-method before">
                <span class="method-name">initialize(chrome, iPhone 11 Pro Portrait)</span>
                <span class="method-start">424737 ms</span>
              </div> <!-- configuration-method before -->
              <div class="test-method">
                <img src="failed.png">
                </img>
                <span class="method-name">testInvalidUsername</span>
                <span class="method-start">428185 ms</span>
              </div> <!-- test-method -->
              <div class="configuration-method after">
                <span class="method-name">tearDown</span>
                <span class="method-start">488545 ms</span>
              </div> <!-- configuration-method after -->
              <div class="configuration-method before">
                <span class="method-name">initialize(chrome, iPhone 11 Pro Portrait)</span>
                <span class="method-start">489179 ms</span>
              </div> <!-- configuration-method before -->
              <div class="test-method">
                <span class="method-name">testInvalidPassword</span>
                <span class="method-start">492387 ms</span>
              </div> <!-- test-method -->
              <div class="configuration-method after">
                <span class="method-name">tearDown</span>
                <span class="method-start">494280 ms</span>
              </div> <!-- configuration-method after -->
              <div class="configuration-method before">
                <span class="method-name">initialize(chrome, iPhone 11 Pro Portrait)</span>
                <span class="method-start">494929 ms</span>
              </div> <!-- configuration-method before -->
              <div class="test-method">
                <span class="method-name">testTooLongUsername</span>
                <span class="method-start">498160 ms</span>
              </div> <!-- test-method -->
              <div class="configuration-method after">
                <span class="method-name">tearDown</span>
                <span class="method-start">498624 ms</span>
              </div> <!-- configuration-method after -->
              <div class="configuration-method before">
                <span class="method-name">initialize(chrome, iPhone 11 Pro Portrait)</span>
                <span class="method-start">499240 ms</span>
              </div> <!-- configuration-method before -->
              <div class="test-method">
                <span class="method-name">testMinLengthPassword</span>
                <span class="method-start">502561 ms</span>
              </div> <!-- test-method -->
              <div class="configuration-method after">
                <span class="method-name">tearDown</span>
                <span class="method-start">502947 ms</span>
              </div> <!-- configuration-method after -->
            </div> <!-- chronological-class -->
            <div class="chronological-class">
              <div class="chronological-class-name">zapcg.Capillary.LocationPageTestCases.Location_TestCases</div> <!-- chronological-class-name -->
              <div class="configuration-method before">
                <span class="method-name">initialize(chrome, iPhone 11 Pro Portrait)</span>
                <span class="method-start">503585 ms</span>
              </div> <!-- configuration-method before -->
              <div class="test-method">
                <img src="failed.png">
                </img>
                <span class="method-name">verifyHeaderOfMemberLookupScreen</span>
                <span class="method-start">507322 ms</span>
              </div> <!-- test-method -->
              <div class="configuration-method after">
                <span class="method-name">tearDown</span>
                <span class="method-start">539215 ms</span>
              </div> <!-- configuration-method after -->
            </div> <!-- chronological-class -->
            <div class="chronological-class">
              <div class="chronological-class-name">zapcg.Capillary.LoginTestCases.Login_Invalid_TestCases</div> <!-- chronological-class-name -->
              <div class="configuration-method before">
                <span class="method-name">initialize(chrome, iPhone 11 Pro Portrait)</span>
                <span class="method-start">539867 ms</span>
              </div> <!-- configuration-method before -->
              <div class="test-method">
                <span class="method-name">testUsernameWithSpaces</span>
                <span class="method-start">543173 ms</span>
              </div> <!-- test-method -->
              <div class="configuration-method after">
                <span class="method-name">tearDown</span>
                <span class="method-start">543513 ms</span>
              </div> <!-- configuration-method after -->
              <div class="configuration-method before">
                <span class="method-name">initialize(chrome, iPhone 11 Pro Portrait)</span>
                <span class="method-start">544119 ms</span>
              </div> <!-- configuration-method before -->
              <div class="test-method">
                <span class="method-name">verifyForEnabledLoginButton</span>
                <span class="method-start">547333 ms</span>
              </div> <!-- test-method -->
              <div class="configuration-method after">
                <span class="method-name">tearDown</span>
                <span class="method-start">549331 ms</span>
              </div> <!-- configuration-method after -->
              <div class="configuration-method before">
                <span class="method-name">initialize(chrome, iPhone 11 Pro Portrait)</span>
                <span class="method-start">549957 ms</span>
              </div> <!-- configuration-method before -->
              <div class="test-method">
                <span class="method-name">verifyForDisabledLoginButtonForEmptyUsername</span>
                <span class="method-start">553375 ms</span>
              </div> <!-- test-method -->
              <div class="configuration-method after">
                <span class="method-name">tearDown</span>
                <span class="method-start">553575 ms</span>
              </div> <!-- configuration-method after -->
              <div class="configuration-method before">
                <span class="method-name">initialize(chrome, iPhone 11 Pro Portrait)</span>
                <span class="method-start">554203 ms</span>
              </div> <!-- configuration-method before -->
              <div class="test-method">
                <span class="method-name">verifyForDisabledLoginButtonForEmptyPassword</span>
                <span class="method-start">557568 ms</span>
              </div> <!-- test-method -->
              <div class="configuration-method after">
                <span class="method-name">tearDown</span>
                <span class="method-start">557834 ms</span>
              </div> <!-- configuration-method after -->
              <div class="configuration-method before">
                <span class="method-name">initialize(chrome, iPhone 11 Pro Portrait)</span>
                <span class="method-start">558463 ms</span>
              </div> <!-- configuration-method before -->
              <div class="test-method">
                <span class="method-name">verifyForDisabledLoginButtonForEmptyUsernamePassword</span>
                <span class="method-start">561774 ms</span>
              </div> <!-- test-method -->
              <div class="configuration-method after">
                <span class="method-name">tearDown</span>
                <span class="method-start">561942 ms</span>
              </div> <!-- configuration-method after -->
            </div> <!-- chronological-class -->
            <div class="chronological-class">
              <div class="chronological-class-name">zapcg.Capillary.LoginTestCases.Login_Valid_TestCases</div> <!-- chronological-class-name -->
              <div class="configuration-method before">
                <span class="method-name">initialize(firefox, iPhone 11 Pro Portrait)</span>
                <span class="method-start">562596 ms</span>
              </div> <!-- configuration-method before -->
              <div class="test-method">
                <span class="method-name">testValidLogin</span>
                <span class="method-start">569362 ms</span>
              </div> <!-- test-method -->
              <div class="configuration-method after">
                <span class="method-name">tearDown</span>
                <span class="method-start">572716 ms</span>
              </div> <!-- configuration-method after -->
            </div> <!-- chronological-class -->
            <div class="chronological-class">
              <div class="chronological-class-name">zapcg.Capillary.LoginTestCases.Login_Invalid_TestCases</div> <!-- chronological-class-name -->
              <div class="configuration-method before">
                <span class="method-name">initialize(firefox, iPhone 11 Pro Portrait)</span>
                <span class="method-start">572724 ms</span>
              </div> <!-- configuration-method before -->
              <div class="test-method">
                <img src="failed.png">
                </img>
                <span class="method-name">testInvalidUsername</span>
                <span class="method-start">579151 ms</span>
              </div> <!-- test-method -->
              <div class="configuration-method after">
                <span class="method-name">tearDown</span>
                <span class="method-start">639547 ms</span>
              </div> <!-- configuration-method after -->
              <div class="configuration-method before">
                <span class="method-name">initialize(firefox, iPhone 11 Pro Portrait)</span>
                <span class="method-start">640318 ms</span>
              </div> <!-- configuration-method before -->
              <div class="test-method">
                <span class="method-name">testInvalidPassword</span>
                <span class="method-start">646658 ms</span>
              </div> <!-- test-method -->
              <div class="configuration-method after">
                <span class="method-name">tearDown</span>
                <span class="method-start">648861 ms</span>
              </div> <!-- configuration-method after -->
              <div class="configuration-method before">
                <span class="method-name">initialize(firefox, iPhone 11 Pro Portrait)</span>
                <span class="method-start">649702 ms</span>
              </div> <!-- configuration-method before -->
              <div class="test-method">
                <span class="method-name">testTooLongUsername</span>
                <span class="method-start">656725 ms</span>
              </div> <!-- test-method -->
              <div class="configuration-method after">
                <span class="method-name">tearDown</span>
                <span class="method-start">657252 ms</span>
              </div> <!-- configuration-method after -->
              <div class="configuration-method before">
                <span class="method-name">initialize(firefox, iPhone 11 Pro Portrait)</span>
                <span class="method-start">658094 ms</span>
              </div> <!-- configuration-method before -->
              <div class="test-method">
                <span class="method-name">testMinLengthPassword</span>
                <span class="method-start">666421 ms</span>
              </div> <!-- test-method -->
              <div class="configuration-method after">
                <span class="method-name">tearDown</span>
                <span class="method-start">666834 ms</span>
              </div> <!-- configuration-method after -->
            </div> <!-- chronological-class -->
            <div class="chronological-class">
              <div class="chronological-class-name">zapcg.Capillary.LocationPageTestCases.Location_TestCases</div> <!-- chronological-class-name -->
              <div class="configuration-method before">
                <span class="method-name">initialize(firefox, iPhone 11 Pro Portrait)</span>
                <span class="method-start">667766 ms</span>
              </div> <!-- configuration-method before -->
              <div class="test-method">
                <img src="failed.png">
                </img>
                <span class="method-name">verifyHeaderOfMemberLookupScreen</span>
                <span class="method-start">674732 ms</span>
              </div> <!-- test-method -->
              <div class="configuration-method after">
                <span class="method-name">tearDown</span>
                <span class="method-start">706578 ms</span>
              </div> <!-- configuration-method after -->
            </div> <!-- chronological-class -->
            <div class="chronological-class">
              <div class="chronological-class-name">zapcg.Capillary.LoginTestCases.Login_Invalid_TestCases</div> <!-- chronological-class-name -->
              <div class="configuration-method before">
                <span class="method-name">initialize(firefox, iPhone 11 Pro Portrait)</span>
                <span class="method-start">707349 ms</span>
              </div> <!-- configuration-method before -->
              <div class="test-method">
                <span class="method-name">testUsernameWithSpaces</span>
                <span class="method-start">714431 ms</span>
              </div> <!-- test-method -->
              <div class="configuration-method after">
                <span class="method-name">tearDown</span>
                <span class="method-start">714885 ms</span>
              </div> <!-- configuration-method after -->
              <div class="configuration-method before">
                <span class="method-name">initialize(firefox, iPhone 11 Pro Portrait)</span>
                <span class="method-start">715712 ms</span>
              </div> <!-- configuration-method before -->
              <div class="test-method">
                <span class="method-name">verifyForEnabledLoginButton</span>
                <span class="method-start">723218 ms</span>
              </div> <!-- test-method -->
              <div class="configuration-method after">
                <span class="method-name">tearDown</span>
                <span class="method-start">725282 ms</span>
              </div> <!-- configuration-method after -->
              <div class="configuration-method before">
                <span class="method-name">initialize(firefox, iPhone 11 Pro Portrait)</span>
                <span class="method-start">726256 ms</span>
              </div> <!-- configuration-method before -->
              <div class="test-method">
                <span class="method-name">verifyForDisabledLoginButtonForEmptyUsername</span>
                <span class="method-start">732913 ms</span>
              </div> <!-- test-method -->
              <div class="configuration-method after">
                <span class="method-name">tearDown</span>
                <span class="method-start">733029 ms</span>
              </div> <!-- configuration-method after -->
              <div class="configuration-method before">
                <span class="method-name">initialize(firefox, iPhone 11 Pro Portrait)</span>
                <span class="method-start">733734 ms</span>
              </div> <!-- configuration-method before -->
              <div class="test-method">
                <span class="method-name">verifyForDisabledLoginButtonForEmptyPassword</span>
                <span class="method-start">740613 ms</span>
              </div> <!-- test-method -->
              <div class="configuration-method after">
                <span class="method-name">tearDown</span>
                <span class="method-start">740749 ms</span>
              </div> <!-- configuration-method after -->
              <div class="configuration-method before">
                <span class="method-name">initialize(firefox, iPhone 11 Pro Portrait)</span>
                <span class="method-start">741510 ms</span>
              </div> <!-- configuration-method before -->
              <div class="test-method">
                <span class="method-name">verifyForDisabledLoginButtonForEmptyUsernamePassword</span>
                <span class="method-start">748272 ms</span>
              </div> <!-- test-method -->
              <div class="configuration-method after">
                <span class="method-name">tearDown</span>
                <span class="method-start">748364 ms</span>
              </div> <!-- configuration-method after -->
          </div> <!-- main-panel-content rounded-window-bottom -->
        </div> <!-- panel -->
      </div> <!-- main-panel-root -->
    </div> <!-- wrapper -->
  </body>
<script type="text/javascript" src="testng-reports2.js"></script>
</html>
