-------------------------------------------------------------------------------
Test set: TestSuite
-------------------------------------------------------------------------------
Tests run: 108, Failures: 15, Errors: 0, Skipped: 0, Time elapsed: 1,317.783 sec <<< FAILURE! - in TestSuite
testInvalidUsername_TestCase2(zapcg.Capillary.LoginTestCases.Login_Invalid_TestCases)  Time elapsed: 60.352 sec  <<< FAILURE!
org.openqa.selenium.TimeoutException: Expected condition failed: waiting for visibility of Proxy element for: DefaultElementLocator 'By.xpath: //h6[contains(text(),'Invalid username or password. Try again.')]' (tried for 30 second(s) with 500 milliseconds interval)
	at zapcg.Capillary.LoginTestCases.Login_Invalid_TestCases.testInvalidUsername_TestCase2(Login_Invalid_TestCases.java:36)
Caused by: org.openqa.selenium.NoSuchElementException: 
no such element: Unable to locate element: {"method":"xpath","selector":"//h6[contains(text(),'Invalid username or password. Try again.')]"}
  (Session info: chrome=126.0.6478.62)
For documentation on this error, please visit: https://www.selenium.dev/documentation/webdriver/troubleshooting/errors#no-such-element-exception
Build info: version: '4.21.0', revision: '79ed462ef4'
System info: os.name: 'Windows 11', os.arch: 'amd64', os.version: '10.0', java.version: '17.0.10'
Driver info: org.openqa.selenium.chrome.ChromeDriver
Command: [73de644def708b1444c89ca6b402ccd5, findElement {using=xpath, value=//h6[contains(text(),'Invalid username or password. Try again.')]}]
Capabilities {acceptInsecureCerts: false, browserName: chrome, browserVersion: 126.0.6478.62, chrome: {chromedriverVersion: 126.0.6478.126 (d36ace6122e..., userDataDir: C:\Users\MANICH~1\AppData\L...}, fedcm:accounts: true, goog:chromeOptions: {debuggerAddress: localhost:55233}, networkConnectionEnabled: false, pageLoadStrategy: normal, platformName: windows, proxy: Proxy(), se:cdp: ws://localhost:55233/devtoo..., se:cdpVersion: 126.0.6478.62, setWindowRect: true, strictFileInteractability: false, timeouts: {implicit: 0, pageLoad: 300000, script: 30000}, unhandledPromptBehavior: dismiss and notify, webauthn:extension:credBlob: true, webauthn:extension:largeBlob: true, webauthn:extension:minPinLength: true, webauthn:extension:prf: true, webauthn:virtualAuthenticators: true}
Session ID: 73de644def708b1444c89ca6b402ccd5
	at zapcg.Capillary.LoginTestCases.Login_Invalid_TestCases.testInvalidUsername_TestCase2(Login_Invalid_TestCases.java:36)

testInvalidPassword_TestCase3(zapcg.Capillary.LoginTestCases.Login_Invalid_TestCases)  Time elapsed: 60.698 sec  <<< FAILURE!
org.openqa.selenium.TimeoutException: Expected condition failed: waiting for visibility of Proxy element for: DefaultElementLocator 'By.xpath: //h6[@id='LSERRM' and contains(text(),"Invalid username or password. Try again.")]' (tried for 10 second(s) with 500 milliseconds interval)
	at zapcg.Capillary.LoginTestCases.Login_Invalid_TestCases.testInvalidPassword_TestCase3(Login_Invalid_TestCases.java:44)
Caused by: org.openqa.selenium.NoSuchElementException: 
no such element: Unable to locate element: {"method":"xpath","selector":"//h6[@id='LSERRM' and contains(text(),"Invalid username or password. Try again.")]"}
  (Session info: chrome=126.0.6478.62)
For documentation on this error, please visit: https://www.selenium.dev/documentation/webdriver/troubleshooting/errors#no-such-element-exception
Build info: version: '4.21.0', revision: '79ed462ef4'
System info: os.name: 'Windows 11', os.arch: 'amd64', os.version: '10.0', java.version: '17.0.10'
Driver info: org.openqa.selenium.chrome.ChromeDriver
Command: [4f60bdc1e58a6a7cf9645ec325dbf56c, findElement {using=xpath, value=//h6[@id='LSERRM' and contains(text(),"Invalid username or password. Try again.")]}]
Capabilities {acceptInsecureCerts: false, browserName: chrome, browserVersion: 126.0.6478.62, chrome: {chromedriverVersion: 126.0.6478.126 (d36ace6122e..., userDataDir: C:\Users\MANICH~1\AppData\L...}, fedcm:accounts: true, goog:chromeOptions: {debuggerAddress: localhost:55295}, networkConnectionEnabled: false, pageLoadStrategy: normal, platformName: windows, proxy: Proxy(), se:cdp: ws://localhost:55295/devtoo..., se:cdpVersion: 126.0.6478.62, setWindowRect: true, strictFileInteractability: false, timeouts: {implicit: 0, pageLoad: 300000, script: 30000}, unhandledPromptBehavior: dismiss and notify, webauthn:extension:credBlob: true, webauthn:extension:largeBlob: true, webauthn:extension:minPinLength: true, webauthn:extension:prf: true, webauthn:virtualAuthenticators: true}
Session ID: 4f60bdc1e58a6a7cf9645ec325dbf56c
	at zapcg.Capillary.LoginTestCases.Login_Invalid_TestCases.testInvalidPassword_TestCase3(Login_Invalid_TestCases.java:44)

testInvalidUsername_TestCase2(zapcg.Capillary.LoginTestCases.Login_Invalid_TestCases)  Time elapsed: 60.43 sec  <<< FAILURE!
org.openqa.selenium.TimeoutException: Expected condition failed: waiting for visibility of Proxy element for: DefaultElementLocator 'By.xpath: //h6[contains(text(),'Invalid username or password. Try again.')]' (tried for 30 second(s) with 500 milliseconds interval)
	at zapcg.Capillary.LoginTestCases.Login_Invalid_TestCases.testInvalidUsername_TestCase2(Login_Invalid_TestCases.java:36)
Caused by: org.openqa.selenium.NoSuchElementException: 
no such element: Unable to locate element: {"method":"xpath","selector":"//h6[contains(text(),'Invalid username or password. Try again.')]"}
  (Session info: chrome=126.0.6478.62)
For documentation on this error, please visit: https://www.selenium.dev/documentation/webdriver/troubleshooting/errors#no-such-element-exception
Build info: version: '4.21.0', revision: '79ed462ef4'
System info: os.name: 'Windows 11', os.arch: 'amd64', os.version: '10.0', java.version: '17.0.10'
Driver info: org.openqa.selenium.chrome.ChromeDriver
Command: [8d8bf45fb76a9929d0dd4d62a13036c2, findElement {using=xpath, value=//h6[contains(text(),'Invalid username or password. Try again.')]}]
Capabilities {acceptInsecureCerts: false, browserName: chrome, browserVersion: 126.0.6478.62, chrome: {chromedriverVersion: 126.0.6478.126 (d36ace6122e..., userDataDir: C:\Users\MANICH~1\AppData\L...}, fedcm:accounts: true, goog:chromeOptions: {debuggerAddress: localhost:55652}, networkConnectionEnabled: false, pageLoadStrategy: normal, platformName: windows, proxy: Proxy(), se:cdp: ws://localhost:55652/devtoo..., se:cdpVersion: 126.0.6478.62, setWindowRect: true, strictFileInteractability: false, timeouts: {implicit: 0, pageLoad: 300000, script: 30000}, unhandledPromptBehavior: dismiss and notify, webauthn:extension:credBlob: true, webauthn:extension:largeBlob: true, webauthn:extension:minPinLength: true, webauthn:extension:prf: true, webauthn:virtualAuthenticators: true}
Session ID: 8d8bf45fb76a9929d0dd4d62a13036c2
	at zapcg.Capillary.LoginTestCases.Login_Invalid_TestCases.testInvalidUsername_TestCase2(Login_Invalid_TestCases.java:36)

testInvalidPassword_TestCase3(zapcg.Capillary.LoginTestCases.Login_Invalid_TestCases)  Time elapsed: 60.3 sec  <<< FAILURE!
org.openqa.selenium.TimeoutException: Expected condition failed: waiting for visibility of Proxy element for: DefaultElementLocator 'By.xpath: //h6[@id='LSERRM' and contains(text(),"Invalid username or password. Try again.")]' (tried for 10 second(s) with 500 milliseconds interval)
	at zapcg.Capillary.LoginTestCases.Login_Invalid_TestCases.testInvalidPassword_TestCase3(Login_Invalid_TestCases.java:44)
Caused by: org.openqa.selenium.NoSuchElementException: 
no such element: Unable to locate element: {"method":"xpath","selector":"//h6[@id='LSERRM' and contains(text(),"Invalid username or password. Try again.")]"}
  (Session info: chrome=126.0.6478.62)
For documentation on this error, please visit: https://www.selenium.dev/documentation/webdriver/troubleshooting/errors#no-such-element-exception
Build info: version: '4.21.0', revision: '79ed462ef4'
System info: os.name: 'Windows 11', os.arch: 'amd64', os.version: '10.0', java.version: '17.0.10'
Driver info: org.openqa.selenium.chrome.ChromeDriver
Command: [ff60b3c726fff87fce30ff971a159d96, findElement {using=xpath, value=//h6[@id='LSERRM' and contains(text(),"Invalid username or password. Try again.")]}]
Capabilities {acceptInsecureCerts: false, browserName: chrome, browserVersion: 126.0.6478.62, chrome: {chromedriverVersion: 126.0.6478.126 (d36ace6122e..., userDataDir: C:\Users\MANICH~1\AppData\L...}, fedcm:accounts: true, goog:chromeOptions: {debuggerAddress: localhost:55698}, networkConnectionEnabled: false, pageLoadStrategy: normal, platformName: windows, proxy: Proxy(), se:cdp: ws://localhost:55698/devtoo..., se:cdpVersion: 126.0.6478.62, setWindowRect: true, strictFileInteractability: false, timeouts: {implicit: 0, pageLoad: 300000, script: 30000}, unhandledPromptBehavior: dismiss and notify, webauthn:extension:credBlob: true, webauthn:extension:largeBlob: true, webauthn:extension:minPinLength: true, webauthn:extension:prf: true, webauthn:virtualAuthenticators: true}
Session ID: ff60b3c726fff87fce30ff971a159d96
	at zapcg.Capillary.LoginTestCases.Login_Invalid_TestCases.testInvalidPassword_TestCase3(Login_Invalid_TestCases.java:44)

testInvalidUsername_TestCase2(zapcg.Capillary.LoginTestCases.Login_Invalid_TestCases)  Time elapsed: 60.394 sec  <<< FAILURE!
org.openqa.selenium.TimeoutException: Expected condition failed: waiting for visibility of Proxy element for: DefaultElementLocator 'By.xpath: //h6[contains(text(),'Invalid username or password. Try again.')]' (tried for 30 second(s) with 500 milliseconds interval)
	at zapcg.Capillary.LoginTestCases.Login_Invalid_TestCases.testInvalidUsername_TestCase2(Login_Invalid_TestCases.java:36)
Caused by: org.openqa.selenium.NoSuchElementException: 
no such element: Unable to locate element: {"method":"xpath","selector":"//h6[contains(text(),'Invalid username or password. Try again.')]"}
  (Session info: chrome=126.0.6478.62)
For documentation on this error, please visit: https://www.selenium.dev/documentation/webdriver/troubleshooting/errors#no-such-element-exception
Build info: version: '4.21.0', revision: '79ed462ef4'
System info: os.name: 'Windows 11', os.arch: 'amd64', os.version: '10.0', java.version: '17.0.10'
Driver info: org.openqa.selenium.chrome.ChromeDriver
Command: [2f5f2891d5f0aca929000f28c8f70143, findElement {using=xpath, value=//h6[contains(text(),'Invalid username or password. Try again.')]}]
Capabilities {acceptInsecureCerts: false, browserName: chrome, browserVersion: 126.0.6478.62, chrome: {chromedriverVersion: 126.0.6478.126 (d36ace6122e..., userDataDir: C:\Users\MANICH~1\AppData\L...}, fedcm:accounts: true, goog:chromeOptions: {debuggerAddress: localhost:56035}, networkConnectionEnabled: false, pageLoadStrategy: normal, platformName: windows, proxy: Proxy(), se:cdp: ws://localhost:56035/devtoo..., se:cdpVersion: 126.0.6478.62, setWindowRect: true, strictFileInteractability: false, timeouts: {implicit: 0, pageLoad: 300000, script: 30000}, unhandledPromptBehavior: dismiss and notify, webauthn:extension:credBlob: true, webauthn:extension:largeBlob: true, webauthn:extension:minPinLength: true, webauthn:extension:prf: true, webauthn:virtualAuthenticators: true}
Session ID: 2f5f2891d5f0aca929000f28c8f70143
	at zapcg.Capillary.LoginTestCases.Login_Invalid_TestCases.testInvalidUsername_TestCase2(Login_Invalid_TestCases.java:36)

testInvalidPassword_TestCase3(zapcg.Capillary.LoginTestCases.Login_Invalid_TestCases)  Time elapsed: 60.383 sec  <<< FAILURE!
org.openqa.selenium.TimeoutException: Expected condition failed: waiting for visibility of Proxy element for: DefaultElementLocator 'By.xpath: //h6[@id='LSERRM' and contains(text(),"Invalid username or password. Try again.")]' (tried for 10 second(s) with 500 milliseconds interval)
	at zapcg.Capillary.LoginTestCases.Login_Invalid_TestCases.testInvalidPassword_TestCase3(Login_Invalid_TestCases.java:44)
Caused by: org.openqa.selenium.NoSuchElementException: 
no such element: Unable to locate element: {"method":"xpath","selector":"//h6[@id='LSERRM' and contains(text(),"Invalid username or password. Try again.")]"}
  (Session info: chrome=126.0.6478.62)
For documentation on this error, please visit: https://www.selenium.dev/documentation/webdriver/troubleshooting/errors#no-such-element-exception
Build info: version: '4.21.0', revision: '79ed462ef4'
System info: os.name: 'Windows 11', os.arch: 'amd64', os.version: '10.0', java.version: '17.0.10'
Driver info: org.openqa.selenium.chrome.ChromeDriver
Command: [cc16d9cc819ff1e2d08b97013eb42ed1, findElement {using=xpath, value=//h6[@id='LSERRM' and contains(text(),"Invalid username or password. Try again.")]}]
Capabilities {acceptInsecureCerts: false, browserName: chrome, browserVersion: 126.0.6478.62, chrome: {chromedriverVersion: 126.0.6478.126 (d36ace6122e..., userDataDir: C:\Users\MANICH~1\AppData\L...}, fedcm:accounts: true, goog:chromeOptions: {debuggerAddress: localhost:56091}, networkConnectionEnabled: false, pageLoadStrategy: normal, platformName: windows, proxy: Proxy(), se:cdp: ws://localhost:56091/devtoo..., se:cdpVersion: 126.0.6478.62, setWindowRect: true, strictFileInteractability: false, timeouts: {implicit: 0, pageLoad: 300000, script: 30000}, unhandledPromptBehavior: dismiss and notify, webauthn:extension:credBlob: true, webauthn:extension:largeBlob: true, webauthn:extension:minPinLength: true, webauthn:extension:prf: true, webauthn:virtualAuthenticators: true}
Session ID: cc16d9cc819ff1e2d08b97013eb42ed1
	at zapcg.Capillary.LoginTestCases.Login_Invalid_TestCases.testInvalidPassword_TestCase3(Login_Invalid_TestCases.java:44)

testInvalidUsername_TestCase2(zapcg.Capillary.LoginTestCases.Login_Invalid_TestCases)  Time elapsed: 60.34 sec  <<< FAILURE!
org.openqa.selenium.TimeoutException: Expected condition failed: waiting for visibility of Proxy element for: DefaultElementLocator 'By.xpath: //h6[contains(text(),'Invalid username or password. Try again.')]' (tried for 30 second(s) with 500 milliseconds interval)
	at zapcg.Capillary.LoginTestCases.Login_Invalid_TestCases.testInvalidUsername_TestCase2(Login_Invalid_TestCases.java:36)
Caused by: org.openqa.selenium.NoSuchElementException: 
no such element: Unable to locate element: {"method":"xpath","selector":"//h6[contains(text(),'Invalid username or password. Try again.')]"}
  (Session info: chrome=126.0.6478.62)
For documentation on this error, please visit: https://www.selenium.dev/documentation/webdriver/troubleshooting/errors#no-such-element-exception
Build info: version: '4.21.0', revision: '79ed462ef4'
System info: os.name: 'Windows 11', os.arch: 'amd64', os.version: '10.0', java.version: '17.0.10'
Driver info: org.openqa.selenium.chrome.ChromeDriver
Command: [0358d8308ddd751cb415e69bb09eb03c, findElement {using=xpath, value=//h6[contains(text(),'Invalid username or password. Try again.')]}]
Capabilities {acceptInsecureCerts: false, browserName: chrome, browserVersion: 126.0.6478.62, chrome: {chromedriverVersion: 126.0.6478.126 (d36ace6122e..., userDataDir: C:\Users\MANICH~1\AppData\L...}, fedcm:accounts: true, goog:chromeOptions: {debuggerAddress: localhost:56422}, networkConnectionEnabled: false, pageLoadStrategy: normal, platformName: windows, proxy: Proxy(), se:cdp: ws://localhost:56422/devtoo..., se:cdpVersion: 126.0.6478.62, setWindowRect: true, strictFileInteractability: false, timeouts: {implicit: 0, pageLoad: 300000, script: 30000}, unhandledPromptBehavior: dismiss and notify, webauthn:extension:credBlob: true, webauthn:extension:largeBlob: true, webauthn:extension:minPinLength: true, webauthn:extension:prf: true, webauthn:virtualAuthenticators: true}
Session ID: 0358d8308ddd751cb415e69bb09eb03c
	at zapcg.Capillary.LoginTestCases.Login_Invalid_TestCases.testInvalidUsername_TestCase2(Login_Invalid_TestCases.java:36)

testInvalidPassword_TestCase3(zapcg.Capillary.LoginTestCases.Login_Invalid_TestCases)  Time elapsed: 60.344 sec  <<< FAILURE!
org.openqa.selenium.TimeoutException: Expected condition failed: waiting for visibility of Proxy element for: DefaultElementLocator 'By.xpath: //h6[@id='LSERRM' and contains(text(),"Invalid username or password. Try again.")]' (tried for 10 second(s) with 500 milliseconds interval)
	at zapcg.Capillary.LoginTestCases.Login_Invalid_TestCases.testInvalidPassword_TestCase3(Login_Invalid_TestCases.java:44)
Caused by: org.openqa.selenium.NoSuchElementException: 
no such element: Unable to locate element: {"method":"xpath","selector":"//h6[@id='LSERRM' and contains(text(),"Invalid username or password. Try again.")]"}
  (Session info: chrome=126.0.6478.62)
For documentation on this error, please visit: https://www.selenium.dev/documentation/webdriver/troubleshooting/errors#no-such-element-exception
Build info: version: '4.21.0', revision: '79ed462ef4'
System info: os.name: 'Windows 11', os.arch: 'amd64', os.version: '10.0', java.version: '17.0.10'
Driver info: org.openqa.selenium.chrome.ChromeDriver
Command: [e929e6a6ca7288e96e346c90de5aedf2, findElement {using=xpath, value=//h6[@id='LSERRM' and contains(text(),"Invalid username or password. Try again.")]}]
Capabilities {acceptInsecureCerts: false, browserName: chrome, browserVersion: 126.0.6478.62, chrome: {chromedriverVersion: 126.0.6478.126 (d36ace6122e..., userDataDir: C:\Users\MANICH~1\AppData\L...}, fedcm:accounts: true, goog:chromeOptions: {debuggerAddress: localhost:56584}, networkConnectionEnabled: false, pageLoadStrategy: normal, platformName: windows, proxy: Proxy(), se:cdp: ws://localhost:56584/devtoo..., se:cdpVersion: 126.0.6478.62, setWindowRect: true, strictFileInteractability: false, timeouts: {implicit: 0, pageLoad: 300000, script: 30000}, unhandledPromptBehavior: dismiss and notify, webauthn:extension:credBlob: true, webauthn:extension:largeBlob: true, webauthn:extension:minPinLength: true, webauthn:extension:prf: true, webauthn:virtualAuthenticators: true}
Session ID: e929e6a6ca7288e96e346c90de5aedf2
	at zapcg.Capillary.LoginTestCases.Login_Invalid_TestCases.testInvalidPassword_TestCase3(Login_Invalid_TestCases.java:44)

verifyHeaderOfMemberLookupScreen(zapcg.Capillary.LocationPageTestCases.Location_ExistingUser_TestCases)  Time elapsed: 31.939 sec  <<< FAILURE!
java.lang.AssertionError: 
An error occurred while verifying the dropdown selections: no such element: Unable to locate element: {"method":"xpath","selector":"//button[@id='MSMENUI2']"}
  (Session info: chrome=126.0.6478.62)
For documentation on this error, please visit: https://www.selenium.dev/documentation/webdriver/troubleshooting/errors#no-such-element-exception
Build info: version: '4.21.0', revision: '79ed462ef4'
System info: os.name: 'Windows 11', os.arch: 'amd64', os.version: '10.0', java.version: '17.0.10'
Driver info: org.openqa.selenium.chrome.ChromeDriver
Command: [e11a32b7ae50c07d9b5176460763df65, findElement {using=xpath, value=//button[@id='MSMENUI2']}]
Capabilities {acceptInsecureCerts: false, browserName: chrome, browserVersion: 126.0.6478.62, chrome: {chromedriverVersion: 126.0.6478.126 (d36ace6122e..., userDataDir: C:\Users\MANICH~1\AppData\L...}, fedcm:accounts: true, goog:chromeOptions: {debuggerAddress: localhost:56812}, networkConnectionEnabled: false, pageLoadStrategy: normal, platformName: windows, proxy: Proxy(), se:cdp: ws://localhost:56812/devtoo..., se:cdpVersion: 126.0.6478.62, setWindowRect: true, strictFileInteractability: false, timeouts: {implicit: 0, pageLoad: 300000, script: 30000}, unhandledPromptBehavior: dismiss and notify, webauthn:extension:credBlob: true, webauthn:extension:largeBlob: true, webauthn:extension:minPinLength: true, webauthn:extension:prf: true, webauthn:virtualAuthenticators: true}
Session ID: e11a32b7ae50c07d9b5176460763df65
	at zapcg.Capillary.LocationPageTestCases.Location_ExistingUser_TestCases.verifyHeaderOfMemberLookupScreen(Location_ExistingUser_TestCases.java:150)

testInvalidUsername_TestCase2(zapcg.Capillary.LoginTestCases.Login_Invalid_TestCases)  Time elapsed: 60.393 sec  <<< FAILURE!
org.openqa.selenium.TimeoutException: Expected condition failed: waiting for visibility of Proxy element for: DefaultElementLocator 'By.xpath: //h6[contains(text(),'Invalid username or password. Try again.')]' (tried for 30 second(s) with 500 milliseconds interval)
	at zapcg.Capillary.LoginTestCases.Login_Invalid_TestCases.testInvalidUsername_TestCase2(Login_Invalid_TestCases.java:36)
Caused by: org.openqa.selenium.NoSuchElementException: 
no such element: Unable to locate element: {"method":"xpath","selector":"//h6[contains(text(),'Invalid username or password. Try again.')]"}
  (Session info: chrome=126.0.6478.62)
For documentation on this error, please visit: https://www.selenium.dev/documentation/webdriver/troubleshooting/errors#no-such-element-exception
Build info: version: '4.21.0', revision: '79ed462ef4'
System info: os.name: 'Windows 11', os.arch: 'amd64', os.version: '10.0', java.version: '17.0.10'
Driver info: org.openqa.selenium.chrome.ChromeDriver
Command: [b10a5dc601cc73f2041db3ccc6e19a87, findElement {using=xpath, value=//h6[contains(text(),'Invalid username or password. Try again.')]}]
Capabilities {acceptInsecureCerts: false, browserName: chrome, browserVersion: 126.0.6478.62, chrome: {chromedriverVersion: 126.0.6478.126 (d36ace6122e..., userDataDir: C:\Users\MANICH~1\AppData\L...}, fedcm:accounts: true, goog:chromeOptions: {debuggerAddress: localhost:57052}, networkConnectionEnabled: false, pageLoadStrategy: normal, platformName: windows, proxy: Proxy(), se:cdp: ws://localhost:57052/devtoo..., se:cdpVersion: 126.0.6478.62, setWindowRect: true, strictFileInteractability: false, timeouts: {implicit: 0, pageLoad: 300000, script: 30000}, unhandledPromptBehavior: dismiss and notify, webauthn:extension:credBlob: true, webauthn:extension:largeBlob: true, webauthn:extension:minPinLength: true, webauthn:extension:prf: true, webauthn:virtualAuthenticators: true}
Session ID: b10a5dc601cc73f2041db3ccc6e19a87
	at zapcg.Capillary.LoginTestCases.Login_Invalid_TestCases.testInvalidUsername_TestCase2(Login_Invalid_TestCases.java:36)

testInvalidPassword_TestCase3(zapcg.Capillary.LoginTestCases.Login_Invalid_TestCases)  Time elapsed: 60.34 sec  <<< FAILURE!
org.openqa.selenium.TimeoutException: Expected condition failed: waiting for visibility of Proxy element for: DefaultElementLocator 'By.xpath: //h6[@id='LSERRM' and contains(text(),"Invalid username or password. Try again.")]' (tried for 10 second(s) with 500 milliseconds interval)
	at zapcg.Capillary.LoginTestCases.Login_Invalid_TestCases.testInvalidPassword_TestCase3(Login_Invalid_TestCases.java:44)
Caused by: org.openqa.selenium.NoSuchElementException: 
no such element: Unable to locate element: {"method":"xpath","selector":"//h6[@id='LSERRM' and contains(text(),"Invalid username or password. Try again.")]"}
  (Session info: chrome=126.0.6478.62)
For documentation on this error, please visit: https://www.selenium.dev/documentation/webdriver/troubleshooting/errors#no-such-element-exception
Build info: version: '4.21.0', revision: '79ed462ef4'
System info: os.name: 'Windows 11', os.arch: 'amd64', os.version: '10.0', java.version: '17.0.10'
Driver info: org.openqa.selenium.chrome.ChromeDriver
Command: [21255b2c1f6689a806ed71f386327df3, findElement {using=xpath, value=//h6[@id='LSERRM' and contains(text(),"Invalid username or password. Try again.")]}]
Capabilities {acceptInsecureCerts: false, browserName: chrome, browserVersion: 126.0.6478.62, chrome: {chromedriverVersion: 126.0.6478.126 (d36ace6122e..., userDataDir: C:\Users\MANICH~1\AppData\L...}, fedcm:accounts: true, goog:chromeOptions: {debuggerAddress: localhost:57142}, networkConnectionEnabled: false, pageLoadStrategy: normal, platformName: windows, proxy: Proxy(), se:cdp: ws://localhost:57142/devtoo..., se:cdpVersion: 126.0.6478.62, setWindowRect: true, strictFileInteractability: false, timeouts: {implicit: 0, pageLoad: 300000, script: 30000}, unhandledPromptBehavior: dismiss and notify, webauthn:extension:credBlob: true, webauthn:extension:largeBlob: true, webauthn:extension:minPinLength: true, webauthn:extension:prf: true, webauthn:virtualAuthenticators: true}
Session ID: 21255b2c1f6689a806ed71f386327df3
	at zapcg.Capillary.LoginTestCases.Login_Invalid_TestCases.testInvalidPassword_TestCase3(Login_Invalid_TestCases.java:44)

chooseValidLocationForNewUser(zapcg.Capillary.LocationPageTestCases.Location_ExistingUser_TestCases)  Time elapsed: 3.473 sec  <<< FAILURE!
org.openqa.selenium.ElementClickInterceptedException: 
element click intercepted: Element <button class="MuiButtonBase-root MuiButton-root MuiButton-contained MuiButton-containedPrimary MuiButton-sizeMedium MuiButton-containedSizeMedium MuiButton-colorPrimary MuiButton-root MuiButton-contained MuiButton-containedPrimary MuiButton-sizeMedium MuiButton-containedSizeMedium MuiButton-colorPrimary css-y7km40" tabindex="0" type="button" data-testid="LS014B" id="LS014B">...</button> is not clickable at point (383, 193). Other element would receive the click: <li tabindex="-1" role="option" id="LS013OP1" data-option-index="1" aria-disabled="false" aria-selected="false" class="MuiAutocomplete-option" data-testid="LS013OP1">...</li>
  (Session info: chrome=126.0.6478.62)
Build info: version: '4.21.0', revision: '79ed462ef4'
System info: os.name: 'Windows 11', os.arch: 'amd64', os.version: '10.0', java.version: '17.0.10'
Driver info: org.openqa.selenium.chrome.ChromeDriver
Command: [0593ae2063595f05b28a39da01ee1505, clickElement {id=f.8C544020C450652522A7EC69391AA474.d.A2F8B21F8EA7972870813B06D3424458.e.54}]
Capabilities {acceptInsecureCerts: false, browserName: chrome, browserVersion: 126.0.6478.62, chrome: {chromedriverVersion: 126.0.6478.126 (d36ace6122e..., userDataDir: C:\Users\MANICH~1\AppData\L...}, fedcm:accounts: true, goog:chromeOptions: {debuggerAddress: localhost:57503}, networkConnectionEnabled: false, pageLoadStrategy: normal, platformName: windows, proxy: Proxy(), se:cdp: ws://localhost:57503/devtoo..., se:cdpVersion: 126.0.6478.62, setWindowRect: true, strictFileInteractability: false, timeouts: {implicit: 0, pageLoad: 300000, script: 30000}, unhandledPromptBehavior: dismiss and notify, webauthn:extension:credBlob: true, webauthn:extension:largeBlob: true, webauthn:extension:minPinLength: true, webauthn:extension:prf: true, webauthn:virtualAuthenticators: true}
Element: [[ChromeDriver: chrome on windows (0593ae2063595f05b28a39da01ee1505)] -> xpath: //button[@id='LS014B']]
Session ID: 0593ae2063595f05b28a39da01ee1505
	at zapcg.Capillary.LocationPageTestCases.Location_ExistingUser_TestCases.chooseValidLocationForNewUser(Location_ExistingUser_TestCases.java:53)

testInvalidUsername_TestCase2(zapcg.Capillary.LoginTestCases.Login_Invalid_TestCases)  Time elapsed: 60.272 sec  <<< FAILURE!
org.openqa.selenium.TimeoutException: Expected condition failed: waiting for visibility of Proxy element for: DefaultElementLocator 'By.xpath: //h6[contains(text(),'Invalid username or password. Try again.')]' (tried for 30 second(s) with 500 milliseconds interval)
	at zapcg.Capillary.LoginTestCases.Login_Invalid_TestCases.testInvalidUsername_TestCase2(Login_Invalid_TestCases.java:36)
Caused by: org.openqa.selenium.NoSuchElementException: 
no such element: Unable to locate element: {"method":"xpath","selector":"//h6[contains(text(),'Invalid username or password. Try again.')]"}
  (Session info: chrome=126.0.6478.62)
For documentation on this error, please visit: https://www.selenium.dev/documentation/webdriver/troubleshooting/errors#no-such-element-exception
Build info: version: '4.21.0', revision: '79ed462ef4'
System info: os.name: 'Windows 11', os.arch: 'amd64', os.version: '10.0', java.version: '17.0.10'
Driver info: org.openqa.selenium.chrome.ChromeDriver
Command: [176d30174cc5e39d02ec2fd3b3d07112, findElement {using=xpath, value=//h6[contains(text(),'Invalid username or password. Try again.')]}]
Capabilities {acceptInsecureCerts: false, browserName: chrome, browserVersion: 126.0.6478.62, chrome: {chromedriverVersion: 126.0.6478.126 (d36ace6122e..., userDataDir: C:\Users\MANICH~1\AppData\L...}, fedcm:accounts: true, goog:chromeOptions: {debuggerAddress: localhost:57551}, networkConnectionEnabled: false, pageLoadStrategy: normal, platformName: windows, proxy: Proxy(), se:cdp: ws://localhost:57551/devtoo..., se:cdpVersion: 126.0.6478.62, setWindowRect: true, strictFileInteractability: false, timeouts: {implicit: 0, pageLoad: 300000, script: 30000}, unhandledPromptBehavior: dismiss and notify, webauthn:extension:credBlob: true, webauthn:extension:largeBlob: true, webauthn:extension:minPinLength: true, webauthn:extension:prf: true, webauthn:virtualAuthenticators: true}
Session ID: 176d30174cc5e39d02ec2fd3b3d07112
	at zapcg.Capillary.LoginTestCases.Login_Invalid_TestCases.testInvalidUsername_TestCase2(Login_Invalid_TestCases.java:36)

testInvalidPassword_TestCase3(zapcg.Capillary.LoginTestCases.Login_Invalid_TestCases)  Time elapsed: 60.327 sec  <<< FAILURE!
org.openqa.selenium.TimeoutException: Expected condition failed: waiting for visibility of Proxy element for: DefaultElementLocator 'By.xpath: //h6[@id='LSERRM' and contains(text(),"Invalid username or password. Try again.")]' (tried for 10 second(s) with 500 milliseconds interval)
	at zapcg.Capillary.LoginTestCases.Login_Invalid_TestCases.testInvalidPassword_TestCase3(Login_Invalid_TestCases.java:44)
Caused by: org.openqa.selenium.NoSuchElementException: 
no such element: Unable to locate element: {"method":"xpath","selector":"//h6[@id='LSERRM' and contains(text(),"Invalid username or password. Try again.")]"}
  (Session info: chrome=126.0.6478.62)
For documentation on this error, please visit: https://www.selenium.dev/documentation/webdriver/troubleshooting/errors#no-such-element-exception
Build info: version: '4.21.0', revision: '79ed462ef4'
System info: os.name: 'Windows 11', os.arch: 'amd64', os.version: '10.0', java.version: '17.0.10'
Driver info: org.openqa.selenium.chrome.ChromeDriver
Command: [b74538cc505408a11206e024c46a91d4, findElement {using=xpath, value=//h6[@id='LSERRM' and contains(text(),"Invalid username or password. Try again.")]}]
Capabilities {acceptInsecureCerts: false, browserName: chrome, browserVersion: 126.0.6478.62, chrome: {chromedriverVersion: 126.0.6478.126 (d36ace6122e..., userDataDir: C:\Users\MANICH~1\AppData\L...}, fedcm:accounts: true, goog:chromeOptions: {debuggerAddress: localhost:57645}, networkConnectionEnabled: false, pageLoadStrategy: normal, platformName: windows, proxy: Proxy(), se:cdp: ws://localhost:57645/devtoo..., se:cdpVersion: 126.0.6478.62, setWindowRect: true, strictFileInteractability: false, timeouts: {implicit: 0, pageLoad: 300000, script: 30000}, unhandledPromptBehavior: dismiss and notify, webauthn:extension:credBlob: true, webauthn:extension:largeBlob: true, webauthn:extension:minPinLength: true, webauthn:extension:prf: true, webauthn:virtualAuthenticators: true}
Session ID: b74538cc505408a11206e024c46a91d4
	at zapcg.Capillary.LoginTestCases.Login_Invalid_TestCases.testInvalidPassword_TestCase3(Login_Invalid_TestCases.java:44)

verifyHeaderOfMemberLookupScreen(zapcg.Capillary.LocationPageTestCases.Location_ExistingUser_TestCases)  Time elapsed: 31.964 sec  <<< FAILURE!
java.lang.AssertionError: 
An error occurred while verifying the dropdown selections: no such element: Unable to locate element: {"method":"xpath","selector":"//button[@id='MSMENUI2']"}
  (Session info: chrome=126.0.6478.62)
For documentation on this error, please visit: https://www.selenium.dev/documentation/webdriver/troubleshooting/errors#no-such-element-exception
Build info: version: '4.21.0', revision: '79ed462ef4'
System info: os.name: 'Windows 11', os.arch: 'amd64', os.version: '10.0', java.version: '17.0.10'
Driver info: org.openqa.selenium.chrome.ChromeDriver
Command: [ef9068b1e0f16e303461460b3220ca37, findElement {using=xpath, value=//button[@id='MSMENUI2']}]
Capabilities {acceptInsecureCerts: false, browserName: chrome, browserVersion: 126.0.6478.62, chrome: {chromedriverVersion: 126.0.6478.126 (d36ace6122e..., userDataDir: C:\Users\MANICH~1\AppData\L...}, fedcm:accounts: true, goog:chromeOptions: {debuggerAddress: localhost:57763}, networkConnectionEnabled: false, pageLoadStrategy: normal, platformName: windows, proxy: Proxy(), se:cdp: ws://localhost:57763/devtoo..., se:cdpVersion: 126.0.6478.62, setWindowRect: true, strictFileInteractability: false, timeouts: {implicit: 0, pageLoad: 300000, script: 30000}, unhandledPromptBehavior: dismiss and notify, webauthn:extension:credBlob: true, webauthn:extension:largeBlob: true, webauthn:extension:minPinLength: true, webauthn:extension:prf: true, webauthn:virtualAuthenticators: true}
Session ID: ef9068b1e0f16e303461460b3220ca37
	at zapcg.Capillary.LocationPageTestCases.Location_ExistingUser_TestCases.verifyHeaderOfMemberLookupScreen(Location_ExistingUser_TestCases.java:150)

