<?xml version="1.0" encoding="UTF-8"?>
<testsuite xmlns:xsi="http://www.w3.org/2001/XMLSchema-instance" xsi:schemaLocation="https://maven.apache.org/surefire/maven-surefire-plugin/xsd/surefire-test-report.xsd" name="TestSuite" time="1,317.783" tests="108" errors="0" skipped="0" failures="15">
  <properties>
    <property name="java.runtime.name" value="Java(TM) SE Runtime Environment"/>
    <property name="java.vm.version" value="17.0.10+11-LTS-240"/>
    <property name="sun.boot.library.path" value="C:\Program Files\Java\jdk-17\bin"/>
    <property name="maven.multiModuleProjectDirectory" value="C:\Users\ManiChandana\Fortress-Repos\github-actions\automation-testing"/>
    <property name="java.vm.vendor" value="Oracle Corporation"/>
    <property name="java.vendor.url" value="https://java.oracle.com/"/>
    <property name="guice.disable.misplaced.annotation.check" value="true"/>
    <property name="path.separator" value=";"/>
    <property name="java.vm.name" value="Java HotSpot(TM) 64-Bit Server VM"/>
    <property name="sun.os.patch.level" value=""/>
    <property name="user.script" value=""/>
    <property name="user.country" value="IN"/>
    <property name="sun.java.launcher" value="SUN_STANDARD"/>
    <property name="java.vm.specification.name" value="Java Virtual Machine Specification"/>
    <property name="user.dir" value="C:\Users\ManiChandana\Fortress-Repos\github-actions\automation-testing"/>
    <property name="java.vm.compressedOopsMode" value="Zero based"/>
    <property name="java.runtime.version" value="17.0.10+11-LTS-240"/>
    <property name="os.arch" value="amd64"/>
    <property name="java.io.tmpdir" value="C:\Users\MANICH~1\AppData\Local\Temp\"/>
    <property name="line.separator" value="&#10;"/>
    <property name="java.vm.specification.vendor" value="Oracle Corporation"/>
    <property name="user.variant" value=""/>
    <property name="os.name" value="Windows 11"/>
    <property name="classworlds.conf" value="C:\apache-maven-3.9.8\bin\m2.conf"/>
    <property name="sun.jnu.encoding" value="Cp1252"/>
    <property name="java.library.path" value="C:\Program Files\Java\jdk-17\bin;C:\Windows\Sun\Java\bin;C:\Windows\system32;C:\Windows;C:\Program Files\Common Files\Oracle\Java\javapath;C:\Windows\system32;C:\Windows;C:\Windows\System32\Wbem;C:\Windows\System32\WindowsPowerShell\v1.0\;C:\Windows\System32\OpenSSH\;C:\Program Files\Git\cmd;C:\Program Files\Amazon\AWSCLIV2\;C:\Program Files\nodejs\;C:\ProgramData\chocolatey\bin;C:\Program Files\Java\jdk-17\bin;C:\Program Files\Docker\Docker\resources\bin;C:\Users\ManiChandana\Downloads\apache-maven-3.9.8\bin;C:\apache-maven-3.9.8\bin;C:\Users\ManiChandana\scoop\apps\openssl\current\bin;C:\Users\ManiChandana\AppData\Local\Programs\Python\Python312\Scripts\;C:\Users\ManiChandana\AppData\Local\Programs\Python\Python312\;C:\Users\ManiChandana\scoop\apps\gsudo\current;C:\Users\ManiChandana\scoop\shims;C:\Users\ManiChandana\AppData\Local\Microsoft\WindowsApps;C:\Users\ManiChandana\AppData\Local\Programs\Microsoft VS Code\bin;C:\Users\ManiChandana\AppData\Roaming\npm;."/>
    <property name="maven.conf" value="C:\apache-maven-3.9.8/conf"/>
    <property name="jdk.debug" value="release"/>
    <property name="java.class.version" value="61.0"/>
    <property name="java.specification.name" value="Java Platform API Specification"/>
    <property name="sun.management.compiler" value="HotSpot 64-Bit Tiered Compilers"/>
    <property name="os.version" value="10.0"/>
    <property name="library.jansi.path" value="C:\apache-maven-3.9.8\lib\jansi-native"/>
    <property name="user.home" value="C:\Users\ManiChandana"/>
    <property name="user.timezone" value="Asia/Calcutta"/>
    <property name="file.encoding" value="Cp1252"/>
    <property name="java.specification.version" value="17"/>
    <property name="user.name" value="ManiChandana"/>
    <property name="java.class.path" value="C:\apache-maven-3.9.8\boot\plexus-classworlds-2.8.0.jar"/>
    <property name="java.vm.specification.version" value="17"/>
    <property name="sun.arch.data.model" value="64"/>
    <property name="sun.java.command" value="org.codehaus.plexus.classworlds.launcher.Launcher install"/>
    <property name="java.home" value="C:\Program Files\Java\jdk-17"/>
    <property name="user.language" value="en"/>
    <property name="java.specification.vendor" value="Oracle Corporation"/>
    <property name="java.vm.info" value="mixed mode, sharing"/>
    <property name="java.version" value="17.0.10"/>
    <property name="native.encoding" value="Cp1252"/>
    <property name="java.vendor" value="Oracle Corporation"/>
    <property name="sun.stderr.encoding" value="cp437"/>
    <property name="maven.home" value="C:\apache-maven-3.9.8"/>
    <property name="file.separator" value="\"/>
    <property name="java.version.date" value="2024-01-16"/>
    <property name="java.vendor.url.bug" value="https://bugreport.java.com/bugreport/"/>
    <property name="sun.io.unicode.encoding" value="UnicodeLittle"/>
    <property name="sun.cpu.endian" value="little"/>
    <property name="sun.stdout.encoding" value="cp437"/>
    <property name="sun.cpu.isalist" value="amd64"/>
  </properties>
  <testcase name="chooseValidLocationForNewUser" classname="zapcg.Capillary.LocationPageTestCases.Location_ExistingUser_TestCases" time="5.33"/>
  <testcase name="chooseValidLocationForNewUser" classname="zapcg.Capillary.LocationPageTestCases.Location_ExistingUser_TestCases" time="1.914"/>
  <testcase name="chooseValidLocationForNewUser" classname="zapcg.Capillary.LocationPageTestCases.Location_ExistingUser_TestCases" time="1.937"/>
  <testcase name="chooseValidLocationForNewUser" classname="zapcg.Capillary.LocationPageTestCases.Location_ExistingUser_TestCases" time="1.918"/>
  <testcase name="chooseValidLocationForNewUser" classname="zapcg.Capillary.LocationPageTestCases.Location_ExistingUser_TestCases" time="2.45"/>
  <testcase name="chooseValidLocationForNewUser" classname="zapcg.Capillary.LocationPageTestCases.Location_ExistingUser_TestCases" time="3.473">
    <failure message="element click intercepted: Element &lt;button class=&quot;MuiButtonBase-root MuiButton-root MuiButton-contained MuiButton-containedPrimary MuiButton-sizeMedium MuiButton-containedSizeMedium MuiButton-colorPrimary MuiButton-root MuiButton-contained MuiButton-containedPrimary MuiButton-sizeMedium MuiButton-containedSizeMedium MuiButton-colorPrimary css-y7km40&quot; tabindex=&quot;0&quot; type=&quot;button&quot; data-testid=&quot;LS014B&quot; id=&quot;LS014B&quot;&gt;...&lt;/button&gt; is not clickable at point (383, 193). Other element would receive the click: &lt;li tabindex=&quot;-1&quot; role=&quot;option&quot; id=&quot;LS013OP1&quot; data-option-index=&quot;1&quot; aria-disabled=&quot;false&quot; aria-selected=&quot;false&quot; class=&quot;MuiAutocomplete-option&quot; data-testid=&quot;LS013OP1&quot;&gt;...&lt;/li&gt;&#10;  (Session info: chrome=126.0.6478.62)&#10;Build info: version: &apos;4.21.0&apos;, revision: &apos;79ed462ef4&apos;&#10;System info: os.name: &apos;Windows 11&apos;, os.arch: &apos;amd64&apos;, os.version: &apos;10.0&apos;, java.version: &apos;17.0.10&apos;&#10;Driver info: org.openqa.selenium.chrome.ChromeDriver&#10;Command: [0593ae2063595f05b28a39da01ee1505, clickElement {id=f.8C544020C450652522A7EC69391AA474.d.A2F8B21F8EA7972870813B06D3424458.e.54}]&#10;Capabilities {acceptInsecureCerts: false, browserName: chrome, browserVersion: 126.0.6478.62, chrome: {chromedriverVersion: 126.0.6478.126 (d36ace6122e..., userDataDir: C:\Users\MANICH~1\AppData\L...}, fedcm:accounts: true, goog:chromeOptions: {debuggerAddress: localhost:57503}, networkConnectionEnabled: false, pageLoadStrategy: normal, platformName: windows, proxy: Proxy(), se:cdp: ws://localhost:57503/devtoo..., se:cdpVersion: 126.0.6478.62, setWindowRect: true, strictFileInteractability: false, timeouts: {implicit: 0, pageLoad: 300000, script: 30000}, unhandledPromptBehavior: dismiss and notify, webauthn:extension:credBlob: true, webauthn:extension:largeBlob: true, webauthn:extension:minPinLength: true, webauthn:extension:prf: true, webauthn:virtualAuthenticators: true}&#10;Element: [[ChromeDriver: chrome on windows (0593ae2063595f05b28a39da01ee1505)] -&gt; xpath: //button[@id=&apos;LS014B&apos;]]&#10;Session ID: 0593ae2063595f05b28a39da01ee1505" type="org.openqa.selenium.ElementClickInterceptedException"><![CDATA[org.openqa.selenium.ElementClickInterceptedException: 
element click intercepted: Element <button class="MuiButtonBase-root MuiButton-root MuiButton-contained MuiButton-containedPrimary MuiButton-sizeMedium MuiButton-containedSizeMedium MuiButton-colorPrimary MuiButton-root MuiButton-contained MuiButton-containedPrimary MuiButton-sizeMedium MuiButton-containedSizeMedium MuiButton-colorPrimary css-y7km40" tabindex="0" type="button" data-testid="LS014B" id="LS014B">...</button> is not clickable at point (383, 193). Other element would receive the click: <li tabindex="-1" role="option" id="LS013OP1" data-option-index="1" aria-disabled="false" aria-selected="false" class="MuiAutocomplete-option" data-testid="LS013OP1">...</li>
  (Session info: chrome=126.0.6478.62)
Build info: version: '4.21.0', revision: '79ed462ef4'
System info: os.name: 'Windows 11', os.arch: 'amd64', os.version: '10.0', java.version: '17.0.10'
Driver info: org.openqa.selenium.chrome.ChromeDriver
Command: [0593ae2063595f05b28a39da01ee1505, clickElement {id=f.8C544020C450652522A7EC69391AA474.d.A2F8B21F8EA7972870813B06D3424458.e.54}]
Capabilities {acceptInsecureCerts: false, browserName: chrome, browserVersion: 126.0.6478.62, chrome: {chromedriverVersion: 126.0.6478.126 (d36ace6122e..., userDataDir: C:\Users\MANICH~1\AppData\L...}, fedcm:accounts: true, goog:chromeOptions: {debuggerAddress: localhost:57503}, networkConnectionEnabled: false, pageLoadStrategy: normal, platformName: windows, proxy: Proxy(), se:cdp: ws://localhost:57503/devtoo..., se:cdpVersion: 126.0.6478.62, setWindowRect: true, strictFileInteractability: false, timeouts: {implicit: 0, pageLoad: 300000, script: 30000}, unhandledPromptBehavior: dismiss and notify, webauthn:extension:credBlob: true, webauthn:extension:largeBlob: true, webauthn:extension:minPinLength: true, webauthn:extension:prf: true, webauthn:virtualAuthenticators: true}
Element: [[ChromeDriver: chrome on windows (0593ae2063595f05b28a39da01ee1505)] -> xpath: //button[@id='LS014B']]
Session ID: 0593ae2063595f05b28a39da01ee1505
	at zapcg.Capillary.LocationPageTestCases.Location_ExistingUser_TestCases.chooseValidLocationForNewUser(Location_ExistingUser_TestCases.java:53)
]]></failure>
    <system-out><![CDATA[Test execution completed on ChromeDriver with device: Galaxy S20 Portrait
Test Started: chooseValidLocationForNewUser
]]></system-out>
    <system-err><![CDATA[Jun 25, 2024 4:24:49 PM org.openqa.selenium.devtools.CdpVersionFinder findNearestMatch
WARNING: Unable to find an exact match for CDP version 126, returning the closest version; found: 125; Please update to a Selenium version that supports CDP version 126
]]></system-err>
  </testcase>
  <testcase name="testValidLogin_TestCase1" classname="zapcg.Capillary.LoginTestCases.Login_Valid_TestCases" time="2.485"/>
  <testcase name="testValidLogin_TestCase1" classname="zapcg.Capillary.LoginTestCases.Login_Valid_TestCases" time="2.593"/>
  <testcase name="testValidLogin_TestCase1" classname="zapcg.Capillary.LoginTestCases.Login_Valid_TestCases" time="2.556"/>
  <testcase name="testValidLogin_TestCase1" classname="zapcg.Capillary.LoginTestCases.Login_Valid_TestCases" time="2.453"/>
  <testcase name="testValidLogin_TestCase1" classname="zapcg.Capillary.LoginTestCases.Login_Valid_TestCases" time="2.933"/>
  <testcase name="testValidLogin_TestCase1" classname="zapcg.Capillary.LoginTestCases.Login_Valid_TestCases" time="2.567"/>
  <testcase name="testInvalidUsername_TestCase2" classname="zapcg.Capillary.LoginTestCases.Login_Invalid_TestCases" time="60.352">
    <failure message="Expected condition failed: waiting for visibility of Proxy element for: DefaultElementLocator &apos;By.xpath: //h6[contains(text(),&apos;Invalid username or password. Try again.&apos;)]&apos; (tried for 30 second(s) with 500 milliseconds interval)" type="org.openqa.selenium.TimeoutException">org.openqa.selenium.TimeoutException: Expected condition failed: waiting for visibility of Proxy element for: DefaultElementLocator 'By.xpath: //h6[contains(text(),'Invalid username or password. Try again.')]' (tried for 30 second(s) with 500 milliseconds interval)
	at zapcg.Capillary.LoginTestCases.Login_Invalid_TestCases.testInvalidUsername_TestCase2(Login_Invalid_TestCases.java:36)
Caused by: org.openqa.selenium.NoSuchElementException: 
no such element: Unable to locate element: {"method":"xpath","selector":"//h6[contains(text(),'Invalid username or password. Try again.')]"}
  (Session info: chrome=126.0.6478.62)
For documentation on this error, please visit: https://www.selenium.dev/documentation/webdriver/troubleshooting/errors#no-such-element-exception
Build info: version: '4.21.0', revision: '79ed462ef4'
System info: os.name: 'Windows 11', os.arch: 'amd64', os.version: '10.0', java.version: '17.0.10'
Driver info: org.openqa.selenium.chrome.ChromeDriver
Command: [73de644def708b1444c89ca6b402ccd5, findElement {using=xpath, value=//h6[contains(text(),'Invalid username or password. Try again.')]}]
Capabilities {acceptInsecureCerts: false, browserName: chrome, browserVersion: 126.0.6478.62, chrome: {chromedriverVersion: 126.0.6478.126 (d36ace6122e..., userDataDir: C:\Users\MANICH~1\AppData\L...}, fedcm:accounts: true, goog:chromeOptions: {debuggerAddress: localhost:55233}, networkConnectionEnabled: false, pageLoadStrategy: normal, platformName: windows, proxy: Proxy(), se:cdp: ws://localhost:55233/devtoo..., se:cdpVersion: 126.0.6478.62, setWindowRect: true, strictFileInteractability: false, timeouts: {implicit: 0, pageLoad: 300000, script: 30000}, unhandledPromptBehavior: dismiss and notify, webauthn:extension:credBlob: true, webauthn:extension:largeBlob: true, webauthn:extension:minPinLength: true, webauthn:extension:prf: true, webauthn:virtualAuthenticators: true}
Session ID: 73de644def708b1444c89ca6b402ccd5
	at zapcg.Capillary.LoginTestCases.Login_Invalid_TestCases.testInvalidUsername_TestCase2(Login_Invalid_TestCases.java:36)
</failure>
    <system-out><![CDATA[Test execution completed on ChromeDriver with device: Tablet Portrait
Test Started: testInvalidUsername_TestCase2
]]></system-out>
    <system-err><![CDATA[Jun 25, 2024 4:07:09 PM org.openqa.selenium.devtools.CdpVersionFinder findNearestMatch
WARNING: Unable to find an exact match for CDP version 126, returning the closest version; found: 125; Please update to a Selenium version that supports CDP version 126
]]></system-err>
  </testcase>
  <testcase name="testInvalidUsername_TestCase2" classname="zapcg.Capillary.LoginTestCases.Login_Invalid_TestCases" time="60.43">
    <failure message="Expected condition failed: waiting for visibility of Proxy element for: DefaultElementLocator &apos;By.xpath: //h6[contains(text(),&apos;Invalid username or password. Try again.&apos;)]&apos; (tried for 30 second(s) with 500 milliseconds interval)" type="org.openqa.selenium.TimeoutException">org.openqa.selenium.TimeoutException: Expected condition failed: waiting for visibility of Proxy element for: DefaultElementLocator 'By.xpath: //h6[contains(text(),'Invalid username or password. Try again.')]' (tried for 30 second(s) with 500 milliseconds interval)
	at zapcg.Capillary.LoginTestCases.Login_Invalid_TestCases.testInvalidUsername_TestCase2(Login_Invalid_TestCases.java:36)
Caused by: org.openqa.selenium.NoSuchElementException: 
no such element: Unable to locate element: {"method":"xpath","selector":"//h6[contains(text(),'Invalid username or password. Try again.')]"}
  (Session info: chrome=126.0.6478.62)
For documentation on this error, please visit: https://www.selenium.dev/documentation/webdriver/troubleshooting/errors#no-such-element-exception
Build info: version: '4.21.0', revision: '79ed462ef4'
System info: os.name: 'Windows 11', os.arch: 'amd64', os.version: '10.0', java.version: '17.0.10'
Driver info: org.openqa.selenium.chrome.ChromeDriver
Command: [8d8bf45fb76a9929d0dd4d62a13036c2, findElement {using=xpath, value=//h6[contains(text(),'Invalid username or password. Try again.')]}]
Capabilities {acceptInsecureCerts: false, browserName: chrome, browserVersion: 126.0.6478.62, chrome: {chromedriverVersion: 126.0.6478.126 (d36ace6122e..., userDataDir: C:\Users\MANICH~1\AppData\L...}, fedcm:accounts: true, goog:chromeOptions: {debuggerAddress: localhost:55652}, networkConnectionEnabled: false, pageLoadStrategy: normal, platformName: windows, proxy: Proxy(), se:cdp: ws://localhost:55652/devtoo..., se:cdpVersion: 126.0.6478.62, setWindowRect: true, strictFileInteractability: false, timeouts: {implicit: 0, pageLoad: 300000, script: 30000}, unhandledPromptBehavior: dismiss and notify, webauthn:extension:credBlob: true, webauthn:extension:largeBlob: true, webauthn:extension:minPinLength: true, webauthn:extension:prf: true, webauthn:virtualAuthenticators: true}
Session ID: 8d8bf45fb76a9929d0dd4d62a13036c2
	at zapcg.Capillary.LoginTestCases.Login_Invalid_TestCases.testInvalidUsername_TestCase2(Login_Invalid_TestCases.java:36)
</failure>
    <system-out><![CDATA[Test execution completed on ChromeDriver with device: Tablet Landscape
Test Started: testInvalidUsername_TestCase2
]]></system-out>
    <system-err><![CDATA[Jun 25, 2024 4:10:42 PM org.openqa.selenium.devtools.CdpVersionFinder findNearestMatch
WARNING: Unable to find an exact match for CDP version 126, returning the closest version; found: 125; Please update to a Selenium version that supports CDP version 126
]]></system-err>
  </testcase>
  <testcase name="testInvalidUsername_TestCase2" classname="zapcg.Capillary.LoginTestCases.Login_Invalid_TestCases" time="60.394">
    <failure message="Expected condition failed: waiting for visibility of Proxy element for: DefaultElementLocator &apos;By.xpath: //h6[contains(text(),&apos;Invalid username or password. Try again.&apos;)]&apos; (tried for 30 second(s) with 500 milliseconds interval)" type="org.openqa.selenium.TimeoutException">org.openqa.selenium.TimeoutException: Expected condition failed: waiting for visibility of Proxy element for: DefaultElementLocator 'By.xpath: //h6[contains(text(),'Invalid username or password. Try again.')]' (tried for 30 second(s) with 500 milliseconds interval)
	at zapcg.Capillary.LoginTestCases.Login_Invalid_TestCases.testInvalidUsername_TestCase2(Login_Invalid_TestCases.java:36)
Caused by: org.openqa.selenium.NoSuchElementException: 
no such element: Unable to locate element: {"method":"xpath","selector":"//h6[contains(text(),'Invalid username or password. Try again.')]"}
  (Session info: chrome=126.0.6478.62)
For documentation on this error, please visit: https://www.selenium.dev/documentation/webdriver/troubleshooting/errors#no-such-element-exception
Build info: version: '4.21.0', revision: '79ed462ef4'
System info: os.name: 'Windows 11', os.arch: 'amd64', os.version: '10.0', java.version: '17.0.10'
Driver info: org.openqa.selenium.chrome.ChromeDriver
Command: [2f5f2891d5f0aca929000f28c8f70143, findElement {using=xpath, value=//h6[contains(text(),'Invalid username or password. Try again.')]}]
Capabilities {acceptInsecureCerts: false, browserName: chrome, browserVersion: 126.0.6478.62, chrome: {chromedriverVersion: 126.0.6478.126 (d36ace6122e..., userDataDir: C:\Users\MANICH~1\AppData\L...}, fedcm:accounts: true, goog:chromeOptions: {debuggerAddress: localhost:56035}, networkConnectionEnabled: false, pageLoadStrategy: normal, platformName: windows, proxy: Proxy(), se:cdp: ws://localhost:56035/devtoo..., se:cdpVersion: 126.0.6478.62, setWindowRect: true, strictFileInteractability: false, timeouts: {implicit: 0, pageLoad: 300000, script: 30000}, unhandledPromptBehavior: dismiss and notify, webauthn:extension:credBlob: true, webauthn:extension:largeBlob: true, webauthn:extension:minPinLength: true, webauthn:extension:prf: true, webauthn:virtualAuthenticators: true}
Session ID: 2f5f2891d5f0aca929000f28c8f70143
	at zapcg.Capillary.LoginTestCases.Login_Invalid_TestCases.testInvalidUsername_TestCase2(Login_Invalid_TestCases.java:36)
</failure>
    <system-out><![CDATA[Test execution completed on ChromeDriver with device: iPhone 11 Pro Portrait
Test Started: testInvalidUsername_TestCase2
]]></system-out>
    <system-err><![CDATA[Jun 25, 2024 4:14:06 PM org.openqa.selenium.devtools.CdpVersionFinder findNearestMatch
WARNING: Unable to find an exact match for CDP version 126, returning the closest version; found: 125; Please update to a Selenium version that supports CDP version 126
]]></system-err>
  </testcase>
  <testcase name="testInvalidUsername_TestCase2" classname="zapcg.Capillary.LoginTestCases.Login_Invalid_TestCases" time="60.34">
    <failure message="Expected condition failed: waiting for visibility of Proxy element for: DefaultElementLocator &apos;By.xpath: //h6[contains(text(),&apos;Invalid username or password. Try again.&apos;)]&apos; (tried for 30 second(s) with 500 milliseconds interval)" type="org.openqa.selenium.TimeoutException">org.openqa.selenium.TimeoutException: Expected condition failed: waiting for visibility of Proxy element for: DefaultElementLocator 'By.xpath: //h6[contains(text(),'Invalid username or password. Try again.')]' (tried for 30 second(s) with 500 milliseconds interval)
	at zapcg.Capillary.LoginTestCases.Login_Invalid_TestCases.testInvalidUsername_TestCase2(Login_Invalid_TestCases.java:36)
Caused by: org.openqa.selenium.NoSuchElementException: 
no such element: Unable to locate element: {"method":"xpath","selector":"//h6[contains(text(),'Invalid username or password. Try again.')]"}
  (Session info: chrome=126.0.6478.62)
For documentation on this error, please visit: https://www.selenium.dev/documentation/webdriver/troubleshooting/errors#no-such-element-exception
Build info: version: '4.21.0', revision: '79ed462ef4'
System info: os.name: 'Windows 11', os.arch: 'amd64', os.version: '10.0', java.version: '17.0.10'
Driver info: org.openqa.selenium.chrome.ChromeDriver
Command: [0358d8308ddd751cb415e69bb09eb03c, findElement {using=xpath, value=//h6[contains(text(),'Invalid username or password. Try again.')]}]
Capabilities {acceptInsecureCerts: false, browserName: chrome, browserVersion: 126.0.6478.62, chrome: {chromedriverVersion: 126.0.6478.126 (d36ace6122e..., userDataDir: C:\Users\MANICH~1\AppData\L...}, fedcm:accounts: true, goog:chromeOptions: {debuggerAddress: localhost:56422}, networkConnectionEnabled: false, pageLoadStrategy: normal, platformName: windows, proxy: Proxy(), se:cdp: ws://localhost:56422/devtoo..., se:cdpVersion: 126.0.6478.62, setWindowRect: true, strictFileInteractability: false, timeouts: {implicit: 0, pageLoad: 300000, script: 30000}, unhandledPromptBehavior: dismiss and notify, webauthn:extension:credBlob: true, webauthn:extension:largeBlob: true, webauthn:extension:minPinLength: true, webauthn:extension:prf: true, webauthn:virtualAuthenticators: true}
Session ID: 0358d8308ddd751cb415e69bb09eb03c
	at zapcg.Capillary.LoginTestCases.Login_Invalid_TestCases.testInvalidUsername_TestCase2(Login_Invalid_TestCases.java:36)
</failure>
    <system-out><![CDATA[Test execution completed on ChromeDriver with device: iPhone 11 Pro Landscape
Test Started: testInvalidUsername_TestCase2
]]></system-out>
    <system-err><![CDATA[Jun 25, 2024 4:17:33 PM org.openqa.selenium.devtools.CdpVersionFinder findNearestMatch
WARNING: Unable to find an exact match for CDP version 126, returning the closest version; found: 125; Please update to a Selenium version that supports CDP version 126
]]></system-err>
  </testcase>
  <testcase name="testInvalidUsername_TestCase2" classname="zapcg.Capillary.LoginTestCases.Login_Invalid_TestCases" time="60.393">
    <failure message="Expected condition failed: waiting for visibility of Proxy element for: DefaultElementLocator &apos;By.xpath: //h6[contains(text(),&apos;Invalid username or password. Try again.&apos;)]&apos; (tried for 30 second(s) with 500 milliseconds interval)" type="org.openqa.selenium.TimeoutException">org.openqa.selenium.TimeoutException: Expected condition failed: waiting for visibility of Proxy element for: DefaultElementLocator 'By.xpath: //h6[contains(text(),'Invalid username or password. Try again.')]' (tried for 30 second(s) with 500 milliseconds interval)
	at zapcg.Capillary.LoginTestCases.Login_Invalid_TestCases.testInvalidUsername_TestCase2(Login_Invalid_TestCases.java:36)
Caused by: org.openqa.selenium.NoSuchElementException: 
no such element: Unable to locate element: {"method":"xpath","selector":"//h6[contains(text(),'Invalid username or password. Try again.')]"}
  (Session info: chrome=126.0.6478.62)
For documentation on this error, please visit: https://www.selenium.dev/documentation/webdriver/troubleshooting/errors#no-such-element-exception
Build info: version: '4.21.0', revision: '79ed462ef4'
System info: os.name: 'Windows 11', os.arch: 'amd64', os.version: '10.0', java.version: '17.0.10'
Driver info: org.openqa.selenium.chrome.ChromeDriver
Command: [b10a5dc601cc73f2041db3ccc6e19a87, findElement {using=xpath, value=//h6[contains(text(),'Invalid username or password. Try again.')]}]
Capabilities {acceptInsecureCerts: false, browserName: chrome, browserVersion: 126.0.6478.62, chrome: {chromedriverVersion: 126.0.6478.126 (d36ace6122e..., userDataDir: C:\Users\MANICH~1\AppData\L...}, fedcm:accounts: true, goog:chromeOptions: {debuggerAddress: localhost:57052}, networkConnectionEnabled: false, pageLoadStrategy: normal, platformName: windows, proxy: Proxy(), se:cdp: ws://localhost:57052/devtoo..., se:cdpVersion: 126.0.6478.62, setWindowRect: true, strictFileInteractability: false, timeouts: {implicit: 0, pageLoad: 300000, script: 30000}, unhandledPromptBehavior: dismiss and notify, webauthn:extension:credBlob: true, webauthn:extension:largeBlob: true, webauthn:extension:minPinLength: true, webauthn:extension:prf: true, webauthn:virtualAuthenticators: true}
Session ID: b10a5dc601cc73f2041db3ccc6e19a87
	at zapcg.Capillary.LoginTestCases.Login_Invalid_TestCases.testInvalidUsername_TestCase2(Login_Invalid_TestCases.java:36)
</failure>
    <system-out><![CDATA[Test execution completed on ChromeDriver with device: Galaxy S20 Portrait
Test Started: testInvalidUsername_TestCase2
]]></system-out>
    <system-err><![CDATA[Jun 25, 2024 4:21:24 PM org.openqa.selenium.devtools.CdpVersionFinder findNearestMatch
WARNING: Unable to find an exact match for CDP version 126, returning the closest version; found: 125; Please update to a Selenium version that supports CDP version 126
]]></system-err>
  </testcase>
  <testcase name="testInvalidUsername_TestCase2" classname="zapcg.Capillary.LoginTestCases.Login_Invalid_TestCases" time="60.272">
    <failure message="Expected condition failed: waiting for visibility of Proxy element for: DefaultElementLocator &apos;By.xpath: //h6[contains(text(),&apos;Invalid username or password. Try again.&apos;)]&apos; (tried for 30 second(s) with 500 milliseconds interval)" type="org.openqa.selenium.TimeoutException">org.openqa.selenium.TimeoutException: Expected condition failed: waiting for visibility of Proxy element for: DefaultElementLocator 'By.xpath: //h6[contains(text(),'Invalid username or password. Try again.')]' (tried for 30 second(s) with 500 milliseconds interval)
	at zapcg.Capillary.LoginTestCases.Login_Invalid_TestCases.testInvalidUsername_TestCase2(Login_Invalid_TestCases.java:36)
Caused by: org.openqa.selenium.NoSuchElementException: 
no such element: Unable to locate element: {"method":"xpath","selector":"//h6[contains(text(),'Invalid username or password. Try again.')]"}
  (Session info: chrome=126.0.6478.62)
For documentation on this error, please visit: https://www.selenium.dev/documentation/webdriver/troubleshooting/errors#no-such-element-exception
Build info: version: '4.21.0', revision: '79ed462ef4'
System info: os.name: 'Windows 11', os.arch: 'amd64', os.version: '10.0', java.version: '17.0.10'
Driver info: org.openqa.selenium.chrome.ChromeDriver
Command: [176d30174cc5e39d02ec2fd3b3d07112, findElement {using=xpath, value=//h6[contains(text(),'Invalid username or password. Try again.')]}]
Capabilities {acceptInsecureCerts: false, browserName: chrome, browserVersion: 126.0.6478.62, chrome: {chromedriverVersion: 126.0.6478.126 (d36ace6122e..., userDataDir: C:\Users\MANICH~1\AppData\L...}, fedcm:accounts: true, goog:chromeOptions: {debuggerAddress: localhost:57551}, networkConnectionEnabled: false, pageLoadStrategy: normal, platformName: windows, proxy: Proxy(), se:cdp: ws://localhost:57551/devtoo..., se:cdpVersion: 126.0.6478.62, setWindowRect: true, strictFileInteractability: false, timeouts: {implicit: 0, pageLoad: 300000, script: 30000}, unhandledPromptBehavior: dismiss and notify, webauthn:extension:credBlob: true, webauthn:extension:largeBlob: true, webauthn:extension:minPinLength: true, webauthn:extension:prf: true, webauthn:virtualAuthenticators: true}
Session ID: 176d30174cc5e39d02ec2fd3b3d07112
	at zapcg.Capillary.LoginTestCases.Login_Invalid_TestCases.testInvalidUsername_TestCase2(Login_Invalid_TestCases.java:36)
</failure>
    <system-out><![CDATA[Test execution completed on ChromeDriver with device: Galaxy S20 Landscape
Test Started: testInvalidUsername_TestCase2
]]></system-out>
    <system-err><![CDATA[Jun 25, 2024 4:25:02 PM org.openqa.selenium.devtools.CdpVersionFinder findNearestMatch
WARNING: Unable to find an exact match for CDP version 126, returning the closest version; found: 125; Please update to a Selenium version that supports CDP version 126
]]></system-err>
  </testcase>
  <testcase name="verifyDropDownAvailability" classname="zapcg.Capillary.LocationPageTestCases.Location_ExistingUser_TestCases" time="0.082"/>
  <testcase name="verifyDropDownAvailability" classname="zapcg.Capillary.LocationPageTestCases.Location_ExistingUser_TestCases" time="0.052"/>
  <testcase name="verifyDropDownAvailability" classname="zapcg.Capillary.LocationPageTestCases.Location_ExistingUser_TestCases" time="0.059"/>
  <testcase name="verifyDropDownAvailability" classname="zapcg.Capillary.LocationPageTestCases.Location_ExistingUser_TestCases" time="0.056"/>
  <testcase name="verifyDropDownAvailability" classname="zapcg.Capillary.LocationPageTestCases.Location_ExistingUser_TestCases" time="0.057"/>
  <testcase name="verifyDropDownAvailability" classname="zapcg.Capillary.LocationPageTestCases.Location_ExistingUser_TestCases" time="0.043"/>
  <testcase name="testInvalidPassword_TestCase3" classname="zapcg.Capillary.LoginTestCases.Login_Invalid_TestCases" time="60.698">
    <failure message="Expected condition failed: waiting for visibility of Proxy element for: DefaultElementLocator &apos;By.xpath: //h6[@id=&apos;LSERRM&apos; and contains(text(),&quot;Invalid username or password. Try again.&quot;)]&apos; (tried for 10 second(s) with 500 milliseconds interval)" type="org.openqa.selenium.TimeoutException">org.openqa.selenium.TimeoutException: Expected condition failed: waiting for visibility of Proxy element for: DefaultElementLocator 'By.xpath: //h6[@id='LSERRM' and contains(text(),"Invalid username or password. Try again.")]' (tried for 10 second(s) with 500 milliseconds interval)
	at zapcg.Capillary.LoginTestCases.Login_Invalid_TestCases.testInvalidPassword_TestCase3(Login_Invalid_TestCases.java:44)
Caused by: org.openqa.selenium.NoSuchElementException: 
no such element: Unable to locate element: {"method":"xpath","selector":"//h6[@id='LSERRM' and contains(text(),"Invalid username or password. Try again.")]"}
  (Session info: chrome=126.0.6478.62)
For documentation on this error, please visit: https://www.selenium.dev/documentation/webdriver/troubleshooting/errors#no-such-element-exception
Build info: version: '4.21.0', revision: '79ed462ef4'
System info: os.name: 'Windows 11', os.arch: 'amd64', os.version: '10.0', java.version: '17.0.10'
Driver info: org.openqa.selenium.chrome.ChromeDriver
Command: [4f60bdc1e58a6a7cf9645ec325dbf56c, findElement {using=xpath, value=//h6[@id='LSERRM' and contains(text(),"Invalid username or password. Try again.")]}]
Capabilities {acceptInsecureCerts: false, browserName: chrome, browserVersion: 126.0.6478.62, chrome: {chromedriverVersion: 126.0.6478.126 (d36ace6122e..., userDataDir: C:\Users\MANICH~1\AppData\L...}, fedcm:accounts: true, goog:chromeOptions: {debuggerAddress: localhost:55295}, networkConnectionEnabled: false, pageLoadStrategy: normal, platformName: windows, proxy: Proxy(), se:cdp: ws://localhost:55295/devtoo..., se:cdpVersion: 126.0.6478.62, setWindowRect: true, strictFileInteractability: false, timeouts: {implicit: 0, pageLoad: 300000, script: 30000}, unhandledPromptBehavior: dismiss and notify, webauthn:extension:credBlob: true, webauthn:extension:largeBlob: true, webauthn:extension:minPinLength: true, webauthn:extension:prf: true, webauthn:virtualAuthenticators: true}
Session ID: 4f60bdc1e58a6a7cf9645ec325dbf56c
	at zapcg.Capillary.LoginTestCases.Login_Invalid_TestCases.testInvalidPassword_TestCase3(Login_Invalid_TestCases.java:44)
</failure>
    <system-out><![CDATA[Test execution completed on ChromeDriver with device: Tablet Portrait
Test Started: testInvalidPassword_TestCase3
]]></system-out>
    <system-err><![CDATA[Jun 25, 2024 4:08:19 PM org.openqa.selenium.devtools.CdpVersionFinder findNearestMatch
WARNING: Unable to find an exact match for CDP version 126, returning the closest version; found: 125; Please update to a Selenium version that supports CDP version 126
]]></system-err>
  </testcase>
  <testcase name="testInvalidPassword_TestCase3" classname="zapcg.Capillary.LoginTestCases.Login_Invalid_TestCases" time="60.3">
    <failure message="Expected condition failed: waiting for visibility of Proxy element for: DefaultElementLocator &apos;By.xpath: //h6[@id=&apos;LSERRM&apos; and contains(text(),&quot;Invalid username or password. Try again.&quot;)]&apos; (tried for 10 second(s) with 500 milliseconds interval)" type="org.openqa.selenium.TimeoutException">org.openqa.selenium.TimeoutException: Expected condition failed: waiting for visibility of Proxy element for: DefaultElementLocator 'By.xpath: //h6[@id='LSERRM' and contains(text(),"Invalid username or password. Try again.")]' (tried for 10 second(s) with 500 milliseconds interval)
	at zapcg.Capillary.LoginTestCases.Login_Invalid_TestCases.testInvalidPassword_TestCase3(Login_Invalid_TestCases.java:44)
Caused by: org.openqa.selenium.NoSuchElementException: 
no such element: Unable to locate element: {"method":"xpath","selector":"//h6[@id='LSERRM' and contains(text(),"Invalid username or password. Try again.")]"}
  (Session info: chrome=126.0.6478.62)
For documentation on this error, please visit: https://www.selenium.dev/documentation/webdriver/troubleshooting/errors#no-such-element-exception
Build info: version: '4.21.0', revision: '79ed462ef4'
System info: os.name: 'Windows 11', os.arch: 'amd64', os.version: '10.0', java.version: '17.0.10'
Driver info: org.openqa.selenium.chrome.ChromeDriver
Command: [ff60b3c726fff87fce30ff971a159d96, findElement {using=xpath, value=//h6[@id='LSERRM' and contains(text(),"Invalid username or password. Try again.")]}]
Capabilities {acceptInsecureCerts: false, browserName: chrome, browserVersion: 126.0.6478.62, chrome: {chromedriverVersion: 126.0.6478.126 (d36ace6122e..., userDataDir: C:\Users\MANICH~1\AppData\L...}, fedcm:accounts: true, goog:chromeOptions: {debuggerAddress: localhost:55698}, networkConnectionEnabled: false, pageLoadStrategy: normal, platformName: windows, proxy: Proxy(), se:cdp: ws://localhost:55698/devtoo..., se:cdpVersion: 126.0.6478.62, setWindowRect: true, strictFileInteractability: false, timeouts: {implicit: 0, pageLoad: 300000, script: 30000}, unhandledPromptBehavior: dismiss and notify, webauthn:extension:credBlob: true, webauthn:extension:largeBlob: true, webauthn:extension:minPinLength: true, webauthn:extension:prf: true, webauthn:virtualAuthenticators: true}
Session ID: ff60b3c726fff87fce30ff971a159d96
	at zapcg.Capillary.LoginTestCases.Login_Invalid_TestCases.testInvalidPassword_TestCase3(Login_Invalid_TestCases.java:44)
</failure>
    <system-out><![CDATA[Test execution completed on ChromeDriver with device: Tablet Landscape
Test Started: testInvalidPassword_TestCase3
]]></system-out>
    <system-err><![CDATA[Jun 25, 2024 4:11:51 PM org.openqa.selenium.devtools.CdpVersionFinder findNearestMatch
WARNING: Unable to find an exact match for CDP version 126, returning the closest version; found: 125; Please update to a Selenium version that supports CDP version 126
]]></system-err>
  </testcase>
  <testcase name="testInvalidPassword_TestCase3" classname="zapcg.Capillary.LoginTestCases.Login_Invalid_TestCases" time="60.383">
    <failure message="Expected condition failed: waiting for visibility of Proxy element for: DefaultElementLocator &apos;By.xpath: //h6[@id=&apos;LSERRM&apos; and contains(text(),&quot;Invalid username or password. Try again.&quot;)]&apos; (tried for 10 second(s) with 500 milliseconds interval)" type="org.openqa.selenium.TimeoutException">org.openqa.selenium.TimeoutException: Expected condition failed: waiting for visibility of Proxy element for: DefaultElementLocator 'By.xpath: //h6[@id='LSERRM' and contains(text(),"Invalid username or password. Try again.")]' (tried for 10 second(s) with 500 milliseconds interval)
	at zapcg.Capillary.LoginTestCases.Login_Invalid_TestCases.testInvalidPassword_TestCase3(Login_Invalid_TestCases.java:44)
Caused by: org.openqa.selenium.NoSuchElementException: 
no such element: Unable to locate element: {"method":"xpath","selector":"//h6[@id='LSERRM' and contains(text(),"Invalid username or password. Try again.")]"}
  (Session info: chrome=126.0.6478.62)
For documentation on this error, please visit: https://www.selenium.dev/documentation/webdriver/troubleshooting/errors#no-such-element-exception
Build info: version: '4.21.0', revision: '79ed462ef4'
System info: os.name: 'Windows 11', os.arch: 'amd64', os.version: '10.0', java.version: '17.0.10'
Driver info: org.openqa.selenium.chrome.ChromeDriver
Command: [cc16d9cc819ff1e2d08b97013eb42ed1, findElement {using=xpath, value=//h6[@id='LSERRM' and contains(text(),"Invalid username or password. Try again.")]}]
Capabilities {acceptInsecureCerts: false, browserName: chrome, browserVersion: 126.0.6478.62, chrome: {chromedriverVersion: 126.0.6478.126 (d36ace6122e..., userDataDir: C:\Users\MANICH~1\AppData\L...}, fedcm:accounts: true, goog:chromeOptions: {debuggerAddress: localhost:56091}, networkConnectionEnabled: false, pageLoadStrategy: normal, platformName: windows, proxy: Proxy(), se:cdp: ws://localhost:56091/devtoo..., se:cdpVersion: 126.0.6478.62, setWindowRect: true, strictFileInteractability: false, timeouts: {implicit: 0, pageLoad: 300000, script: 30000}, unhandledPromptBehavior: dismiss and notify, webauthn:extension:credBlob: true, webauthn:extension:largeBlob: true, webauthn:extension:minPinLength: true, webauthn:extension:prf: true, webauthn:virtualAuthenticators: true}
Session ID: cc16d9cc819ff1e2d08b97013eb42ed1
	at zapcg.Capillary.LoginTestCases.Login_Invalid_TestCases.testInvalidPassword_TestCase3(Login_Invalid_TestCases.java:44)
</failure>
    <system-out><![CDATA[Test execution completed on ChromeDriver with device: iPhone 11 Pro Portrait
Test Started: testInvalidPassword_TestCase3
]]></system-out>
    <system-err><![CDATA[Jun 25, 2024 4:15:15 PM org.openqa.selenium.devtools.CdpVersionFinder findNearestMatch
WARNING: Unable to find an exact match for CDP version 126, returning the closest version; found: 125; Please update to a Selenium version that supports CDP version 126
]]></system-err>
  </testcase>
  <testcase name="testInvalidPassword_TestCase3" classname="zapcg.Capillary.LoginTestCases.Login_Invalid_TestCases" time="60.344">
    <failure message="Expected condition failed: waiting for visibility of Proxy element for: DefaultElementLocator &apos;By.xpath: //h6[@id=&apos;LSERRM&apos; and contains(text(),&quot;Invalid username or password. Try again.&quot;)]&apos; (tried for 10 second(s) with 500 milliseconds interval)" type="org.openqa.selenium.TimeoutException">org.openqa.selenium.TimeoutException: Expected condition failed: waiting for visibility of Proxy element for: DefaultElementLocator 'By.xpath: //h6[@id='LSERRM' and contains(text(),"Invalid username or password. Try again.")]' (tried for 10 second(s) with 500 milliseconds interval)
	at zapcg.Capillary.LoginTestCases.Login_Invalid_TestCases.testInvalidPassword_TestCase3(Login_Invalid_TestCases.java:44)
Caused by: org.openqa.selenium.NoSuchElementException: 
no such element: Unable to locate element: {"method":"xpath","selector":"//h6[@id='LSERRM' and contains(text(),"Invalid username or password. Try again.")]"}
  (Session info: chrome=126.0.6478.62)
For documentation on this error, please visit: https://www.selenium.dev/documentation/webdriver/troubleshooting/errors#no-such-element-exception
Build info: version: '4.21.0', revision: '79ed462ef4'
System info: os.name: 'Windows 11', os.arch: 'amd64', os.version: '10.0', java.version: '17.0.10'
Driver info: org.openqa.selenium.chrome.ChromeDriver
Command: [e929e6a6ca7288e96e346c90de5aedf2, findElement {using=xpath, value=//h6[@id='LSERRM' and contains(text(),"Invalid username or password. Try again.")]}]
Capabilities {acceptInsecureCerts: false, browserName: chrome, browserVersion: 126.0.6478.62, chrome: {chromedriverVersion: 126.0.6478.126 (d36ace6122e..., userDataDir: C:\Users\MANICH~1\AppData\L...}, fedcm:accounts: true, goog:chromeOptions: {debuggerAddress: localhost:56584}, networkConnectionEnabled: false, pageLoadStrategy: normal, platformName: windows, proxy: Proxy(), se:cdp: ws://localhost:56584/devtoo..., se:cdpVersion: 126.0.6478.62, setWindowRect: true, strictFileInteractability: false, timeouts: {implicit: 0, pageLoad: 300000, script: 30000}, unhandledPromptBehavior: dismiss and notify, webauthn:extension:credBlob: true, webauthn:extension:largeBlob: true, webauthn:extension:minPinLength: true, webauthn:extension:prf: true, webauthn:virtualAuthenticators: true}
Session ID: e929e6a6ca7288e96e346c90de5aedf2
	at zapcg.Capillary.LoginTestCases.Login_Invalid_TestCases.testInvalidPassword_TestCase3(Login_Invalid_TestCases.java:44)
</failure>
    <system-out><![CDATA[Test execution completed on ChromeDriver with device: iPhone 11 Pro Landscape
Test Started: testInvalidPassword_TestCase3
]]></system-out>
    <system-err><![CDATA[Jun 25, 2024 4:18:40 PM org.openqa.selenium.devtools.CdpVersionFinder findNearestMatch
WARNING: Unable to find an exact match for CDP version 126, returning the closest version; found: 125; Please update to a Selenium version that supports CDP version 126
]]></system-err>
  </testcase>
  <testcase name="testInvalidPassword_TestCase3" classname="zapcg.Capillary.LoginTestCases.Login_Invalid_TestCases" time="60.34">
    <failure message="Expected condition failed: waiting for visibility of Proxy element for: DefaultElementLocator &apos;By.xpath: //h6[@id=&apos;LSERRM&apos; and contains(text(),&quot;Invalid username or password. Try again.&quot;)]&apos; (tried for 10 second(s) with 500 milliseconds interval)" type="org.openqa.selenium.TimeoutException">org.openqa.selenium.TimeoutException: Expected condition failed: waiting for visibility of Proxy element for: DefaultElementLocator 'By.xpath: //h6[@id='LSERRM' and contains(text(),"Invalid username or password. Try again.")]' (tried for 10 second(s) with 500 milliseconds interval)
	at zapcg.Capillary.LoginTestCases.Login_Invalid_TestCases.testInvalidPassword_TestCase3(Login_Invalid_TestCases.java:44)
Caused by: org.openqa.selenium.NoSuchElementException: 
no such element: Unable to locate element: {"method":"xpath","selector":"//h6[@id='LSERRM' and contains(text(),"Invalid username or password. Try again.")]"}
  (Session info: chrome=126.0.6478.62)
For documentation on this error, please visit: https://www.selenium.dev/documentation/webdriver/troubleshooting/errors#no-such-element-exception
Build info: version: '4.21.0', revision: '79ed462ef4'
System info: os.name: 'Windows 11', os.arch: 'amd64', os.version: '10.0', java.version: '17.0.10'
Driver info: org.openqa.selenium.chrome.ChromeDriver
Command: [21255b2c1f6689a806ed71f386327df3, findElement {using=xpath, value=//h6[@id='LSERRM' and contains(text(),"Invalid username or password. Try again.")]}]
Capabilities {acceptInsecureCerts: false, browserName: chrome, browserVersion: 126.0.6478.62, chrome: {chromedriverVersion: 126.0.6478.126 (d36ace6122e..., userDataDir: C:\Users\MANICH~1\AppData\L...}, fedcm:accounts: true, goog:chromeOptions: {debuggerAddress: localhost:57142}, networkConnectionEnabled: false, pageLoadStrategy: normal, platformName: windows, proxy: Proxy(), se:cdp: ws://localhost:57142/devtoo..., se:cdpVersion: 126.0.6478.62, setWindowRect: true, strictFileInteractability: false, timeouts: {implicit: 0, pageLoad: 300000, script: 30000}, unhandledPromptBehavior: dismiss and notify, webauthn:extension:credBlob: true, webauthn:extension:largeBlob: true, webauthn:extension:minPinLength: true, webauthn:extension:prf: true, webauthn:virtualAuthenticators: true}
Session ID: 21255b2c1f6689a806ed71f386327df3
	at zapcg.Capillary.LoginTestCases.Login_Invalid_TestCases.testInvalidPassword_TestCase3(Login_Invalid_TestCases.java:44)
</failure>
    <system-out><![CDATA[Test execution completed on ChromeDriver with device: Galaxy S20 Portrait
Test Started: testInvalidPassword_TestCase3
]]></system-out>
    <system-err><![CDATA[Jun 25, 2024 4:22:33 PM org.openqa.selenium.devtools.CdpVersionFinder findNearestMatch
WARNING: Unable to find an exact match for CDP version 126, returning the closest version; found: 125; Please update to a Selenium version that supports CDP version 126
]]></system-err>
  </testcase>
  <testcase name="testInvalidPassword_TestCase3" classname="zapcg.Capillary.LoginTestCases.Login_Invalid_TestCases" time="60.327">
    <failure message="Expected condition failed: waiting for visibility of Proxy element for: DefaultElementLocator &apos;By.xpath: //h6[@id=&apos;LSERRM&apos; and contains(text(),&quot;Invalid username or password. Try again.&quot;)]&apos; (tried for 10 second(s) with 500 milliseconds interval)" type="org.openqa.selenium.TimeoutException">org.openqa.selenium.TimeoutException: Expected condition failed: waiting for visibility of Proxy element for: DefaultElementLocator 'By.xpath: //h6[@id='LSERRM' and contains(text(),"Invalid username or password. Try again.")]' (tried for 10 second(s) with 500 milliseconds interval)
	at zapcg.Capillary.LoginTestCases.Login_Invalid_TestCases.testInvalidPassword_TestCase3(Login_Invalid_TestCases.java:44)
Caused by: org.openqa.selenium.NoSuchElementException: 
no such element: Unable to locate element: {"method":"xpath","selector":"//h6[@id='LSERRM' and contains(text(),"Invalid username or password. Try again.")]"}
  (Session info: chrome=126.0.6478.62)
For documentation on this error, please visit: https://www.selenium.dev/documentation/webdriver/troubleshooting/errors#no-such-element-exception
Build info: version: '4.21.0', revision: '79ed462ef4'
System info: os.name: 'Windows 11', os.arch: 'amd64', os.version: '10.0', java.version: '17.0.10'
Driver info: org.openqa.selenium.chrome.ChromeDriver
Command: [b74538cc505408a11206e024c46a91d4, findElement {using=xpath, value=//h6[@id='LSERRM' and contains(text(),"Invalid username or password. Try again.")]}]
Capabilities {acceptInsecureCerts: false, browserName: chrome, browserVersion: 126.0.6478.62, chrome: {chromedriverVersion: 126.0.6478.126 (d36ace6122e..., userDataDir: C:\Users\MANICH~1\AppData\L...}, fedcm:accounts: true, goog:chromeOptions: {debuggerAddress: localhost:57645}, networkConnectionEnabled: false, pageLoadStrategy: normal, platformName: windows, proxy: Proxy(), se:cdp: ws://localhost:57645/devtoo..., se:cdpVersion: 126.0.6478.62, setWindowRect: true, strictFileInteractability: false, timeouts: {implicit: 0, pageLoad: 300000, script: 30000}, unhandledPromptBehavior: dismiss and notify, webauthn:extension:credBlob: true, webauthn:extension:largeBlob: true, webauthn:extension:minPinLength: true, webauthn:extension:prf: true, webauthn:virtualAuthenticators: true}
Session ID: b74538cc505408a11206e024c46a91d4
	at zapcg.Capillary.LoginTestCases.Login_Invalid_TestCases.testInvalidPassword_TestCase3(Login_Invalid_TestCases.java:44)
</failure>
    <system-out><![CDATA[Test execution completed on ChromeDriver with device: Galaxy S20 Landscape
Test Started: testInvalidPassword_TestCase3
]]></system-out>
    <system-err><![CDATA[Jun 25, 2024 4:26:10 PM org.openqa.selenium.devtools.CdpVersionFinder findNearestMatch
WARNING: Unable to find an exact match for CDP version 126, returning the closest version; found: 125; Please update to a Selenium version that supports CDP version 126
]]></system-err>
  </testcase>
  <testcase name="verifyIfAbleToSelectOptionFromDropDown" classname="zapcg.Capillary.LocationPageTestCases.Location_ExistingUser_TestCases" time="0.238"/>
  <testcase name="verifyIfAbleToSelectOptionFromDropDown" classname="zapcg.Capillary.LocationPageTestCases.Location_ExistingUser_TestCases" time="0.178"/>
  <testcase name="verifyIfAbleToSelectOptionFromDropDown" classname="zapcg.Capillary.LocationPageTestCases.Location_ExistingUser_TestCases" time="0.173"/>
  <testcase name="verifyIfAbleToSelectOptionFromDropDown" classname="zapcg.Capillary.LocationPageTestCases.Location_ExistingUser_TestCases" time="0.17"/>
  <testcase name="verifyIfAbleToSelectOptionFromDropDown" classname="zapcg.Capillary.LocationPageTestCases.Location_ExistingUser_TestCases" time="0.185"/>
  <testcase name="verifyIfAbleToSelectOptionFromDropDown" classname="zapcg.Capillary.LocationPageTestCases.Location_ExistingUser_TestCases" time="0.179"/>
  <testcase name="testTooLongUsername_TestCase4" classname="zapcg.Capillary.LoginTestCases.Login_Invalid_TestCases" time="0.618"/>
  <testcase name="testTooLongUsername_TestCase4" classname="zapcg.Capillary.LoginTestCases.Login_Invalid_TestCases" time="0.485"/>
  <testcase name="testTooLongUsername_TestCase4" classname="zapcg.Capillary.LoginTestCases.Login_Invalid_TestCases" time="0.472"/>
  <testcase name="testTooLongUsername_TestCase4" classname="zapcg.Capillary.LoginTestCases.Login_Invalid_TestCases" time="0.479"/>
  <testcase name="testTooLongUsername_TestCase4" classname="zapcg.Capillary.LoginTestCases.Login_Invalid_TestCases" time="0.462"/>
  <testcase name="testTooLongUsername_TestCase4" classname="zapcg.Capillary.LoginTestCases.Login_Invalid_TestCases" time="0.501"/>
  <testcase name="verifyChooseLocationButtonAvailability" classname="zapcg.Capillary.LocationPageTestCases.Location_ExistingUser_TestCases" time="2.275"/>
  <testcase name="verifyChooseLocationButtonAvailability" classname="zapcg.Capillary.LocationPageTestCases.Location_ExistingUser_TestCases" time="2.281"/>
  <testcase name="verifyChooseLocationButtonAvailability" classname="zapcg.Capillary.LocationPageTestCases.Location_ExistingUser_TestCases" time="2.244"/>
  <testcase name="verifyChooseLocationButtonAvailability" classname="zapcg.Capillary.LocationPageTestCases.Location_ExistingUser_TestCases" time="2.216"/>
  <testcase name="verifyChooseLocationButtonAvailability" classname="zapcg.Capillary.LocationPageTestCases.Location_ExistingUser_TestCases" time="2.26"/>
  <testcase name="verifyChooseLocationButtonAvailability" classname="zapcg.Capillary.LocationPageTestCases.Location_ExistingUser_TestCases" time="1.653"/>
  <testcase name="testMinLengthPassword_TestCase5" classname="zapcg.Capillary.LoginTestCases.Login_Invalid_TestCases" time="0.374"/>
  <testcase name="testMinLengthPassword_TestCase5" classname="zapcg.Capillary.LoginTestCases.Login_Invalid_TestCases" time="0.337"/>
  <testcase name="testMinLengthPassword_TestCase5" classname="zapcg.Capillary.LoginTestCases.Login_Invalid_TestCases" time="0.33"/>
  <testcase name="testMinLengthPassword_TestCase5" classname="zapcg.Capillary.LoginTestCases.Login_Invalid_TestCases" time="0.353"/>
  <testcase name="testMinLengthPassword_TestCase5" classname="zapcg.Capillary.LoginTestCases.Login_Invalid_TestCases" time="0.373"/>
  <testcase name="testMinLengthPassword_TestCase5" classname="zapcg.Capillary.LoginTestCases.Login_Invalid_TestCases" time="0.32"/>
  <testcase name="verifyHeaderOfMemberLookupScreen" classname="zapcg.Capillary.LocationPageTestCases.Location_ExistingUser_TestCases" time="2.028"/>
  <testcase name="verifyHeaderOfMemberLookupScreen" classname="zapcg.Capillary.LocationPageTestCases.Location_ExistingUser_TestCases" time="1.987"/>
  <testcase name="verifyHeaderOfMemberLookupScreen" classname="zapcg.Capillary.LocationPageTestCases.Location_ExistingUser_TestCases" time="1.998"/>
  <testcase name="verifyHeaderOfMemberLookupScreen" classname="zapcg.Capillary.LocationPageTestCases.Location_ExistingUser_TestCases" time="31.939">
    <failure message="An error occurred while verifying the dropdown selections: no such element: Unable to locate element: {&quot;method&quot;:&quot;xpath&quot;,&quot;selector&quot;:&quot;//button[@id=&apos;MSMENUI2&apos;]&quot;}&#10;  (Session info: chrome=126.0.6478.62)&#10;For documentation on this error, please visit: https://www.selenium.dev/documentation/webdriver/troubleshooting/errors#no-such-element-exception&#10;Build info: version: &apos;4.21.0&apos;, revision: &apos;79ed462ef4&apos;&#10;System info: os.name: &apos;Windows 11&apos;, os.arch: &apos;amd64&apos;, os.version: &apos;10.0&apos;, java.version: &apos;17.0.10&apos;&#10;Driver info: org.openqa.selenium.chrome.ChromeDriver&#10;Command: [e11a32b7ae50c07d9b5176460763df65, findElement {using=xpath, value=//button[@id=&apos;MSMENUI2&apos;]}]&#10;Capabilities {acceptInsecureCerts: false, browserName: chrome, browserVersion: 126.0.6478.62, chrome: {chromedriverVersion: 126.0.6478.126 (d36ace6122e..., userDataDir: C:\Users\MANICH~1\AppData\L...}, fedcm:accounts: true, goog:chromeOptions: {debuggerAddress: localhost:56812}, networkConnectionEnabled: false, pageLoadStrategy: normal, platformName: windows, proxy: Proxy(), se:cdp: ws://localhost:56812/devtoo..., se:cdpVersion: 126.0.6478.62, setWindowRect: true, strictFileInteractability: false, timeouts: {implicit: 0, pageLoad: 300000, script: 30000}, unhandledPromptBehavior: dismiss and notify, webauthn:extension:credBlob: true, webauthn:extension:largeBlob: true, webauthn:extension:minPinLength: true, webauthn:extension:prf: true, webauthn:virtualAuthenticators: true}&#10;Session ID: e11a32b7ae50c07d9b5176460763df65" type="java.lang.AssertionError">java.lang.AssertionError: 
An error occurred while verifying the dropdown selections: no such element: Unable to locate element: {"method":"xpath","selector":"//button[@id='MSMENUI2']"}
  (Session info: chrome=126.0.6478.62)
For documentation on this error, please visit: https://www.selenium.dev/documentation/webdriver/troubleshooting/errors#no-such-element-exception
Build info: version: '4.21.0', revision: '79ed462ef4'
System info: os.name: 'Windows 11', os.arch: 'amd64', os.version: '10.0', java.version: '17.0.10'
Driver info: org.openqa.selenium.chrome.ChromeDriver
Command: [e11a32b7ae50c07d9b5176460763df65, findElement {using=xpath, value=//button[@id='MSMENUI2']}]
Capabilities {acceptInsecureCerts: false, browserName: chrome, browserVersion: 126.0.6478.62, chrome: {chromedriverVersion: 126.0.6478.126 (d36ace6122e..., userDataDir: C:\Users\MANICH~1\AppData\L...}, fedcm:accounts: true, goog:chromeOptions: {debuggerAddress: localhost:56812}, networkConnectionEnabled: false, pageLoadStrategy: normal, platformName: windows, proxy: Proxy(), se:cdp: ws://localhost:56812/devtoo..., se:cdpVersion: 126.0.6478.62, setWindowRect: true, strictFileInteractability: false, timeouts: {implicit: 0, pageLoad: 300000, script: 30000}, unhandledPromptBehavior: dismiss and notify, webauthn:extension:credBlob: true, webauthn:extension:largeBlob: true, webauthn:extension:minPinLength: true, webauthn:extension:prf: true, webauthn:virtualAuthenticators: true}
Session ID: e11a32b7ae50c07d9b5176460763df65
	at zapcg.Capillary.LocationPageTestCases.Location_ExistingUser_TestCases.verifyHeaderOfMemberLookupScreen(Location_ExistingUser_TestCases.java:150)
</failure>
    <system-out><![CDATA[Test execution completed on ChromeDriver with device: iPhone 11 Pro Landscape
Test Started: verifyHeaderOfMemberLookupScreen
Selected option: HMH01101 - MyStays Akasaka
]]></system-out>
    <system-err><![CDATA[Jun 25, 2024 4:20:01 PM org.openqa.selenium.devtools.CdpVersionFinder findNearestMatch
WARNING: Unable to find an exact match for CDP version 126, returning the closest version; found: 125; Please update to a Selenium version that supports CDP version 126
]]></system-err>
  </testcase>
  <testcase name="verifyHeaderOfMemberLookupScreen" classname="zapcg.Capillary.LocationPageTestCases.Location_ExistingUser_TestCases" time="6.362"/>
  <testcase name="verifyHeaderOfMemberLookupScreen" classname="zapcg.Capillary.LocationPageTestCases.Location_ExistingUser_TestCases" time="31.964">
    <failure message="An error occurred while verifying the dropdown selections: no such element: Unable to locate element: {&quot;method&quot;:&quot;xpath&quot;,&quot;selector&quot;:&quot;//button[@id=&apos;MSMENUI2&apos;]&quot;}&#10;  (Session info: chrome=126.0.6478.62)&#10;For documentation on this error, please visit: https://www.selenium.dev/documentation/webdriver/troubleshooting/errors#no-such-element-exception&#10;Build info: version: &apos;4.21.0&apos;, revision: &apos;79ed462ef4&apos;&#10;System info: os.name: &apos;Windows 11&apos;, os.arch: &apos;amd64&apos;, os.version: &apos;10.0&apos;, java.version: &apos;17.0.10&apos;&#10;Driver info: org.openqa.selenium.chrome.ChromeDriver&#10;Command: [ef9068b1e0f16e303461460b3220ca37, findElement {using=xpath, value=//button[@id=&apos;MSMENUI2&apos;]}]&#10;Capabilities {acceptInsecureCerts: false, browserName: chrome, browserVersion: 126.0.6478.62, chrome: {chromedriverVersion: 126.0.6478.126 (d36ace6122e..., userDataDir: C:\Users\MANICH~1\AppData\L...}, fedcm:accounts: true, goog:chromeOptions: {debuggerAddress: localhost:57763}, networkConnectionEnabled: false, pageLoadStrategy: normal, platformName: windows, proxy: Proxy(), se:cdp: ws://localhost:57763/devtoo..., se:cdpVersion: 126.0.6478.62, setWindowRect: true, strictFileInteractability: false, timeouts: {implicit: 0, pageLoad: 300000, script: 30000}, unhandledPromptBehavior: dismiss and notify, webauthn:extension:credBlob: true, webauthn:extension:largeBlob: true, webauthn:extension:minPinLength: true, webauthn:extension:prf: true, webauthn:virtualAuthenticators: true}&#10;Session ID: ef9068b1e0f16e303461460b3220ca37" type="java.lang.AssertionError">java.lang.AssertionError: 
An error occurred while verifying the dropdown selections: no such element: Unable to locate element: {"method":"xpath","selector":"//button[@id='MSMENUI2']"}
  (Session info: chrome=126.0.6478.62)
For documentation on this error, please visit: https://www.selenium.dev/documentation/webdriver/troubleshooting/errors#no-such-element-exception
Build info: version: '4.21.0', revision: '79ed462ef4'
System info: os.name: 'Windows 11', os.arch: 'amd64', os.version: '10.0', java.version: '17.0.10'
Driver info: org.openqa.selenium.chrome.ChromeDriver
Command: [ef9068b1e0f16e303461460b3220ca37, findElement {using=xpath, value=//button[@id='MSMENUI2']}]
Capabilities {acceptInsecureCerts: false, browserName: chrome, browserVersion: 126.0.6478.62, chrome: {chromedriverVersion: 126.0.6478.126 (d36ace6122e..., userDataDir: C:\Users\MANICH~1\AppData\L...}, fedcm:accounts: true, goog:chromeOptions: {debuggerAddress: localhost:57763}, networkConnectionEnabled: false, pageLoadStrategy: normal, platformName: windows, proxy: Proxy(), se:cdp: ws://localhost:57763/devtoo..., se:cdpVersion: 126.0.6478.62, setWindowRect: true, strictFileInteractability: false, timeouts: {implicit: 0, pageLoad: 300000, script: 30000}, unhandledPromptBehavior: dismiss and notify, webauthn:extension:credBlob: true, webauthn:extension:largeBlob: true, webauthn:extension:minPinLength: true, webauthn:extension:prf: true, webauthn:virtualAuthenticators: true}
Session ID: ef9068b1e0f16e303461460b3220ca37
	at zapcg.Capillary.LocationPageTestCases.Location_ExistingUser_TestCases.verifyHeaderOfMemberLookupScreen(Location_ExistingUser_TestCases.java:150)
</failure>
    <system-out><![CDATA[Test execution completed on ChromeDriver with device: Galaxy S20 Landscape
Test Started: verifyHeaderOfMemberLookupScreen
Selected option: HMH01101 - MyStays Akasaka
]]></system-out>
    <system-err><![CDATA[Jun 25, 2024 4:27:30 PM org.openqa.selenium.devtools.CdpVersionFinder findNearestMatch
WARNING: Unable to find an exact match for CDP version 126, returning the closest version; found: 125; Please update to a Selenium version that supports CDP version 126
]]></system-err>
  </testcase>
  <testcase name="burgerIconMemberLookupNavigation" classname="zapcg.Capillary.LocationPageTestCases.Location_ExistingUser_TestCases" time="0.133"/>
  <testcase name="burgerIconMemberLookupNavigation" classname="zapcg.Capillary.LocationPageTestCases.Location_ExistingUser_TestCases" time="0.114"/>
  <testcase name="burgerIconMemberLookupNavigation" classname="zapcg.Capillary.LocationPageTestCases.Location_ExistingUser_TestCases" time="0.133"/>
  <testcase name="burgerIconMemberLookupNavigation" classname="zapcg.Capillary.LocationPageTestCases.Location_ExistingUser_TestCases" time="0.113"/>
  <testcase name="burgerIconMemberLookupNavigation" classname="zapcg.Capillary.LocationPageTestCases.Location_ExistingUser_TestCases" time="0.12"/>
  <testcase name="burgerIconMemberLookupNavigation" classname="zapcg.Capillary.LocationPageTestCases.Location_ExistingUser_TestCases" time="0.115"/>
  <testcase name="testUsernameWithSpaces_TestCase6" classname="zapcg.Capillary.LoginTestCases.Login_Invalid_TestCases" time="0.352"/>
  <testcase name="testUsernameWithSpaces_TestCase6" classname="zapcg.Capillary.LoginTestCases.Login_Invalid_TestCases" time="0.354"/>
  <testcase name="testUsernameWithSpaces_TestCase6" classname="zapcg.Capillary.LoginTestCases.Login_Invalid_TestCases" time="0.312"/>
  <testcase name="testUsernameWithSpaces_TestCase6" classname="zapcg.Capillary.LoginTestCases.Login_Invalid_TestCases" time="0.39"/>
  <testcase name="testUsernameWithSpaces_TestCase6" classname="zapcg.Capillary.LoginTestCases.Login_Invalid_TestCases" time="0.332"/>
  <testcase name="testUsernameWithSpaces_TestCase6" classname="zapcg.Capillary.LoginTestCases.Login_Invalid_TestCases" time="0.353"/>
  <testcase name="burgerIconMemberLocationNavigation" classname="zapcg.Capillary.LocationPageTestCases.Location_ExistingUser_TestCases" time="0.13"/>
  <testcase name="burgerIconMemberLocationNavigation" classname="zapcg.Capillary.LocationPageTestCases.Location_ExistingUser_TestCases" time="0.114"/>
  <testcase name="burgerIconMemberLocationNavigation" classname="zapcg.Capillary.LocationPageTestCases.Location_ExistingUser_TestCases" time="0.115"/>
  <testcase name="burgerIconMemberLocationNavigation" classname="zapcg.Capillary.LocationPageTestCases.Location_ExistingUser_TestCases" time="0.112"/>
  <testcase name="burgerIconMemberLocationNavigation" classname="zapcg.Capillary.LocationPageTestCases.Location_ExistingUser_TestCases" time="0.101"/>
  <testcase name="burgerIconMemberLocationNavigation" classname="zapcg.Capillary.LocationPageTestCases.Location_ExistingUser_TestCases" time="0.111"/>
  <testcase name="verifyForEnabledLoginButton_TestCase7" classname="zapcg.Capillary.LoginTestCases.Login_Invalid_TestCases" time="2.526"/>
  <testcase name="verifyForEnabledLoginButton_TestCase7" classname="zapcg.Capillary.LoginTestCases.Login_Invalid_TestCases" time="2.533"/>
  <testcase name="verifyForEnabledLoginButton_TestCase7" classname="zapcg.Capillary.LoginTestCases.Login_Invalid_TestCases" time="2.527"/>
  <testcase name="verifyForEnabledLoginButton_TestCase7" classname="zapcg.Capillary.LoginTestCases.Login_Invalid_TestCases" time="2.501"/>
  <testcase name="verifyForEnabledLoginButton_TestCase7" classname="zapcg.Capillary.LoginTestCases.Login_Invalid_TestCases" time="1.906"/>
  <testcase name="verifyForEnabledLoginButton_TestCase7" classname="zapcg.Capillary.LoginTestCases.Login_Invalid_TestCases" time="2.521"/>
  <testcase name="burgerIconLogout" classname="zapcg.Capillary.LocationPageTestCases.Location_ExistingUser_TestCases" time="0.14"/>
  <testcase name="burgerIconLogout" classname="zapcg.Capillary.LocationPageTestCases.Location_ExistingUser_TestCases" time="0.126"/>
  <testcase name="burgerIconLogout" classname="zapcg.Capillary.LocationPageTestCases.Location_ExistingUser_TestCases" time="0.127"/>
  <testcase name="burgerIconLogout" classname="zapcg.Capillary.LocationPageTestCases.Location_ExistingUser_TestCases" time="0.119"/>
  <testcase name="burgerIconLogout" classname="zapcg.Capillary.LocationPageTestCases.Location_ExistingUser_TestCases" time="0.135"/>
  <testcase name="burgerIconLogout" classname="zapcg.Capillary.LocationPageTestCases.Location_ExistingUser_TestCases" time="0.118"/>
  <testcase name="verifyForDisabledLoginButtonForEmptyUsername_TestCase8" classname="zapcg.Capillary.LoginTestCases.Login_Invalid_TestCases" time="0.171"/>
  <testcase name="verifyForDisabledLoginButtonForEmptyUsername_TestCase8" classname="zapcg.Capillary.LoginTestCases.Login_Invalid_TestCases" time="0.17"/>
  <testcase name="verifyForDisabledLoginButtonForEmptyUsername_TestCase8" classname="zapcg.Capillary.LoginTestCases.Login_Invalid_TestCases" time="0.168"/>
  <testcase name="verifyForDisabledLoginButtonForEmptyUsername_TestCase8" classname="zapcg.Capillary.LoginTestCases.Login_Invalid_TestCases" time="0.164"/>
  <testcase name="verifyForDisabledLoginButtonForEmptyUsername_TestCase8" classname="zapcg.Capillary.LoginTestCases.Login_Invalid_TestCases" time="0.166"/>
  <testcase name="verifyForDisabledLoginButtonForEmptyUsername_TestCase8" classname="zapcg.Capillary.LoginTestCases.Login_Invalid_TestCases" time="0.173"/>
  <testcase name="verifyForDisabledLoginButtonForEmptyPassword_TestCase9" classname="zapcg.Capillary.LoginTestCases.Login_Invalid_TestCases" time="0.192"/>
  <testcase name="verifyForDisabledLoginButtonForEmptyPassword_TestCase9" classname="zapcg.Capillary.LoginTestCases.Login_Invalid_TestCases" time="0.228"/>
  <testcase name="verifyForDisabledLoginButtonForEmptyPassword_TestCase9" classname="zapcg.Capillary.LoginTestCases.Login_Invalid_TestCases" time="0.24"/>
  <testcase name="verifyForDisabledLoginButtonForEmptyPassword_TestCase9" classname="zapcg.Capillary.LoginTestCases.Login_Invalid_TestCases" time="0.217"/>
  <testcase name="verifyForDisabledLoginButtonForEmptyPassword_TestCase9" classname="zapcg.Capillary.LoginTestCases.Login_Invalid_TestCases" time="0.22"/>
  <testcase name="verifyForDisabledLoginButtonForEmptyPassword_TestCase9" classname="zapcg.Capillary.LoginTestCases.Login_Invalid_TestCases" time="0.236"/>
  <testcase name="verifyForDisabledLoginButtonForEmptyUsernamePassword_TestCase10" classname="zapcg.Capillary.LoginTestCases.Login_Invalid_TestCases" time="0.143"/>
  <testcase name="verifyForDisabledLoginButtonForEmptyUsernamePassword_TestCase10" classname="zapcg.Capillary.LoginTestCases.Login_Invalid_TestCases" time="0.185"/>
  <testcase name="verifyForDisabledLoginButtonForEmptyUsernamePassword_TestCase10" classname="zapcg.Capillary.LoginTestCases.Login_Invalid_TestCases" time="0.145"/>
  <testcase name="verifyForDisabledLoginButtonForEmptyUsernamePassword_TestCase10" classname="zapcg.Capillary.LoginTestCases.Login_Invalid_TestCases" time="0.146"/>
  <testcase name="verifyForDisabledLoginButtonForEmptyUsernamePassword_TestCase10" classname="zapcg.Capillary.LoginTestCases.Login_Invalid_TestCases" time="0.148"/>
  <testcase name="verifyForDisabledLoginButtonForEmptyUsernamePassword_TestCase10" classname="zapcg.Capillary.LoginTestCases.Login_Invalid_TestCases" time="0.162"/>
</testsuite>