<?xml version="1.0" encoding="UTF-8"?>
<!-- Generated by org.testng.reporters.JUnitXMLReporter -->
<testsuite ignored="0" hostname="ZCBLRLP0293" failures="2" tests="9" name="LoginTestsChromeBrowserTabletLandscape" time="49.893" errors="0" timestamp="2024-06-27T16:14:12 IST">
  <testcase classname="zapcg.Capillary.LoginTestCases.Login_Invalid_TestCases" name="testInvalidUsername_TestCase2" time="4.95">
    <failure type="java.lang.AssertionError" message="The validation message not displaying for Invalid inputs expected [Invalid username or password. Try again.] but found [Invalid Username or Password. Try again.]">
      <![CDATA[java.lang.AssertionError: The validation message not displaying for Invalid inputs expected [Invalid username or password. Try again.] but found [Invalid Username or Password. Try again.]
at zapcg.Capillary.PageObject.loginPage.verifyInvalidUserNameError(loginPage.java:182)
at zapcg.Capillary.LoginTestCases.Login_Invalid_TestCases.testInvalidUsername_TestCase2(Login_Invalid_TestCases.java:36)
at java.base/java.util.ArrayList.forEach(ArrayList.java:1511)
at java.base/java.util.concurrent.FutureTask.run(FutureTask.java:264)
at java.base/java.util.concurrent.ThreadPoolExecutor.runWorker(ThreadPoolExecutor.java:1130)
at java.base/java.util.concurrent.ThreadPoolExecutor$Worker.run(ThreadPoolExecutor.java:630)
at java.base/java.lang.Thread.run(Thread.java:832)
... Removed 22 stack frames]]>
    </failure>
  </testcase> <!-- testInvalidUsername_TestCase2 -->
  <testcase classname="zapcg.Capillary.LoginTestCases.Login_Invalid_TestCases" name="testInvalidPassword_TestCase3" time="2.367">
    <failure type="java.lang.AssertionError" message="The validation message not displaying for Invalid inputs expected [Invalid username or password. Try again.] but found [Invalid Username or Password. Try again.]">
      <![CDATA[java.lang.AssertionError: The validation message not displaying for Invalid inputs expected [Invalid username or password. Try again.] but found [Invalid Username or Password. Try again.]
at zapcg.Capillary.PageObject.loginPage.verifyInvalidPasswordError(loginPage.java:219)
at zapcg.Capillary.LoginTestCases.Login_Invalid_TestCases.testInvalidPassword_TestCase3(Login_Invalid_TestCases.java:44)
at java.base/java.util.ArrayList.forEach(ArrayList.java:1511)
at java.base/java.util.concurrent.FutureTask.run(FutureTask.java:264)
at java.base/java.util.concurrent.ThreadPoolExecutor.runWorker(ThreadPoolExecutor.java:1130)
at java.base/java.util.concurrent.ThreadPoolExecutor$Worker.run(ThreadPoolExecutor.java:630)
at java.base/java.lang.Thread.run(Thread.java:832)
... Removed 22 stack frames]]>
    </failure>
  </testcase> <!-- testInvalidPassword_TestCase3 -->
  <testcase classname="zapcg.Capillary.LoginTestCases.Login_Invalid_TestCases" name="testTooLongUsername_TestCase4" time="0.547"/>
  <testcase classname="zapcg.Capillary.LoginTestCases.Login_Invalid_TestCases" name="testMinLengthPassword_TestCase5" time="0.335"/>
  <testcase classname="zapcg.Capillary.LoginTestCases.Login_Invalid_TestCases" name="testUsernameWithSpaces_TestCase6" time="0.358"/>
  <testcase classname="zapcg.Capillary.LoginTestCases.Login_Invalid_TestCases" name="verifyForEnabledLoginButton_TestCase7" time="1.55"/>
  <testcase classname="zapcg.Capillary.LoginTestCases.Login_Invalid_TestCases" name="verifyForDisabledLoginButtonForEmptyUsername_TestCase8" time="0.2"/>
  <testcase classname="zapcg.Capillary.LoginTestCases.Login_Invalid_TestCases" name="verifyForDisabledLoginButtonForEmptyPassword_TestCase9" time="0.258"/>
  <testcase classname="zapcg.Capillary.LoginTestCases.Login_Invalid_TestCases" name="verifyForDisabledLoginButtonForEmptyUsernamePassword_TestCase10" time="0.16"/>
</testsuite> <!-- LoginTestsChromeBrowserTabletLandscape -->
