<?xml version="1.0" encoding="UTF-8"?>
<!-- Generated by org.testng.reporters.JUnitXMLReporter -->
<testsuite ignored="0" hostname="ZCBLRLP0293" failures="1" tests="1" name="LoginTestsFFBrowser" time="8.648" errors="0" timestamp="2024-06-10T16:29:45 IST">
  <testcase classname="zapcg.Capillary.LoginTestCases.Login_LockOutTestCase" name="verifyValidationMessageFor5InvalidLoginAttempt" time="0.482">
    <failure type="java.lang.RuntimeException" message="An unexpected error occurred during the login process.">
      <![CDATA[java.lang.RuntimeException: An unexpected error occurred during the login process.
at zapcg.Capillary.PageObject.loginPage.login(loginPage.java:90)
at zapcg.Capillary.LoginTestCases.Login_LockOutTestCase.verifyValidationMessageFor5InvalidLoginAttempt(Login_LockOutTestCase.java:44)
at java.base/java.util.ArrayList.forEach(ArrayList.java:1511)
at java.base/java.util.concurrent.FutureTask.run(FutureTask.java:264)
at java.base/java.util.concurrent.ThreadPoolExecutor.runWorker(ThreadPoolExecutor.java:1130)
at java.base/java.util.concurrent.ThreadPoolExecutor$Worker.run(ThreadPoolExecutor.java:630)
at java.base/java.lang.Thread.run(Thread.java:832)
Caused by: org.openqa.selenium.ElementClickInterceptedException: Element <button id="LS004B" class="MuiButtonBase-root MuiButton-root MuiButton-contained MuiButton-containedPrimary MuiButton-sizeMedium MuiButton-containedSizeMedium MuiButton-colorPrimary Mui-disabled MuiButton-root MuiButton-contained MuiButton-containedPrimary MuiButton-sizeMedium MuiButton-containedSizeMedium MuiButton-colorPrimary css-y7km40" type="button"> is not clickable at point (378,582) because another element <div class="MuiGrid-root MuiGrid-item MuiGrid-grid-xs-12 css-qghdwx"> obscures it
Build info: version: '4.21.0', revision: '79ed462ef4'
System info: os.name: 'Windows 10', os.arch: 'amd64', os.version: '10.0', java.version: '15.0.2'
Driver info: org.openqa.selenium.firefox.FirefoxDriver
Command: [6a1f4e0a-64d3-4ad3-b441-e81cf3465460, clickElement {id=39cdee1d-a7ed-4d6b-b135-22abc4abc639}]
Capabilities {acceptInsecureCerts: true, browserName: firefox, browserVersion: 127.0, moz:accessibilityChecks: false, moz:buildID: 20240531105723, moz:debuggerAddress: 127.0.0.1:8274, moz:geckodriverVersion: 0.34.0, moz:headless: false, moz:platformVersion: 10.0, moz:processID: 22692, moz:profile: C:\Users\KAJALS~1\AppData\L..., moz:shutdownTimeout: 60000, moz:webdriverClick: true, moz:windowless: false, pageLoadStrategy: normal, platformName: windows, proxy: Proxy(), se:cdp: ws://127.0.0.1:8274/devtool..., se:cdpVersion: 85.0, setWindowRect: true, strictFileInteractability: false, timeouts: {implicit: 0, pageLoad: 300000, script: 30000}, unhandledPromptBehavior: dismiss and notify, userAgent: Mozilla/5.0 (Windows NT 10....}
Element: [[FirefoxDriver: firefox on windows (6a1f4e0a-64d3-4ad3-b441-e81cf3465460)] -> xpath: //button[@id='LS004B']]
Session ID: 6a1f4e0a-64d3-4ad3-b441-e81cf3465460
at org.openqa.selenium.remote.ErrorCodec.decode(ErrorCodec.java:167)
at org.openqa.selenium.remote.codec.w3c.W3CHttpResponseCodec.decode(W3CHttpResponseCodec.java:138)
at org.openqa.selenium.remote.codec.w3c.W3CHttpResponseCodec.decode(W3CHttpResponseCodec.java:50)
at org.openqa.selenium.remote.HttpCommandExecutor.execute(HttpCommandExecutor.java:190)
at org.openqa.selenium.remote.service.DriverCommandExecutor.invokeExecute(DriverCommandExecutor.java:216)
at org.openqa.selenium.remote.service.DriverCommandExecutor.execute(DriverCommandExecutor.java:174)
at org.openqa.selenium.remote.RemoteWebDriver.execute(RemoteWebDriver.java:518)
at org.openqa.selenium.remote.RemoteWebElement.execute(RemoteWebElement.java:223)
at org.openqa.selenium.remote.RemoteWebElement.click(RemoteWebElement.java:76)
at org.openqa.selenium.support.pagefactory.internal.LocatingElementHandler.invoke(LocatingElementHandler.java:51)
at com.sun.proxy.$Proxy13.click(Unknown Source)
at zapcg.Capillary.PageObject.loginPage.login(loginPage.java:85)
... 23 more
... Removed 26 stack frames]]>
    </failure>
  </testcase> <!-- verifyValidationMessageFor5InvalidLoginAttempt -->
</testsuite> <!-- LoginTestsFFBrowser -->
