<!DOCTYPE html PUBLIC "-//W3C//DTD XHTML 1.1//EN" "https://www.w3.org/TR/xhtml11/DTD/xhtml11.dtd">
<html xmlns="https://www.w3.org/1999/xhtml">
<head>
<meta http-equiv="content-type" content="text/html; charset=UTF-8"/>
<title>TestNG Report</title>
<style type="text/css">table {margin-bottom:10px;border-collapse:collapse;empty-cells:show}th,td {border:1px solid #009;padding:.25em .5em}th {vertical-align:bottom}td {vertical-align:top}table a {font-weight:bold}.stripe td {background-color: #E6EBF9}.num {text-align:right}.passedodd td {background-color: #3F3}.passedeven td {background-color: #0A0}.skippedodd td {background-color: #DDD}.skippedeven td {background-color: #CCC}.failedodd td,.attn {background-color: #F33}.failedeven td,.stripe .attn {background-color: #D00}.stacktrace {white-space:pre;font-family:monospace}.totop {font-size:85%;text-align:center;border-bottom:2px solid #000}.invisible {display:none}</style>
</head>
<body>
<table>
<tr><th>Test</th><th># Passed</th><th># Skipped</th><th># Retried</th><th># Failed</th><th>Time (ms)</th><th>Included Groups</th><th>Excluded Groups</th></tr>
<tr><th colspan="8">TestSuite</th></tr>
<tr><td><a href="#t0">LoginTestsChromeBrowserTabletLandscape</a></td><td class="num">7</td><td class="num">0</td><td class="num">0</td><td class="num attn">2</td><td class="num">49,893</td><td></td><td></td></tr>
</table>
<table id='summary'><thead><tr><th>Class</th><th>Method</th><th>Start</th><th>Time (ms)</th></tr></thead><tbody><tr><th colspan="4">TestSuite</th></tr></tbody><tbody id="t0"><tr><th colspan="4">LoginTestsChromeBrowserTabletLandscape &#8212; failed</th></tr><tr class="failedeven"><td rowspan="2">zapcg.Capillary.LoginTestCases.Login_Invalid_TestCases</td><td><a href="#m0">testInvalidPassword_TestCase3</a></td><td rowspan="1">1719485016576</td><td rowspan="1">2367</td></tr><tr class="failedeven"><td><a href="#m1">testInvalidUsername_TestCase2</a></td><td rowspan="1">1719485007332</td><td rowspan="1">4950</td></tr><tr><th colspan="4">LoginTestsChromeBrowserTabletLandscape &#8212; passed</th></tr><tr class="passedeven"><td rowspan="7">zapcg.Capillary.LoginTestCases.Login_Invalid_TestCases</td><td><a href="#m2">testMinLengthPassword_TestCase5</a></td><td rowspan="1">1719485027793</td><td rowspan="1">335</td></tr><tr class="passedeven"><td><a href="#m3">testTooLongUsername_TestCase4</a></td><td rowspan="1">1719485023299</td><td rowspan="1">547</td></tr><tr class="passedeven"><td><a href="#m4">testUsernameWithSpaces_TestCase6</a></td><td rowspan="1">1719485032040</td><td rowspan="1">358</td></tr><tr class="passedeven"><td><a href="#m5">verifyForDisabledLoginButtonForEmptyPassword_TestCase9</a></td><td rowspan="1">1719485046560</td><td rowspan="1">258</td></tr><tr class="passedeven"><td><a href="#m6">verifyForDisabledLoginButtonForEmptyUsernamePassword_TestCase10</a></td><td rowspan="1">1719485052069</td><td rowspan="1">160</td></tr><tr class="passedeven"><td><a href="#m7">verifyForDisabledLoginButtonForEmptyUsername_TestCase8</a></td><td rowspan="1">1719485042276</td><td rowspan="1">200</td></tr><tr class="passedeven"><td><a href="#m8">verifyForEnabledLoginButton_TestCase7</a></td><td rowspan="1">1719485036609</td><td rowspan="1">1550</td></tr></tbody>
</table>
<h2>LoginTestsChromeBrowserTabletLandscape</h2><h3 id="m0">zapcg.Capillary.LoginTestCases.Login_Invalid_TestCases#testInvalidPassword_TestCase3</h3><table class="result"><tr><th>Exception</th></tr><tr><td><div class="stacktrace">java.lang.AssertionError: The validation message not displaying for Invalid inputs expected [Invalid username or password. Try again.] but found [Invalid Username or Password. Try again.]
	at zapcg.Capillary.PageObject.loginPage.verifyInvalidPasswordError(loginPage.java:219)
	at zapcg.Capillary.LoginTestCases.Login_Invalid_TestCases.testInvalidPassword_TestCase3(Login_Invalid_TestCases.java:44)
	at java.base/java.util.ArrayList.forEach(ArrayList.java:1511)
	at java.base/java.util.concurrent.FutureTask.run(FutureTask.java:264)
	at java.base/java.util.concurrent.ThreadPoolExecutor.runWorker(ThreadPoolExecutor.java:1130)
	at java.base/java.util.concurrent.ThreadPoolExecutor$Worker.run(ThreadPoolExecutor.java:630)
	at java.base/java.lang.Thread.run(Thread.java:832)
... Removed 22 stack frames</div></td></tr></table><p class="totop"><a href="#summary">back to summary</a></p>
<h3 id="m1">zapcg.Capillary.LoginTestCases.Login_Invalid_TestCases#testInvalidUsername_TestCase2</h3><table class="result"><tr><th>Exception</th></tr><tr><td><div class="stacktrace">java.lang.AssertionError: The validation message not displaying for Invalid inputs expected [Invalid username or password. Try again.] but found [Invalid Username or Password. Try again.]
	at zapcg.Capillary.PageObject.loginPage.verifyInvalidUserNameError(loginPage.java:182)
	at zapcg.Capillary.LoginTestCases.Login_Invalid_TestCases.testInvalidUsername_TestCase2(Login_Invalid_TestCases.java:36)
	at java.base/java.util.ArrayList.forEach(ArrayList.java:1511)
	at java.base/java.util.concurrent.FutureTask.run(FutureTask.java:264)
	at java.base/java.util.concurrent.ThreadPoolExecutor.runWorker(ThreadPoolExecutor.java:1130)
	at java.base/java.util.concurrent.ThreadPoolExecutor$Worker.run(ThreadPoolExecutor.java:630)
	at java.base/java.lang.Thread.run(Thread.java:832)
... Removed 22 stack frames</div></td></tr></table><p class="totop"><a href="#summary">back to summary</a></p>
<h3 id="m2">zapcg.Capillary.LoginTestCases.Login_Invalid_TestCases#testMinLengthPassword_TestCase5</h3><table class="result"><tr><th class="invisible"/></tr></table><p class="totop"><a href="#summary">back to summary</a></p>
<h3 id="m3">zapcg.Capillary.LoginTestCases.Login_Invalid_TestCases#testTooLongUsername_TestCase4</h3><table class="result"><tr><th class="invisible"/></tr></table><p class="totop"><a href="#summary">back to summary</a></p>
<h3 id="m4">zapcg.Capillary.LoginTestCases.Login_Invalid_TestCases#testUsernameWithSpaces_TestCase6</h3><table class="result"><tr><th class="invisible"/></tr></table><p class="totop"><a href="#summary">back to summary</a></p>
<h3 id="m5">zapcg.Capillary.LoginTestCases.Login_Invalid_TestCases#verifyForDisabledLoginButtonForEmptyPassword_TestCase9</h3><table class="result"><tr><th class="invisible"/></tr></table><p class="totop"><a href="#summary">back to summary</a></p>
<h3 id="m6">zapcg.Capillary.LoginTestCases.Login_Invalid_TestCases#verifyForDisabledLoginButtonForEmptyUsernamePassword_TestCase10</h3><table class="result"><tr><th class="invisible"/></tr></table><p class="totop"><a href="#summary">back to summary</a></p>
<h3 id="m7">zapcg.Capillary.LoginTestCases.Login_Invalid_TestCases#verifyForDisabledLoginButtonForEmptyUsername_TestCase8</h3><table class="result"><tr><th class="invisible"/></tr></table><p class="totop"><a href="#summary">back to summary</a></p>
<h3 id="m8">zapcg.Capillary.LoginTestCases.Login_Invalid_TestCases#verifyForEnabledLoginButton_TestCase7</h3><table class="result"><tr><th class="invisible"/></tr></table><p class="totop"><a href="#summary">back to summary</a></p>
</body>
</html>
