<!DOCTYPE html>

<html>
  <head>
  <meta charset='utf-8'>
  <title>TestNG reports</title>

    <link type="text/css" href="testng-reports1.css" rel="stylesheet" id="ultra" />
    <link type="text/css" href="testng-reports.css" rel="stylesheet" id="retro" disabled="false"/>
    <script type="text/javascript" src="jquery-3.6.0.min.js"></script>
    <script type="text/javascript" src="testng-reports.js"></script>
    <script type="text/javascript" src="https://www.google.com/jsapi"></script>
    <script type='text/javascript'>
      google.load('visualization', '1', {packages:['table']});
      google.setOnLoadCallback(drawTable);
      var suiteTableInitFunctions = new Array();
      var suiteTableData = new Array();
    </script>
    <!--
      <script type="text/javascript" src="jquery-ui/js/jquery-ui-1.8.16.custom.min.js"></script>
     -->
  </head>

  <body>    <div class="top-banner-root">
      <span class="top-banner-title-font">Test results</span>
      <button id="button" class="button">Switch Retro Theme</button> <!-- button -->
      <br/>
      <span class="top-banner-font-1">1 suite</span>
    </div> <!-- top-banner-root -->
    <div class="navigator-root">
      <div class="navigator-suite-header">
        <span>All suites</span>
        <a href="#" title="Collapse/expand all the suites" class="collapse-all-link">
          <img src="collapseall.gif" class="collapse-all-icon">
          </img> <!-- collapse-all-icon -->
        </a> <!-- collapse-all-link -->
      </div> <!-- navigator-suite-header -->
      <div class="suite">
        <div class="rounded-window">
          <div class="suite-header light-rounded-window-top">
            <a href="#" panel-name="suite-TestSuite" class="navigator-link">
              <span class="suite-name border-skipped">TestSuite</span>
            </a> <!-- navigator-link -->
          </div> <!-- suite-header light-rounded-window-top -->
          <div class="navigator-suite-content">
            <div class="suite-section-title">
              <span>Info</span>
            </div> <!-- suite-section-title -->
            <div class="suite-section-content">
              <ul>
                <li>
                  <a href="#" panel-name="test-xml-TestSuite" class="navigator-link ">
                    <span>C:\Users\KajalSharma\eclipse-workspace\Capillary\Capillary_Framework\src\test\resource\NewFile.xml</span>
                  </a> <!-- navigator-link  -->
                </li>
                <li>
                  <a href="#" panel-name="testlist-TestSuite" class="navigator-link ">
                    <span class="test-stats">1 test</span>
                  </a> <!-- navigator-link  -->
                </li>
                <li>
                  <a href="#" panel-name="group-TestSuite" class="navigator-link ">
                    <span>5 groups</span>
                  </a> <!-- navigator-link  -->
                </li>
                <li>
                  <a href="#" panel-name="times-TestSuite" class="navigator-link ">
                    <span>Times</span>
                  </a> <!-- navigator-link  -->
                </li>
                <li>
                  <a href="#" panel-name="reporter-TestSuite" class="navigator-link ">
                    <span>Reporter output</span>
                  </a> <!-- navigator-link  -->
                </li>
                <li>
                  <a href="#" panel-name="ignored-methods-TestSuite" class="navigator-link ">
                    <span>Ignored methods</span>
                  </a> <!-- navigator-link  -->
                </li>
                <li>
                  <a href="#" panel-name="chronological-TestSuite" class="navigator-link ">
                    <span>Chronological view</span>
                  </a> <!-- navigator-link  -->
                </li>
              </ul>
            </div> <!-- suite-section-content -->
            <div class="result-section">
              <div class="suite-section-title">
                <span>Results</span>
              </div> <!-- suite-section-title -->
              <div class="suite-section-content">
                <ul>
                  <li>
                    <span class="method-stats">62 methods,  62 skipped,  </span>
                  </li>
                  <li>
                    <span class="method-list-title skipped">Skipped methods</span>
                    <span class="show-or-hide-methods skipped">
                      <a href="#" panel-name="suite-TestSuite" class="hide-methods skipped suite-TestSuite"> (hide)</a> <!-- hide-methods skipped suite-TestSuite -->
                      <a href="#" panel-name="suite-TestSuite" class="show-methods skipped suite-TestSuite"> (show)</a> <!-- show-methods skipped suite-TestSuite -->
                    </span>
                    <div class="method-list-content skipped suite-TestSuite">
                      <span>
                        <img src="skipped.png" width="3%"/>
                        <a href="#" panel-name="suite-TestSuite" title="zapcg.Capillary.LoginTestCases.Login_Valid_TestCases" class="method navigator-link" hash-for-method="Valid_Login">Valid_Login</a> <!-- method navigator-link -->
                      </span>
                      <br/>
                      <span>
                        <img src="skipped.png" width="3%"/>
                        <a href="#" panel-name="suite-TestSuite" title="zapcg.Capillary.LocationPageTestCases.Location_ExistingUser_TestCases" class="method navigator-link" hash-for-method="choose_ValidLocation_For_NewUser">choose_ValidLocation_For_NewUser</a> <!-- method navigator-link -->
                      </span>
                      <br/>
                      <span>
                        <img src="skipped.png" width="3%"/>
                        <a href="#" panel-name="suite-TestSuite" title="zapcg.Capillary.EarnPointPageTestCases.EarnPoint_Invalid_TestCases" class="method navigator-link" hash-for-method="empty_TxnAmount_But_GoToPassPointValue">empty_TxnAmount_But_GoToPassPointValue</a> <!-- method navigator-link -->
                      </span>
                      <br/>
                      <span>
                        <img src="skipped.png" width="3%"/>
                        <a href="#" panel-name="suite-TestSuite" title="zapcg.Capillary.EarnPointPageTestCases.EarnPoint_Valid_TestCases" class="method navigator-link" hash-for-method="empty_TxnAmount_But_GoToPassPoint_Value">empty_TxnAmount_But_GoToPassPoint_Value</a> <!-- method navigator-link -->
                      </span>
                      <br/>
                      <span>
                        <img src="skipped.png" width="3%"/>
                        <a href="#" panel-name="suite-TestSuite" title="zapcg.Capillary.MemberLookupTestCases.MemberLookup_Valid_TestCases" class="method navigator-link" hash-for-method="enter_Valid_MemberId">enter_Valid_MemberId</a> <!-- method navigator-link -->
                      </span>
                      <br/>
                      <span>
                        <img src="skipped.png" width="3%"/>
                        <a href="#" panel-name="suite-TestSuite" title="zapcg.Capillary.EarnPointPageTestCases.EarnPoint_Invalid_TestCases" class="method navigator-link" hash-for-method="goTOPassPoint_More_Than_TransactionAmount">goTOPassPoint_More_Than_TransactionAmount</a> <!-- method navigator-link -->
                      </span>
                      <br/>
                      <span>
                        <img src="skipped.png" width="3%"/>
                        <a href="#" panel-name="suite-TestSuite" title="zapcg.Capillary.MemberLookupTestCases.MemberLookup_Valid_TestCases" class="method navigator-link" hash-for-method="hamburgerIcon_Location_Navigation_From_MemberLookup">hamburgerIcon_Location_Navigation_From_MemberLookup</a> <!-- method navigator-link -->
                      </span>
                      <br/>
                      <span>
                        <img src="skipped.png" width="3%"/>
                        <a href="#" panel-name="suite-TestSuite" title="zapcg.Capillary.MemberLookupTestCases.MemberLookup_Valid_TestCases" class="method navigator-link" hash-for-method="hamburgerIcon_Logout_From_MemberLookup">hamburgerIcon_Logout_From_MemberLookup</a> <!-- method navigator-link -->
                      </span>
                      <br/>
                      <span>
                        <img src="skipped.png" width="3%"/>
                        <a href="#" panel-name="suite-TestSuite" title="zapcg.Capillary.LocationPageTestCases.Location_ExistingUser_TestCases" class="method navigator-link" hash-for-method="hamburgerIcon_MemberLocation_Navigation_From_LocationScreen">hamburgerIcon_MemberLocation_Navigation_From_LocationScreen</a> <!-- method navigator-link -->
                      </span>
                      <br/>
                      <span>
                        <img src="skipped.png" width="3%"/>
                        <a href="#" panel-name="suite-TestSuite" title="zapcg.Capillary.LocationPageTestCases.Location_ExistingUser_TestCases" class="method navigator-link" hash-for-method="hamburgerIcon_MemberLookup_Navigation_From_LocationScreen">hamburgerIcon_MemberLookup_Navigation_From_LocationScreen</a> <!-- method navigator-link -->
                      </span>
                      <br/>
                      <span>
                        <img src="skipped.png" width="3%"/>
                        <a href="#" panel-name="suite-TestSuite" title="zapcg.Capillary.MemberLookupTestCases.MemberLookup_Valid_TestCases" class="method navigator-link" hash-for-method="hamburgerIcon_MemberLookup_Navigation_From_MemberLookup">hamburgerIcon_MemberLookup_Navigation_From_MemberLookup</a> <!-- method navigator-link -->
                      </span>
                      <br/>
                      <span>
                        <img src="skipped.png" width="3%"/>
                        <a href="#" panel-name="suite-TestSuite" title="zapcg.Capillary.LocationPageTestCases.Location_ExistingUser_TestCases" class="method navigator-link" hash-for-method="hamburger_Icon_Logout_From_LocationScreen">hamburger_Icon_Logout_From_LocationScreen</a> <!-- method navigator-link -->
                      </span>
                      <br/>
                      <span>
                        <img src="skipped.png" width="3%"/>
                        <a href="#" panel-name="suite-TestSuite" title="zapcg.Capillary.LocationPageTestCases.Location_ExistingUser_TestCases" class="method navigator-link" hash-for-method="navigated_From_Location_To_LookupScreen_With_Valid_Inputs">navigated_From_Location_To_LookupScreen_With_Valid_Inputs</a> <!-- method navigator-link -->
                      </span>
                      <br/>
                      <span>
                        <img src="skipped.png" width="3%"/>
                        <a href="#" panel-name="suite-TestSuite" title="zapcg.Capillary.LoginTestCases.Login_Invalid_TestCases" class="method navigator-link" hash-for-method="test_Invalid_Password">test_Invalid_Password</a> <!-- method navigator-link -->
                      </span>
                      <br/>
                      <span>
                        <img src="skipped.png" width="3%"/>
                        <a href="#" panel-name="suite-TestSuite" title="zapcg.Capillary.LoginTestCases.Login_Invalid_TestCases" class="method navigator-link" hash-for-method="test_Invalid_Username">test_Invalid_Username</a> <!-- method navigator-link -->
                      </span>
                      <br/>
                      <span>
                        <img src="skipped.png" width="3%"/>
                        <a href="#" panel-name="suite-TestSuite" title="zapcg.Capillary.LoginTestCases.Login_Invalid_TestCases" class="method navigator-link" hash-for-method="test_MinLength_Password">test_MinLength_Password</a> <!-- method navigator-link -->
                      </span>
                      <br/>
                      <span>
                        <img src="skipped.png" width="3%"/>
                        <a href="#" panel-name="suite-TestSuite" title="zapcg.Capillary.LoginTestCases.Login_Invalid_TestCases" class="method navigator-link" hash-for-method="test_TooLong_Username">test_TooLong_Username</a> <!-- method navigator-link -->
                      </span>
                      <br/>
                      <span>
                        <img src="skipped.png" width="3%"/>
                        <a href="#" panel-name="suite-TestSuite" title="zapcg.Capillary.LoginTestCases.Login_Invalid_TestCases" class="method navigator-link" hash-for-method="test_Username_WithSpaces">test_Username_WithSpaces</a> <!-- method navigator-link -->
                      </span>
                      <br/>
                      <span>
                        <img src="skipped.png" width="3%"/>
                        <a href="#" panel-name="suite-TestSuite" title="zapcg.Capillary.MemberLookupTestCases.MemberLookup_Valid_TestCases" class="method navigator-link" hash-for-method="verifyScanButtonAvailability">verifyScanButtonAvailability</a> <!-- method navigator-link -->
                      </span>
                      <br/>
                      <span>
                        <img src="skipped.png" width="3%"/>
                        <a href="#" panel-name="suite-TestSuite" title="zapcg.Capillary.EarnPointPageTestCases.EarnPoint_Valid_TestCases" class="method navigator-link" hash-for-method="verifySuccessMessageForOnlyTransactionAmount">verifySuccessMessageForOnlyTransactionAmount</a> <!-- method navigator-link -->
                      </span>
                      <br/>
                      <span>
                        <img src="skipped.png" width="3%"/>
                        <a href="#" panel-name="suite-TestSuite" title="zapcg.Capillary.LocationPageTestCases.Location_ExistingUser_TestCases" class="method navigator-link" hash-for-method="verify_Able_To_SelectOption_From_DropDown">verify_Able_To_SelectOption_From_DropDown</a> <!-- method navigator-link -->
                      </span>
                      <br/>
                      <span>
                        <img src="skipped.png" width="3%"/>
                        <a href="#" panel-name="suite-TestSuite" title="zapcg.Capillary.EarnPointPageTestCases.EarnPoint_Valid_TestCases" class="method navigator-link" hash-for-method="verify_BackButton_Navigation_On_EarnPoint_Page">verify_BackButton_Navigation_On_EarnPoint_Page</a> <!-- method navigator-link -->
                      </span>
                      <br/>
                      <span>
                        <img src="skipped.png" width="3%"/>
                        <a href="#" panel-name="suite-TestSuite" title="zapcg.Capillary.MemberDetailsTestCases.memberDetails_TestCases" class="method navigator-link" hash-for-method="verify_BackButton_On_MemberDetails_Screen">verify_BackButton_On_MemberDetails_Screen</a> <!-- method navigator-link -->
                      </span>
                      <br/>
                      <span>
                        <img src="skipped.png" width="3%"/>
                        <a href="#" panel-name="suite-TestSuite" title="zapcg.Capillary.MemberLookupTestCases.memberLookup_Invalid_TestCases" class="method navigator-link" hash-for-method="verify_CardNumber_Field_MaxLength">verify_CardNumber_Field_MaxLength</a> <!-- method navigator-link -->
                      </span>
                      <br/>
                      <span>
                        <img src="skipped.png" width="3%"/>
                        <a href="#" panel-name="suite-TestSuite" title="zapcg.Capillary.LocationPageTestCases.Location_ExistingUser_TestCases" class="method navigator-link" hash-for-method="verify_Choose_Location_Button_Availability">verify_Choose_Location_Button_Availability</a> <!-- method navigator-link -->
                      </span>
                      <br/>
                      <span>
                        <img src="skipped.png" width="3%"/>
                        <a href="#" panel-name="suite-TestSuite" title="zapcg.Capillary.EarnPointPageTestCases.EarnPoint_Valid_TestCases" class="method navigator-link" hash-for-method="verify_Date_Equal_To_System_CurrentDate">verify_Date_Equal_To_System_CurrentDate</a> <!-- method navigator-link -->
                      </span>
                      <br/>
                      <span>
                        <img src="skipped.png" width="3%"/>
                        <a href="#" panel-name="suite-TestSuite" title="zapcg.Capillary.LoginTestCases.Login_Invalid_TestCases" class="method navigator-link" hash-for-method="verify_Disabled_LoginButton_EmptyPassword">verify_Disabled_LoginButton_EmptyPassword</a> <!-- method navigator-link -->
                      </span>
                      <br/>
                      <span>
                        <img src="skipped.png" width="3%"/>
                        <a href="#" panel-name="suite-TestSuite" title="zapcg.Capillary.LoginTestCases.Login_Invalid_TestCases" class="method navigator-link" hash-for-method="verify_Disabled_LoginButton_EmptyUsername">verify_Disabled_LoginButton_EmptyUsername</a> <!-- method navigator-link -->
                      </span>
                      <br/>
                      <span>
                        <img src="skipped.png" width="3%"/>
                        <a href="#" panel-name="suite-TestSuite" title="zapcg.Capillary.LoginTestCases.Login_Invalid_TestCases" class="method navigator-link" hash-for-method="verify_Disabled_LoginButton_EmptyUsernamePassword_TestCase10">verify_Disabled_LoginButton_EmptyUsernamePassword_TestCase10</a> <!-- method navigator-link -->
                      </span>
                      <br/>
                      <span>
                        <img src="skipped.png" width="3%"/>
                        <a href="#" panel-name="suite-TestSuite" title="zapcg.Capillary.LocationPageTestCases.Location_ExistingUser_TestCases" class="method navigator-link" hash-for-method="verify_DropDown_Availability">verify_DropDown_Availability</a> <!-- method navigator-link -->
                      </span>
                      <br/>
                      <span>
                        <img src="skipped.png" width="3%"/>
                        <a href="#" panel-name="suite-TestSuite" title="zapcg.Capillary.EarnPointPageTestCases.EarnPoint_Valid_TestCases" class="method navigator-link" hash-for-method="verify_EarnPoints_Navigation_From_MeberDetailsScreen">verify_EarnPoints_Navigation_From_MeberDetailsScreen</a> <!-- method navigator-link -->
                      </span>
                      <br/>
                      <span>
                        <img src="skipped.png" width="3%"/>
                        <a href="#" panel-name="suite-TestSuite" title="zapcg.Capillary.EarnPointPageTestCases.EarnPoint_Valid_TestCases" class="method navigator-link" hash-for-method="verify_Eligible_EarningPoints">verify_Eligible_EarningPoints</a> <!-- method navigator-link -->
                      </span>
                      <br/>
                      <span>
                        <img src="skipped.png" width="3%"/>
                        <a href="#" panel-name="suite-TestSuite" title="zapcg.Capillary.MemberLookupTestCases.memberLookup_Invalid_TestCases" class="method navigator-link" hash-for-method="verify_Empty_CardNumber_ButtonIsDisabled">verify_Empty_CardNumber_ButtonIsDisabled</a> <!-- method navigator-link -->
                      </span>
                      <br/>
                      <span>
                        <img src="skipped.png" width="3%"/>
                        <a href="#" panel-name="suite-TestSuite" title="zapcg.Capillary.MemberDetailsTestCases.memberDetails_TestCases" class="method navigator-link" hash-for-method="verify_Enabled_EnterReceiptDetails_Button">verify_Enabled_EnterReceiptDetails_Button</a> <!-- method navigator-link -->
                      </span>
                      <br/>
                      <span>
                        <img src="skipped.png" width="3%"/>
                        <a href="#" panel-name="suite-TestSuite" title="zapcg.Capillary.LoginTestCases.Login_Invalid_TestCases" class="method navigator-link" hash-for-method="verify_Enabled_LoginButton">verify_Enabled_LoginButton</a> <!-- method navigator-link -->
                      </span>
                      <br/>
                      <span>
                        <img src="skipped.png" width="3%"/>
                        <a href="#" panel-name="suite-TestSuite" title="zapcg.Capillary.EarnPointPageTestCases.EarnPoint_Valid_TestCases" class="method navigator-link" hash-for-method="verify_ExceedThresold_SuccessMessage">verify_ExceedThresold_SuccessMessage</a> <!-- method navigator-link -->
                      </span>
                      <br/>
                      <span>
                        <img src="skipped.png" width="3%"/>
                        <a href="#" panel-name="suite-TestSuite" title="zapcg.Capillary.EarnPointPageTestCases.EarnPoint_Valid_TestCases" class="method navigator-link" hash-for-method="verify_HamBurger_LogoutOption_From_EarnPoint_Page">verify_HamBurger_LogoutOption_From_EarnPoint_Page</a> <!-- method navigator-link -->
                      </span>
                      <br/>
                      <span>
                        <img src="skipped.png" width="3%"/>
                        <a href="#" panel-name="suite-TestSuite" title="zapcg.Capillary.EarnPointPageTestCases.EarnPoint_Valid_TestCases" class="method navigator-link" hash-for-method="verify_Hamburger_LocationOption_From_EarnPoint_Page">verify_Hamburger_LocationOption_From_EarnPoint_Page</a> <!-- method navigator-link -->
                      </span>
                      <br/>
                      <span>
                        <img src="skipped.png" width="3%"/>
                        <a href="#" panel-name="suite-TestSuite" title="zapcg.Capillary.MemberDetailsTestCases.memberDetails_TestCases" class="method navigator-link" hash-for-method="verify_Hamburger_LocationOption_On_MemberDetails">verify_Hamburger_LocationOption_On_MemberDetails</a> <!-- method navigator-link -->
                      </span>
                      <br/>
                      <span>
                        <img src="skipped.png" width="3%"/>
                        <a href="#" panel-name="suite-TestSuite" title="zapcg.Capillary.MemberDetailsTestCases.memberDetails_TestCases" class="method navigator-link" hash-for-method="verify_Hamburger_LogoutOption_On_MemberDetails">verify_Hamburger_LogoutOption_On_MemberDetails</a> <!-- method navigator-link -->
                      </span>
                      <br/>
                      <span>
                        <img src="skipped.png" width="3%"/>
                        <a href="#" panel-name="suite-TestSuite" title="zapcg.Capillary.EarnPointPageTestCases.EarnPoint_Valid_TestCases" class="method navigator-link" hash-for-method="verify_Hamburger_MemberLookupOption_From_EarnPoint_Page">verify_Hamburger_MemberLookupOption_From_EarnPoint_Page</a> <!-- method navigator-link -->
                      </span>
                      <br/>
                      <span>
                        <img src="skipped.png" width="3%"/>
                        <a href="#" panel-name="suite-TestSuite" title="zapcg.Capillary.MemberDetailsTestCases.memberDetails_TestCases" class="method navigator-link" hash-for-method="verify_Hamburger_MemberLookup_Option_on_MemberDetails">verify_Hamburger_MemberLookup_Option_on_MemberDetails</a> <!-- method navigator-link -->
                      </span>
                      <br/>
                      <span>
                        <img src="skipped.png" width="3%"/>
                        <a href="#" panel-name="suite-TestSuite" title="zapcg.Capillary.EarnPointPageTestCases.EarnPoint_Valid_TestCases" class="method navigator-link" hash-for-method="verify_HeaderHyperlink_On_EarnPoint_Page">verify_HeaderHyperlink_On_EarnPoint_Page</a> <!-- method navigator-link -->
                      </span>
                      <br/>
                      <span>
                        <img src="skipped.png" width="3%"/>
                        <a href="#" panel-name="suite-TestSuite" title="zapcg.Capillary.MemberLookupTestCases.MemberLookup_Valid_TestCases" class="method navigator-link" hash-for-method="verify_Header_Hyperlink">verify_Header_Hyperlink</a> <!-- method navigator-link -->
                      </span>
                      <br/>
                      <span>
                        <img src="skipped.png" width="3%"/>
                        <a href="#" panel-name="suite-TestSuite" title="zapcg.Capillary.MemberDetailsTestCases.memberDetails_TestCases" class="method navigator-link" hash-for-method="verify_Header_MemberDetailsScreen">verify_Header_MemberDetailsScreen</a> <!-- method navigator-link -->
                      </span>
                      <br/>
                      <span>
                        <img src="skipped.png" width="3%"/>
                        <a href="#" panel-name="suite-TestSuite" title="zapcg.Capillary.LocationPageTestCases.Location_ExistingUser_TestCases" class="method navigator-link" hash-for-method="verify_Header_Of_MemberLookup_Screen">verify_Header_Of_MemberLookup_Screen</a> <!-- method navigator-link -->
                      </span>
                      <br/>
                      <span>
                        <img src="skipped.png" width="3%"/>
                        <a href="#" panel-name="suite-TestSuite" title="zapcg.Capillary.MemberLookupTestCases.memberLookup_Invalid_TestCases" class="method navigator-link" hash-for-method="verify_Invalid_CardNumber_MinLength">verify_Invalid_CardNumber_MinLength</a> <!-- method navigator-link -->
                      </span>
                      <br/>
                      <span>
                        <img src="skipped.png" width="3%"/>
                        <a href="#" panel-name="suite-TestSuite" title="zapcg.Capillary.MemberLookupTestCases.memberLookup_Invalid_TestCases" class="method navigator-link" hash-for-method="verify_Invalid_MemberID">verify_Invalid_MemberID</a> <!-- method navigator-link -->
                      </span>
                      <br/>
                      <span>
                        <img src="skipped.png" width="3%"/>
                        <a href="#" panel-name="suite-TestSuite" title="zapcg.Capillary.MemberDetailsTestCases.memberDetails_TestCases" class="method navigator-link" hash-for-method="verify_MemberDetails_ContentDisplaying">verify_MemberDetails_ContentDisplaying</a> <!-- method navigator-link -->
                      </span>
                      <br/>
                      <span>
                        <img src="skipped.png" width="3%"/>
                        <a href="#" panel-name="suite-TestSuite" title="zapcg.Capillary.EarnPointPageTestCases.EarnPoint_Valid_TestCases" class="method navigator-link" hash-for-method="verify_MemberDetails_Content_Displaying_On_EarnPointScreen">verify_MemberDetails_Content_Displaying_On_EarnPointScreen</a> <!-- method navigator-link -->
                      </span>
                      <br/>
                      <span>
                        <img src="skipped.png" width="3%"/>
                        <a href="#" panel-name="suite-TestSuite" title="zapcg.Capillary.MemberDetailsTestCases.memberDetails_TestCases" class="method navigator-link" hash-for-method="verify_MemberDetails_Displaying">verify_MemberDetails_Displaying</a> <!-- method navigator-link -->
                      </span>
                      <br/>
                      <span>
                        <img src="skipped.png" width="3%"/>
                        <a href="#" panel-name="suite-TestSuite" title="zapcg.Capillary.MemberDetailsTestCases.memberDetails_TestCases" class="method navigator-link" hash-for-method="verify_MemberDetails_Navigation_From_MeberLookupScreen_To_MemberDetailsPage">verify_MemberDetails_Navigation_From_MeberLookupScreen_To_MemberDetailsPage</a> <!-- method navigator-link -->
                      </span>
                      <br/>
                      <span>
                        <img src="skipped.png" width="3%"/>
                        <a href="#" panel-name="suite-TestSuite" title="zapcg.Capillary.MemberLookupTestCases.memberLookup_Invalid_TestCases" class="method navigator-link" hash-for-method="verify_MemberId_Field_MaxLength">verify_MemberId_Field_MaxLength</a> <!-- method navigator-link -->
                      </span>
                      <br/>
                      <span>
                        <img src="skipped.png" width="3%"/>
                        <a href="#" panel-name="suite-TestSuite" title="zapcg.Capillary.EarnPointPageTestCases.EarnPoint_Valid_TestCases" class="method navigator-link" hash-for-method="verify_NonEditable_DateField">verify_NonEditable_DateField</a> <!-- method navigator-link -->
                      </span>
                      <br/>
                      <span>
                        <img src="skipped.png" width="3%"/>
                        <a href="#" panel-name="suite-TestSuite" title="zapcg.Capillary.EarnPointPageTestCases.EarnPoint_Valid_TestCases" class="method navigator-link" hash-for-method="verify_NonEditable_LocationField">verify_NonEditable_LocationField</a> <!-- method navigator-link -->
                      </span>
                      <br/>
                      <span>
                        <img src="skipped.png" width="3%"/>
                        <a href="#" panel-name="suite-TestSuite" title="zapcg.Capillary.EarnPointPageTestCases.EarnPoint_Valid_TestCases" class="method navigator-link" hash-for-method="verify_NonEditable_TimeField">verify_NonEditable_TimeField</a> <!-- method navigator-link -->
                      </span>
                      <br/>
                      <span>
                        <img src="skipped.png" width="3%"/>
                        <a href="#" panel-name="suite-TestSuite" title="zapcg.Capillary.EarnPointPageTestCases.EarnPoint_Valid_TestCases" class="method navigator-link" hash-for-method="verify_SuccessMessage_For_RedeemPoint">verify_SuccessMessage_For_RedeemPoint</a> <!-- method navigator-link -->
                      </span>
                      <br/>
                      <span>
                        <img src="skipped.png" width="3%"/>
                        <a href="#" panel-name="suite-TestSuite" title="zapcg.Capillary.EarnPointPageTestCases.EarnPoint_Valid_TestCases" class="method navigator-link" hash-for-method="verify_TaxAssumedAmount">verify_TaxAssumedAmount</a> <!-- method navigator-link -->
                      </span>
                      <br/>
                      <span>
                        <img src="skipped.png" width="3%"/>
                        <a href="#" panel-name="suite-TestSuite" title="zapcg.Capillary.EarnPointPageTestCases.EarnPoint_Valid_TestCases" class="method navigator-link" hash-for-method="verify_Time_Equal_To_System_CurrentTime">verify_Time_Equal_To_System_CurrentTime</a> <!-- method navigator-link -->
                      </span>
                      <br/>
                      <span>
                        <img src="skipped.png" width="3%"/>
                        <a href="#" panel-name="suite-TestSuite" title="zapcg.Capillary.EarnPointPageTestCases.GoToPassPointMoreThanAvailablePoint" class="method navigator-link" hash-for-method="verify_ValidationMessage_If_GoToPass_Is_Greater_Than_AvailablePoints">verify_ValidationMessage_If_GoToPass_Is_Greater_Than_AvailablePoints</a> <!-- method navigator-link -->
                      </span>
                      <br/>
                      <span>
                        <img src="skipped.png" width="3%"/>
                        <a href="#" panel-name="suite-TestSuite" title="zapcg.Capillary.EarnPointPageTestCases.EarnPoint_Valid_TestCases" class="method navigator-link" hash-for-method="verify_With_Empty_TransactionAmount">verify_With_Empty_TransactionAmount</a> <!-- method navigator-link -->
                      </span>
                      <br/>
                      <span>
                        <img src="skipped.png" width="3%"/>
                        <a href="#" panel-name="suite-TestSuite" title="zapcg.Capillary.EarnPointPageTestCases.EarnPoint_Invalid_TestCases" class="method navigator-link" hash-for-method="verify_With_Empty_TransactionAmount">verify_With_Empty_TransactionAmount</a> <!-- method navigator-link -->
                      </span>
                      <br/>
                    </div> <!-- method-list-content skipped suite-TestSuite -->
                  </li>
                </ul>
              </div> <!-- suite-section-content -->
            </div> <!-- result-section -->
          </div> <!-- navigator-suite-content -->
        </div> <!-- rounded-window -->
      </div> <!-- suite -->
    </div> <!-- navigator-root -->
    <div class="wrapper">
      <div class="main-panel-root">
        <div panel-name="suite-TestSuite" class="panel TestSuite">
          <div class="suite-TestSuite-class-skipped">
            <div class="main-panel-header rounded-window-top">
              <img src="skipped.png"/>
              <span class="class-name">zapcg.Capillary.LoginTestCases.Login_Invalid_TestCases</span>
            </div> <!-- main-panel-header rounded-window-top -->
            <div class="main-panel-content rounded-window-bottom">
              <div class="method">
                <div class="method-content">
                  <a name="test_Invalid_Password">
                  </a> <!-- test_Invalid_Password -->
                  <span class="method-name">test_Invalid_Password</span>
                  <div class="stack-trace">java.lang.NullPointerException: Cannot invoke &quot;org.openqa.selenium.WebDriver.get(String)&quot; because &quot;zapcg.Capillary.LoginTestCases.Login_Invalid_TestCases.driver&quot; is null
	at zapcg.Capillary.LoginTestCases.Login_Invalid_TestCases.initialize(Login_Invalid_TestCases.java:26)
	at java.base/java.util.ArrayList.forEach(ArrayList.java:1511)
	at java.base/java.util.concurrent.FutureTask.run(FutureTask.java:264)
	at java.base/java.util.concurrent.ThreadPoolExecutor.runWorker(ThreadPoolExecutor.java:1130)
	at java.base/java.util.concurrent.ThreadPoolExecutor$Worker.run(ThreadPoolExecutor.java:630)
	at java.base/java.lang.Thread.run(Thread.java:832)
... Removed 21 stack frames
</div> <!-- stack-trace -->
                </div> <!-- method-content -->
              </div> <!-- method -->
              <div class="method">
                <div class="method-content">
                  <a name="test_Invalid_Username">
                  </a> <!-- test_Invalid_Username -->
                  <span class="method-name">test_Invalid_Username</span>
                  <div class="stack-trace">java.lang.NullPointerException: Cannot invoke &quot;org.openqa.selenium.WebDriver.get(String)&quot; because &quot;zapcg.Capillary.LoginTestCases.Login_Invalid_TestCases.driver&quot; is null
	at zapcg.Capillary.LoginTestCases.Login_Invalid_TestCases.initialize(Login_Invalid_TestCases.java:26)
	at java.base/java.util.ArrayList.forEach(ArrayList.java:1511)
	at java.base/java.util.concurrent.FutureTask.run(FutureTask.java:264)
	at java.base/java.util.concurrent.ThreadPoolExecutor.runWorker(ThreadPoolExecutor.java:1130)
	at java.base/java.util.concurrent.ThreadPoolExecutor$Worker.run(ThreadPoolExecutor.java:630)
	at java.base/java.lang.Thread.run(Thread.java:832)
... Removed 21 stack frames
</div> <!-- stack-trace -->
                </div> <!-- method-content -->
              </div> <!-- method -->
              <div class="method">
                <div class="method-content">
                  <a name="test_MinLength_Password">
                  </a> <!-- test_MinLength_Password -->
                  <span class="method-name">test_MinLength_Password</span>
                  <div class="stack-trace">java.lang.NullPointerException: Cannot invoke &quot;org.openqa.selenium.WebDriver.get(String)&quot; because &quot;zapcg.Capillary.LoginTestCases.Login_Invalid_TestCases.driver&quot; is null
	at zapcg.Capillary.LoginTestCases.Login_Invalid_TestCases.initialize(Login_Invalid_TestCases.java:26)
	at java.base/java.util.ArrayList.forEach(ArrayList.java:1511)
	at java.base/java.util.concurrent.FutureTask.run(FutureTask.java:264)
	at java.base/java.util.concurrent.ThreadPoolExecutor.runWorker(ThreadPoolExecutor.java:1130)
	at java.base/java.util.concurrent.ThreadPoolExecutor$Worker.run(ThreadPoolExecutor.java:630)
	at java.base/java.lang.Thread.run(Thread.java:832)
... Removed 21 stack frames
</div> <!-- stack-trace -->
                </div> <!-- method-content -->
              </div> <!-- method -->
              <div class="method">
                <div class="method-content">
                  <a name="test_TooLong_Username">
                  </a> <!-- test_TooLong_Username -->
                  <span class="method-name">test_TooLong_Username</span>
                  <div class="stack-trace">java.lang.NullPointerException: Cannot invoke &quot;org.openqa.selenium.WebDriver.get(String)&quot; because &quot;zapcg.Capillary.LoginTestCases.Login_Invalid_TestCases.driver&quot; is null
	at zapcg.Capillary.LoginTestCases.Login_Invalid_TestCases.initialize(Login_Invalid_TestCases.java:26)
	at java.base/java.util.ArrayList.forEach(ArrayList.java:1511)
	at java.base/java.util.concurrent.FutureTask.run(FutureTask.java:264)
	at java.base/java.util.concurrent.ThreadPoolExecutor.runWorker(ThreadPoolExecutor.java:1130)
	at java.base/java.util.concurrent.ThreadPoolExecutor$Worker.run(ThreadPoolExecutor.java:630)
	at java.base/java.lang.Thread.run(Thread.java:832)
... Removed 21 stack frames
</div> <!-- stack-trace -->
                </div> <!-- method-content -->
              </div> <!-- method -->
              <div class="method">
                <div class="method-content">
                  <a name="test_Username_WithSpaces">
                  </a> <!-- test_Username_WithSpaces -->
                  <span class="method-name">test_Username_WithSpaces</span>
                  <div class="stack-trace">java.lang.NullPointerException: Cannot invoke &quot;org.openqa.selenium.WebDriver.get(String)&quot; because &quot;zapcg.Capillary.LoginTestCases.Login_Invalid_TestCases.driver&quot; is null
	at zapcg.Capillary.LoginTestCases.Login_Invalid_TestCases.initialize(Login_Invalid_TestCases.java:26)
	at java.base/java.util.ArrayList.forEach(ArrayList.java:1511)
	at java.base/java.util.concurrent.FutureTask.run(FutureTask.java:264)
	at java.base/java.util.concurrent.ThreadPoolExecutor.runWorker(ThreadPoolExecutor.java:1130)
	at java.base/java.util.concurrent.ThreadPoolExecutor$Worker.run(ThreadPoolExecutor.java:630)
	at java.base/java.lang.Thread.run(Thread.java:832)
... Removed 21 stack frames
</div> <!-- stack-trace -->
                </div> <!-- method-content -->
              </div> <!-- method -->
              <div class="method">
                <div class="method-content">
                  <a name="verify_Disabled_LoginButton_EmptyPassword">
                  </a> <!-- verify_Disabled_LoginButton_EmptyPassword -->
                  <span class="method-name">verify_Disabled_LoginButton_EmptyPassword</span>
                  <div class="stack-trace">java.lang.NullPointerException: Cannot invoke &quot;org.openqa.selenium.WebDriver.get(String)&quot; because &quot;zapcg.Capillary.LoginTestCases.Login_Invalid_TestCases.driver&quot; is null
	at zapcg.Capillary.LoginTestCases.Login_Invalid_TestCases.initialize(Login_Invalid_TestCases.java:26)
	at java.base/java.util.ArrayList.forEach(ArrayList.java:1511)
	at java.base/java.util.concurrent.FutureTask.run(FutureTask.java:264)
	at java.base/java.util.concurrent.ThreadPoolExecutor.runWorker(ThreadPoolExecutor.java:1130)
	at java.base/java.util.concurrent.ThreadPoolExecutor$Worker.run(ThreadPoolExecutor.java:630)
	at java.base/java.lang.Thread.run(Thread.java:832)
... Removed 21 stack frames
</div> <!-- stack-trace -->
                </div> <!-- method-content -->
              </div> <!-- method -->
              <div class="method">
                <div class="method-content">
                  <a name="verify_Disabled_LoginButton_EmptyUsername">
                  </a> <!-- verify_Disabled_LoginButton_EmptyUsername -->
                  <span class="method-name">verify_Disabled_LoginButton_EmptyUsername</span>
                  <div class="stack-trace">java.lang.NullPointerException: Cannot invoke &quot;org.openqa.selenium.WebDriver.get(String)&quot; because &quot;zapcg.Capillary.LoginTestCases.Login_Invalid_TestCases.driver&quot; is null
	at zapcg.Capillary.LoginTestCases.Login_Invalid_TestCases.initialize(Login_Invalid_TestCases.java:26)
	at java.base/java.util.ArrayList.forEach(ArrayList.java:1511)
	at java.base/java.util.concurrent.FutureTask.run(FutureTask.java:264)
	at java.base/java.util.concurrent.ThreadPoolExecutor.runWorker(ThreadPoolExecutor.java:1130)
	at java.base/java.util.concurrent.ThreadPoolExecutor$Worker.run(ThreadPoolExecutor.java:630)
	at java.base/java.lang.Thread.run(Thread.java:832)
... Removed 21 stack frames
</div> <!-- stack-trace -->
                </div> <!-- method-content -->
              </div> <!-- method -->
              <div class="method">
                <div class="method-content">
                  <a name="verify_Disabled_LoginButton_EmptyUsernamePassword_TestCase10">
                  </a> <!-- verify_Disabled_LoginButton_EmptyUsernamePassword_TestCase10 -->
                  <span class="method-name">verify_Disabled_LoginButton_EmptyUsernamePassword_TestCase10</span>
                  <div class="stack-trace">java.lang.NullPointerException: Cannot invoke &quot;org.openqa.selenium.WebDriver.get(String)&quot; because &quot;zapcg.Capillary.LoginTestCases.Login_Invalid_TestCases.driver&quot; is null
	at zapcg.Capillary.LoginTestCases.Login_Invalid_TestCases.initialize(Login_Invalid_TestCases.java:26)
	at java.base/java.util.ArrayList.forEach(ArrayList.java:1511)
	at java.base/java.util.concurrent.FutureTask.run(FutureTask.java:264)
	at java.base/java.util.concurrent.ThreadPoolExecutor.runWorker(ThreadPoolExecutor.java:1130)
	at java.base/java.util.concurrent.ThreadPoolExecutor$Worker.run(ThreadPoolExecutor.java:630)
	at java.base/java.lang.Thread.run(Thread.java:832)
... Removed 21 stack frames
</div> <!-- stack-trace -->
                </div> <!-- method-content -->
              </div> <!-- method -->
              <div class="method">
                <div class="method-content">
                  <a name="verify_Enabled_LoginButton">
                  </a> <!-- verify_Enabled_LoginButton -->
                  <span class="method-name">verify_Enabled_LoginButton</span>
                  <div class="stack-trace">java.lang.NullPointerException: Cannot invoke &quot;org.openqa.selenium.WebDriver.get(String)&quot; because &quot;zapcg.Capillary.LoginTestCases.Login_Invalid_TestCases.driver&quot; is null
	at zapcg.Capillary.LoginTestCases.Login_Invalid_TestCases.initialize(Login_Invalid_TestCases.java:26)
	at java.base/java.util.ArrayList.forEach(ArrayList.java:1511)
	at java.base/java.util.concurrent.FutureTask.run(FutureTask.java:264)
	at java.base/java.util.concurrent.ThreadPoolExecutor.runWorker(ThreadPoolExecutor.java:1130)
	at java.base/java.util.concurrent.ThreadPoolExecutor$Worker.run(ThreadPoolExecutor.java:630)
	at java.base/java.lang.Thread.run(Thread.java:832)
... Removed 21 stack frames
</div> <!-- stack-trace -->
                </div> <!-- method-content -->
              </div> <!-- method -->
            </div> <!-- main-panel-content rounded-window-bottom -->
          </div> <!-- suite-TestSuite-class-skipped -->
          <div class="suite-TestSuite-class-skipped">
            <div class="main-panel-header rounded-window-top">
              <img src="skipped.png"/>
              <span class="class-name">zapcg.Capillary.EarnPointPageTestCases.EarnPoint_Valid_TestCases</span>
            </div> <!-- main-panel-header rounded-window-top -->
            <div class="main-panel-content rounded-window-bottom">
              <div class="method">
                <div class="method-content">
                  <a name="empty_TxnAmount_But_GoToPassPoint_Value">
                  </a> <!-- empty_TxnAmount_But_GoToPassPoint_Value -->
                  <span class="method-name">empty_TxnAmount_But_GoToPassPoint_Value</span>
                  <div class="stack-trace">java.lang.NullPointerException: Cannot invoke &quot;org.openqa.selenium.WebDriver.get(String)&quot; because &quot;zapcg.Capillary.EarnPointPageTestCases.EarnPoint_Valid_TestCases.driver&quot; is null
	at zapcg.Capillary.EarnPointPageTestCases.EarnPoint_Valid_TestCases.initialize(EarnPoint_Valid_TestCases.java:32)
	at java.base/java.util.ArrayList.forEach(ArrayList.java:1511)
	at java.base/java.util.concurrent.FutureTask.run(FutureTask.java:264)
	at java.base/java.util.concurrent.ThreadPoolExecutor.runWorker(ThreadPoolExecutor.java:1130)
	at java.base/java.util.concurrent.ThreadPoolExecutor$Worker.run(ThreadPoolExecutor.java:630)
	at java.base/java.lang.Thread.run(Thread.java:832)
... Removed 21 stack frames
</div> <!-- stack-trace -->
                </div> <!-- method-content -->
              </div> <!-- method -->
              <div class="method">
                <div class="method-content">
                  <a name="verifySuccessMessageForOnlyTransactionAmount">
                  </a> <!-- verifySuccessMessageForOnlyTransactionAmount -->
                  <span class="method-name">verifySuccessMessageForOnlyTransactionAmount</span>
                  <div class="stack-trace">java.lang.NullPointerException: Cannot invoke &quot;org.openqa.selenium.WebDriver.get(String)&quot; because &quot;zapcg.Capillary.EarnPointPageTestCases.EarnPoint_Valid_TestCases.driver&quot; is null
	at zapcg.Capillary.EarnPointPageTestCases.EarnPoint_Valid_TestCases.initialize(EarnPoint_Valid_TestCases.java:32)
	at java.base/java.util.ArrayList.forEach(ArrayList.java:1511)
	at java.base/java.util.concurrent.FutureTask.run(FutureTask.java:264)
	at java.base/java.util.concurrent.ThreadPoolExecutor.runWorker(ThreadPoolExecutor.java:1130)
	at java.base/java.util.concurrent.ThreadPoolExecutor$Worker.run(ThreadPoolExecutor.java:630)
	at java.base/java.lang.Thread.run(Thread.java:832)
... Removed 21 stack frames
</div> <!-- stack-trace -->
                </div> <!-- method-content -->
              </div> <!-- method -->
              <div class="method">
                <div class="method-content">
                  <a name="verify_BackButton_Navigation_On_EarnPoint_Page">
                  </a> <!-- verify_BackButton_Navigation_On_EarnPoint_Page -->
                  <span class="method-name">verify_BackButton_Navigation_On_EarnPoint_Page</span>
                  <div class="stack-trace">java.lang.NullPointerException: Cannot invoke &quot;org.openqa.selenium.WebDriver.get(String)&quot; because &quot;zapcg.Capillary.EarnPointPageTestCases.EarnPoint_Valid_TestCases.driver&quot; is null
	at zapcg.Capillary.EarnPointPageTestCases.EarnPoint_Valid_TestCases.initialize(EarnPoint_Valid_TestCases.java:32)
	at java.base/java.util.ArrayList.forEach(ArrayList.java:1511)
	at java.base/java.util.concurrent.FutureTask.run(FutureTask.java:264)
	at java.base/java.util.concurrent.ThreadPoolExecutor.runWorker(ThreadPoolExecutor.java:1130)
	at java.base/java.util.concurrent.ThreadPoolExecutor$Worker.run(ThreadPoolExecutor.java:630)
	at java.base/java.lang.Thread.run(Thread.java:832)
... Removed 21 stack frames
</div> <!-- stack-trace -->
                </div> <!-- method-content -->
              </div> <!-- method -->
              <div class="method">
                <div class="method-content">
                  <a name="verify_Date_Equal_To_System_CurrentDate">
                  </a> <!-- verify_Date_Equal_To_System_CurrentDate -->
                  <span class="method-name">verify_Date_Equal_To_System_CurrentDate</span>
                  <div class="stack-trace">java.lang.NullPointerException: Cannot invoke &quot;org.openqa.selenium.WebDriver.get(String)&quot; because &quot;zapcg.Capillary.EarnPointPageTestCases.EarnPoint_Valid_TestCases.driver&quot; is null
	at zapcg.Capillary.EarnPointPageTestCases.EarnPoint_Valid_TestCases.initialize(EarnPoint_Valid_TestCases.java:32)
	at java.base/java.util.ArrayList.forEach(ArrayList.java:1511)
	at java.base/java.util.concurrent.FutureTask.run(FutureTask.java:264)
	at java.base/java.util.concurrent.ThreadPoolExecutor.runWorker(ThreadPoolExecutor.java:1130)
	at java.base/java.util.concurrent.ThreadPoolExecutor$Worker.run(ThreadPoolExecutor.java:630)
	at java.base/java.lang.Thread.run(Thread.java:832)
... Removed 21 stack frames
</div> <!-- stack-trace -->
                </div> <!-- method-content -->
              </div> <!-- method -->
              <div class="method">
                <div class="method-content">
                  <a name="verify_EarnPoints_Navigation_From_MeberDetailsScreen">
                  </a> <!-- verify_EarnPoints_Navigation_From_MeberDetailsScreen -->
                  <span class="method-name">verify_EarnPoints_Navigation_From_MeberDetailsScreen</span>
                  <div class="stack-trace">java.lang.NullPointerException: Cannot invoke &quot;org.openqa.selenium.WebDriver.get(String)&quot; because &quot;zapcg.Capillary.EarnPointPageTestCases.EarnPoint_Valid_TestCases.driver&quot; is null
	at zapcg.Capillary.EarnPointPageTestCases.EarnPoint_Valid_TestCases.initialize(EarnPoint_Valid_TestCases.java:32)
	at java.base/java.util.ArrayList.forEach(ArrayList.java:1511)
	at java.base/java.util.concurrent.FutureTask.run(FutureTask.java:264)
	at java.base/java.util.concurrent.ThreadPoolExecutor.runWorker(ThreadPoolExecutor.java:1130)
	at java.base/java.util.concurrent.ThreadPoolExecutor$Worker.run(ThreadPoolExecutor.java:630)
	at java.base/java.lang.Thread.run(Thread.java:832)
... Removed 21 stack frames
</div> <!-- stack-trace -->
                </div> <!-- method-content -->
              </div> <!-- method -->
              <div class="method">
                <div class="method-content">
                  <a name="verify_Eligible_EarningPoints">
                  </a> <!-- verify_Eligible_EarningPoints -->
                  <span class="method-name">verify_Eligible_EarningPoints</span>
                  <div class="stack-trace">java.lang.NullPointerException: Cannot invoke &quot;org.openqa.selenium.WebDriver.get(String)&quot; because &quot;zapcg.Capillary.EarnPointPageTestCases.EarnPoint_Valid_TestCases.driver&quot; is null
	at zapcg.Capillary.EarnPointPageTestCases.EarnPoint_Valid_TestCases.initialize(EarnPoint_Valid_TestCases.java:32)
	at java.base/java.util.ArrayList.forEach(ArrayList.java:1511)
	at java.base/java.util.concurrent.FutureTask.run(FutureTask.java:264)
	at java.base/java.util.concurrent.ThreadPoolExecutor.runWorker(ThreadPoolExecutor.java:1130)
	at java.base/java.util.concurrent.ThreadPoolExecutor$Worker.run(ThreadPoolExecutor.java:630)
	at java.base/java.lang.Thread.run(Thread.java:832)
... Removed 21 stack frames
</div> <!-- stack-trace -->
                </div> <!-- method-content -->
              </div> <!-- method -->
              <div class="method">
                <div class="method-content">
                  <a name="verify_ExceedThresold_SuccessMessage">
                  </a> <!-- verify_ExceedThresold_SuccessMessage -->
                  <span class="method-name">verify_ExceedThresold_SuccessMessage</span>
                  <div class="stack-trace">java.lang.NullPointerException: Cannot invoke &quot;org.openqa.selenium.WebDriver.get(String)&quot; because &quot;zapcg.Capillary.EarnPointPageTestCases.EarnPoint_Valid_TestCases.driver&quot; is null
	at zapcg.Capillary.EarnPointPageTestCases.EarnPoint_Valid_TestCases.initialize(EarnPoint_Valid_TestCases.java:32)
	at java.base/java.util.ArrayList.forEach(ArrayList.java:1511)
	at java.base/java.util.concurrent.FutureTask.run(FutureTask.java:264)
	at java.base/java.util.concurrent.ThreadPoolExecutor.runWorker(ThreadPoolExecutor.java:1130)
	at java.base/java.util.concurrent.ThreadPoolExecutor$Worker.run(ThreadPoolExecutor.java:630)
	at java.base/java.lang.Thread.run(Thread.java:832)
... Removed 21 stack frames
</div> <!-- stack-trace -->
                </div> <!-- method-content -->
              </div> <!-- method -->
              <div class="method">
                <div class="method-content">
                  <a name="verify_HamBurger_LogoutOption_From_EarnPoint_Page">
                  </a> <!-- verify_HamBurger_LogoutOption_From_EarnPoint_Page -->
                  <span class="method-name">verify_HamBurger_LogoutOption_From_EarnPoint_Page</span>
                  <div class="stack-trace">java.lang.NullPointerException: Cannot invoke &quot;org.openqa.selenium.WebDriver.get(String)&quot; because &quot;zapcg.Capillary.EarnPointPageTestCases.EarnPoint_Valid_TestCases.driver&quot; is null
	at zapcg.Capillary.EarnPointPageTestCases.EarnPoint_Valid_TestCases.initialize(EarnPoint_Valid_TestCases.java:32)
	at java.base/java.util.ArrayList.forEach(ArrayList.java:1511)
	at java.base/java.util.concurrent.FutureTask.run(FutureTask.java:264)
	at java.base/java.util.concurrent.ThreadPoolExecutor.runWorker(ThreadPoolExecutor.java:1130)
	at java.base/java.util.concurrent.ThreadPoolExecutor$Worker.run(ThreadPoolExecutor.java:630)
	at java.base/java.lang.Thread.run(Thread.java:832)
... Removed 21 stack frames
</div> <!-- stack-trace -->
                </div> <!-- method-content -->
              </div> <!-- method -->
              <div class="method">
                <div class="method-content">
                  <a name="verify_Hamburger_LocationOption_From_EarnPoint_Page">
                  </a> <!-- verify_Hamburger_LocationOption_From_EarnPoint_Page -->
                  <span class="method-name">verify_Hamburger_LocationOption_From_EarnPoint_Page</span>
                  <div class="stack-trace">java.lang.NullPointerException: Cannot invoke &quot;org.openqa.selenium.WebDriver.get(String)&quot; because &quot;zapcg.Capillary.EarnPointPageTestCases.EarnPoint_Valid_TestCases.driver&quot; is null
	at zapcg.Capillary.EarnPointPageTestCases.EarnPoint_Valid_TestCases.initialize(EarnPoint_Valid_TestCases.java:32)
	at java.base/java.util.ArrayList.forEach(ArrayList.java:1511)
	at java.base/java.util.concurrent.FutureTask.run(FutureTask.java:264)
	at java.base/java.util.concurrent.ThreadPoolExecutor.runWorker(ThreadPoolExecutor.java:1130)
	at java.base/java.util.concurrent.ThreadPoolExecutor$Worker.run(ThreadPoolExecutor.java:630)
	at java.base/java.lang.Thread.run(Thread.java:832)
... Removed 21 stack frames
</div> <!-- stack-trace -->
                </div> <!-- method-content -->
              </div> <!-- method -->
              <div class="method">
                <div class="method-content">
                  <a name="verify_Hamburger_MemberLookupOption_From_EarnPoint_Page">
                  </a> <!-- verify_Hamburger_MemberLookupOption_From_EarnPoint_Page -->
                  <span class="method-name">verify_Hamburger_MemberLookupOption_From_EarnPoint_Page</span>
                  <div class="stack-trace">java.lang.NullPointerException: Cannot invoke &quot;org.openqa.selenium.WebDriver.get(String)&quot; because &quot;zapcg.Capillary.EarnPointPageTestCases.EarnPoint_Valid_TestCases.driver&quot; is null
	at zapcg.Capillary.EarnPointPageTestCases.EarnPoint_Valid_TestCases.initialize(EarnPoint_Valid_TestCases.java:32)
	at java.base/java.util.ArrayList.forEach(ArrayList.java:1511)
	at java.base/java.util.concurrent.FutureTask.run(FutureTask.java:264)
	at java.base/java.util.concurrent.ThreadPoolExecutor.runWorker(ThreadPoolExecutor.java:1130)
	at java.base/java.util.concurrent.ThreadPoolExecutor$Worker.run(ThreadPoolExecutor.java:630)
	at java.base/java.lang.Thread.run(Thread.java:832)
... Removed 21 stack frames
</div> <!-- stack-trace -->
                </div> <!-- method-content -->
              </div> <!-- method -->
              <div class="method">
                <div class="method-content">
                  <a name="verify_HeaderHyperlink_On_EarnPoint_Page">
                  </a> <!-- verify_HeaderHyperlink_On_EarnPoint_Page -->
                  <span class="method-name">verify_HeaderHyperlink_On_EarnPoint_Page</span>
                  <div class="stack-trace">java.lang.NullPointerException: Cannot invoke &quot;org.openqa.selenium.WebDriver.get(String)&quot; because &quot;zapcg.Capillary.EarnPointPageTestCases.EarnPoint_Valid_TestCases.driver&quot; is null
	at zapcg.Capillary.EarnPointPageTestCases.EarnPoint_Valid_TestCases.initialize(EarnPoint_Valid_TestCases.java:32)
	at java.base/java.util.ArrayList.forEach(ArrayList.java:1511)
	at java.base/java.util.concurrent.FutureTask.run(FutureTask.java:264)
	at java.base/java.util.concurrent.ThreadPoolExecutor.runWorker(ThreadPoolExecutor.java:1130)
	at java.base/java.util.concurrent.ThreadPoolExecutor$Worker.run(ThreadPoolExecutor.java:630)
	at java.base/java.lang.Thread.run(Thread.java:832)
... Removed 21 stack frames
</div> <!-- stack-trace -->
                </div> <!-- method-content -->
              </div> <!-- method -->
              <div class="method">
                <div class="method-content">
                  <a name="verify_MemberDetails_Content_Displaying_On_EarnPointScreen">
                  </a> <!-- verify_MemberDetails_Content_Displaying_On_EarnPointScreen -->
                  <span class="method-name">verify_MemberDetails_Content_Displaying_On_EarnPointScreen</span>
                  <div class="stack-trace">java.lang.NullPointerException: Cannot invoke &quot;org.openqa.selenium.WebDriver.get(String)&quot; because &quot;zapcg.Capillary.EarnPointPageTestCases.EarnPoint_Valid_TestCases.driver&quot; is null
	at zapcg.Capillary.EarnPointPageTestCases.EarnPoint_Valid_TestCases.initialize(EarnPoint_Valid_TestCases.java:32)
	at java.base/java.util.ArrayList.forEach(ArrayList.java:1511)
	at java.base/java.util.concurrent.FutureTask.run(FutureTask.java:264)
	at java.base/java.util.concurrent.ThreadPoolExecutor.runWorker(ThreadPoolExecutor.java:1130)
	at java.base/java.util.concurrent.ThreadPoolExecutor$Worker.run(ThreadPoolExecutor.java:630)
	at java.base/java.lang.Thread.run(Thread.java:832)
... Removed 21 stack frames
</div> <!-- stack-trace -->
                </div> <!-- method-content -->
              </div> <!-- method -->
              <div class="method">
                <div class="method-content">
                  <a name="verify_NonEditable_DateField">
                  </a> <!-- verify_NonEditable_DateField -->
                  <span class="method-name">verify_NonEditable_DateField</span>
                  <div class="stack-trace">java.lang.NullPointerException: Cannot invoke &quot;org.openqa.selenium.WebDriver.get(String)&quot; because &quot;zapcg.Capillary.EarnPointPageTestCases.EarnPoint_Valid_TestCases.driver&quot; is null
	at zapcg.Capillary.EarnPointPageTestCases.EarnPoint_Valid_TestCases.initialize(EarnPoint_Valid_TestCases.java:32)
	at java.base/java.util.ArrayList.forEach(ArrayList.java:1511)
	at java.base/java.util.concurrent.FutureTask.run(FutureTask.java:264)
	at java.base/java.util.concurrent.ThreadPoolExecutor.runWorker(ThreadPoolExecutor.java:1130)
	at java.base/java.util.concurrent.ThreadPoolExecutor$Worker.run(ThreadPoolExecutor.java:630)
	at java.base/java.lang.Thread.run(Thread.java:832)
... Removed 21 stack frames
</div> <!-- stack-trace -->
                </div> <!-- method-content -->
              </div> <!-- method -->
              <div class="method">
                <div class="method-content">
                  <a name="verify_NonEditable_LocationField">
                  </a> <!-- verify_NonEditable_LocationField -->
                  <span class="method-name">verify_NonEditable_LocationField</span>
                  <div class="stack-trace">java.lang.NullPointerException: Cannot invoke &quot;org.openqa.selenium.WebDriver.get(String)&quot; because &quot;zapcg.Capillary.EarnPointPageTestCases.EarnPoint_Valid_TestCases.driver&quot; is null
	at zapcg.Capillary.EarnPointPageTestCases.EarnPoint_Valid_TestCases.initialize(EarnPoint_Valid_TestCases.java:32)
	at java.base/java.util.ArrayList.forEach(ArrayList.java:1511)
	at java.base/java.util.concurrent.FutureTask.run(FutureTask.java:264)
	at java.base/java.util.concurrent.ThreadPoolExecutor.runWorker(ThreadPoolExecutor.java:1130)
	at java.base/java.util.concurrent.ThreadPoolExecutor$Worker.run(ThreadPoolExecutor.java:630)
	at java.base/java.lang.Thread.run(Thread.java:832)
... Removed 21 stack frames
</div> <!-- stack-trace -->
                </div> <!-- method-content -->
              </div> <!-- method -->
              <div class="method">
                <div class="method-content">
                  <a name="verify_NonEditable_TimeField">
                  </a> <!-- verify_NonEditable_TimeField -->
                  <span class="method-name">verify_NonEditable_TimeField</span>
                  <div class="stack-trace">java.lang.NullPointerException: Cannot invoke &quot;org.openqa.selenium.WebDriver.get(String)&quot; because &quot;zapcg.Capillary.EarnPointPageTestCases.EarnPoint_Valid_TestCases.driver&quot; is null
	at zapcg.Capillary.EarnPointPageTestCases.EarnPoint_Valid_TestCases.initialize(EarnPoint_Valid_TestCases.java:32)
	at java.base/java.util.ArrayList.forEach(ArrayList.java:1511)
	at java.base/java.util.concurrent.FutureTask.run(FutureTask.java:264)
	at java.base/java.util.concurrent.ThreadPoolExecutor.runWorker(ThreadPoolExecutor.java:1130)
	at java.base/java.util.concurrent.ThreadPoolExecutor$Worker.run(ThreadPoolExecutor.java:630)
	at java.base/java.lang.Thread.run(Thread.java:832)
... Removed 21 stack frames
</div> <!-- stack-trace -->
                </div> <!-- method-content -->
              </div> <!-- method -->
              <div class="method">
                <div class="method-content">
                  <a name="verify_SuccessMessage_For_RedeemPoint">
                  </a> <!-- verify_SuccessMessage_For_RedeemPoint -->
                  <span class="method-name">verify_SuccessMessage_For_RedeemPoint</span>
                  <div class="stack-trace">java.lang.NullPointerException: Cannot invoke &quot;org.openqa.selenium.WebDriver.get(String)&quot; because &quot;zapcg.Capillary.EarnPointPageTestCases.EarnPoint_Valid_TestCases.driver&quot; is null
	at zapcg.Capillary.EarnPointPageTestCases.EarnPoint_Valid_TestCases.initialize(EarnPoint_Valid_TestCases.java:32)
	at java.base/java.util.ArrayList.forEach(ArrayList.java:1511)
	at java.base/java.util.concurrent.FutureTask.run(FutureTask.java:264)
	at java.base/java.util.concurrent.ThreadPoolExecutor.runWorker(ThreadPoolExecutor.java:1130)
	at java.base/java.util.concurrent.ThreadPoolExecutor$Worker.run(ThreadPoolExecutor.java:630)
	at java.base/java.lang.Thread.run(Thread.java:832)
... Removed 21 stack frames
</div> <!-- stack-trace -->
                </div> <!-- method-content -->
              </div> <!-- method -->
              <div class="method">
                <div class="method-content">
                  <a name="verify_TaxAssumedAmount">
                  </a> <!-- verify_TaxAssumedAmount -->
                  <span class="method-name">verify_TaxAssumedAmount</span>
                  <div class="stack-trace">java.lang.NullPointerException: Cannot invoke &quot;org.openqa.selenium.WebDriver.get(String)&quot; because &quot;zapcg.Capillary.EarnPointPageTestCases.EarnPoint_Valid_TestCases.driver&quot; is null
	at zapcg.Capillary.EarnPointPageTestCases.EarnPoint_Valid_TestCases.initialize(EarnPoint_Valid_TestCases.java:32)
	at java.base/java.util.ArrayList.forEach(ArrayList.java:1511)
	at java.base/java.util.concurrent.FutureTask.run(FutureTask.java:264)
	at java.base/java.util.concurrent.ThreadPoolExecutor.runWorker(ThreadPoolExecutor.java:1130)
	at java.base/java.util.concurrent.ThreadPoolExecutor$Worker.run(ThreadPoolExecutor.java:630)
	at java.base/java.lang.Thread.run(Thread.java:832)
... Removed 21 stack frames
</div> <!-- stack-trace -->
                </div> <!-- method-content -->
              </div> <!-- method -->
              <div class="method">
                <div class="method-content">
                  <a name="verify_Time_Equal_To_System_CurrentTime">
                  </a> <!-- verify_Time_Equal_To_System_CurrentTime -->
                  <span class="method-name">verify_Time_Equal_To_System_CurrentTime</span>
                  <div class="stack-trace">java.lang.NullPointerException: Cannot invoke &quot;org.openqa.selenium.WebDriver.get(String)&quot; because &quot;zapcg.Capillary.EarnPointPageTestCases.EarnPoint_Valid_TestCases.driver&quot; is null
	at zapcg.Capillary.EarnPointPageTestCases.EarnPoint_Valid_TestCases.initialize(EarnPoint_Valid_TestCases.java:32)
	at java.base/java.util.ArrayList.forEach(ArrayList.java:1511)
	at java.base/java.util.concurrent.FutureTask.run(FutureTask.java:264)
	at java.base/java.util.concurrent.ThreadPoolExecutor.runWorker(ThreadPoolExecutor.java:1130)
	at java.base/java.util.concurrent.ThreadPoolExecutor$Worker.run(ThreadPoolExecutor.java:630)
	at java.base/java.lang.Thread.run(Thread.java:832)
... Removed 21 stack frames
</div> <!-- stack-trace -->
                </div> <!-- method-content -->
              </div> <!-- method -->
              <div class="method">
                <div class="method-content">
                  <a name="verify_With_Empty_TransactionAmount">
                  </a> <!-- verify_With_Empty_TransactionAmount -->
                  <span class="method-name">verify_With_Empty_TransactionAmount</span>
                  <div class="stack-trace">java.lang.NullPointerException: Cannot invoke &quot;org.openqa.selenium.WebDriver.get(String)&quot; because &quot;zapcg.Capillary.EarnPointPageTestCases.EarnPoint_Valid_TestCases.driver&quot; is null
	at zapcg.Capillary.EarnPointPageTestCases.EarnPoint_Valid_TestCases.initialize(EarnPoint_Valid_TestCases.java:32)
	at java.base/java.util.ArrayList.forEach(ArrayList.java:1511)
	at java.base/java.util.concurrent.FutureTask.run(FutureTask.java:264)
	at java.base/java.util.concurrent.ThreadPoolExecutor.runWorker(ThreadPoolExecutor.java:1130)
	at java.base/java.util.concurrent.ThreadPoolExecutor$Worker.run(ThreadPoolExecutor.java:630)
	at java.base/java.lang.Thread.run(Thread.java:832)
... Removed 21 stack frames
</div> <!-- stack-trace -->
                </div> <!-- method-content -->
              </div> <!-- method -->
            </div> <!-- main-panel-content rounded-window-bottom -->
          </div> <!-- suite-TestSuite-class-skipped -->
          <div class="suite-TestSuite-class-skipped">
            <div class="main-panel-header rounded-window-top">
              <img src="skipped.png"/>
              <span class="class-name">zapcg.Capillary.MemberLookupTestCases.MemberLookup_Valid_TestCases</span>
            </div> <!-- main-panel-header rounded-window-top -->
            <div class="main-panel-content rounded-window-bottom">
              <div class="method">
                <div class="method-content">
                  <a name="enter_Valid_MemberId">
                  </a> <!-- enter_Valid_MemberId -->
                  <span class="method-name">enter_Valid_MemberId</span>
                  <div class="stack-trace">java.lang.NullPointerException: Cannot invoke &quot;org.openqa.selenium.WebDriver.get(String)&quot; because &quot;zapcg.Capillary.MemberLookupTestCases.MemberLookup_Valid_TestCases.driver&quot; is null
	at zapcg.Capillary.MemberLookupTestCases.MemberLookup_Valid_TestCases.initialize(MemberLookup_Valid_TestCases.java:28)
	at java.base/java.util.ArrayList.forEach(ArrayList.java:1511)
	at java.base/java.util.concurrent.FutureTask.run(FutureTask.java:264)
	at java.base/java.util.concurrent.ThreadPoolExecutor.runWorker(ThreadPoolExecutor.java:1130)
	at java.base/java.util.concurrent.ThreadPoolExecutor$Worker.run(ThreadPoolExecutor.java:630)
	at java.base/java.lang.Thread.run(Thread.java:832)
... Removed 21 stack frames
</div> <!-- stack-trace -->
                </div> <!-- method-content -->
              </div> <!-- method -->
              <div class="method">
                <div class="method-content">
                  <a name="hamburgerIcon_Location_Navigation_From_MemberLookup">
                  </a> <!-- hamburgerIcon_Location_Navigation_From_MemberLookup -->
                  <span class="method-name">hamburgerIcon_Location_Navigation_From_MemberLookup</span>
                  <div class="stack-trace">java.lang.NullPointerException: Cannot invoke &quot;org.openqa.selenium.WebDriver.get(String)&quot; because &quot;zapcg.Capillary.MemberLookupTestCases.MemberLookup_Valid_TestCases.driver&quot; is null
	at zapcg.Capillary.MemberLookupTestCases.MemberLookup_Valid_TestCases.initialize(MemberLookup_Valid_TestCases.java:28)
	at java.base/java.util.ArrayList.forEach(ArrayList.java:1511)
	at java.base/java.util.concurrent.FutureTask.run(FutureTask.java:264)
	at java.base/java.util.concurrent.ThreadPoolExecutor.runWorker(ThreadPoolExecutor.java:1130)
	at java.base/java.util.concurrent.ThreadPoolExecutor$Worker.run(ThreadPoolExecutor.java:630)
	at java.base/java.lang.Thread.run(Thread.java:832)
... Removed 21 stack frames
</div> <!-- stack-trace -->
                </div> <!-- method-content -->
              </div> <!-- method -->
              <div class="method">
                <div class="method-content">
                  <a name="hamburgerIcon_Logout_From_MemberLookup">
                  </a> <!-- hamburgerIcon_Logout_From_MemberLookup -->
                  <span class="method-name">hamburgerIcon_Logout_From_MemberLookup</span>
                  <div class="stack-trace">java.lang.NullPointerException: Cannot invoke &quot;org.openqa.selenium.WebDriver.get(String)&quot; because &quot;zapcg.Capillary.MemberLookupTestCases.MemberLookup_Valid_TestCases.driver&quot; is null
	at zapcg.Capillary.MemberLookupTestCases.MemberLookup_Valid_TestCases.initialize(MemberLookup_Valid_TestCases.java:28)
	at java.base/java.util.ArrayList.forEach(ArrayList.java:1511)
	at java.base/java.util.concurrent.FutureTask.run(FutureTask.java:264)
	at java.base/java.util.concurrent.ThreadPoolExecutor.runWorker(ThreadPoolExecutor.java:1130)
	at java.base/java.util.concurrent.ThreadPoolExecutor$Worker.run(ThreadPoolExecutor.java:630)
	at java.base/java.lang.Thread.run(Thread.java:832)
... Removed 21 stack frames
</div> <!-- stack-trace -->
                </div> <!-- method-content -->
              </div> <!-- method -->
              <div class="method">
                <div class="method-content">
                  <a name="hamburgerIcon_MemberLookup_Navigation_From_MemberLookup">
                  </a> <!-- hamburgerIcon_MemberLookup_Navigation_From_MemberLookup -->
                  <span class="method-name">hamburgerIcon_MemberLookup_Navigation_From_MemberLookup</span>
                  <div class="stack-trace">java.lang.NullPointerException: Cannot invoke &quot;org.openqa.selenium.WebDriver.get(String)&quot; because &quot;zapcg.Capillary.MemberLookupTestCases.MemberLookup_Valid_TestCases.driver&quot; is null
	at zapcg.Capillary.MemberLookupTestCases.MemberLookup_Valid_TestCases.initialize(MemberLookup_Valid_TestCases.java:28)
	at java.base/java.util.ArrayList.forEach(ArrayList.java:1511)
	at java.base/java.util.concurrent.FutureTask.run(FutureTask.java:264)
	at java.base/java.util.concurrent.ThreadPoolExecutor.runWorker(ThreadPoolExecutor.java:1130)
	at java.base/java.util.concurrent.ThreadPoolExecutor$Worker.run(ThreadPoolExecutor.java:630)
	at java.base/java.lang.Thread.run(Thread.java:832)
... Removed 21 stack frames
</div> <!-- stack-trace -->
                </div> <!-- method-content -->
              </div> <!-- method -->
              <div class="method">
                <div class="method-content">
                  <a name="verifyScanButtonAvailability">
                  </a> <!-- verifyScanButtonAvailability -->
                  <span class="method-name">verifyScanButtonAvailability</span>
                  <div class="stack-trace">java.lang.NullPointerException: Cannot invoke &quot;org.openqa.selenium.WebDriver.get(String)&quot; because &quot;zapcg.Capillary.MemberLookupTestCases.MemberLookup_Valid_TestCases.driver&quot; is null
	at zapcg.Capillary.MemberLookupTestCases.MemberLookup_Valid_TestCases.initialize(MemberLookup_Valid_TestCases.java:28)
	at java.base/java.util.ArrayList.forEach(ArrayList.java:1511)
	at java.base/java.util.concurrent.FutureTask.run(FutureTask.java:264)
	at java.base/java.util.concurrent.ThreadPoolExecutor.runWorker(ThreadPoolExecutor.java:1130)
	at java.base/java.util.concurrent.ThreadPoolExecutor$Worker.run(ThreadPoolExecutor.java:630)
	at java.base/java.lang.Thread.run(Thread.java:832)
... Removed 21 stack frames
</div> <!-- stack-trace -->
                </div> <!-- method-content -->
              </div> <!-- method -->
              <div class="method">
                <div class="method-content">
                  <a name="verify_Header_Hyperlink">
                  </a> <!-- verify_Header_Hyperlink -->
                  <span class="method-name">verify_Header_Hyperlink</span>
                  <div class="stack-trace">java.lang.NullPointerException: Cannot invoke &quot;org.openqa.selenium.WebDriver.get(String)&quot; because &quot;zapcg.Capillary.MemberLookupTestCases.MemberLookup_Valid_TestCases.driver&quot; is null
	at zapcg.Capillary.MemberLookupTestCases.MemberLookup_Valid_TestCases.initialize(MemberLookup_Valid_TestCases.java:28)
	at java.base/java.util.ArrayList.forEach(ArrayList.java:1511)
	at java.base/java.util.concurrent.FutureTask.run(FutureTask.java:264)
	at java.base/java.util.concurrent.ThreadPoolExecutor.runWorker(ThreadPoolExecutor.java:1130)
	at java.base/java.util.concurrent.ThreadPoolExecutor$Worker.run(ThreadPoolExecutor.java:630)
	at java.base/java.lang.Thread.run(Thread.java:832)
... Removed 21 stack frames
</div> <!-- stack-trace -->
                </div> <!-- method-content -->
              </div> <!-- method -->
            </div> <!-- main-panel-content rounded-window-bottom -->
          </div> <!-- suite-TestSuite-class-skipped -->
          <div class="suite-TestSuite-class-skipped">
            <div class="main-panel-header rounded-window-top">
              <img src="skipped.png"/>
              <span class="class-name">zapcg.Capillary.MemberLookupTestCases.memberLookup_Invalid_TestCases</span>
            </div> <!-- main-panel-header rounded-window-top -->
            <div class="main-panel-content rounded-window-bottom">
              <div class="method">
                <div class="method-content">
                  <a name="verify_CardNumber_Field_MaxLength">
                  </a> <!-- verify_CardNumber_Field_MaxLength -->
                  <span class="method-name">verify_CardNumber_Field_MaxLength</span>
                  <div class="stack-trace">java.lang.NullPointerException: Cannot invoke &quot;org.openqa.selenium.WebDriver.get(String)&quot; because &quot;zapcg.Capillary.MemberLookupTestCases.memberLookup_Invalid_TestCases.driver&quot; is null
	at zapcg.Capillary.MemberLookupTestCases.memberLookup_Invalid_TestCases.initialize(memberLookup_Invalid_TestCases.java:28)
	at java.base/java.util.ArrayList.forEach(ArrayList.java:1511)
	at java.base/java.util.concurrent.FutureTask.run(FutureTask.java:264)
	at java.base/java.util.concurrent.ThreadPoolExecutor.runWorker(ThreadPoolExecutor.java:1130)
	at java.base/java.util.concurrent.ThreadPoolExecutor$Worker.run(ThreadPoolExecutor.java:630)
	at java.base/java.lang.Thread.run(Thread.java:832)
... Removed 21 stack frames
</div> <!-- stack-trace -->
                </div> <!-- method-content -->
              </div> <!-- method -->
              <div class="method">
                <div class="method-content">
                  <a name="verify_Empty_CardNumber_ButtonIsDisabled">
                  </a> <!-- verify_Empty_CardNumber_ButtonIsDisabled -->
                  <span class="method-name">verify_Empty_CardNumber_ButtonIsDisabled</span>
                  <div class="stack-trace">java.lang.NullPointerException: Cannot invoke &quot;org.openqa.selenium.WebDriver.get(String)&quot; because &quot;zapcg.Capillary.MemberLookupTestCases.memberLookup_Invalid_TestCases.driver&quot; is null
	at zapcg.Capillary.MemberLookupTestCases.memberLookup_Invalid_TestCases.initialize(memberLookup_Invalid_TestCases.java:28)
	at java.base/java.util.ArrayList.forEach(ArrayList.java:1511)
	at java.base/java.util.concurrent.FutureTask.run(FutureTask.java:264)
	at java.base/java.util.concurrent.ThreadPoolExecutor.runWorker(ThreadPoolExecutor.java:1130)
	at java.base/java.util.concurrent.ThreadPoolExecutor$Worker.run(ThreadPoolExecutor.java:630)
	at java.base/java.lang.Thread.run(Thread.java:832)
... Removed 21 stack frames
</div> <!-- stack-trace -->
                </div> <!-- method-content -->
              </div> <!-- method -->
              <div class="method">
                <div class="method-content">
                  <a name="verify_Invalid_CardNumber_MinLength">
                  </a> <!-- verify_Invalid_CardNumber_MinLength -->
                  <span class="method-name">verify_Invalid_CardNumber_MinLength</span>
                  <div class="stack-trace">java.lang.NullPointerException: Cannot invoke &quot;org.openqa.selenium.WebDriver.get(String)&quot; because &quot;zapcg.Capillary.MemberLookupTestCases.memberLookup_Invalid_TestCases.driver&quot; is null
	at zapcg.Capillary.MemberLookupTestCases.memberLookup_Invalid_TestCases.initialize(memberLookup_Invalid_TestCases.java:28)
	at java.base/java.util.ArrayList.forEach(ArrayList.java:1511)
	at java.base/java.util.concurrent.FutureTask.run(FutureTask.java:264)
	at java.base/java.util.concurrent.ThreadPoolExecutor.runWorker(ThreadPoolExecutor.java:1130)
	at java.base/java.util.concurrent.ThreadPoolExecutor$Worker.run(ThreadPoolExecutor.java:630)
	at java.base/java.lang.Thread.run(Thread.java:832)
... Removed 21 stack frames
</div> <!-- stack-trace -->
                </div> <!-- method-content -->
              </div> <!-- method -->
              <div class="method">
                <div class="method-content">
                  <a name="verify_Invalid_MemberID">
                  </a> <!-- verify_Invalid_MemberID -->
                  <span class="method-name">verify_Invalid_MemberID</span>
                  <div class="stack-trace">java.lang.NullPointerException: Cannot invoke &quot;org.openqa.selenium.WebDriver.get(String)&quot; because &quot;zapcg.Capillary.MemberLookupTestCases.memberLookup_Invalid_TestCases.driver&quot; is null
	at zapcg.Capillary.MemberLookupTestCases.memberLookup_Invalid_TestCases.initialize(memberLookup_Invalid_TestCases.java:28)
	at java.base/java.util.ArrayList.forEach(ArrayList.java:1511)
	at java.base/java.util.concurrent.FutureTask.run(FutureTask.java:264)
	at java.base/java.util.concurrent.ThreadPoolExecutor.runWorker(ThreadPoolExecutor.java:1130)
	at java.base/java.util.concurrent.ThreadPoolExecutor$Worker.run(ThreadPoolExecutor.java:630)
	at java.base/java.lang.Thread.run(Thread.java:832)
... Removed 21 stack frames
</div> <!-- stack-trace -->
                </div> <!-- method-content -->
              </div> <!-- method -->
              <div class="method">
                <div class="method-content">
                  <a name="verify_MemberId_Field_MaxLength">
                  </a> <!-- verify_MemberId_Field_MaxLength -->
                  <span class="method-name">verify_MemberId_Field_MaxLength</span>
                  <div class="stack-trace">java.lang.NullPointerException: Cannot invoke &quot;org.openqa.selenium.WebDriver.get(String)&quot; because &quot;zapcg.Capillary.MemberLookupTestCases.memberLookup_Invalid_TestCases.driver&quot; is null
	at zapcg.Capillary.MemberLookupTestCases.memberLookup_Invalid_TestCases.initialize(memberLookup_Invalid_TestCases.java:28)
	at java.base/java.util.ArrayList.forEach(ArrayList.java:1511)
	at java.base/java.util.concurrent.FutureTask.run(FutureTask.java:264)
	at java.base/java.util.concurrent.ThreadPoolExecutor.runWorker(ThreadPoolExecutor.java:1130)
	at java.base/java.util.concurrent.ThreadPoolExecutor$Worker.run(ThreadPoolExecutor.java:630)
	at java.base/java.lang.Thread.run(Thread.java:832)
... Removed 21 stack frames
</div> <!-- stack-trace -->
                </div> <!-- method-content -->
              </div> <!-- method -->
            </div> <!-- main-panel-content rounded-window-bottom -->
          </div> <!-- suite-TestSuite-class-skipped -->
          <div class="suite-TestSuite-class-skipped">
            <div class="main-panel-header rounded-window-top">
              <img src="skipped.png"/>
              <span class="class-name">zapcg.Capillary.EarnPointPageTestCases.GoToPassPointMoreThanAvailablePoint</span>
            </div> <!-- main-panel-header rounded-window-top -->
            <div class="main-panel-content rounded-window-bottom">
              <div class="method">
                <div class="method-content">
                  <a name="verify_ValidationMessage_If_GoToPass_Is_Greater_Than_AvailablePoints">
                  </a> <!-- verify_ValidationMessage_If_GoToPass_Is_Greater_Than_AvailablePoints -->
                  <span class="method-name">verify_ValidationMessage_If_GoToPass_Is_Greater_Than_AvailablePoints</span>
                  <div class="stack-trace">java.lang.NullPointerException: Cannot invoke &quot;org.openqa.selenium.WebDriver.get(String)&quot; because &quot;zapcg.Capillary.EarnPointPageTestCases.GoToPassPointMoreThanAvailablePoint.driver&quot; is null
	at zapcg.Capillary.EarnPointPageTestCases.GoToPassPointMoreThanAvailablePoint.initialize(GoToPassPointMoreThanAvailablePoint.java:31)
	at java.base/java.util.ArrayList.forEach(ArrayList.java:1511)
	at java.base/java.util.concurrent.FutureTask.run(FutureTask.java:264)
	at java.base/java.util.concurrent.ThreadPoolExecutor.runWorker(ThreadPoolExecutor.java:1130)
	at java.base/java.util.concurrent.ThreadPoolExecutor$Worker.run(ThreadPoolExecutor.java:630)
	at java.base/java.lang.Thread.run(Thread.java:832)
... Removed 21 stack frames
</div> <!-- stack-trace -->
                </div> <!-- method-content -->
              </div> <!-- method -->
            </div> <!-- main-panel-content rounded-window-bottom -->
          </div> <!-- suite-TestSuite-class-skipped -->
          <div class="suite-TestSuite-class-skipped">
            <div class="main-panel-header rounded-window-top">
              <img src="skipped.png"/>
              <span class="class-name">zapcg.Capillary.MemberDetailsTestCases.memberDetails_TestCases</span>
            </div> <!-- main-panel-header rounded-window-top -->
            <div class="main-panel-content rounded-window-bottom">
              <div class="method">
                <div class="method-content">
                  <a name="verify_BackButton_On_MemberDetails_Screen">
                  </a> <!-- verify_BackButton_On_MemberDetails_Screen -->
                  <span class="method-name">verify_BackButton_On_MemberDetails_Screen</span>
                  <div class="stack-trace">java.lang.NullPointerException: Cannot invoke &quot;org.openqa.selenium.WebDriver.get(String)&quot; because &quot;zapcg.Capillary.MemberDetailsTestCases.memberDetails_TestCases.driver&quot; is null
	at zapcg.Capillary.MemberDetailsTestCases.memberDetails_TestCases.initialize(memberDetails_TestCases.java:27)
	at java.base/java.util.ArrayList.forEach(ArrayList.java:1511)
	at java.base/java.util.concurrent.FutureTask.run(FutureTask.java:264)
	at java.base/java.util.concurrent.ThreadPoolExecutor.runWorker(ThreadPoolExecutor.java:1130)
	at java.base/java.util.concurrent.ThreadPoolExecutor$Worker.run(ThreadPoolExecutor.java:630)
	at java.base/java.lang.Thread.run(Thread.java:832)
... Removed 21 stack frames
</div> <!-- stack-trace -->
                </div> <!-- method-content -->
              </div> <!-- method -->
              <div class="method">
                <div class="method-content">
                  <a name="verify_Enabled_EnterReceiptDetails_Button">
                  </a> <!-- verify_Enabled_EnterReceiptDetails_Button -->
                  <span class="method-name">verify_Enabled_EnterReceiptDetails_Button</span>
                  <div class="stack-trace">java.lang.NullPointerException: Cannot invoke &quot;org.openqa.selenium.WebDriver.get(String)&quot; because &quot;zapcg.Capillary.MemberDetailsTestCases.memberDetails_TestCases.driver&quot; is null
	at zapcg.Capillary.MemberDetailsTestCases.memberDetails_TestCases.initialize(memberDetails_TestCases.java:27)
	at java.base/java.util.ArrayList.forEach(ArrayList.java:1511)
	at java.base/java.util.concurrent.FutureTask.run(FutureTask.java:264)
	at java.base/java.util.concurrent.ThreadPoolExecutor.runWorker(ThreadPoolExecutor.java:1130)
	at java.base/java.util.concurrent.ThreadPoolExecutor$Worker.run(ThreadPoolExecutor.java:630)
	at java.base/java.lang.Thread.run(Thread.java:832)
... Removed 21 stack frames
</div> <!-- stack-trace -->
                </div> <!-- method-content -->
              </div> <!-- method -->
              <div class="method">
                <div class="method-content">
                  <a name="verify_Hamburger_LocationOption_On_MemberDetails">
                  </a> <!-- verify_Hamburger_LocationOption_On_MemberDetails -->
                  <span class="method-name">verify_Hamburger_LocationOption_On_MemberDetails</span>
                  <div class="stack-trace">java.lang.NullPointerException: Cannot invoke &quot;org.openqa.selenium.WebDriver.get(String)&quot; because &quot;zapcg.Capillary.MemberDetailsTestCases.memberDetails_TestCases.driver&quot; is null
	at zapcg.Capillary.MemberDetailsTestCases.memberDetails_TestCases.initialize(memberDetails_TestCases.java:27)
	at java.base/java.util.ArrayList.forEach(ArrayList.java:1511)
	at java.base/java.util.concurrent.FutureTask.run(FutureTask.java:264)
	at java.base/java.util.concurrent.ThreadPoolExecutor.runWorker(ThreadPoolExecutor.java:1130)
	at java.base/java.util.concurrent.ThreadPoolExecutor$Worker.run(ThreadPoolExecutor.java:630)
	at java.base/java.lang.Thread.run(Thread.java:832)
... Removed 21 stack frames
</div> <!-- stack-trace -->
                </div> <!-- method-content -->
              </div> <!-- method -->
              <div class="method">
                <div class="method-content">
                  <a name="verify_Hamburger_LogoutOption_On_MemberDetails">
                  </a> <!-- verify_Hamburger_LogoutOption_On_MemberDetails -->
                  <span class="method-name">verify_Hamburger_LogoutOption_On_MemberDetails</span>
                  <div class="stack-trace">java.lang.NullPointerException: Cannot invoke &quot;org.openqa.selenium.WebDriver.get(String)&quot; because &quot;zapcg.Capillary.MemberDetailsTestCases.memberDetails_TestCases.driver&quot; is null
	at zapcg.Capillary.MemberDetailsTestCases.memberDetails_TestCases.initialize(memberDetails_TestCases.java:27)
	at java.base/java.util.ArrayList.forEach(ArrayList.java:1511)
	at java.base/java.util.concurrent.FutureTask.run(FutureTask.java:264)
	at java.base/java.util.concurrent.ThreadPoolExecutor.runWorker(ThreadPoolExecutor.java:1130)
	at java.base/java.util.concurrent.ThreadPoolExecutor$Worker.run(ThreadPoolExecutor.java:630)
	at java.base/java.lang.Thread.run(Thread.java:832)
... Removed 21 stack frames
</div> <!-- stack-trace -->
                </div> <!-- method-content -->
              </div> <!-- method -->
              <div class="method">
                <div class="method-content">
                  <a name="verify_Hamburger_MemberLookup_Option_on_MemberDetails">
                  </a> <!-- verify_Hamburger_MemberLookup_Option_on_MemberDetails -->
                  <span class="method-name">verify_Hamburger_MemberLookup_Option_on_MemberDetails</span>
                  <div class="stack-trace">java.lang.NullPointerException: Cannot invoke &quot;org.openqa.selenium.WebDriver.get(String)&quot; because &quot;zapcg.Capillary.MemberDetailsTestCases.memberDetails_TestCases.driver&quot; is null
	at zapcg.Capillary.MemberDetailsTestCases.memberDetails_TestCases.initialize(memberDetails_TestCases.java:27)
	at java.base/java.util.ArrayList.forEach(ArrayList.java:1511)
	at java.base/java.util.concurrent.FutureTask.run(FutureTask.java:264)
	at java.base/java.util.concurrent.ThreadPoolExecutor.runWorker(ThreadPoolExecutor.java:1130)
	at java.base/java.util.concurrent.ThreadPoolExecutor$Worker.run(ThreadPoolExecutor.java:630)
	at java.base/java.lang.Thread.run(Thread.java:832)
... Removed 21 stack frames
</div> <!-- stack-trace -->
                </div> <!-- method-content -->
              </div> <!-- method -->
              <div class="method">
                <div class="method-content">
                  <a name="verify_Header_MemberDetailsScreen">
                  </a> <!-- verify_Header_MemberDetailsScreen -->
                  <span class="method-name">verify_Header_MemberDetailsScreen</span>
                  <div class="stack-trace">java.lang.NullPointerException: Cannot invoke &quot;org.openqa.selenium.WebDriver.get(String)&quot; because &quot;zapcg.Capillary.MemberDetailsTestCases.memberDetails_TestCases.driver&quot; is null
	at zapcg.Capillary.MemberDetailsTestCases.memberDetails_TestCases.initialize(memberDetails_TestCases.java:27)
	at java.base/java.util.ArrayList.forEach(ArrayList.java:1511)
	at java.base/java.util.concurrent.FutureTask.run(FutureTask.java:264)
	at java.base/java.util.concurrent.ThreadPoolExecutor.runWorker(ThreadPoolExecutor.java:1130)
	at java.base/java.util.concurrent.ThreadPoolExecutor$Worker.run(ThreadPoolExecutor.java:630)
	at java.base/java.lang.Thread.run(Thread.java:832)
... Removed 21 stack frames
</div> <!-- stack-trace -->
                </div> <!-- method-content -->
              </div> <!-- method -->
              <div class="method">
                <div class="method-content">
                  <a name="verify_MemberDetails_ContentDisplaying">
                  </a> <!-- verify_MemberDetails_ContentDisplaying -->
                  <span class="method-name">verify_MemberDetails_ContentDisplaying</span>
                  <div class="stack-trace">java.lang.NullPointerException: Cannot invoke &quot;org.openqa.selenium.WebDriver.get(String)&quot; because &quot;zapcg.Capillary.MemberDetailsTestCases.memberDetails_TestCases.driver&quot; is null
	at zapcg.Capillary.MemberDetailsTestCases.memberDetails_TestCases.initialize(memberDetails_TestCases.java:27)
	at java.base/java.util.ArrayList.forEach(ArrayList.java:1511)
	at java.base/java.util.concurrent.FutureTask.run(FutureTask.java:264)
	at java.base/java.util.concurrent.ThreadPoolExecutor.runWorker(ThreadPoolExecutor.java:1130)
	at java.base/java.util.concurrent.ThreadPoolExecutor$Worker.run(ThreadPoolExecutor.java:630)
	at java.base/java.lang.Thread.run(Thread.java:832)
... Removed 21 stack frames
</div> <!-- stack-trace -->
                </div> <!-- method-content -->
              </div> <!-- method -->
              <div class="method">
                <div class="method-content">
                  <a name="verify_MemberDetails_Displaying">
                  </a> <!-- verify_MemberDetails_Displaying -->
                  <span class="method-name">verify_MemberDetails_Displaying</span>
                  <div class="stack-trace">java.lang.NullPointerException: Cannot invoke &quot;org.openqa.selenium.WebDriver.get(String)&quot; because &quot;zapcg.Capillary.MemberDetailsTestCases.memberDetails_TestCases.driver&quot; is null
	at zapcg.Capillary.MemberDetailsTestCases.memberDetails_TestCases.initialize(memberDetails_TestCases.java:27)
	at java.base/java.util.ArrayList.forEach(ArrayList.java:1511)
	at java.base/java.util.concurrent.FutureTask.run(FutureTask.java:264)
	at java.base/java.util.concurrent.ThreadPoolExecutor.runWorker(ThreadPoolExecutor.java:1130)
	at java.base/java.util.concurrent.ThreadPoolExecutor$Worker.run(ThreadPoolExecutor.java:630)
	at java.base/java.lang.Thread.run(Thread.java:832)
... Removed 21 stack frames
</div> <!-- stack-trace -->
                </div> <!-- method-content -->
              </div> <!-- method -->
              <div class="method">
                <div class="method-content">
                  <a name="verify_MemberDetails_Navigation_From_MeberLookupScreen_To_MemberDetailsPage">
                  </a> <!-- verify_MemberDetails_Navigation_From_MeberLookupScreen_To_MemberDetailsPage -->
                  <span class="method-name">verify_MemberDetails_Navigation_From_MeberLookupScreen_To_MemberDetailsPage</span>
                  <div class="stack-trace">java.lang.NullPointerException: Cannot invoke &quot;org.openqa.selenium.WebDriver.get(String)&quot; because &quot;zapcg.Capillary.MemberDetailsTestCases.memberDetails_TestCases.driver&quot; is null
	at zapcg.Capillary.MemberDetailsTestCases.memberDetails_TestCases.initialize(memberDetails_TestCases.java:27)
	at java.base/java.util.ArrayList.forEach(ArrayList.java:1511)
	at java.base/java.util.concurrent.FutureTask.run(FutureTask.java:264)
	at java.base/java.util.concurrent.ThreadPoolExecutor.runWorker(ThreadPoolExecutor.java:1130)
	at java.base/java.util.concurrent.ThreadPoolExecutor$Worker.run(ThreadPoolExecutor.java:630)
	at java.base/java.lang.Thread.run(Thread.java:832)
... Removed 21 stack frames
</div> <!-- stack-trace -->
                </div> <!-- method-content -->
              </div> <!-- method -->
            </div> <!-- main-panel-content rounded-window-bottom -->
          </div> <!-- suite-TestSuite-class-skipped -->
          <div class="suite-TestSuite-class-skipped">
            <div class="main-panel-header rounded-window-top">
              <img src="skipped.png"/>
              <span class="class-name">zapcg.Capillary.LoginTestCases.Login_Valid_TestCases</span>
            </div> <!-- main-panel-header rounded-window-top -->
            <div class="main-panel-content rounded-window-bottom">
              <div class="method">
                <div class="method-content">
                  <a name="Valid_Login">
                  </a> <!-- Valid_Login -->
                  <span class="method-name">Valid_Login</span>
                  <div class="stack-trace">java.lang.NullPointerException: Cannot invoke &quot;org.openqa.selenium.WebDriver.get(String)&quot; because &quot;zapcg.Capillary.LoginTestCases.Login_Valid_TestCases.driver&quot; is null
	at zapcg.Capillary.LoginTestCases.Login_Valid_TestCases.initialize(Login_Valid_TestCases.java:27)
	at java.base/java.util.ArrayList.forEach(ArrayList.java:1511)
	at java.base/java.util.concurrent.FutureTask.run(FutureTask.java:264)
	at java.base/java.util.concurrent.ThreadPoolExecutor.runWorker(ThreadPoolExecutor.java:1130)
	at java.base/java.util.concurrent.ThreadPoolExecutor$Worker.run(ThreadPoolExecutor.java:630)
	at java.base/java.lang.Thread.run(Thread.java:832)
... Removed 21 stack frames
</div> <!-- stack-trace -->
                </div> <!-- method-content -->
              </div> <!-- method -->
            </div> <!-- main-panel-content rounded-window-bottom -->
          </div> <!-- suite-TestSuite-class-skipped -->
          <div class="suite-TestSuite-class-skipped">
            <div class="main-panel-header rounded-window-top">
              <img src="skipped.png"/>
              <span class="class-name">zapcg.Capillary.LocationPageTestCases.Location_ExistingUser_TestCases</span>
            </div> <!-- main-panel-header rounded-window-top -->
            <div class="main-panel-content rounded-window-bottom">
              <div class="method">
                <div class="method-content">
                  <a name="choose_ValidLocation_For_NewUser">
                  </a> <!-- choose_ValidLocation_For_NewUser -->
                  <span class="method-name">choose_ValidLocation_For_NewUser</span>
                  <div class="stack-trace">java.lang.NullPointerException: Cannot invoke &quot;org.openqa.selenium.WebDriver.get(String)&quot; because &quot;zapcg.Capillary.LocationPageTestCases.Location_ExistingUser_TestCases.driver&quot; is null
	at zapcg.Capillary.LocationPageTestCases.Location_ExistingUser_TestCases.initialize(Location_ExistingUser_TestCases.java:29)
	at java.base/java.util.ArrayList.forEach(ArrayList.java:1511)
	at java.base/java.util.concurrent.FutureTask.run(FutureTask.java:264)
	at java.base/java.util.concurrent.ThreadPoolExecutor.runWorker(ThreadPoolExecutor.java:1130)
	at java.base/java.util.concurrent.ThreadPoolExecutor$Worker.run(ThreadPoolExecutor.java:630)
	at java.base/java.lang.Thread.run(Thread.java:832)
... Removed 21 stack frames
</div> <!-- stack-trace -->
                </div> <!-- method-content -->
              </div> <!-- method -->
              <div class="method">
                <div class="method-content">
                  <a name="hamburgerIcon_MemberLocation_Navigation_From_LocationScreen">
                  </a> <!-- hamburgerIcon_MemberLocation_Navigation_From_LocationScreen -->
                  <span class="method-name">hamburgerIcon_MemberLocation_Navigation_From_LocationScreen</span>
                  <div class="stack-trace">java.lang.NullPointerException: Cannot invoke &quot;org.openqa.selenium.WebDriver.get(String)&quot; because &quot;zapcg.Capillary.LocationPageTestCases.Location_ExistingUser_TestCases.driver&quot; is null
	at zapcg.Capillary.LocationPageTestCases.Location_ExistingUser_TestCases.initialize(Location_ExistingUser_TestCases.java:29)
	at java.base/java.util.ArrayList.forEach(ArrayList.java:1511)
	at java.base/java.util.concurrent.FutureTask.run(FutureTask.java:264)
	at java.base/java.util.concurrent.ThreadPoolExecutor.runWorker(ThreadPoolExecutor.java:1130)
	at java.base/java.util.concurrent.ThreadPoolExecutor$Worker.run(ThreadPoolExecutor.java:630)
	at java.base/java.lang.Thread.run(Thread.java:832)
... Removed 21 stack frames
</div> <!-- stack-trace -->
                </div> <!-- method-content -->
              </div> <!-- method -->
              <div class="method">
                <div class="method-content">
                  <a name="hamburgerIcon_MemberLookup_Navigation_From_LocationScreen">
                  </a> <!-- hamburgerIcon_MemberLookup_Navigation_From_LocationScreen -->
                  <span class="method-name">hamburgerIcon_MemberLookup_Navigation_From_LocationScreen</span>
                  <div class="stack-trace">java.lang.NullPointerException: Cannot invoke &quot;org.openqa.selenium.WebDriver.get(String)&quot; because &quot;zapcg.Capillary.LocationPageTestCases.Location_ExistingUser_TestCases.driver&quot; is null
	at zapcg.Capillary.LocationPageTestCases.Location_ExistingUser_TestCases.initialize(Location_ExistingUser_TestCases.java:29)
	at java.base/java.util.ArrayList.forEach(ArrayList.java:1511)
	at java.base/java.util.concurrent.FutureTask.run(FutureTask.java:264)
	at java.base/java.util.concurrent.ThreadPoolExecutor.runWorker(ThreadPoolExecutor.java:1130)
	at java.base/java.util.concurrent.ThreadPoolExecutor$Worker.run(ThreadPoolExecutor.java:630)
	at java.base/java.lang.Thread.run(Thread.java:832)
... Removed 21 stack frames
</div> <!-- stack-trace -->
                </div> <!-- method-content -->
              </div> <!-- method -->
              <div class="method">
                <div class="method-content">
                  <a name="hamburger_Icon_Logout_From_LocationScreen">
                  </a> <!-- hamburger_Icon_Logout_From_LocationScreen -->
                  <span class="method-name">hamburger_Icon_Logout_From_LocationScreen</span>
                  <div class="stack-trace">java.lang.NullPointerException: Cannot invoke &quot;org.openqa.selenium.WebDriver.get(String)&quot; because &quot;zapcg.Capillary.LocationPageTestCases.Location_ExistingUser_TestCases.driver&quot; is null
	at zapcg.Capillary.LocationPageTestCases.Location_ExistingUser_TestCases.initialize(Location_ExistingUser_TestCases.java:29)
	at java.base/java.util.ArrayList.forEach(ArrayList.java:1511)
	at java.base/java.util.concurrent.FutureTask.run(FutureTask.java:264)
	at java.base/java.util.concurrent.ThreadPoolExecutor.runWorker(ThreadPoolExecutor.java:1130)
	at java.base/java.util.concurrent.ThreadPoolExecutor$Worker.run(ThreadPoolExecutor.java:630)
	at java.base/java.lang.Thread.run(Thread.java:832)
... Removed 21 stack frames
</div> <!-- stack-trace -->
                </div> <!-- method-content -->
              </div> <!-- method -->
              <div class="method">
                <div class="method-content">
                  <a name="navigated_From_Location_To_LookupScreen_With_Valid_Inputs">
                  </a> <!-- navigated_From_Location_To_LookupScreen_With_Valid_Inputs -->
                  <span class="method-name">navigated_From_Location_To_LookupScreen_With_Valid_Inputs</span>
                  <div class="stack-trace">java.lang.NullPointerException: Cannot invoke &quot;org.openqa.selenium.WebDriver.get(String)&quot; because &quot;zapcg.Capillary.LocationPageTestCases.Location_ExistingUser_TestCases.driver&quot; is null
	at zapcg.Capillary.LocationPageTestCases.Location_ExistingUser_TestCases.initialize(Location_ExistingUser_TestCases.java:29)
	at java.base/java.util.ArrayList.forEach(ArrayList.java:1511)
	at java.base/java.util.concurrent.FutureTask.run(FutureTask.java:264)
	at java.base/java.util.concurrent.ThreadPoolExecutor.runWorker(ThreadPoolExecutor.java:1130)
	at java.base/java.util.concurrent.ThreadPoolExecutor$Worker.run(ThreadPoolExecutor.java:630)
	at java.base/java.lang.Thread.run(Thread.java:832)
... Removed 21 stack frames
</div> <!-- stack-trace -->
                </div> <!-- method-content -->
              </div> <!-- method -->
              <div class="method">
                <div class="method-content">
                  <a name="verify_Able_To_SelectOption_From_DropDown">
                  </a> <!-- verify_Able_To_SelectOption_From_DropDown -->
                  <span class="method-name">verify_Able_To_SelectOption_From_DropDown</span>
                  <div class="stack-trace">java.lang.NullPointerException: Cannot invoke &quot;org.openqa.selenium.WebDriver.get(String)&quot; because &quot;zapcg.Capillary.LocationPageTestCases.Location_ExistingUser_TestCases.driver&quot; is null
	at zapcg.Capillary.LocationPageTestCases.Location_ExistingUser_TestCases.initialize(Location_ExistingUser_TestCases.java:29)
	at java.base/java.util.ArrayList.forEach(ArrayList.java:1511)
	at java.base/java.util.concurrent.FutureTask.run(FutureTask.java:264)
	at java.base/java.util.concurrent.ThreadPoolExecutor.runWorker(ThreadPoolExecutor.java:1130)
	at java.base/java.util.concurrent.ThreadPoolExecutor$Worker.run(ThreadPoolExecutor.java:630)
	at java.base/java.lang.Thread.run(Thread.java:832)
... Removed 21 stack frames
</div> <!-- stack-trace -->
                </div> <!-- method-content -->
              </div> <!-- method -->
              <div class="method">
                <div class="method-content">
                  <a name="verify_Choose_Location_Button_Availability">
                  </a> <!-- verify_Choose_Location_Button_Availability -->
                  <span class="method-name">verify_Choose_Location_Button_Availability</span>
                  <div class="stack-trace">java.lang.NullPointerException: Cannot invoke &quot;org.openqa.selenium.WebDriver.get(String)&quot; because &quot;zapcg.Capillary.LocationPageTestCases.Location_ExistingUser_TestCases.driver&quot; is null
	at zapcg.Capillary.LocationPageTestCases.Location_ExistingUser_TestCases.initialize(Location_ExistingUser_TestCases.java:29)
	at java.base/java.util.ArrayList.forEach(ArrayList.java:1511)
	at java.base/java.util.concurrent.FutureTask.run(FutureTask.java:264)
	at java.base/java.util.concurrent.ThreadPoolExecutor.runWorker(ThreadPoolExecutor.java:1130)
	at java.base/java.util.concurrent.ThreadPoolExecutor$Worker.run(ThreadPoolExecutor.java:630)
	at java.base/java.lang.Thread.run(Thread.java:832)
... Removed 21 stack frames
</div> <!-- stack-trace -->
                </div> <!-- method-content -->
              </div> <!-- method -->
              <div class="method">
                <div class="method-content">
                  <a name="verify_DropDown_Availability">
                  </a> <!-- verify_DropDown_Availability -->
                  <span class="method-name">verify_DropDown_Availability</span>
                  <div class="stack-trace">java.lang.NullPointerException: Cannot invoke &quot;org.openqa.selenium.WebDriver.get(String)&quot; because &quot;zapcg.Capillary.LocationPageTestCases.Location_ExistingUser_TestCases.driver&quot; is null
	at zapcg.Capillary.LocationPageTestCases.Location_ExistingUser_TestCases.initialize(Location_ExistingUser_TestCases.java:29)
	at java.base/java.util.ArrayList.forEach(ArrayList.java:1511)
	at java.base/java.util.concurrent.FutureTask.run(FutureTask.java:264)
	at java.base/java.util.concurrent.ThreadPoolExecutor.runWorker(ThreadPoolExecutor.java:1130)
	at java.base/java.util.concurrent.ThreadPoolExecutor$Worker.run(ThreadPoolExecutor.java:630)
	at java.base/java.lang.Thread.run(Thread.java:832)
... Removed 21 stack frames
</div> <!-- stack-trace -->
                </div> <!-- method-content -->
              </div> <!-- method -->
              <div class="method">
                <div class="method-content">
                  <a name="verify_Header_Of_MemberLookup_Screen">
                  </a> <!-- verify_Header_Of_MemberLookup_Screen -->
                  <span class="method-name">verify_Header_Of_MemberLookup_Screen</span>
                  <div class="stack-trace">java.lang.NullPointerException: Cannot invoke &quot;org.openqa.selenium.WebDriver.get(String)&quot; because &quot;zapcg.Capillary.LocationPageTestCases.Location_ExistingUser_TestCases.driver&quot; is null
	at zapcg.Capillary.LocationPageTestCases.Location_ExistingUser_TestCases.initialize(Location_ExistingUser_TestCases.java:29)
	at java.base/java.util.ArrayList.forEach(ArrayList.java:1511)
	at java.base/java.util.concurrent.FutureTask.run(FutureTask.java:264)
	at java.base/java.util.concurrent.ThreadPoolExecutor.runWorker(ThreadPoolExecutor.java:1130)
	at java.base/java.util.concurrent.ThreadPoolExecutor$Worker.run(ThreadPoolExecutor.java:630)
	at java.base/java.lang.Thread.run(Thread.java:832)
... Removed 21 stack frames
</div> <!-- stack-trace -->
                </div> <!-- method-content -->
              </div> <!-- method -->
            </div> <!-- main-panel-content rounded-window-bottom -->
          </div> <!-- suite-TestSuite-class-skipped -->
          <div class="suite-TestSuite-class-skipped">
            <div class="main-panel-header rounded-window-top">
              <img src="skipped.png"/>
              <span class="class-name">zapcg.Capillary.EarnPointPageTestCases.EarnPoint_Invalid_TestCases</span>
            </div> <!-- main-panel-header rounded-window-top -->
            <div class="main-panel-content rounded-window-bottom">
              <div class="method">
                <div class="method-content">
                  <a name="empty_TxnAmount_But_GoToPassPointValue">
                  </a> <!-- empty_TxnAmount_But_GoToPassPointValue -->
                  <span class="method-name">empty_TxnAmount_But_GoToPassPointValue</span>
                  <div class="stack-trace">java.lang.NullPointerException: Cannot invoke &quot;org.openqa.selenium.WebDriver.get(String)&quot; because &quot;zapcg.Capillary.EarnPointPageTestCases.EarnPoint_Invalid_TestCases.driver&quot; is null
	at zapcg.Capillary.EarnPointPageTestCases.EarnPoint_Invalid_TestCases.initialize(EarnPoint_Invalid_TestCases.java:32)
	at java.base/java.util.ArrayList.forEach(ArrayList.java:1511)
	at java.base/java.util.concurrent.FutureTask.run(FutureTask.java:264)
	at java.base/java.util.concurrent.ThreadPoolExecutor.runWorker(ThreadPoolExecutor.java:1130)
	at java.base/java.util.concurrent.ThreadPoolExecutor$Worker.run(ThreadPoolExecutor.java:630)
	at java.base/java.lang.Thread.run(Thread.java:832)
... Removed 21 stack frames
</div> <!-- stack-trace -->
                </div> <!-- method-content -->
              </div> <!-- method -->
              <div class="method">
                <div class="method-content">
                  <a name="goTOPassPoint_More_Than_TransactionAmount">
                  </a> <!-- goTOPassPoint_More_Than_TransactionAmount -->
                  <span class="method-name">goTOPassPoint_More_Than_TransactionAmount</span>
                  <div class="stack-trace">java.lang.NullPointerException: Cannot invoke &quot;org.openqa.selenium.WebDriver.get(String)&quot; because &quot;zapcg.Capillary.EarnPointPageTestCases.EarnPoint_Invalid_TestCases.driver&quot; is null
	at zapcg.Capillary.EarnPointPageTestCases.EarnPoint_Invalid_TestCases.initialize(EarnPoint_Invalid_TestCases.java:32)
	at java.base/java.util.ArrayList.forEach(ArrayList.java:1511)
	at java.base/java.util.concurrent.FutureTask.run(FutureTask.java:264)
	at java.base/java.util.concurrent.ThreadPoolExecutor.runWorker(ThreadPoolExecutor.java:1130)
	at java.base/java.util.concurrent.ThreadPoolExecutor$Worker.run(ThreadPoolExecutor.java:630)
	at java.base/java.lang.Thread.run(Thread.java:832)
... Removed 21 stack frames
</div> <!-- stack-trace -->
                </div> <!-- method-content -->
              </div> <!-- method -->
              <div class="method">
                <div class="method-content">
                  <a name="verify_With_Empty_TransactionAmount">
                  </a> <!-- verify_With_Empty_TransactionAmount -->
                  <span class="method-name">verify_With_Empty_TransactionAmount</span>
                  <div class="stack-trace">java.lang.NullPointerException: Cannot invoke &quot;org.openqa.selenium.WebDriver.get(String)&quot; because &quot;zapcg.Capillary.EarnPointPageTestCases.EarnPoint_Invalid_TestCases.driver&quot; is null
	at zapcg.Capillary.EarnPointPageTestCases.EarnPoint_Invalid_TestCases.initialize(EarnPoint_Invalid_TestCases.java:32)
	at java.base/java.util.ArrayList.forEach(ArrayList.java:1511)
	at java.base/java.util.concurrent.FutureTask.run(FutureTask.java:264)
	at java.base/java.util.concurrent.ThreadPoolExecutor.runWorker(ThreadPoolExecutor.java:1130)
	at java.base/java.util.concurrent.ThreadPoolExecutor$Worker.run(ThreadPoolExecutor.java:630)
	at java.base/java.lang.Thread.run(Thread.java:832)
... Removed 21 stack frames
</div> <!-- stack-trace -->
                </div> <!-- method-content -->
              </div> <!-- method -->
            </div> <!-- main-panel-content rounded-window-bottom -->
          </div> <!-- suite-TestSuite-class-skipped -->
        </div> <!-- panel TestSuite -->
        <div panel-name="test-xml-TestSuite" class="panel">
          <div class="main-panel-header rounded-window-top">
            <span class="header-content">C:\Users\KajalSharma\eclipse-workspace\Capillary\Capillary_Framework\src\test\resource\NewFile.xml</span>
          </div> <!-- main-panel-header rounded-window-top -->
          <div class="main-panel-content rounded-window-bottom">
            <pre>
&lt;?xml version=&quot;1.0&quot; encoding=&quot;UTF-8&quot;?&gt;
&lt;!DOCTYPE suite SYSTEM &quot;https://testng.org/testng-1.0.dtd&quot;&gt;
&lt;suite thread-count=&quot;1&quot; parallel=&quot;tests&quot; name=&quot;TestSuite&quot; guice-stage=&quot;DEVELOPMENT&quot;&gt;
  &lt;listeners&gt;
    &lt;listener class-name=&quot;zapcg.Capillary.ListenersConfiguration.Listeners&quot;/&gt;
  &lt;/listeners&gt;
  &lt;test thread-count=&quot;1&quot; parallel=&quot;tests&quot; name=&quot;LoginTestsChromeBrowserTabletPortrait&quot;&gt;
    &lt;parameter name=&quot;browser&quot; value=&quot;chrome&quot;/&gt;
    &lt;parameter name=&quot;deviceName&quot; value=&quot;Tablet Portrait&quot;/&gt;
    &lt;classes&gt;
      &lt;class name=&quot;zapcg.Capillary.LoginTestCases.Login_Valid_TestCases&quot;/&gt;
      &lt;class name=&quot;zapcg.Capillary.LoginTestCases.Login_Invalid_TestCases&quot;/&gt;
      &lt;class name=&quot;zapcg.Capillary.LocationPageTestCases.Location_ExistingUser_TestCases&quot;/&gt;
      &lt;class name=&quot;zapcg.Capillary.MemberLookupTestCases.MemberLookup_Valid_TestCases&quot;/&gt;
      &lt;class name=&quot;zapcg.Capillary.MemberLookupTestCases.memberLookup_Invalid_TestCases&quot;/&gt;
      &lt;class name=&quot;zapcg.Capillary.MemberDetailsTestCases.memberDetails_TestCases&quot;/&gt;
      &lt;class name=&quot;zapcg.Capillary.EarnPointPageTestCases.EarnPoint_Valid_TestCases&quot;/&gt;
      &lt;class name=&quot;zapcg.Capillary.EarnPointPageTestCases.EarnPoint_Invalid_TestCases&quot;/&gt;
      &lt;class name=&quot;zapcg.Capillary.EarnPointPageTestCases.GoToPassPointMoreThanAvailablePoint&quot;/&gt;
    &lt;/classes&gt;
  &lt;/test&gt; &lt;!-- LoginTestsChromeBrowserTabletPortrait --&gt;
&lt;/suite&gt; &lt;!-- TestSuite --&gt;
            </pre>
          </div> <!-- main-panel-content rounded-window-bottom -->
        </div> <!-- panel -->
        <div panel-name="testlist-TestSuite" class="panel">
          <div class="main-panel-header rounded-window-top">
            <span class="header-content">Tests for TestSuite</span>
          </div> <!-- main-panel-header rounded-window-top -->
          <div class="main-panel-content rounded-window-bottom">
            <ul>
              <li>
                <span class="test-name">LoginTestsChromeBrowserTabletPortrait (9 classes)</span>
              </li>
            </ul>
          </div> <!-- main-panel-content rounded-window-bottom -->
        </div> <!-- panel -->
        <div panel-name="group-TestSuite" class="panel">
          <div class="main-panel-header rounded-window-top">
            <span class="header-content">Groups for TestSuite</span>
          </div> <!-- main-panel-header rounded-window-top -->
          <div class="main-panel-content rounded-window-bottom">
            <div class="test-group">
              <span class="test-group-name">EarnPoint</span>
              <br/>
              <div class="method-in-group">
                <span class="method-in-group-name">empty_TxnAmount_But_GoToPassPointValue</span>
                <br/>
              </div> <!-- method-in-group -->
              <div class="method-in-group">
                <span class="method-in-group-name">empty_TxnAmount_But_GoToPassPoint_Value</span>
                <br/>
              </div> <!-- method-in-group -->
              <div class="method-in-group">
                <span class="method-in-group-name">goTOPassPoint_More_Than_TransactionAmount</span>
                <br/>
              </div> <!-- method-in-group -->
              <div class="method-in-group">
                <span class="method-in-group-name">verifySuccessMessageForOnlyTransactionAmount</span>
                <br/>
              </div> <!-- method-in-group -->
              <div class="method-in-group">
                <span class="method-in-group-name">verify_BackButton_Navigation_On_EarnPoint_Page</span>
                <br/>
              </div> <!-- method-in-group -->
              <div class="method-in-group">
                <span class="method-in-group-name">verify_Date_Equal_To_System_CurrentDate</span>
                <br/>
              </div> <!-- method-in-group -->
              <div class="method-in-group">
                <span class="method-in-group-name">verify_EarnPoints_Navigation_From_MeberDetailsScreen</span>
                <br/>
              </div> <!-- method-in-group -->
              <div class="method-in-group">
                <span class="method-in-group-name">verify_Eligible_EarningPoints</span>
                <br/>
              </div> <!-- method-in-group -->
              <div class="method-in-group">
                <span class="method-in-group-name">verify_ExceedThresold_SuccessMessage</span>
                <br/>
              </div> <!-- method-in-group -->
              <div class="method-in-group">
                <span class="method-in-group-name">verify_HamBurger_LogoutOption_From_EarnPoint_Page</span>
                <br/>
              </div> <!-- method-in-group -->
              <div class="method-in-group">
                <span class="method-in-group-name">verify_Hamburger_LocationOption_From_EarnPoint_Page</span>
                <br/>
              </div> <!-- method-in-group -->
              <div class="method-in-group">
                <span class="method-in-group-name">verify_Hamburger_MemberLookupOption_From_EarnPoint_Page</span>
                <br/>
              </div> <!-- method-in-group -->
              <div class="method-in-group">
                <span class="method-in-group-name">verify_HeaderHyperlink_On_EarnPoint_Page</span>
                <br/>
              </div> <!-- method-in-group -->
              <div class="method-in-group">
                <span class="method-in-group-name">verify_MemberDetails_Content_Displaying_On_EarnPointScreen</span>
                <br/>
              </div> <!-- method-in-group -->
              <div class="method-in-group">
                <span class="method-in-group-name">verify_NonEditable_DateField</span>
                <br/>
              </div> <!-- method-in-group -->
              <div class="method-in-group">
                <span class="method-in-group-name">verify_NonEditable_LocationField</span>
                <br/>
              </div> <!-- method-in-group -->
              <div class="method-in-group">
                <span class="method-in-group-name">verify_NonEditable_TimeField</span>
                <br/>
              </div> <!-- method-in-group -->
              <div class="method-in-group">
                <span class="method-in-group-name">verify_SuccessMessage_For_RedeemPoint</span>
                <br/>
              </div> <!-- method-in-group -->
              <div class="method-in-group">
                <span class="method-in-group-name">verify_TaxAssumedAmount</span>
                <br/>
              </div> <!-- method-in-group -->
              <div class="method-in-group">
                <span class="method-in-group-name">verify_Time_Equal_To_System_CurrentTime</span>
                <br/>
              </div> <!-- method-in-group -->
              <div class="method-in-group">
                <span class="method-in-group-name">verify_ValidationMessage_If_GoToPass_Is_Greater_Than_AvailablePoints</span>
                <br/>
              </div> <!-- method-in-group -->
              <div class="method-in-group">
                <span class="method-in-group-name">verify_With_Empty_TransactionAmount</span>
                <br/>
              </div> <!-- method-in-group -->
            </div> <!-- test-group -->
            <div class="test-group">
              <span class="test-group-name">Location</span>
              <br/>
              <div class="method-in-group">
                <span class="method-in-group-name">choose_ValidLocation_For_NewUser</span>
                <br/>
              </div> <!-- method-in-group -->
              <div class="method-in-group">
                <span class="method-in-group-name">hamburgerIcon_MemberLocation_Navigation_From_LocationScreen</span>
                <br/>
              </div> <!-- method-in-group -->
              <div class="method-in-group">
                <span class="method-in-group-name">hamburgerIcon_MemberLookup_Navigation_From_LocationScreen</span>
                <br/>
              </div> <!-- method-in-group -->
              <div class="method-in-group">
                <span class="method-in-group-name">hamburger_Icon_Logout_From_LocationScreen</span>
                <br/>
              </div> <!-- method-in-group -->
              <div class="method-in-group">
                <span class="method-in-group-name">navigated_From_Location_To_LookupScreen_With_Valid_Inputs</span>
                <br/>
              </div> <!-- method-in-group -->
              <div class="method-in-group">
                <span class="method-in-group-name">verify_Able_To_SelectOption_From_DropDown</span>
                <br/>
              </div> <!-- method-in-group -->
              <div class="method-in-group">
                <span class="method-in-group-name">verify_Choose_Location_Button_Availability</span>
                <br/>
              </div> <!-- method-in-group -->
              <div class="method-in-group">
                <span class="method-in-group-name">verify_DropDown_Availability</span>
                <br/>
              </div> <!-- method-in-group -->
              <div class="method-in-group">
                <span class="method-in-group-name">verify_Header_Of_MemberLookup_Screen</span>
                <br/>
              </div> <!-- method-in-group -->
            </div> <!-- test-group -->
            <div class="test-group">
              <span class="test-group-name">Login</span>
              <br/>
              <div class="method-in-group">
                <span class="method-in-group-name">Valid_Login</span>
                <br/>
              </div> <!-- method-in-group -->
              <div class="method-in-group">
                <span class="method-in-group-name">test_Invalid_Password</span>
                <br/>
              </div> <!-- method-in-group -->
              <div class="method-in-group">
                <span class="method-in-group-name">test_Invalid_Username</span>
                <br/>
              </div> <!-- method-in-group -->
              <div class="method-in-group">
                <span class="method-in-group-name">test_MinLength_Password</span>
                <br/>
              </div> <!-- method-in-group -->
              <div class="method-in-group">
                <span class="method-in-group-name">test_TooLong_Username</span>
                <br/>
              </div> <!-- method-in-group -->
              <div class="method-in-group">
                <span class="method-in-group-name">test_Username_WithSpaces</span>
                <br/>
              </div> <!-- method-in-group -->
              <div class="method-in-group">
                <span class="method-in-group-name">verify_Disabled_LoginButton_EmptyPassword</span>
                <br/>
              </div> <!-- method-in-group -->
              <div class="method-in-group">
                <span class="method-in-group-name">verify_Disabled_LoginButton_EmptyUsername</span>
                <br/>
              </div> <!-- method-in-group -->
              <div class="method-in-group">
                <span class="method-in-group-name">verify_Disabled_LoginButton_EmptyUsernamePassword_TestCase10</span>
                <br/>
              </div> <!-- method-in-group -->
              <div class="method-in-group">
                <span class="method-in-group-name">verify_Enabled_LoginButton</span>
                <br/>
              </div> <!-- method-in-group -->
            </div> <!-- test-group -->
            <div class="test-group">
              <span class="test-group-name">MemberDetails</span>
              <br/>
              <div class="method-in-group">
                <span class="method-in-group-name">verify_BackButton_On_MemberDetails_Screen</span>
                <br/>
              </div> <!-- method-in-group -->
              <div class="method-in-group">
                <span class="method-in-group-name">verify_Enabled_EnterReceiptDetails_Button</span>
                <br/>
              </div> <!-- method-in-group -->
              <div class="method-in-group">
                <span class="method-in-group-name">verify_Hamburger_LocationOption_On_MemberDetails</span>
                <br/>
              </div> <!-- method-in-group -->
              <div class="method-in-group">
                <span class="method-in-group-name">verify_Hamburger_LogoutOption_On_MemberDetails</span>
                <br/>
              </div> <!-- method-in-group -->
              <div class="method-in-group">
                <span class="method-in-group-name">verify_Hamburger_MemberLookup_Option_on_MemberDetails</span>
                <br/>
              </div> <!-- method-in-group -->
              <div class="method-in-group">
                <span class="method-in-group-name">verify_Header_MemberDetailsScreen</span>
                <br/>
              </div> <!-- method-in-group -->
              <div class="method-in-group">
                <span class="method-in-group-name">verify_MemberDetails_ContentDisplaying</span>
                <br/>
              </div> <!-- method-in-group -->
              <div class="method-in-group">
                <span class="method-in-group-name">verify_MemberDetails_Displaying</span>
                <br/>
              </div> <!-- method-in-group -->
              <div class="method-in-group">
                <span class="method-in-group-name">verify_MemberDetails_Navigation_From_MeberLookupScreen_To_MemberDetailsPage</span>
                <br/>
              </div> <!-- method-in-group -->
            </div> <!-- test-group -->
            <div class="test-group">
              <span class="test-group-name">MemberLookup</span>
              <br/>
              <div class="method-in-group">
                <span class="method-in-group-name">enter_Valid_MemberId</span>
                <br/>
              </div> <!-- method-in-group -->
              <div class="method-in-group">
                <span class="method-in-group-name">hamburgerIcon_Location_Navigation_From_MemberLookup</span>
                <br/>
              </div> <!-- method-in-group -->
              <div class="method-in-group">
                <span class="method-in-group-name">hamburgerIcon_Logout_From_MemberLookup</span>
                <br/>
              </div> <!-- method-in-group -->
              <div class="method-in-group">
                <span class="method-in-group-name">hamburgerIcon_MemberLookup_Navigation_From_MemberLookup</span>
                <br/>
              </div> <!-- method-in-group -->
              <div class="method-in-group">
                <span class="method-in-group-name">verifyScanButtonAvailability</span>
                <br/>
              </div> <!-- method-in-group -->
              <div class="method-in-group">
                <span class="method-in-group-name">verify_CardNumber_Field_MaxLength</span>
                <br/>
              </div> <!-- method-in-group -->
              <div class="method-in-group">
                <span class="method-in-group-name">verify_Empty_CardNumber_ButtonIsDisabled</span>
                <br/>
              </div> <!-- method-in-group -->
              <div class="method-in-group">
                <span class="method-in-group-name">verify_Header_Hyperlink</span>
                <br/>
              </div> <!-- method-in-group -->
              <div class="method-in-group">
                <span class="method-in-group-name">verify_Invalid_CardNumber_MinLength</span>
                <br/>
              </div> <!-- method-in-group -->
              <div class="method-in-group">
                <span class="method-in-group-name">verify_Invalid_MemberID</span>
                <br/>
              </div> <!-- method-in-group -->
              <div class="method-in-group">
                <span class="method-in-group-name">verify_MemberId_Field_MaxLength</span>
                <br/>
              </div> <!-- method-in-group -->
            </div> <!-- test-group -->
          </div> <!-- main-panel-content rounded-window-bottom -->
        </div> <!-- panel -->
        <div panel-name="times-TestSuite" class="panel">
          <div class="main-panel-header rounded-window-top">
            <span class="header-content">Times for TestSuite</span>
          </div> <!-- main-panel-header rounded-window-top -->
          <div class="main-panel-content rounded-window-bottom">
            <div class="times-div">
              <script type="text/javascript">
suiteTableInitFunctions.push('tableData_TestSuite');
function tableData_TestSuite() {
var data = new google.visualization.DataTable();
data.addColumn('number', 'Number');
data.addColumn('string', 'Method');
data.addColumn('string', 'Class');
data.addColumn('number', 'Time (ms)');
data.addRows(62);
data.setCell(0, 0, 0)
data.setCell(0, 1, 'verify_Invalid_MemberID')
data.setCell(0, 2, 'zapcg.Capillary.MemberLookupTestCases.memberLookup_Invalid_TestCases')
data.setCell(0, 3, 1);
data.setCell(1, 0, 1)
data.setCell(1, 1, 'verify_MemberDetails_Navigation_From_MeberLookupScreen_To_MemberDetailsPage')
data.setCell(1, 2, 'zapcg.Capillary.MemberDetailsTestCases.memberDetails_TestCases')
data.setCell(1, 3, 1);
data.setCell(2, 0, 2)
data.setCell(2, 1, 'verify_Time_Equal_To_System_CurrentTime')
data.setCell(2, 2, 'zapcg.Capillary.EarnPointPageTestCases.EarnPoint_Valid_TestCases')
data.setCell(2, 3, 0);
data.setCell(3, 0, 3)
data.setCell(3, 1, 'test_Invalid_Password')
data.setCell(3, 2, 'zapcg.Capillary.LoginTestCases.Login_Invalid_TestCases')
data.setCell(3, 3, 0);
data.setCell(4, 0, 4)
data.setCell(4, 1, 'Valid_Login')
data.setCell(4, 2, 'zapcg.Capillary.LoginTestCases.Login_Valid_TestCases')
data.setCell(4, 3, 0);
data.setCell(5, 0, 5)
data.setCell(5, 1, 'hamburgerIcon_MemberLocation_Navigation_From_LocationScreen')
data.setCell(5, 2, 'zapcg.Capillary.LocationPageTestCases.Location_ExistingUser_TestCases')
data.setCell(5, 3, 0);
data.setCell(6, 0, 6)
data.setCell(6, 1, 'empty_TxnAmount_But_GoToPassPointValue')
data.setCell(6, 2, 'zapcg.Capillary.EarnPointPageTestCases.EarnPoint_Invalid_TestCases')
data.setCell(6, 3, 0);
data.setCell(7, 0, 7)
data.setCell(7, 1, 'verify_Enabled_LoginButton')
data.setCell(7, 2, 'zapcg.Capillary.LoginTestCases.Login_Invalid_TestCases')
data.setCell(7, 3, 0);
data.setCell(8, 0, 8)
data.setCell(8, 1, 'verify_BackButton_Navigation_On_EarnPoint_Page')
data.setCell(8, 2, 'zapcg.Capillary.EarnPointPageTestCases.EarnPoint_Valid_TestCases')
data.setCell(8, 3, 0);
data.setCell(9, 0, 9)
data.setCell(9, 1, 'navigated_From_Location_To_LookupScreen_With_Valid_Inputs')
data.setCell(9, 2, 'zapcg.Capillary.LocationPageTestCases.Location_ExistingUser_TestCases')
data.setCell(9, 3, 0);
data.setCell(10, 0, 10)
data.setCell(10, 1, 'verify_MemberDetails_Displaying')
data.setCell(10, 2, 'zapcg.Capillary.MemberDetailsTestCases.memberDetails_TestCases')
data.setCell(10, 3, 0);
data.setCell(11, 0, 11)
data.setCell(11, 1, 'verify_MemberDetails_ContentDisplaying')
data.setCell(11, 2, 'zapcg.Capillary.MemberDetailsTestCases.memberDetails_TestCases')
data.setCell(11, 3, 0);
data.setCell(12, 0, 12)
data.setCell(12, 1, 'verify_Date_Equal_To_System_CurrentDate')
data.setCell(12, 2, 'zapcg.Capillary.EarnPointPageTestCases.EarnPoint_Valid_TestCases')
data.setCell(12, 3, 0);
data.setCell(13, 0, 13)
data.setCell(13, 1, 'test_TooLong_Username')
data.setCell(13, 2, 'zapcg.Capillary.LoginTestCases.Login_Invalid_TestCases')
data.setCell(13, 3, 0);
data.setCell(14, 0, 14)
data.setCell(14, 1, 'test_Username_WithSpaces')
data.setCell(14, 2, 'zapcg.Capillary.LoginTestCases.Login_Invalid_TestCases')
data.setCell(14, 3, 0);
data.setCell(15, 0, 15)
data.setCell(15, 1, 'goTOPassPoint_More_Than_TransactionAmount')
data.setCell(15, 2, 'zapcg.Capillary.EarnPointPageTestCases.EarnPoint_Invalid_TestCases')
data.setCell(15, 3, 0);
data.setCell(16, 0, 16)
data.setCell(16, 1, 'verifySuccessMessageForOnlyTransactionAmount')
data.setCell(16, 2, 'zapcg.Capillary.EarnPointPageTestCases.EarnPoint_Valid_TestCases')
data.setCell(16, 3, 0);
data.setCell(17, 0, 17)
data.setCell(17, 1, 'hamburger_Icon_Logout_From_LocationScreen')
data.setCell(17, 2, 'zapcg.Capillary.LocationPageTestCases.Location_ExistingUser_TestCases')
data.setCell(17, 3, 0);
data.setCell(18, 0, 18)
data.setCell(18, 1, 'verify_Enabled_EnterReceiptDetails_Button')
data.setCell(18, 2, 'zapcg.Capillary.MemberDetailsTestCases.memberDetails_TestCases')
data.setCell(18, 3, 0);
data.setCell(19, 0, 19)
data.setCell(19, 1, 'verify_With_Empty_TransactionAmount')
data.setCell(19, 2, 'zapcg.Capillary.EarnPointPageTestCases.EarnPoint_Valid_TestCases')
data.setCell(19, 3, 0);
data.setCell(20, 0, 20)
data.setCell(20, 1, 'verify_SuccessMessage_For_RedeemPoint')
data.setCell(20, 2, 'zapcg.Capillary.EarnPointPageTestCases.EarnPoint_Valid_TestCases')
data.setCell(20, 3, 0);
data.setCell(21, 0, 21)
data.setCell(21, 1, 'test_MinLength_Password')
data.setCell(21, 2, 'zapcg.Capillary.LoginTestCases.Login_Invalid_TestCases')
data.setCell(21, 3, 0);
data.setCell(22, 0, 22)
data.setCell(22, 1, 'verify_ValidationMessage_If_GoToPass_Is_Greater_Than_AvailablePoints')
data.setCell(22, 2, 'zapcg.Capillary.EarnPointPageTestCases.GoToPassPointMoreThanAvailablePoint')
data.setCell(22, 3, 0);
data.setCell(23, 0, 23)
data.setCell(23, 1, 'verify_Empty_CardNumber_ButtonIsDisabled')
data.setCell(23, 2, 'zapcg.Capillary.MemberLookupTestCases.memberLookup_Invalid_TestCases')
data.setCell(23, 3, 0);
data.setCell(24, 0, 24)
data.setCell(24, 1, 'verify_EarnPoints_Navigation_From_MeberDetailsScreen')
data.setCell(24, 2, 'zapcg.Capillary.EarnPointPageTestCases.EarnPoint_Valid_TestCases')
data.setCell(24, 3, 0);
data.setCell(25, 0, 25)
data.setCell(25, 1, 'verify_Header_Hyperlink')
data.setCell(25, 2, 'zapcg.Capillary.MemberLookupTestCases.MemberLookup_Valid_TestCases')
data.setCell(25, 3, 0);
data.setCell(26, 0, 26)
data.setCell(26, 1, 'verify_HeaderHyperlink_On_EarnPoint_Page')
data.setCell(26, 2, 'zapcg.Capillary.EarnPointPageTestCases.EarnPoint_Valid_TestCases')
data.setCell(26, 3, 0);
data.setCell(27, 0, 27)
data.setCell(27, 1, 'verify_Disabled_LoginButton_EmptyPassword')
data.setCell(27, 2, 'zapcg.Capillary.LoginTestCases.Login_Invalid_TestCases')
data.setCell(27, 3, 0);
data.setCell(28, 0, 28)
data.setCell(28, 1, 'verify_Choose_Location_Button_Availability')
data.setCell(28, 2, 'zapcg.Capillary.LocationPageTestCases.Location_ExistingUser_TestCases')
data.setCell(28, 3, 0);
data.setCell(29, 0, 29)
data.setCell(29, 1, 'verify_Able_To_SelectOption_From_DropDown')
data.setCell(29, 2, 'zapcg.Capillary.LocationPageTestCases.Location_ExistingUser_TestCases')
data.setCell(29, 3, 0);
data.setCell(30, 0, 30)
data.setCell(30, 1, 'verify_Hamburger_MemberLookupOption_From_EarnPoint_Page')
data.setCell(30, 2, 'zapcg.Capillary.EarnPointPageTestCases.EarnPoint_Valid_TestCases')
data.setCell(30, 3, 0);
data.setCell(31, 0, 31)
data.setCell(31, 1, 'verify_MemberId_Field_MaxLength')
data.setCell(31, 2, 'zapcg.Capillary.MemberLookupTestCases.memberLookup_Invalid_TestCases')
data.setCell(31, 3, 0);
data.setCell(32, 0, 32)
data.setCell(32, 1, 'verify_Invalid_CardNumber_MinLength')
data.setCell(32, 2, 'zapcg.Capillary.MemberLookupTestCases.memberLookup_Invalid_TestCases')
data.setCell(32, 3, 0);
data.setCell(33, 0, 33)
data.setCell(33, 1, 'verify_NonEditable_TimeField')
data.setCell(33, 2, 'zapcg.Capillary.EarnPointPageTestCases.EarnPoint_Valid_TestCases')
data.setCell(33, 3, 0);
data.setCell(34, 0, 34)
data.setCell(34, 1, 'hamburgerIcon_Logout_From_MemberLookup')
data.setCell(34, 2, 'zapcg.Capillary.MemberLookupTestCases.MemberLookup_Valid_TestCases')
data.setCell(34, 3, 0);
data.setCell(35, 0, 35)
data.setCell(35, 1, 'verify_Hamburger_LocationOption_On_MemberDetails')
data.setCell(35, 2, 'zapcg.Capillary.MemberDetailsTestCases.memberDetails_TestCases')
data.setCell(35, 3, 0);
data.setCell(36, 0, 36)
data.setCell(36, 1, 'verify_MemberDetails_Content_Displaying_On_EarnPointScreen')
data.setCell(36, 2, 'zapcg.Capillary.EarnPointPageTestCases.EarnPoint_Valid_TestCases')
data.setCell(36, 3, 0);
data.setCell(37, 0, 37)
data.setCell(37, 1, 'verify_Eligible_EarningPoints')
data.setCell(37, 2, 'zapcg.Capillary.EarnPointPageTestCases.EarnPoint_Valid_TestCases')
data.setCell(37, 3, 0);
data.setCell(38, 0, 38)
data.setCell(38, 1, 'verify_Disabled_LoginButton_EmptyUsername')
data.setCell(38, 2, 'zapcg.Capillary.LoginTestCases.Login_Invalid_TestCases')
data.setCell(38, 3, 0);
data.setCell(39, 0, 39)
data.setCell(39, 1, 'verify_HamBurger_LogoutOption_From_EarnPoint_Page')
data.setCell(39, 2, 'zapcg.Capillary.EarnPointPageTestCases.EarnPoint_Valid_TestCases')
data.setCell(39, 3, 0);
data.setCell(40, 0, 40)
data.setCell(40, 1, 'verify_DropDown_Availability')
data.setCell(40, 2, 'zapcg.Capillary.LocationPageTestCases.Location_ExistingUser_TestCases')
data.setCell(40, 3, 0);
data.setCell(41, 0, 41)
data.setCell(41, 1, 'verify_Header_Of_MemberLookup_Screen')
data.setCell(41, 2, 'zapcg.Capillary.LocationPageTestCases.Location_ExistingUser_TestCases')
data.setCell(41, 3, 0);
data.setCell(42, 0, 42)
data.setCell(42, 1, 'verify_BackButton_On_MemberDetails_Screen')
data.setCell(42, 2, 'zapcg.Capillary.MemberDetailsTestCases.memberDetails_TestCases')
data.setCell(42, 3, 0);
data.setCell(43, 0, 43)
data.setCell(43, 1, 'verify_CardNumber_Field_MaxLength')
data.setCell(43, 2, 'zapcg.Capillary.MemberLookupTestCases.memberLookup_Invalid_TestCases')
data.setCell(43, 3, 0);
data.setCell(44, 0, 44)
data.setCell(44, 1, 'test_Invalid_Username')
data.setCell(44, 2, 'zapcg.Capillary.LoginTestCases.Login_Invalid_TestCases')
data.setCell(44, 3, 0);
data.setCell(45, 0, 45)
data.setCell(45, 1, 'verify_Hamburger_LocationOption_From_EarnPoint_Page')
data.setCell(45, 2, 'zapcg.Capillary.EarnPointPageTestCases.EarnPoint_Valid_TestCases')
data.setCell(45, 3, 0);
data.setCell(46, 0, 46)
data.setCell(46, 1, 'verifyScanButtonAvailability')
data.setCell(46, 2, 'zapcg.Capillary.MemberLookupTestCases.MemberLookup_Valid_TestCases')
data.setCell(46, 3, 0);
data.setCell(47, 0, 47)
data.setCell(47, 1, 'choose_ValidLocation_For_NewUser')
data.setCell(47, 2, 'zapcg.Capillary.LocationPageTestCases.Location_ExistingUser_TestCases')
data.setCell(47, 3, 0);
data.setCell(48, 0, 48)
data.setCell(48, 1, 'empty_TxnAmount_But_GoToPassPoint_Value')
data.setCell(48, 2, 'zapcg.Capillary.EarnPointPageTestCases.EarnPoint_Valid_TestCases')
data.setCell(48, 3, 0);
data.setCell(49, 0, 49)
data.setCell(49, 1, 'verify_NonEditable_LocationField')
data.setCell(49, 2, 'zapcg.Capillary.EarnPointPageTestCases.EarnPoint_Valid_TestCases')
data.setCell(49, 3, 0);
data.setCell(50, 0, 50)
data.setCell(50, 1, 'verify_Hamburger_LogoutOption_On_MemberDetails')
data.setCell(50, 2, 'zapcg.Capillary.MemberDetailsTestCases.memberDetails_TestCases')
data.setCell(50, 3, 0);
data.setCell(51, 0, 51)
data.setCell(51, 1, 'verify_NonEditable_DateField')
data.setCell(51, 2, 'zapcg.Capillary.EarnPointPageTestCases.EarnPoint_Valid_TestCases')
data.setCell(51, 3, 0);
data.setCell(52, 0, 52)
data.setCell(52, 1, 'verify_Hamburger_MemberLookup_Option_on_MemberDetails')
data.setCell(52, 2, 'zapcg.Capillary.MemberDetailsTestCases.memberDetails_TestCases')
data.setCell(52, 3, 0);
data.setCell(53, 0, 53)
data.setCell(53, 1, 'verify_Disabled_LoginButton_EmptyUsernamePassword_TestCase10')
data.setCell(53, 2, 'zapcg.Capillary.LoginTestCases.Login_Invalid_TestCases')
data.setCell(53, 3, 0);
data.setCell(54, 0, 54)
data.setCell(54, 1, 'verify_Header_MemberDetailsScreen')
data.setCell(54, 2, 'zapcg.Capillary.MemberDetailsTestCases.memberDetails_TestCases')
data.setCell(54, 3, 0);
data.setCell(55, 0, 55)
data.setCell(55, 1, 'hamburgerIcon_MemberLookup_Navigation_From_LocationScreen')
data.setCell(55, 2, 'zapcg.Capillary.LocationPageTestCases.Location_ExistingUser_TestCases')
data.setCell(55, 3, 0);
data.setCell(56, 0, 56)
data.setCell(56, 1, 'enter_Valid_MemberId')
data.setCell(56, 2, 'zapcg.Capillary.MemberLookupTestCases.MemberLookup_Valid_TestCases')
data.setCell(56, 3, 0);
data.setCell(57, 0, 57)
data.setCell(57, 1, 'verify_With_Empty_TransactionAmount')
data.setCell(57, 2, 'zapcg.Capillary.EarnPointPageTestCases.EarnPoint_Invalid_TestCases')
data.setCell(57, 3, 0);
data.setCell(58, 0, 58)
data.setCell(58, 1, 'verify_TaxAssumedAmount')
data.setCell(58, 2, 'zapcg.Capillary.EarnPointPageTestCases.EarnPoint_Valid_TestCases')
data.setCell(58, 3, 0);
data.setCell(59, 0, 59)
data.setCell(59, 1, 'verify_ExceedThresold_SuccessMessage')
data.setCell(59, 2, 'zapcg.Capillary.EarnPointPageTestCases.EarnPoint_Valid_TestCases')
data.setCell(59, 3, 0);
data.setCell(60, 0, 60)
data.setCell(60, 1, 'hamburgerIcon_MemberLookup_Navigation_From_MemberLookup')
data.setCell(60, 2, 'zapcg.Capillary.MemberLookupTestCases.MemberLookup_Valid_TestCases')
data.setCell(60, 3, 0);
data.setCell(61, 0, 61)
data.setCell(61, 1, 'hamburgerIcon_Location_Navigation_From_MemberLookup')
data.setCell(61, 2, 'zapcg.Capillary.MemberLookupTestCases.MemberLookup_Valid_TestCases')
data.setCell(61, 3, 0);
window.suiteTableData['TestSuite']= { tableData: data, tableDiv: 'times-div-TestSuite'}
return data;
}
              </script>
              <span class="suite-total-time">Total running time: 15 seconds</span>
              <div id="times-div-TestSuite">
              </div> <!-- times-div-TestSuite -->
            </div> <!-- times-div -->
          </div> <!-- main-panel-content rounded-window-bottom -->
        </div> <!-- panel -->
        <div panel-name="reporter-TestSuite" class="panel">
          <div class="main-panel-header rounded-window-top">
            <span class="header-content">Reporter output for TestSuite</span>
          </div> <!-- main-panel-header rounded-window-top -->
          <div class="main-panel-content rounded-window-bottom">
          </div> <!-- main-panel-content rounded-window-bottom -->
        </div> <!-- panel -->
        <div panel-name="ignored-methods-TestSuite" class="panel">
          <div class="main-panel-header rounded-window-top">
            <span class="header-content">0 ignored methods</span>
          </div> <!-- main-panel-header rounded-window-top -->
          <div class="main-panel-content rounded-window-bottom">
          </div> <!-- main-panel-content rounded-window-bottom -->
        </div> <!-- panel -->
        <div panel-name="chronological-TestSuite" class="panel">
          <div class="main-panel-header rounded-window-top">
            <span class="header-content">Methods in chronological order</span>
          </div> <!-- main-panel-header rounded-window-top -->
          <div class="main-panel-content rounded-window-bottom">
            <div class="chronological-class">
              <div class="chronological-class-name">zapcg.Capillary.LoginTestCases.Login_Valid_TestCases</div> <!-- chronological-class-name -->
              <div class="configuration-method before">
                <img src="failed.png">
                </img>
                <span class="method-name">initialize(chrome, Tablet Portrait)</span>
                <span class="method-start">0 ms</span>
              </div> <!-- configuration-method before -->
            </div> <!-- chronological-class -->
            <div class="chronological-class">
              <div class="chronological-class-name">zapcg.Capillary.LoginTestCases.Login_Invalid_TestCases</div> <!-- chronological-class-name -->
              <div class="configuration-method before">
                <img src="failed.png">
                </img>
                <span class="method-name">initialize(chrome, Tablet Portrait)</span>
                <span class="method-start">2147 ms</span>
              </div> <!-- configuration-method before -->
            </div> <!-- chronological-class -->
            <div class="chronological-class">
              <div class="chronological-class-name">zapcg.Capillary.MemberLookupTestCases.MemberLookup_Valid_TestCases</div> <!-- chronological-class-name -->
              <div class="configuration-method before">
                <img src="failed.png">
                </img>
                <span class="method-name">initialize(chrome, Tablet Portrait)</span>
                <span class="method-start">3760 ms</span>
              </div> <!-- configuration-method before -->
            </div> <!-- chronological-class -->
            <div class="chronological-class">
              <div class="chronological-class-name">zapcg.Capillary.MemberLookupTestCases.memberLookup_Invalid_TestCases</div> <!-- chronological-class-name -->
              <div class="configuration-method before">
                <img src="failed.png">
                </img>
                <span class="method-name">initialize(chrome, Tablet Portrait)</span>
                <span class="method-start">5360 ms</span>
              </div> <!-- configuration-method before -->
            </div> <!-- chronological-class -->
            <div class="chronological-class">
              <div class="chronological-class-name">zapcg.Capillary.MemberDetailsTestCases.memberDetails_TestCases</div> <!-- chronological-class-name -->
              <div class="configuration-method before">
                <img src="failed.png">
                </img>
                <span class="method-name">initialize(chrome, Tablet Portrait)</span>
                <span class="method-start">6986 ms</span>
              </div> <!-- configuration-method before -->
            </div> <!-- chronological-class -->
            <div class="chronological-class">
              <div class="chronological-class-name">zapcg.Capillary.EarnPointPageTestCases.EarnPoint_Valid_TestCases</div> <!-- chronological-class-name -->
              <div class="configuration-method before">
                <img src="failed.png">
                </img>
                <span class="method-name">initialize(chrome, Tablet Portrait)</span>
                <span class="method-start">8761 ms</span>
              </div> <!-- configuration-method before -->
            </div> <!-- chronological-class -->
            <div class="chronological-class">
              <div class="chronological-class-name">zapcg.Capillary.EarnPointPageTestCases.GoToPassPointMoreThanAvailablePoint</div> <!-- chronological-class-name -->
              <div class="configuration-method before">
                <img src="failed.png">
                </img>
                <span class="method-name">initialize(chrome, Tablet Portrait)</span>
                <span class="method-start">10462 ms</span>
              </div> <!-- configuration-method before -->
            </div> <!-- chronological-class -->
            <div class="chronological-class">
              <div class="chronological-class-name">zapcg.Capillary.EarnPointPageTestCases.EarnPoint_Invalid_TestCases</div> <!-- chronological-class-name -->
              <div class="configuration-method before">
                <img src="failed.png">
                </img>
                <span class="method-name">initialize(chrome, Tablet Portrait)</span>
                <span class="method-start">12131 ms</span>
              </div> <!-- configuration-method before -->
              <div class="configuration-method before">
                <span class="method-name">initialize</span>
                <span class="method-start">13708 ms</span>
              </div> <!-- configuration-method before -->
            </div> <!-- chronological-class -->
            <div class="chronological-class">
              <div class="chronological-class-name">zapcg.Capillary.MemberLookupTestCases.MemberLookup_Valid_TestCases</div> <!-- chronological-class-name -->
              <div class="configuration-method before">
                <span class="method-name">initialize</span>
                <span class="method-start">13715 ms</span>
              </div> <!-- configuration-method before -->
            </div> <!-- chronological-class -->
            <div class="chronological-class">
              <div class="chronological-class-name">zapcg.Capillary.LoginTestCases.Login_Invalid_TestCases</div> <!-- chronological-class-name -->
              <div class="configuration-method before">
                <span class="method-name">initialize</span>
                <span class="method-start">13721 ms</span>
              </div> <!-- configuration-method before -->
            </div> <!-- chronological-class -->
            <div class="chronological-class">
              <div class="chronological-class-name">zapcg.Capillary.MemberDetailsTestCases.memberDetails_TestCases</div> <!-- chronological-class-name -->
              <div class="configuration-method before">
                <span class="method-name">initialize</span>
                <span class="method-start">13727 ms</span>
              </div> <!-- configuration-method before -->
            </div> <!-- chronological-class -->
            <div class="chronological-class">
              <div class="chronological-class-name">zapcg.Capillary.MemberLookupTestCases.memberLookup_Invalid_TestCases</div> <!-- chronological-class-name -->
              <div class="configuration-method before">
                <span class="method-name">initialize</span>
                <span class="method-start">13731 ms</span>
              </div> <!-- configuration-method before -->
            </div> <!-- chronological-class -->
            <div class="chronological-class">
              <div class="chronological-class-name">zapcg.Capillary.EarnPointPageTestCases.EarnPoint_Valid_TestCases</div> <!-- chronological-class-name -->
              <div class="configuration-method before">
                <span class="method-name">initialize</span>
                <span class="method-start">13738 ms</span>
              </div> <!-- configuration-method before -->
            </div> <!-- chronological-class -->
            <div class="chronological-class">
              <div class="chronological-class-name">zapcg.Capillary.EarnPointPageTestCases.EarnPoint_Invalid_TestCases</div> <!-- chronological-class-name -->
              <div class="configuration-method before">
                <span class="method-name">initialize</span>
                <span class="method-start">13742 ms</span>
              </div> <!-- configuration-method before -->
            </div> <!-- chronological-class -->
            <div class="chronological-class">
              <div class="chronological-class-name">zapcg.Capillary.LoginTestCases.Login_Invalid_TestCases</div> <!-- chronological-class-name -->
              <div class="configuration-method before">
                <span class="method-name">initialize</span>
                <span class="method-start">13747 ms</span>
              </div> <!-- configuration-method before -->
            </div> <!-- chronological-class -->
            <div class="chronological-class">
              <div class="chronological-class-name">zapcg.Capillary.LocationPageTestCases.Location_ExistingUser_TestCases</div> <!-- chronological-class-name -->
              <div class="configuration-method before">
                <img src="failed.png">
                </img>
                <span class="method-name">initialize(chrome, Tablet Portrait)</span>
                <span class="method-start">13752 ms</span>
              </div> <!-- configuration-method before -->
            </div> <!-- chronological-class -->
            <div class="chronological-class">
              <div class="chronological-class-name">zapcg.Capillary.MemberLookupTestCases.MemberLookup_Valid_TestCases</div> <!-- chronological-class-name -->
              <div class="configuration-method before">
                <span class="method-name">initialize</span>
                <span class="method-start">15483 ms</span>
              </div> <!-- configuration-method before -->
            </div> <!-- chronological-class -->
            <div class="chronological-class">
              <div class="chronological-class-name">zapcg.Capillary.MemberLookupTestCases.memberLookup_Invalid_TestCases</div> <!-- chronological-class-name -->
              <div class="configuration-method before">
                <span class="method-name">initialize</span>
                <span class="method-start">15488 ms</span>
              </div> <!-- configuration-method before -->
            </div> <!-- chronological-class -->
            <div class="chronological-class">
              <div class="chronological-class-name">zapcg.Capillary.MemberDetailsTestCases.memberDetails_TestCases</div> <!-- chronological-class-name -->
              <div class="configuration-method before">
                <span class="method-name">initialize</span>
                <span class="method-start">15490 ms</span>
              </div> <!-- configuration-method before -->
            </div> <!-- chronological-class -->
            <div class="chronological-class">
              <div class="chronological-class-name">zapcg.Capillary.EarnPointPageTestCases.EarnPoint_Valid_TestCases</div> <!-- chronological-class-name -->
              <div class="configuration-method before">
                <span class="method-name">initialize</span>
                <span class="method-start">15494 ms</span>
              </div> <!-- configuration-method before -->
            </div> <!-- chronological-class -->
            <div class="chronological-class">
              <div class="chronological-class-name">zapcg.Capillary.MemberLookupTestCases.MemberLookup_Valid_TestCases</div> <!-- chronological-class-name -->
              <div class="configuration-method before">
                <span class="method-name">initialize</span>
                <span class="method-start">15498 ms</span>
              </div> <!-- configuration-method before -->
            </div> <!-- chronological-class -->
            <div class="chronological-class">
              <div class="chronological-class-name">zapcg.Capillary.LoginTestCases.Login_Invalid_TestCases</div> <!-- chronological-class-name -->
              <div class="configuration-method before">
                <span class="method-name">initialize</span>
                <span class="method-start">15501 ms</span>
              </div> <!-- configuration-method before -->
            </div> <!-- chronological-class -->
            <div class="chronological-class">
              <div class="chronological-class-name">zapcg.Capillary.MemberLookupTestCases.memberLookup_Invalid_TestCases</div> <!-- chronological-class-name -->
              <div class="configuration-method before">
                <span class="method-name">initialize</span>
                <span class="method-start">15504 ms</span>
              </div> <!-- configuration-method before -->
            </div> <!-- chronological-class -->
            <div class="chronological-class">
              <div class="chronological-class-name">zapcg.Capillary.LocationPageTestCases.Location_ExistingUser_TestCases</div> <!-- chronological-class-name -->
              <div class="configuration-method before">
                <span class="method-name">initialize</span>
                <span class="method-start">15507 ms</span>
              </div> <!-- configuration-method before -->
            </div> <!-- chronological-class -->
            <div class="chronological-class">
              <div class="chronological-class-name">zapcg.Capillary.EarnPointPageTestCases.EarnPoint_Valid_TestCases</div> <!-- chronological-class-name -->
              <div class="configuration-method before">
                <span class="method-name">initialize</span>
                <span class="method-start">15511 ms</span>
              </div> <!-- configuration-method before -->
            </div> <!-- chronological-class -->
            <div class="chronological-class">
              <div class="chronological-class-name">zapcg.Capillary.MemberDetailsTestCases.memberDetails_TestCases</div> <!-- chronological-class-name -->
              <div class="configuration-method before">
                <span class="method-name">initialize</span>
                <span class="method-start">15513 ms</span>
              </div> <!-- configuration-method before -->
            </div> <!-- chronological-class -->
            <div class="chronological-class">
              <div class="chronological-class-name">zapcg.Capillary.MemberLookupTestCases.MemberLookup_Valid_TestCases</div> <!-- chronological-class-name -->
              <div class="configuration-method before">
                <span class="method-name">initialize</span>
                <span class="method-start">15517 ms</span>
              </div> <!-- configuration-method before -->
            </div> <!-- chronological-class -->
            <div class="chronological-class">
              <div class="chronological-class-name">zapcg.Capillary.LoginTestCases.Login_Invalid_TestCases</div> <!-- chronological-class-name -->
              <div class="configuration-method before">
                <span class="method-name">initialize</span>
                <span class="method-start">15523 ms</span>
              </div> <!-- configuration-method before -->
            </div> <!-- chronological-class -->
            <div class="chronological-class">
              <div class="chronological-class-name">zapcg.Capillary.MemberLookupTestCases.memberLookup_Invalid_TestCases</div> <!-- chronological-class-name -->
              <div class="configuration-method before">
                <span class="method-name">initialize</span>
                <span class="method-start">15530 ms</span>
              </div> <!-- configuration-method before -->
            </div> <!-- chronological-class -->
            <div class="chronological-class">
              <div class="chronological-class-name">zapcg.Capillary.MemberDetailsTestCases.memberDetails_TestCases</div> <!-- chronological-class-name -->
              <div class="configuration-method before">
                <span class="method-name">initialize</span>
                <span class="method-start">15537 ms</span>
              </div> <!-- configuration-method before -->
            </div> <!-- chronological-class -->
            <div class="chronological-class">
              <div class="chronological-class-name">zapcg.Capillary.LocationPageTestCases.Location_ExistingUser_TestCases</div> <!-- chronological-class-name -->
              <div class="configuration-method before">
                <span class="method-name">initialize</span>
                <span class="method-start">15545 ms</span>
              </div> <!-- configuration-method before -->
            </div> <!-- chronological-class -->
            <div class="chronological-class">
              <div class="chronological-class-name">zapcg.Capillary.EarnPointPageTestCases.EarnPoint_Valid_TestCases</div> <!-- chronological-class-name -->
              <div class="configuration-method before">
                <span class="method-name">initialize</span>
                <span class="method-start">15552 ms</span>
              </div> <!-- configuration-method before -->
            </div> <!-- chronological-class -->
            <div class="chronological-class">
              <div class="chronological-class-name">zapcg.Capillary.MemberLookupTestCases.MemberLookup_Valid_TestCases</div> <!-- chronological-class-name -->
              <div class="configuration-method before">
                <span class="method-name">initialize</span>
                <span class="method-start">15559 ms</span>
              </div> <!-- configuration-method before -->
            </div> <!-- chronological-class -->
            <div class="chronological-class">
              <div class="chronological-class-name">zapcg.Capillary.LocationPageTestCases.Location_ExistingUser_TestCases</div> <!-- chronological-class-name -->
              <div class="configuration-method before">
                <span class="method-name">initialize</span>
                <span class="method-start">15565 ms</span>
              </div> <!-- configuration-method before -->
            </div> <!-- chronological-class -->
            <div class="chronological-class">
              <div class="chronological-class-name">zapcg.Capillary.LoginTestCases.Login_Invalid_TestCases</div> <!-- chronological-class-name -->
              <div class="configuration-method before">
                <span class="method-name">initialize</span>
                <span class="method-start">15573 ms</span>
              </div> <!-- configuration-method before -->
            </div> <!-- chronological-class -->
            <div class="chronological-class">
              <div class="chronological-class-name">zapcg.Capillary.EarnPointPageTestCases.EarnPoint_Valid_TestCases</div> <!-- chronological-class-name -->
              <div class="configuration-method before">
                <span class="method-name">initialize</span>
                <span class="method-start">15579 ms</span>
              </div> <!-- configuration-method before -->
            </div> <!-- chronological-class -->
            <div class="chronological-class">
              <div class="chronological-class-name">zapcg.Capillary.LocationPageTestCases.Location_ExistingUser_TestCases</div> <!-- chronological-class-name -->
              <div class="configuration-method before">
                <span class="method-name">initialize</span>
                <span class="method-start">15587 ms</span>
              </div> <!-- configuration-method before -->
            </div> <!-- chronological-class -->
            <div class="chronological-class">
              <div class="chronological-class-name">zapcg.Capillary.EarnPointPageTestCases.EarnPoint_Valid_TestCases</div> <!-- chronological-class-name -->
              <div class="configuration-method before">
                <span class="method-name">initialize</span>
                <span class="method-start">15594 ms</span>
              </div> <!-- configuration-method before -->
            </div> <!-- chronological-class -->
            <div class="chronological-class">
              <div class="chronological-class-name">zapcg.Capillary.LoginTestCases.Login_Invalid_TestCases</div> <!-- chronological-class-name -->
              <div class="configuration-method before">
                <span class="method-name">initialize</span>
                <span class="method-start">15600 ms</span>
              </div> <!-- configuration-method before -->
            </div> <!-- chronological-class -->
            <div class="chronological-class">
              <div class="chronological-class-name">zapcg.Capillary.MemberDetailsTestCases.memberDetails_TestCases</div> <!-- chronological-class-name -->
              <div class="configuration-method before">
                <span class="method-name">initialize</span>
                <span class="method-start">15607 ms</span>
              </div> <!-- configuration-method before -->
            </div> <!-- chronological-class -->
            <div class="chronological-class">
              <div class="chronological-class-name">zapcg.Capillary.LocationPageTestCases.Location_ExistingUser_TestCases</div> <!-- chronological-class-name -->
              <div class="configuration-method before">
                <span class="method-name">initialize</span>
                <span class="method-start">15615 ms</span>
              </div> <!-- configuration-method before -->
            </div> <!-- chronological-class -->
            <div class="chronological-class">
              <div class="chronological-class-name">zapcg.Capillary.LoginTestCases.Login_Invalid_TestCases</div> <!-- chronological-class-name -->
              <div class="configuration-method before">
                <span class="method-name">initialize</span>
                <span class="method-start">15623 ms</span>
              </div> <!-- configuration-method before -->
            </div> <!-- chronological-class -->
            <div class="chronological-class">
              <div class="chronological-class-name">zapcg.Capillary.MemberDetailsTestCases.memberDetails_TestCases</div> <!-- chronological-class-name -->
              <div class="configuration-method before">
                <span class="method-name">initialize</span>
                <span class="method-start">15632 ms</span>
              </div> <!-- configuration-method before -->
            </div> <!-- chronological-class -->
            <div class="chronological-class">
              <div class="chronological-class-name">zapcg.Capillary.EarnPointPageTestCases.EarnPoint_Valid_TestCases</div> <!-- chronological-class-name -->
              <div class="configuration-method before">
                <span class="method-name">initialize</span>
                <span class="method-start">15637 ms</span>
              </div> <!-- configuration-method before -->
            </div> <!-- chronological-class -->
            <div class="chronological-class">
              <div class="chronological-class-name">zapcg.Capillary.LocationPageTestCases.Location_ExistingUser_TestCases</div> <!-- chronological-class-name -->
              <div class="configuration-method before">
                <span class="method-name">initialize</span>
                <span class="method-start">15644 ms</span>
              </div> <!-- configuration-method before -->
            </div> <!-- chronological-class -->
            <div class="chronological-class">
              <div class="chronological-class-name">zapcg.Capillary.LoginTestCases.Login_Invalid_TestCases</div> <!-- chronological-class-name -->
              <div class="configuration-method before">
                <span class="method-name">initialize</span>
                <span class="method-start">15649 ms</span>
              </div> <!-- configuration-method before -->
            </div> <!-- chronological-class -->
            <div class="chronological-class">
              <div class="chronological-class-name">zapcg.Capillary.EarnPointPageTestCases.EarnPoint_Valid_TestCases</div> <!-- chronological-class-name -->
              <div class="configuration-method before">
                <span class="method-name">initialize</span>
                <span class="method-start">15655 ms</span>
              </div> <!-- configuration-method before -->
            </div> <!-- chronological-class -->
            <div class="chronological-class">
              <div class="chronological-class-name">zapcg.Capillary.MemberDetailsTestCases.memberDetails_TestCases</div> <!-- chronological-class-name -->
              <div class="configuration-method before">
                <span class="method-name">initialize</span>
                <span class="method-start">15661 ms</span>
              </div> <!-- configuration-method before -->
              <div class="configuration-method before">
                <span class="method-name">initialize</span>
                <span class="method-start">15670 ms</span>
              </div> <!-- configuration-method before -->
            </div> <!-- chronological-class -->
            <div class="chronological-class">
              <div class="chronological-class-name">zapcg.Capillary.EarnPointPageTestCases.EarnPoint_Valid_TestCases</div> <!-- chronological-class-name -->
              <div class="configuration-method before">
                <span class="method-name">initialize</span>
                <span class="method-start">15675 ms</span>
              </div> <!-- configuration-method before -->
            </div> <!-- chronological-class -->
            <div class="chronological-class">
              <div class="chronological-class-name">zapcg.Capillary.LocationPageTestCases.Location_ExistingUser_TestCases</div> <!-- chronological-class-name -->
              <div class="configuration-method before">
                <span class="method-name">initialize</span>
                <span class="method-start">15686 ms</span>
              </div> <!-- configuration-method before -->
            </div> <!-- chronological-class -->
            <div class="chronological-class">
              <div class="chronological-class-name">zapcg.Capillary.EarnPointPageTestCases.EarnPoint_Valid_TestCases</div> <!-- chronological-class-name -->
              <div class="configuration-method before">
                <span class="method-name">initialize</span>
                <span class="method-start">15696 ms</span>
              </div> <!-- configuration-method before -->
            </div> <!-- chronological-class -->
            <div class="chronological-class">
              <div class="chronological-class-name">zapcg.Capillary.LocationPageTestCases.Location_ExistingUser_TestCases</div> <!-- chronological-class-name -->
              <div class="configuration-method before">
                <span class="method-name">initialize</span>
                <span class="method-start">15702 ms</span>
              </div> <!-- configuration-method before -->
            </div> <!-- chronological-class -->
            <div class="chronological-class">
              <div class="chronological-class-name">zapcg.Capillary.EarnPointPageTestCases.EarnPoint_Valid_TestCases</div> <!-- chronological-class-name -->
              <div class="configuration-method before">
                <span class="method-name">initialize</span>
                <span class="method-start">15709 ms</span>
              </div> <!-- configuration-method before -->
              <div class="configuration-method before">
                <span class="method-name">initialize</span>
                <span class="method-start">15717 ms</span>
              </div> <!-- configuration-method before -->
              <div class="configuration-method before">
                <span class="method-name">initialize</span>
                <span class="method-start">15721 ms</span>
              </div> <!-- configuration-method before -->
              <div class="configuration-method before">
                <span class="method-name">initialize</span>
                <span class="method-start">15725 ms</span>
              </div> <!-- configuration-method before -->
              <div class="configuration-method before">
                <span class="method-name">initialize</span>
                <span class="method-start">15730 ms</span>
              </div> <!-- configuration-method before -->
              <div class="configuration-method before">
                <span class="method-name">initialize</span>
                <span class="method-start">15734 ms</span>
              </div> <!-- configuration-method before -->
              <div class="configuration-method before">
                <span class="method-name">initialize</span>
                <span class="method-start">15738 ms</span>
              </div> <!-- configuration-method before -->
              <div class="configuration-method before">
                <span class="method-name">initialize</span>
                <span class="method-start">15742 ms</span>
              </div> <!-- configuration-method before -->
          </div> <!-- main-panel-content rounded-window-bottom -->
        </div> <!-- panel -->
      </div> <!-- main-panel-root -->
    </div> <!-- wrapper -->
  </body>
<script type="text/javascript" src="testng-reports2.js"></script>
</html>
