<?xml version="1.0" encoding="UTF-8"?>
<!-- Generated by org.testng.reporters.JUnitXMLReporter -->
<testsuite ignored="0" hostname="ZCBLRLP0293" failures="5" tests="22" name="LoginTestsChromeBrowserTabletPortrait" time="466.514" errors="0" timestamp="2024-07-11T21:35:36 IST">
  <testcase classname="zapcg.Capillary.EarnPointPageTestCases.EarnPoint_Valid_TestCases" name="verify_NonEditable_LocationField" time="0.09"/>
  <testcase classname="zapcg.Capillary.EarnPointPageTestCases.EarnPoint_Invalid_TestCases" name="verify_With_Empty_TransactionAmount" time="0.166"/>
  <testcase classname="zapcg.Capillary.EarnPointPageTestCases.EarnPoint_Invalid_TestCases" name="empty_TxnAmount_But_GoToPassPointValue" time="0.313"/>
  <testcase classname="zapcg.Capillary.EarnPointPageTestCases.EarnPoint_Valid_TestCases" name="verify_NonEditable_DateField" time="0.053"/>
  <testcase classname="zapcg.Capillary.EarnPointPageTestCases.EarnPoint_Invalid_TestCases" name="goTOPassPoint_More_Than_TransactionAmount" time="61.377">
    <failure type="java.lang.AssertionError" message="Timeout waiting for element.">
      <![CDATA[java.lang.AssertionError: Timeout waiting for element.
at zapcg.Capillary.PageObject.earnPointsPage.verifyValidationMessageIfGoToPassIsGreaterThanTxnAmt(earnPointsPage.java:947)
at zapcg.Capillary.EarnPointPageTestCases.EarnPoint_Invalid_TestCases.goTOPassPoint_More_Than_TransactionAmount(EarnPoint_Invalid_TestCases.java:79)
at java.base/java.util.ArrayList.forEach(ArrayList.java:1511)
at java.base/java.util.concurrent.FutureTask.run(FutureTask.java:264)
at java.base/java.util.concurrent.ThreadPoolExecutor.runWorker(ThreadPoolExecutor.java:1130)
at java.base/java.util.concurrent.ThreadPoolExecutor$Worker.run(ThreadPoolExecutor.java:630)
at java.base/java.lang.Thread.run(Thread.java:832)
... Removed 18 stack frames]]>
    </failure>
  </testcase> <!-- goTOPassPoint_More_Than_TransactionAmount -->
  <testcase classname="zapcg.Capillary.EarnPointPageTestCases.EarnPoint_Valid_TestCases" name="verify_NonEditable_TimeField" time="0.051"/>
  <testcase classname="zapcg.Capillary.EarnPointPageTestCases.EarnPoint_Valid_TestCases" name="verify_EarnPoints_Navigation_From_MeberDetailsScreen" time="0.059"/>
  <testcase classname="zapcg.Capillary.EarnPointPageTestCases.EarnPoint_Valid_TestCases" name="verify_MemberDetails_Content_Displaying_On_EarnPointScreen" time="61.29">
    <failure type="java.lang.AssertionError" message="An error occurred during Member details verification: Timeout waiting for elements.">
      <![CDATA[java.lang.AssertionError: An error occurred during Member details verification: Timeout waiting for elements.
at zapcg.Capillary.PageObject.earnPointsPage.verifyTheMemberDetailsContentDisplaying(earnPointsPage.java:220)
at zapcg.Capillary.EarnPointPageTestCases.EarnPoint_Valid_TestCases.verify_MemberDetails_Content_Displaying_On_EarnPointScreen(EarnPoint_Valid_TestCases.java:85)
at java.base/java.util.ArrayList.forEach(ArrayList.java:1511)
at java.base/java.util.concurrent.FutureTask.run(FutureTask.java:264)
at java.base/java.util.concurrent.ThreadPoolExecutor.runWorker(ThreadPoolExecutor.java:1130)
at java.base/java.util.concurrent.ThreadPoolExecutor$Worker.run(ThreadPoolExecutor.java:630)
at java.base/java.lang.Thread.run(Thread.java:832)
... Removed 18 stack frames]]>
    </failure>
  </testcase> <!-- verify_MemberDetails_Content_Displaying_On_EarnPointScreen -->
  <testcase classname="zapcg.Capillary.EarnPointPageTestCases.EarnPoint_Valid_TestCases" name="verify_HeaderHyperlink_On_EarnPoint_Page" time="0.306"/>
  <testcase classname="zapcg.Capillary.EarnPointPageTestCases.EarnPoint_Valid_TestCases" name="verify_BackButton_Navigation_On_EarnPoint_Page" time="0.164"/>
  <testcase classname="zapcg.Capillary.EarnPointPageTestCases.EarnPoint_Valid_TestCases" name="verify_Hamburger_MemberLookupOption_From_EarnPoint_Page" time="1.605"/>
  <testcase classname="zapcg.Capillary.EarnPointPageTestCases.EarnPoint_Valid_TestCases" name="verify_Hamburger_LocationOption_From_EarnPoint_Page" time="1.555"/>
  <testcase classname="zapcg.Capillary.EarnPointPageTestCases.EarnPoint_Valid_TestCases" name="verify_HamBurger_LogoutOption_From_EarnPoint_Page" time="1.492"/>
  <testcase classname="zapcg.Capillary.EarnPointPageTestCases.EarnPoint_Valid_TestCases" name="verify_Date_Equal_To_System_CurrentDate" time="0.083"/>
  <testcase classname="zapcg.Capillary.EarnPointPageTestCases.EarnPoint_Valid_TestCases" name="verify_Time_Equal_To_System_CurrentTime" time="0.065">
    <failure type="java.lang.AssertionError" message="The time in the field should match the system time expected [21:32:03] but found [21:32:02]">
      <![CDATA[java.lang.AssertionError: The time in the field should match the system time expected [21:32:03] but found [21:32:02]
at zapcg.Capillary.PageObject.earnPointsPage.timeVerification(earnPointsPage.java:666)
at zapcg.Capillary.EarnPointPageTestCases.EarnPoint_Valid_TestCases.verify_Time_Equal_To_System_CurrentTime(EarnPoint_Valid_TestCases.java:154)
at java.base/java.util.ArrayList.forEach(ArrayList.java:1511)
at java.base/java.util.concurrent.FutureTask.run(FutureTask.java:264)
at java.base/java.util.concurrent.ThreadPoolExecutor.runWorker(ThreadPoolExecutor.java:1130)
at java.base/java.util.concurrent.ThreadPoolExecutor$Worker.run(ThreadPoolExecutor.java:630)
at java.base/java.lang.Thread.run(Thread.java:832)
... Removed 22 stack frames]]>
    </failure>
  </testcase> <!-- verify_Time_Equal_To_System_CurrentTime -->
  <testcase classname="zapcg.Capillary.EarnPointPageTestCases.EarnPoint_Valid_TestCases" name="verify_With_Empty_TransactionAmount" time="0.22"/>
  <testcase classname="zapcg.Capillary.EarnPointPageTestCases.EarnPoint_Valid_TestCases" name="empty_TxnAmount_But_GoToPassPoint_Value" time="0.343"/>
  <testcase classname="zapcg.Capillary.EarnPointPageTestCases.EarnPoint_Valid_TestCases" name="verifySuccessMessageForOnlyTransactionAmount" time="2.283"/>
  <testcase classname="zapcg.Capillary.EarnPointPageTestCases.EarnPoint_Valid_TestCases" name="verify_TaxAssumedAmount" time="0.271"/>
  <testcase classname="zapcg.Capillary.EarnPointPageTestCases.EarnPoint_Valid_TestCases" name="verify_SuccessMessage_For_RedeemPoint" time="91.696">
    <failure type="java.lang.AssertionError" message="Timeout waiting for success message element.">
      <![CDATA[java.lang.AssertionError: Timeout waiting for success message element.
at zapcg.Capillary.PageObject.earnPointsPage.verifySuccessMessageIfRedeemingPoints(earnPointsPage.java:865)
at zapcg.Capillary.EarnPointPageTestCases.EarnPoint_Valid_TestCases.verify_SuccessMessage_For_RedeemPoint(EarnPoint_Valid_TestCases.java:231)
at java.base/java.util.ArrayList.forEach(ArrayList.java:1511)
at java.base/java.util.concurrent.FutureTask.run(FutureTask.java:264)
at java.base/java.util.concurrent.ThreadPoolExecutor.runWorker(ThreadPoolExecutor.java:1130)
at java.base/java.util.concurrent.ThreadPoolExecutor$Worker.run(ThreadPoolExecutor.java:630)
at java.base/java.lang.Thread.run(Thread.java:832)
... Removed 18 stack frames]]>
    </failure>
  </testcase> <!-- verify_SuccessMessage_For_RedeemPoint -->
  <testcase classname="zapcg.Capillary.EarnPointPageTestCases.EarnPoint_Valid_TestCases" name="verify_Eligible_EarningPoints" time="0.652"/>
  <testcase classname="zapcg.Capillary.EarnPointPageTestCases.EarnPoint_Valid_TestCases" name="verify_ExceedThresold_SuccessMessage" time="60.637">
    <failure type="java.lang.AssertionError" message="Timeout waiting for success message element.">
      <![CDATA[java.lang.AssertionError: Timeout waiting for success message element.
at zapcg.Capillary.PageObject.earnPointsPage.verifySuccessMessageExceedThresoldValue(earnPointsPage.java:1011)
at zapcg.Capillary.EarnPointPageTestCases.EarnPoint_Valid_TestCases.verify_ExceedThresold_SuccessMessage(EarnPoint_Valid_TestCases.java:286)
at java.base/java.util.ArrayList.forEach(ArrayList.java:1511)
at java.base/java.util.concurrent.FutureTask.run(FutureTask.java:264)
at java.base/java.util.concurrent.ThreadPoolExecutor.runWorker(ThreadPoolExecutor.java:1130)
at java.base/java.util.concurrent.ThreadPoolExecutor$Worker.run(ThreadPoolExecutor.java:630)
at java.base/java.lang.Thread.run(Thread.java:832)
... Removed 18 stack frames]]>
    </failure>
  </testcase> <!-- verify_ExceedThresold_SuccessMessage -->
</testsuite> <!-- LoginTestsChromeBrowserTabletPortrait -->
