<?xml version="1.0" encoding="UTF-8"?>
<!-- Generated by org.testng.reporters.JUnitXMLReporter -->
<testsuite ignored="0" hostname="ZCBLRLP0293" failures="2" tests="54" name="LoginTestsChromeBrowseriPhone11ProPortrait_OneTimeExecution" time="526.358" errors="0" timestamp="2024-07-25T11:23:46 IST">
  <testcase classname="zapcg.Capillary.LoginTestCases.Login_Valid_TestCases" name="Valid_Login" time="30.984"/>
  <testcase classname="zapcg.Capillary.LoginTestCases.Login_Invalid_TestCases" name="test_Invalid_Username" time="2.286"/>
  <testcase classname="zapcg.Capillary.LoginTestCases.Login_Invalid_TestCases" name="test_Invalid_Password" time="1.481"/>
  <testcase classname="zapcg.Capillary.LoginTestCases.Login_Invalid_TestCases" name="test_TooLong_Username" time="0.637"/>
  <testcase classname="zapcg.Capillary.LoginTestCases.Login_Invalid_TestCases" name="test_MinLength_Password" time="0.497"/>
  <testcase classname="zapcg.Capillary.LoginTestCases.Login_Invalid_TestCases" name="test_Username_WithSpaces" time="0.451"/>
  <testcase classname="zapcg.Capillary.LoginTestCases.Login_Invalid_TestCases" name="verify_Enabled_LoginButton" time="2.127"/>
  <testcase classname="zapcg.Capillary.LoginTestCases.Login_Invalid_TestCases" name="verify_Disabled_LoginButton_EmptyUsername" time="0.254"/>
  <testcase classname="zapcg.Capillary.LoginTestCases.Login_Invalid_TestCases" name="verify_Disabled_LoginButton_EmptyPassword" time="0.267"/>
  <testcase classname="zapcg.Capillary.LoginTestCases.Login_Invalid_TestCases" name="verify_Disabled_LoginButton_EmptyUsernamePassword_TestCase10" time="0.232"/>
  <testcase classname="zapcg.Capillary.LocationPageTestCases.Location_ExistingUser_TestCases" name="verify_Able_To_SelectOption_From_DropDown" time="0.282"/>
  <testcase classname="zapcg.Capillary.LocationPageTestCases.Location_ExistingUser_TestCases" name="verify_Choose_Location_Button_Availability" time="1.826"/>
  <testcase classname="zapcg.Capillary.LocationPageTestCases.Location_ExistingUser_TestCases" name="verify_Header_Of_MemberLookup_Screen" time="2.283"/>
  <testcase classname="zapcg.Capillary.LocationPageTestCases.Location_ExistingUser_TestCases" name="hamburgerIcon_MemberLookup_Navigation_From_LocationScreen" time="0.429"/>
  <testcase classname="zapcg.Capillary.LocationPageTestCases.Location_ExistingUser_TestCases" name="hamburgerIcon_MemberLocation_Navigation_From_LocationScreen" time="0.376"/>
  <testcase classname="zapcg.Capillary.LocationPageTestCases.Location_ExistingUser_TestCases" name="hamburger_Icon_Logout_From_LocationScreen" time="0.277"/>
  <testcase classname="zapcg.Capillary.LocationPageTestCases.Location_ExistingUser_TestCases" name="navigated_From_Location_To_LookupScreen_With_Valid_Inputs" time="1.512"/>
  <testcase classname="zapcg.Capillary.LocationPageTestCases.Location_ExistingUser_TestCases" name="choose_ValidLocation_For_NewUser" time="0.973"/>
  <testcase classname="zapcg.Capillary.LocationPageTestCases.Location_ExistingUser_TestCases" name="verify_DropDown_Availability" time="0.074"/>
  <testcase classname="zapcg.Capillary.MemberLookupTestCases.MemberLookup_Valid_TestCases" name="verifyScanButtonAvailability" time="1.303"/>
  <testcase classname="zapcg.Capillary.MemberLookupTestCases.MemberLookup_Valid_TestCases" name="enter_Valid_MemberId" time="3.002"/>
  <testcase classname="zapcg.Capillary.MemberLookupTestCases.MemberLookup_Valid_TestCases" name="verify_Header_Hyperlink" time="1.34"/>
  <testcase classname="zapcg.Capillary.MemberLookupTestCases.MemberLookup_Valid_TestCases" name="hamburgerIcon_MemberLookup_Navigation_From_MemberLookup" time="1.043"/>
  <testcase classname="zapcg.Capillary.MemberLookupTestCases.MemberLookup_Valid_TestCases" name="hamburgerIcon_Location_Navigation_From_MemberLookup" time="1.885"/>
  <testcase classname="zapcg.Capillary.MemberLookupTestCases.MemberLookup_Valid_TestCases" name="hamburgerIcon_Logout_From_MemberLookup" time="1.349"/>
  <testcase classname="zapcg.Capillary.MemberLookupTestCases.memberLookup_Invalid_TestCases" name="verify_Invalid_MemberID" time="3.427"/>
  <testcase classname="zapcg.Capillary.MemberLookupTestCases.memberLookup_Invalid_TestCases" name="verify_MemberId_Field_MaxLength" time="1.5"/>
  <testcase classname="zapcg.Capillary.MemberLookupTestCases.memberLookup_Invalid_TestCases" name="verify_Invalid_CardNumber_MinLength" time="2.928"/>
  <testcase classname="zapcg.Capillary.MemberLookupTestCases.memberLookup_Invalid_TestCases" name="verify_CardNumber_Field_MaxLength" time="1.352"/>
  <testcase classname="zapcg.Capillary.MemberLookupTestCases.memberLookup_Invalid_TestCases" name="verify_Empty_CardNumber_ButtonIsDisabled" time="1.307"/>
  <testcase classname="zapcg.Capillary.EarnPointPageTestCases.EarnPoint_Valid_TestCases" name="verify_NonEditable_LocationField" time="1.181"/>
  <testcase classname="zapcg.Capillary.EarnPointPageTestCases.EarnPoint_Valid_TestCases" name="verify_NonEditable_DateField" time="1.762"/>
  <testcase classname="zapcg.Capillary.EarnPointPageTestCases.EarnPoint_Valid_TestCases" name="verify_NonEditable_TimeField" time="1.64"/>
  <testcase classname="zapcg.Capillary.EarnPointPageTestCases.EarnPoint_Valid_TestCases" name="verify_EarnPoints_Navigation_From_MeberDetailsScreen" time="1.71"/>
  <testcase classname="zapcg.Capillary.EarnPointPageTestCases.EarnPoint_Valid_TestCases" name="verify_MemberDetails_Content_Displaying_On_EarnPointScreen" time="62.871">
    <failure type="java.lang.AssertionError" message="An error occurred during Member details verification: Timeout waiting for elements.">
      <![CDATA[java.lang.AssertionError: An error occurred during Member details verification: Timeout waiting for elements.
at zapcg.Capillary.PageObject.earnPointsPage.verifyTheMemberDetailsContentDisplaying(earnPointsPage.java:225)
at zapcg.Capillary.EarnPointPageTestCases.EarnPoint_Valid_TestCases.verify_MemberDetails_Content_Displaying_On_EarnPointScreen(EarnPoint_Valid_TestCases.java:86)
at java.base/java.util.ArrayList.forEach(ArrayList.java:1511)
... Removed 28 stack frames]]>
    </failure>
  </testcase> <!-- verify_MemberDetails_Content_Displaying_On_EarnPointScreen -->
  <testcase classname="zapcg.Capillary.EarnPointPageTestCases.EarnPoint_Valid_TestCases" name="verify_HeaderHyperlink_On_EarnPoint_Page" time="1.896"/>
  <testcase classname="zapcg.Capillary.EarnPointPageTestCases.EarnPoint_Valid_TestCases" name="verify_BackButton_Navigation_On_EarnPoint_Page" time="2.035"/>
  <testcase classname="zapcg.Capillary.EarnPointPageTestCases.EarnPoint_Valid_TestCases" name="verify_Hamburger_MemberLookupOption_From_EarnPoint_Page" time="2.987"/>
  <testcase classname="zapcg.Capillary.EarnPointPageTestCases.EarnPoint_Valid_TestCases" name="verify_Hamburger_LocationOption_From_EarnPoint_Page" time="2.838"/>
  <testcase classname="zapcg.Capillary.EarnPointPageTestCases.EarnPoint_Valid_TestCases" name="verify_HamBurger_LogoutOption_From_EarnPoint_Page" time="2.83"/>
  <testcase classname="zapcg.Capillary.EarnPointPageTestCases.EarnPoint_Valid_TestCases" name="verify_Date_Equal_To_System_CurrentDate" time="1.681"/>
  <testcase classname="zapcg.Capillary.EarnPointPageTestCases.EarnPoint_Valid_TestCases" name="verify_Time_Equal_To_System_CurrentTime" time="1.631"/>
  <testcase classname="zapcg.Capillary.EarnPointPageTestCases.EarnPoint_Valid_TestCases" name="verify_With_Empty_TransactionAmount" time="0.927"/>
  <testcase classname="zapcg.Capillary.EarnPointPageTestCases.EarnPoint_Valid_TestCases" name="empty_TxnAmount_But_GoToPassPoint_Value" time="1.435"/>
  <testcase classname="zapcg.Capillary.EarnPointPageTestCases.EarnPoint_Valid_TestCases" name="verifySuccessMessageForOnlyTransactionAmount" time="3.377"/>
  <testcase classname="zapcg.Capillary.EarnPointPageTestCases.EarnPoint_Valid_TestCases" name="verify_TaxAssumedAmount" time="1.819">
    <failure type="java.lang.AssertionError" message="expected [4] but found [5]">
      <![CDATA[java.lang.AssertionError: expected [4] but found [5]
at zapcg.Capillary.EarnPointPageTestCases.EarnPoint_Valid_TestCases.verify_TaxAssumedAmount(EarnPoint_Valid_TestCases.java:216)
at java.base/java.util.ArrayList.forEach(ArrayList.java:1511)
... Removed 34 stack frames]]>
    </failure>
  </testcase> <!-- verify_TaxAssumedAmount -->
  <testcase classname="zapcg.Capillary.EarnPointPageTestCases.EarnPoint_Valid_TestCases" name="verify_Eligible_EarningPoints" time="1.491"/>
  <testcase classname="zapcg.Capillary.EarnPointPageTestCases.EarnPoint_Valid_TestCases" name="verify_ExceedThresold_SuccessMessage" time="3.295"/>
  <testcase classname="zapcg.Capillary.EarnPointPageTestCases.EarnPoint_Invalid_TestCases" name="verify_With_Empty_TransactionAmount" time="1.72"/>
  <testcase classname="zapcg.Capillary.EarnPointPageTestCases.EarnPoint_Invalid_TestCases" name="empty_TxnAmount_But_GoToPassPointValue" time="1.89"/>
  <testcase classname="zapcg.Capillary.EarnPointPageTestCases.EarnPoint_Invalid_TestCases" name="goTOPassPoint_More_Than_TransactionAmount" time="1.981"/>
  <testcase classname="zapcg.Capillary.EarnPointPageTestCases.GoToPassPointMoreThanAvailablePoint" name="verify_ValidationMessage_If_GoToPass_Is_Greater_Than_AvailablePoints" time="0.0"/>
  <testcase classname="zapcg.Capillary.EarnPointPageTestCases.OneTimeExecute_pointVerificationAfterRedeemingPoints" name="verify_TotalPoints_Before_and_After" time="0.0"/>
  <testcase classname="zapcg.Capillary.EarnPointPageTestCases.OneTimeExecute_TransactionExceedsThreshold" name="TransactionExceedsThreshold" time="3.142"/>
</testsuite> <!-- LoginTestsChromeBrowseriPhone11ProPortrait_OneTimeExecution -->
