<html>
<head>
<title>TestNG:  LoginTestsChromeBrowserTabletPortrait</title>
<link href="../testng.css" rel="stylesheet" type="text/css" />
<link href="../my-testng.css" rel="stylesheet" type="text/css" />

<style type="text/css">
.log { display: none;} 
.stack-trace { display: none;} 
</style>
<script type="text/javascript">
<!--
function flip(e) {
  current = e.style.display;
  if (current == 'block') {
    e.style.display = 'none';
    return 0;
  }
  else {
    e.style.display = 'block';
    return 1;
  }
}

function toggleBox(szDivId, elem, msg1, msg2)
{
  var res = -1;  if (document.getElementById) {
    res = flip(document.getElementById(szDivId));
  }
  else if (document.all) {
    // this is the way old msie versions work
    res = flip(document.all[szDivId]);
  }
  if(elem) {
    if(res == 0) elem.innerHTML = msg1; else elem.innerHTML = msg2;
  }

}

function toggleAllBoxes() {
  if (document.getElementsByTagName) {
    d = document.getElementsByTagName('div');
    for (i = 0; i < d.length; i++) {
      if (d[i].className == 'log') {
        flip(d[i]);
      }
    }
  }
}

// -->
</script>

</head>
<body>
<h2 align='center'>LoginTestsChromeBrowserTabletPortrait</h2><table border='1' align="center">
<tr>
<td>Tests passed/Failed/Skipped:</td><td>17/5/0</td>
</tr><tr>
<td>Started on:</td><td>Thu Jul 11 21:27:50 IST 2024</td>
</tr>
<tr><td>Total time:</td><td>466 seconds (466514 ms)</td>
</tr><tr>
<td>Included groups:</td><td></td>
</tr><tr>
<td>Excluded groups:</td><td></td>
</tr>
</table><p/>
<small><i>(Hover the method name to see the test class name)</i></small><p/>
<table width='100%' border='1' class='invocation-failed'>
<tr><td colspan='4' align='center'><b>FAILED TESTS</b></td></tr>
<tr><td><b>Test method</b></td>
<td><b>Attribute(s)</b></td>
<td width="30%"><b>Exception</b></td>
<td width="10%"><b>Time (seconds)</b></td>
<td><b>Instance</b></td>
</tr>
<tr>
<td title='zapcg.Capillary.EarnPointPageTestCases.EarnPoint_Invalid_TestCases.goTOPassPoint_More_Than_TransactionAmount()'><b>goTOPassPoint_More_Than_TransactionAmount</b><br>Test class: zapcg.Capillary.EarnPointPageTestCases.EarnPoint_Invalid_TestCases</td>
<td><div><pre>java.lang.AssertionError: Timeout waiting for element.
	at zapcg.Capillary.PageObject.earnPointsPage.verifyValidationMessageIfGoToPassIsGreaterThanTxnAmt(earnPointsPage.java:947)
	at zapcg.Capillary.EarnPointPageTestCases.EarnPoint_Invalid_TestCases.goTOPassPoint_More_Than_TransactionAmount(EarnPoint_Invalid_TestCases.java:79)
	at java.base/java.util.ArrayList.forEach(ArrayList.java:1511)
	at java.base/java.util.concurrent.FutureTask.run(FutureTask.java:264)
	at java.base/java.util.concurrent.ThreadPoolExecutor.runWorker(ThreadPoolExecutor.java:1130)
	at java.base/java.util.concurrent.ThreadPoolExecutor$Worker.run(ThreadPoolExecutor.java:630)
	at java.base/java.lang.Thread.run(Thread.java:832)
... Removed 18 stack frames</pre></div><a href='#' onClick='toggleBox("stack-trace1304886422", this, "Click to show all stack frames", "Click to hide stack frames")'>Click to show all stack frames</a>
<div class='stack-trace' id='stack-trace1304886422'><pre>java.lang.AssertionError: Timeout waiting for element.
	at org.testng.Assert.fail(Assert.java:111)
	at zapcg.Capillary.PageObject.earnPointsPage.verifyValidationMessageIfGoToPassIsGreaterThanTxnAmt(earnPointsPage.java:947)
	at zapcg.Capillary.EarnPointPageTestCases.EarnPoint_Invalid_TestCases.goTOPassPoint_More_Than_TransactionAmount(EarnPoint_Invalid_TestCases.java:79)
	at java.base/jdk.internal.reflect.NativeMethodAccessorImpl.invoke0(Native Method)
	at java.base/jdk.internal.reflect.NativeMethodAccessorImpl.invoke(NativeMethodAccessorImpl.java:64)
	at java.base/jdk.internal.reflect.DelegatingMethodAccessorImpl.invoke(DelegatingMethodAccessorImpl.java:43)
	at java.base/java.lang.reflect.Method.invoke(Method.java:564)
	at org.testng.internal.invokers.MethodInvocationHelper.invokeMethod(MethodInvocationHelper.java:141)
	at org.testng.internal.invokers.TestInvoker.invokeMethod(TestInvoker.java:686)
	at org.testng.internal.invokers.TestInvoker.invokeTestMethod(TestInvoker.java:230)
	at org.testng.internal.invokers.MethodRunner.runInSequence(MethodRunner.java:63)
	at org.testng.internal.invokers.TestInvoker$MethodInvocationAgent.invoke(TestInvoker.java:992)
	at org.testng.internal.invokers.TestInvoker.invokeTestMethods(TestInvoker.java:203)
	at org.testng.internal.invokers.TestMethodWorker.invokeTestMethods(TestMethodWorker.java:154)
	at org.testng.internal.invokers.TestMethodWorker.run(TestMethodWorker.java:134)
	at java.base/java.util.ArrayList.forEach(ArrayList.java:1511)
	at org.testng.TestRunner.privateRun(TestRunner.java:739)
	at org.testng.TestRunner.run(TestRunner.java:614)
	at org.testng.SuiteRunner.runTest(SuiteRunner.java:421)
	at org.testng.SuiteRunner$SuiteWorker.run(SuiteRunner.java:463)
	at org.testng.internal.thread.ThreadUtil.lambda$execute$0(ThreadUtil.java:64)
	at java.base/java.util.concurrent.FutureTask.run(FutureTask.java:264)
	at java.base/java.util.concurrent.ThreadPoolExecutor.runWorker(ThreadPoolExecutor.java:1130)
	at java.base/java.util.concurrent.ThreadPoolExecutor$Worker.run(ThreadPoolExecutor.java:630)
	at java.base/java.lang.Thread.run(Thread.java:832)
</pre></div></td>
<td>61</td>
<td>zapcg.Capillary.EarnPointPageTestCases.EarnPoint_Invalid_TestCases@6b739528</td></tr>
<tr>
<td title='zapcg.Capillary.EarnPointPageTestCases.EarnPoint_Valid_TestCases.verify_SuccessMessage_For_RedeemPoint()'><b>verify_SuccessMessage_For_RedeemPoint</b><br>Test class: zapcg.Capillary.EarnPointPageTestCases.EarnPoint_Valid_TestCases</td>
<td><div><pre>java.lang.AssertionError: Timeout waiting for success message element.
	at zapcg.Capillary.PageObject.earnPointsPage.verifySuccessMessageIfRedeemingPoints(earnPointsPage.java:865)
	at zapcg.Capillary.EarnPointPageTestCases.EarnPoint_Valid_TestCases.verify_SuccessMessage_For_RedeemPoint(EarnPoint_Valid_TestCases.java:231)
	at java.base/java.util.ArrayList.forEach(ArrayList.java:1511)
	at java.base/java.util.concurrent.FutureTask.run(FutureTask.java:264)
	at java.base/java.util.concurrent.ThreadPoolExecutor.runWorker(ThreadPoolExecutor.java:1130)
	at java.base/java.util.concurrent.ThreadPoolExecutor$Worker.run(ThreadPoolExecutor.java:630)
	at java.base/java.lang.Thread.run(Thread.java:832)
... Removed 18 stack frames</pre></div><a href='#' onClick='toggleBox("stack-trace1353017959", this, "Click to show all stack frames", "Click to hide stack frames")'>Click to show all stack frames</a>
<div class='stack-trace' id='stack-trace1353017959'><pre>java.lang.AssertionError: Timeout waiting for success message element.
	at org.testng.Assert.fail(Assert.java:111)
	at zapcg.Capillary.PageObject.earnPointsPage.verifySuccessMessageIfRedeemingPoints(earnPointsPage.java:865)
	at zapcg.Capillary.EarnPointPageTestCases.EarnPoint_Valid_TestCases.verify_SuccessMessage_For_RedeemPoint(EarnPoint_Valid_TestCases.java:231)
	at java.base/jdk.internal.reflect.NativeMethodAccessorImpl.invoke0(Native Method)
	at java.base/jdk.internal.reflect.NativeMethodAccessorImpl.invoke(NativeMethodAccessorImpl.java:64)
	at java.base/jdk.internal.reflect.DelegatingMethodAccessorImpl.invoke(DelegatingMethodAccessorImpl.java:43)
	at java.base/java.lang.reflect.Method.invoke(Method.java:564)
	at org.testng.internal.invokers.MethodInvocationHelper.invokeMethod(MethodInvocationHelper.java:141)
	at org.testng.internal.invokers.TestInvoker.invokeMethod(TestInvoker.java:686)
	at org.testng.internal.invokers.TestInvoker.invokeTestMethod(TestInvoker.java:230)
	at org.testng.internal.invokers.MethodRunner.runInSequence(MethodRunner.java:63)
	at org.testng.internal.invokers.TestInvoker$MethodInvocationAgent.invoke(TestInvoker.java:992)
	at org.testng.internal.invokers.TestInvoker.invokeTestMethods(TestInvoker.java:203)
	at org.testng.internal.invokers.TestMethodWorker.invokeTestMethods(TestMethodWorker.java:154)
	at org.testng.internal.invokers.TestMethodWorker.run(TestMethodWorker.java:134)
	at java.base/java.util.ArrayList.forEach(ArrayList.java:1511)
	at org.testng.TestRunner.privateRun(TestRunner.java:739)
	at org.testng.TestRunner.run(TestRunner.java:614)
	at org.testng.SuiteRunner.runTest(SuiteRunner.java:421)
	at org.testng.SuiteRunner$SuiteWorker.run(SuiteRunner.java:463)
	at org.testng.internal.thread.ThreadUtil.lambda$execute$0(ThreadUtil.java:64)
	at java.base/java.util.concurrent.FutureTask.run(FutureTask.java:264)
	at java.base/java.util.concurrent.ThreadPoolExecutor.runWorker(ThreadPoolExecutor.java:1130)
	at java.base/java.util.concurrent.ThreadPoolExecutor$Worker.run(ThreadPoolExecutor.java:630)
	at java.base/java.lang.Thread.run(Thread.java:832)
</pre></div></td>
<td>91</td>
<td>zapcg.Capillary.EarnPointPageTestCases.EarnPoint_Valid_TestCases@51b01960</td></tr>
<tr>
<td title='zapcg.Capillary.EarnPointPageTestCases.EarnPoint_Valid_TestCases.verify_MemberDetails_Content_Displaying_On_EarnPointScreen()'><b>verify_MemberDetails_Content_Displaying_On_EarnPointScreen</b><br>Test class: zapcg.Capillary.EarnPointPageTestCases.EarnPoint_Valid_TestCases</td>
<td><div><pre>java.lang.AssertionError: An error occurred during Member details verification: Timeout waiting for elements.
	at zapcg.Capillary.PageObject.earnPointsPage.verifyTheMemberDetailsContentDisplaying(earnPointsPage.java:220)
	at zapcg.Capillary.EarnPointPageTestCases.EarnPoint_Valid_TestCases.verify_MemberDetails_Content_Displaying_On_EarnPointScreen(EarnPoint_Valid_TestCases.java:85)
	at java.base/java.util.ArrayList.forEach(ArrayList.java:1511)
	at java.base/java.util.concurrent.FutureTask.run(FutureTask.java:264)
	at java.base/java.util.concurrent.ThreadPoolExecutor.runWorker(ThreadPoolExecutor.java:1130)
	at java.base/java.util.concurrent.ThreadPoolExecutor$Worker.run(ThreadPoolExecutor.java:630)
	at java.base/java.lang.Thread.run(Thread.java:832)
... Removed 18 stack frames</pre></div><a href='#' onClick='toggleBox("stack-trace901982752", this, "Click to show all stack frames", "Click to hide stack frames")'>Click to show all stack frames</a>
<div class='stack-trace' id='stack-trace901982752'><pre>java.lang.AssertionError: An error occurred during Member details verification: Timeout waiting for elements.
	at org.testng.Assert.fail(Assert.java:111)
	at zapcg.Capillary.PageObject.earnPointsPage.verifyTheMemberDetailsContentDisplaying(earnPointsPage.java:220)
	at zapcg.Capillary.EarnPointPageTestCases.EarnPoint_Valid_TestCases.verify_MemberDetails_Content_Displaying_On_EarnPointScreen(EarnPoint_Valid_TestCases.java:85)
	at java.base/jdk.internal.reflect.NativeMethodAccessorImpl.invoke0(Native Method)
	at java.base/jdk.internal.reflect.NativeMethodAccessorImpl.invoke(NativeMethodAccessorImpl.java:64)
	at java.base/jdk.internal.reflect.DelegatingMethodAccessorImpl.invoke(DelegatingMethodAccessorImpl.java:43)
	at java.base/java.lang.reflect.Method.invoke(Method.java:564)
	at org.testng.internal.invokers.MethodInvocationHelper.invokeMethod(MethodInvocationHelper.java:141)
	at org.testng.internal.invokers.TestInvoker.invokeMethod(TestInvoker.java:686)
	at org.testng.internal.invokers.TestInvoker.invokeTestMethod(TestInvoker.java:230)
	at org.testng.internal.invokers.MethodRunner.runInSequence(MethodRunner.java:63)
	at org.testng.internal.invokers.TestInvoker$MethodInvocationAgent.invoke(TestInvoker.java:992)
	at org.testng.internal.invokers.TestInvoker.invokeTestMethods(TestInvoker.java:203)
	at org.testng.internal.invokers.TestMethodWorker.invokeTestMethods(TestMethodWorker.java:154)
	at org.testng.internal.invokers.TestMethodWorker.run(TestMethodWorker.java:134)
	at java.base/java.util.ArrayList.forEach(ArrayList.java:1511)
	at org.testng.TestRunner.privateRun(TestRunner.java:739)
	at org.testng.TestRunner.run(TestRunner.java:614)
	at org.testng.SuiteRunner.runTest(SuiteRunner.java:421)
	at org.testng.SuiteRunner$SuiteWorker.run(SuiteRunner.java:463)
	at org.testng.internal.thread.ThreadUtil.lambda$execute$0(ThreadUtil.java:64)
	at java.base/java.util.concurrent.FutureTask.run(FutureTask.java:264)
	at java.base/java.util.concurrent.ThreadPoolExecutor.runWorker(ThreadPoolExecutor.java:1130)
	at java.base/java.util.concurrent.ThreadPoolExecutor$Worker.run(ThreadPoolExecutor.java:630)
	at java.base/java.lang.Thread.run(Thread.java:832)
</pre></div></td>
<td>61</td>
<td>zapcg.Capillary.EarnPointPageTestCases.EarnPoint_Valid_TestCases@51b01960</td></tr>
<tr>
<td title='zapcg.Capillary.EarnPointPageTestCases.EarnPoint_Valid_TestCases.verify_Time_Equal_To_System_CurrentTime()'><b>verify_Time_Equal_To_System_CurrentTime</b><br>Test class: zapcg.Capillary.EarnPointPageTestCases.EarnPoint_Valid_TestCases</td>
<td><div><pre>java.lang.AssertionError: The time in the field should match the system time expected [21:32:03] but found [21:32:02]
	at zapcg.Capillary.PageObject.earnPointsPage.timeVerification(earnPointsPage.java:666)
	at zapcg.Capillary.EarnPointPageTestCases.EarnPoint_Valid_TestCases.verify_Time_Equal_To_System_CurrentTime(EarnPoint_Valid_TestCases.java:154)
	at java.base/java.util.ArrayList.forEach(ArrayList.java:1511)
	at java.base/java.util.concurrent.FutureTask.run(FutureTask.java:264)
	at java.base/java.util.concurrent.ThreadPoolExecutor.runWorker(ThreadPoolExecutor.java:1130)
	at java.base/java.util.concurrent.ThreadPoolExecutor$Worker.run(ThreadPoolExecutor.java:630)
	at java.base/java.lang.Thread.run(Thread.java:832)
... Removed 22 stack frames</pre></div><a href='#' onClick='toggleBox("stack-trace1587476281", this, "Click to show all stack frames", "Click to hide stack frames")'>Click to show all stack frames</a>
<div class='stack-trace' id='stack-trace1587476281'><pre>java.lang.AssertionError: The time in the field should match the system time expected [21:32:03] but found [21:32:02]
	at org.testng.Assert.fail(Assert.java:111)
	at org.testng.Assert.failNotEquals(Assert.java:1578)
	at org.testng.Assert.assertEqualsImpl(Assert.java:150)
	at org.testng.Assert.assertEquals(Assert.java:132)
	at org.testng.Assert.assertEquals(Assert.java:656)
	at zapcg.Capillary.PageObject.earnPointsPage.timeVerification(earnPointsPage.java:666)
	at zapcg.Capillary.EarnPointPageTestCases.EarnPoint_Valid_TestCases.verify_Time_Equal_To_System_CurrentTime(EarnPoint_Valid_TestCases.java:154)
	at java.base/jdk.internal.reflect.NativeMethodAccessorImpl.invoke0(Native Method)
	at java.base/jdk.internal.reflect.NativeMethodAccessorImpl.invoke(NativeMethodAccessorImpl.java:64)
	at java.base/jdk.internal.reflect.DelegatingMethodAccessorImpl.invoke(DelegatingMethodAccessorImpl.java:43)
	at java.base/java.lang.reflect.Method.invoke(Method.java:564)
	at org.testng.internal.invokers.MethodInvocationHelper.invokeMethod(MethodInvocationHelper.java:141)
	at org.testng.internal.invokers.TestInvoker.invokeMethod(TestInvoker.java:686)
	at org.testng.internal.invokers.TestInvoker.invokeTestMethod(TestInvoker.java:230)
	at org.testng.internal.invokers.MethodRunner.runInSequence(MethodRunner.java:63)
	at org.testng.internal.invokers.TestInvoker$MethodInvocationAgent.invoke(TestInvoker.java:992)
	at org.testng.internal.invokers.TestInvoker.invokeTestMethods(TestInvoker.java:203)
	at org.testng.internal.invokers.TestMethodWorker.invokeTestMethods(TestMethodWorker.java:154)
	at org.testng.internal.invokers.TestMethodWorker.run(TestMethodWorker.java:134)
	at java.base/java.util.ArrayList.forEach(ArrayList.java:1511)
	at org.testng.TestRunner.privateRun(TestRunner.java:739)
	at org.testng.TestRunner.run(TestRunner.java:614)
	at org.testng.SuiteRunner.runTest(SuiteRunner.java:421)
	at org.testng.SuiteRunner$SuiteWorker.run(SuiteRunner.java:463)
	at org.testng.internal.thread.ThreadUtil.lambda$execute$0(ThreadUtil.java:64)
	at java.base/java.util.concurrent.FutureTask.run(FutureTask.java:264)
	at java.base/java.util.concurrent.ThreadPoolExecutor.runWorker(ThreadPoolExecutor.java:1130)
	at java.base/java.util.concurrent.ThreadPoolExecutor$Worker.run(ThreadPoolExecutor.java:630)
	at java.base/java.lang.Thread.run(Thread.java:832)
</pre></div></td>
<td>0</td>
<td>zapcg.Capillary.EarnPointPageTestCases.EarnPoint_Valid_TestCases@51b01960</td></tr>
<tr>
<td title='zapcg.Capillary.EarnPointPageTestCases.EarnPoint_Valid_TestCases.verify_ExceedThresold_SuccessMessage()'><b>verify_ExceedThresold_SuccessMessage</b><br>Test class: zapcg.Capillary.EarnPointPageTestCases.EarnPoint_Valid_TestCases</td>
<td><div><pre>java.lang.AssertionError: Timeout waiting for success message element.
	at zapcg.Capillary.PageObject.earnPointsPage.verifySuccessMessageExceedThresoldValue(earnPointsPage.java:1011)
	at zapcg.Capillary.EarnPointPageTestCases.EarnPoint_Valid_TestCases.verify_ExceedThresold_SuccessMessage(EarnPoint_Valid_TestCases.java:286)
	at java.base/java.util.ArrayList.forEach(ArrayList.java:1511)
	at java.base/java.util.concurrent.FutureTask.run(FutureTask.java:264)
	at java.base/java.util.concurrent.ThreadPoolExecutor.runWorker(ThreadPoolExecutor.java:1130)
	at java.base/java.util.concurrent.ThreadPoolExecutor$Worker.run(ThreadPoolExecutor.java:630)
	at java.base/java.lang.Thread.run(Thread.java:832)
... Removed 18 stack frames</pre></div><a href='#' onClick='toggleBox("stack-trace778835687", this, "Click to show all stack frames", "Click to hide stack frames")'>Click to show all stack frames</a>
<div class='stack-trace' id='stack-trace778835687'><pre>java.lang.AssertionError: Timeout waiting for success message element.
	at org.testng.Assert.fail(Assert.java:111)
	at zapcg.Capillary.PageObject.earnPointsPage.verifySuccessMessageExceedThresoldValue(earnPointsPage.java:1011)
	at zapcg.Capillary.EarnPointPageTestCases.EarnPoint_Valid_TestCases.verify_ExceedThresold_SuccessMessage(EarnPoint_Valid_TestCases.java:286)
	at java.base/jdk.internal.reflect.NativeMethodAccessorImpl.invoke0(Native Method)
	at java.base/jdk.internal.reflect.NativeMethodAccessorImpl.invoke(NativeMethodAccessorImpl.java:64)
	at java.base/jdk.internal.reflect.DelegatingMethodAccessorImpl.invoke(DelegatingMethodAccessorImpl.java:43)
	at java.base/java.lang.reflect.Method.invoke(Method.java:564)
	at org.testng.internal.invokers.MethodInvocationHelper.invokeMethod(MethodInvocationHelper.java:141)
	at org.testng.internal.invokers.TestInvoker.invokeMethod(TestInvoker.java:686)
	at org.testng.internal.invokers.TestInvoker.invokeTestMethod(TestInvoker.java:230)
	at org.testng.internal.invokers.MethodRunner.runInSequence(MethodRunner.java:63)
	at org.testng.internal.invokers.TestInvoker$MethodInvocationAgent.invoke(TestInvoker.java:992)
	at org.testng.internal.invokers.TestInvoker.invokeTestMethods(TestInvoker.java:203)
	at org.testng.internal.invokers.TestMethodWorker.invokeTestMethods(TestMethodWorker.java:154)
	at org.testng.internal.invokers.TestMethodWorker.run(TestMethodWorker.java:134)
	at java.base/java.util.ArrayList.forEach(ArrayList.java:1511)
	at org.testng.TestRunner.privateRun(TestRunner.java:739)
	at org.testng.TestRunner.run(TestRunner.java:614)
	at org.testng.SuiteRunner.runTest(SuiteRunner.java:421)
	at org.testng.SuiteRunner$SuiteWorker.run(SuiteRunner.java:463)
	at org.testng.internal.thread.ThreadUtil.lambda$execute$0(ThreadUtil.java:64)
	at java.base/java.util.concurrent.FutureTask.run(FutureTask.java:264)
	at java.base/java.util.concurrent.ThreadPoolExecutor.runWorker(ThreadPoolExecutor.java:1130)
	at java.base/java.util.concurrent.ThreadPoolExecutor$Worker.run(ThreadPoolExecutor.java:630)
	at java.base/java.lang.Thread.run(Thread.java:832)
</pre></div></td>
<td>60</td>
<td>zapcg.Capillary.EarnPointPageTestCases.EarnPoint_Valid_TestCases@51b01960</td></tr>
</table><p>
<table width='100%' border='1' class='invocation-passed'>
<tr><td colspan='4' align='center'><b>PASSED TESTS</b></td></tr>
<tr><td><b>Test method</b></td>
<td><b>Attribute(s)</b></td>
<td width="30%"><b>Exception</b></td>
<td width="10%"><b>Time (seconds)</b></td>
<td><b>Instance</b></td>
</tr>
<tr>
<td title='zapcg.Capillary.EarnPointPageTestCases.EarnPoint_Valid_TestCases.verify_EarnPoints_Navigation_From_MeberDetailsScreen()'><b>verify_EarnPoints_Navigation_From_MeberDetailsScreen</b><br>Test class: zapcg.Capillary.EarnPointPageTestCases.EarnPoint_Valid_TestCases</td>
<td></td>
<td>0</td>
<td>zapcg.Capillary.EarnPointPageTestCases.EarnPoint_Valid_TestCases@51b01960</td></tr>
<tr>
<td title='zapcg.Capillary.EarnPointPageTestCases.EarnPoint_Valid_TestCases.verify_Eligible_EarningPoints()'><b>verify_Eligible_EarningPoints</b><br>Test class: zapcg.Capillary.EarnPointPageTestCases.EarnPoint_Valid_TestCases</td>
<td></td>
<td>0</td>
<td>zapcg.Capillary.EarnPointPageTestCases.EarnPoint_Valid_TestCases@51b01960</td></tr>
<tr>
<td title='zapcg.Capillary.EarnPointPageTestCases.EarnPoint_Valid_TestCases.verify_Hamburger_MemberLookupOption_From_EarnPoint_Page()'><b>verify_Hamburger_MemberLookupOption_From_EarnPoint_Page</b><br>Test class: zapcg.Capillary.EarnPointPageTestCases.EarnPoint_Valid_TestCases</td>
<td></td>
<td>1</td>
<td>zapcg.Capillary.EarnPointPageTestCases.EarnPoint_Valid_TestCases@51b01960</td></tr>
<tr>
<td title='zapcg.Capillary.EarnPointPageTestCases.EarnPoint_Valid_TestCases.verify_BackButton_Navigation_On_EarnPoint_Page()'><b>verify_BackButton_Navigation_On_EarnPoint_Page</b><br>Test class: zapcg.Capillary.EarnPointPageTestCases.EarnPoint_Valid_TestCases</td>
<td></td>
<td>0</td>
<td>zapcg.Capillary.EarnPointPageTestCases.EarnPoint_Valid_TestCases@51b01960</td></tr>
<tr>
<td title='zapcg.Capillary.EarnPointPageTestCases.EarnPoint_Valid_TestCases.verify_NonEditable_DateField()'><b>verify_NonEditable_DateField</b><br>Test class: zapcg.Capillary.EarnPointPageTestCases.EarnPoint_Valid_TestCases</td>
<td></td>
<td>0</td>
<td>zapcg.Capillary.EarnPointPageTestCases.EarnPoint_Valid_TestCases@51b01960</td></tr>
<tr>
<td title='zapcg.Capillary.EarnPointPageTestCases.EarnPoint_Valid_TestCases.verifySuccessMessageForOnlyTransactionAmount()'><b>verifySuccessMessageForOnlyTransactionAmount</b><br>Test class: zapcg.Capillary.EarnPointPageTestCases.EarnPoint_Valid_TestCases</td>
<td></td>
<td>2</td>
<td>zapcg.Capillary.EarnPointPageTestCases.EarnPoint_Valid_TestCases@51b01960</td></tr>
<tr>
<td title='zapcg.Capillary.EarnPointPageTestCases.EarnPoint_Valid_TestCases.verify_HeaderHyperlink_On_EarnPoint_Page()'><b>verify_HeaderHyperlink_On_EarnPoint_Page</b><br>Test class: zapcg.Capillary.EarnPointPageTestCases.EarnPoint_Valid_TestCases</td>
<td></td>
<td>0</td>
<td>zapcg.Capillary.EarnPointPageTestCases.EarnPoint_Valid_TestCases@51b01960</td></tr>
<tr>
<td title='zapcg.Capillary.EarnPointPageTestCases.EarnPoint_Valid_TestCases.verify_NonEditable_TimeField()'><b>verify_NonEditable_TimeField</b><br>Test class: zapcg.Capillary.EarnPointPageTestCases.EarnPoint_Valid_TestCases</td>
<td></td>
<td>0</td>
<td>zapcg.Capillary.EarnPointPageTestCases.EarnPoint_Valid_TestCases@51b01960</td></tr>
<tr>
<td title='zapcg.Capillary.EarnPointPageTestCases.EarnPoint_Valid_TestCases.verify_With_Empty_TransactionAmount()'><b>verify_With_Empty_TransactionAmount</b><br>Test class: zapcg.Capillary.EarnPointPageTestCases.EarnPoint_Valid_TestCases</td>
<td></td>
<td>0</td>
<td>zapcg.Capillary.EarnPointPageTestCases.EarnPoint_Valid_TestCases@51b01960</td></tr>
<tr>
<td title='zapcg.Capillary.EarnPointPageTestCases.EarnPoint_Invalid_TestCases.verify_With_Empty_TransactionAmount()'><b>verify_With_Empty_TransactionAmount</b><br>Test class: zapcg.Capillary.EarnPointPageTestCases.EarnPoint_Invalid_TestCases</td>
<td></td>
<td>0</td>
<td>zapcg.Capillary.EarnPointPageTestCases.EarnPoint_Invalid_TestCases@6b739528</td></tr>
<tr>
<td title='zapcg.Capillary.EarnPointPageTestCases.EarnPoint_Invalid_TestCases.empty_TxnAmount_But_GoToPassPointValue()'><b>empty_TxnAmount_But_GoToPassPointValue</b><br>Test class: zapcg.Capillary.EarnPointPageTestCases.EarnPoint_Invalid_TestCases</td>
<td></td>
<td>0</td>
<td>zapcg.Capillary.EarnPointPageTestCases.EarnPoint_Invalid_TestCases@6b739528</td></tr>
<tr>
<td title='zapcg.Capillary.EarnPointPageTestCases.EarnPoint_Valid_TestCases.verify_Hamburger_LocationOption_From_EarnPoint_Page()'><b>verify_Hamburger_LocationOption_From_EarnPoint_Page</b><br>Test class: zapcg.Capillary.EarnPointPageTestCases.EarnPoint_Valid_TestCases</td>
<td></td>
<td>1</td>
<td>zapcg.Capillary.EarnPointPageTestCases.EarnPoint_Valid_TestCases@51b01960</td></tr>
<tr>
<td title='zapcg.Capillary.EarnPointPageTestCases.EarnPoint_Valid_TestCases.verify_TaxAssumedAmount()'><b>verify_TaxAssumedAmount</b><br>Test class: zapcg.Capillary.EarnPointPageTestCases.EarnPoint_Valid_TestCases</td>
<td></td>
<td>0</td>
<td>zapcg.Capillary.EarnPointPageTestCases.EarnPoint_Valid_TestCases@51b01960</td></tr>
<tr>
<td title='zapcg.Capillary.EarnPointPageTestCases.EarnPoint_Valid_TestCases.verify_HamBurger_LogoutOption_From_EarnPoint_Page()'><b>verify_HamBurger_LogoutOption_From_EarnPoint_Page</b><br>Test class: zapcg.Capillary.EarnPointPageTestCases.EarnPoint_Valid_TestCases</td>
<td></td>
<td>1</td>
<td>zapcg.Capillary.EarnPointPageTestCases.EarnPoint_Valid_TestCases@51b01960</td></tr>
<tr>
<td title='zapcg.Capillary.EarnPointPageTestCases.EarnPoint_Valid_TestCases.verify_Date_Equal_To_System_CurrentDate()'><b>verify_Date_Equal_To_System_CurrentDate</b><br>Test class: zapcg.Capillary.EarnPointPageTestCases.EarnPoint_Valid_TestCases</td>
<td></td>
<td>0</td>
<td>zapcg.Capillary.EarnPointPageTestCases.EarnPoint_Valid_TestCases@51b01960</td></tr>
<tr>
<td title='zapcg.Capillary.EarnPointPageTestCases.EarnPoint_Valid_TestCases.empty_TxnAmount_But_GoToPassPoint_Value()'><b>empty_TxnAmount_But_GoToPassPoint_Value</b><br>Test class: zapcg.Capillary.EarnPointPageTestCases.EarnPoint_Valid_TestCases</td>
<td></td>
<td>0</td>
<td>zapcg.Capillary.EarnPointPageTestCases.EarnPoint_Valid_TestCases@51b01960</td></tr>
<tr>
<td title='zapcg.Capillary.EarnPointPageTestCases.EarnPoint_Valid_TestCases.verify_NonEditable_LocationField()'><b>verify_NonEditable_LocationField</b><br>Test class: zapcg.Capillary.EarnPointPageTestCases.EarnPoint_Valid_TestCases</td>
<td></td>
<td>0</td>
<td>zapcg.Capillary.EarnPointPageTestCases.EarnPoint_Valid_TestCases@51b01960</td></tr>
</table><p>
</body>
</html>