<html>
<head>
<title>TestNG:  LoginTestsFireFoxBrowseriPhone11ProLandscape</title>
<link href="../testng.css" rel="stylesheet" type="text/css" />
<link href="../my-testng.css" rel="stylesheet" type="text/css" />

<style type="text/css">
.log { display: none;} 
.stack-trace { display: none;} 
</style>
<script type="text/javascript">
<!--
function flip(e) {
  current = e.style.display;
  if (current == 'block') {
    e.style.display = 'none';
    return 0;
  }
  else {
    e.style.display = 'block';
    return 1;
  }
}

function toggleBox(szDivId, elem, msg1, msg2)
{
  var res = -1;  if (document.getElementById) {
    res = flip(document.getElementById(szDivId));
  }
  else if (document.all) {
    // this is the way old msie versions work
    res = flip(document.all[szDivId]);
  }
  if(elem) {
    if(res == 0) elem.innerHTML = msg1; else elem.innerHTML = msg2;
  }

}

function toggleAllBoxes() {
  if (document.getElementsByTagName) {
    d = document.getElementsByTagName('div');
    for (i = 0; i < d.length; i++) {
      if (d[i].className == 'log') {
        flip(d[i]);
      }
    }
  }
}

// -->
</script>

</head>
<body>
<h2 align='center'>LoginTestsFireFoxBrowseriPhone11ProLandscape</h2><table border='1' align="center">
<tr>
<td>Tests passed/Failed/Skipped:</td><td>52/3/0</td>
</tr><tr>
<td>Started on:</td><td>Mon Jul 29 15:20:17 IST 2024</td>
</tr>
<tr><td>Total time:</td><td>498 seconds (498601 ms)</td>
</tr><tr>
<td>Included groups:</td><td></td>
</tr><tr>
<td>Excluded groups:</td><td></td>
</tr>
</table><p/>
<small><i>(Hover the method name to see the test class name)</i></small><p/>
<table width='100%' border='1' class='invocation-failed'>
<tr><td colspan='4' align='center'><b>FAILED TESTS</b></td></tr>
<tr><td><b>Test method</b></td>
<td><b>Attribute(s)</b></td>
<td width="30%"><b>Exception</b></td>
<td width="10%"><b>Time (seconds)</b></td>
<td><b>Instance</b></td>
</tr>
<tr>
<td title='zapcg.Capillary.LocationPageTestCases.Location_ExistingUser_TestCases.hamburger_Icon_Logout_From_LocationScreen()'><b>hamburger_Icon_Logout_From_LocationScreen</b><br>Test class: zapcg.Capillary.LocationPageTestCases.Location_ExistingUser_TestCases</td>
<td><div><pre>org.openqa.selenium.ElementClickInterceptedException: element click intercepted: Element is not clickable at point (390, 235)
  (Session info: chrome=126.0.6478.127)
Build info: version: &apos;4.22.0&apos;, revision: &apos;c5f3146703*&apos;
System info: os.name: &apos;Windows 10&apos;, os.arch: &apos;amd64&apos;, os.version: &apos;10.0&apos;, java.version: &apos;15.0.2&apos;
Driver info: org.openqa.selenium.chrome.ChromeDriver
Command: [69e54b6cd1ceead3b3355d44b0e74474, clickElement {id=f.DDA917FB763EE53ABF9D600BECCEF7FE.d.885D9FEAC9018AFBAC72B965D97F4F96.e.272}]
Capabilities {acceptInsecureCerts: false, browserName: chrome, browserVersion: 126.0.6478.127, chrome: {chromedriverVersion: 126.0.6478.182 (5b5d8292ddf..., userDataDir: C:\Users\KAJALS~1\AppData\L...}, fedcm:accounts: true, goog:chromeOptions: {debuggerAddress: localhost:58252}, networkConnectionEnabled: false, pageLoadStrategy: normal, platformName: windows, proxy: Proxy(), se:cdp: ws://localhost:58252/devtoo..., se:cdpVersion: 126.0.6478.127, setWindowRect: true, strictFileInteractability: false, timeouts: {implicit: 0, pageLoad: 300000, script: 30000}, unhandledPromptBehavior: dismiss and notify, webauthn:extension:credBlob: true, webauthn:extension:largeBlob: true, webauthn:extension:minPinLength: true, webauthn:extension:prf: true, webauthn:virtualAuthenticators: true}
Element: [[ChromeDriver: chrome on windows (69e54b6cd1ceead3b3355d44b0e74474)] -&gt; xpath: //ul/li/div[@id=&apos;MENMODHI3&apos;]]
Session ID: 69e54b6cd1ceead3b3355d44b0e74474
	at org.openqa.selenium.remote.ErrorCodec.decode(ErrorCodec.java:167)
	at org.openqa.selenium.remote.codec.w3c.W3CHttpResponseCodec.decode(W3CHttpResponseCodec.java:138)
	at org.openqa.selenium.remote.codec.w3c.W3CHttpResponseCodec.decode(W3CHttpResponseCodec.java:50)
	at org.openqa.selenium.remote.HttpCommandExecutor.execute(HttpCommandExecutor.java:190)
	at org.openqa.selenium.remote.service.DriverCommandExecutor.invokeExecute(DriverCommandExecutor.java:216)
	at org.openqa.selenium.remote.service.DriverCommandExecutor.execute(DriverCommandExecutor.java:174)
	at org.openqa.selenium.remote.RemoteWebDriver.execute(RemoteWebDriver.java:518)
	at org.openqa.selenium.remote.RemoteWebElement.execute(RemoteWebElement.java:223)
	at org.openqa.selenium.remote.RemoteWebElement.click(RemoteWebElement.java:76)
	at org.openqa.selenium.support.pagefactory.internal.LocatingElementHandler.invoke(LocatingElementHandler.java:51)
	at com.sun.proxy.$Proxy16.click(Unknown Source)
	at zapcg.Capillary.PageObject.locationSelectionPage.chooseLogout(locationSelectionPage.java:313)
	at zapcg.Capillary.LocationPageTestCases.Location_ExistingUser_TestCases.hamburger_Icon_Logout_From_LocationScreen(Location_ExistingUser_TestCases.java:189)
	at java.base/java.util.ArrayList.forEach(ArrayList.java:1511)
... Removed 35 stack frames</pre></div><a href='#' onClick='toggleBox("stack-trace415829081", this, "Click to show all stack frames", "Click to hide stack frames")'>Click to show all stack frames</a>
<div class='stack-trace' id='stack-trace415829081'><pre>org.openqa.selenium.ElementClickInterceptedException: element click intercepted: Element is not clickable at point (390, 235)
  (Session info: chrome=126.0.6478.127)
Build info: version: &apos;4.22.0&apos;, revision: &apos;c5f3146703*&apos;
System info: os.name: &apos;Windows 10&apos;, os.arch: &apos;amd64&apos;, os.version: &apos;10.0&apos;, java.version: &apos;15.0.2&apos;
Driver info: org.openqa.selenium.chrome.ChromeDriver
Command: [69e54b6cd1ceead3b3355d44b0e74474, clickElement {id=f.DDA917FB763EE53ABF9D600BECCEF7FE.d.885D9FEAC9018AFBAC72B965D97F4F96.e.272}]
Capabilities {acceptInsecureCerts: false, browserName: chrome, browserVersion: 126.0.6478.127, chrome: {chromedriverVersion: 126.0.6478.182 (5b5d8292ddf..., userDataDir: C:\Users\KAJALS~1\AppData\L...}, fedcm:accounts: true, goog:chromeOptions: {debuggerAddress: localhost:58252}, networkConnectionEnabled: false, pageLoadStrategy: normal, platformName: windows, proxy: Proxy(), se:cdp: ws://localhost:58252/devtoo..., se:cdpVersion: 126.0.6478.127, setWindowRect: true, strictFileInteractability: false, timeouts: {implicit: 0, pageLoad: 300000, script: 30000}, unhandledPromptBehavior: dismiss and notify, webauthn:extension:credBlob: true, webauthn:extension:largeBlob: true, webauthn:extension:minPinLength: true, webauthn:extension:prf: true, webauthn:virtualAuthenticators: true}
Element: [[ChromeDriver: chrome on windows (69e54b6cd1ceead3b3355d44b0e74474)] -&gt; xpath: //ul/li/div[@id=&apos;MENMODHI3&apos;]]
Session ID: 69e54b6cd1ceead3b3355d44b0e74474
	at java.base/jdk.internal.reflect.NativeConstructorAccessorImpl.newInstance0(Native Method)
	at java.base/jdk.internal.reflect.NativeConstructorAccessorImpl.newInstance(NativeConstructorAccessorImpl.java:64)
	at java.base/jdk.internal.reflect.DelegatingConstructorAccessorImpl.newInstance(DelegatingConstructorAccessorImpl.java:45)
	at java.base/java.lang.reflect.Constructor.newInstanceWithCaller(Constructor.java:500)
	at java.base/java.lang.reflect.Constructor.newInstance(Constructor.java:481)
	at org.openqa.selenium.remote.ErrorCodec.decode(ErrorCodec.java:167)
	at org.openqa.selenium.remote.codec.w3c.W3CHttpResponseCodec.decode(W3CHttpResponseCodec.java:138)
	at org.openqa.selenium.remote.codec.w3c.W3CHttpResponseCodec.decode(W3CHttpResponseCodec.java:50)
	at org.openqa.selenium.remote.HttpCommandExecutor.execute(HttpCommandExecutor.java:190)
	at org.openqa.selenium.remote.service.DriverCommandExecutor.invokeExecute(DriverCommandExecutor.java:216)
	at org.openqa.selenium.remote.service.DriverCommandExecutor.execute(DriverCommandExecutor.java:174)
	at org.openqa.selenium.remote.RemoteWebDriver.execute(RemoteWebDriver.java:518)
	at org.openqa.selenium.remote.RemoteWebElement.execute(RemoteWebElement.java:223)
	at org.openqa.selenium.remote.RemoteWebElement.click(RemoteWebElement.java:76)
	at jdk.internal.reflect.GeneratedMethodAccessor2.invoke(Unknown Source)
	at java.base/jdk.internal.reflect.DelegatingMethodAccessorImpl.invoke(DelegatingMethodAccessorImpl.java:43)
	at java.base/java.lang.reflect.Method.invoke(Method.java:564)
	at org.openqa.selenium.support.pagefactory.internal.LocatingElementHandler.invoke(LocatingElementHandler.java:51)
	at com.sun.proxy.$Proxy16.click(Unknown Source)
	at zapcg.Capillary.PageObject.locationSelectionPage.chooseLogout(locationSelectionPage.java:313)
	at zapcg.Capillary.LocationPageTestCases.Location_ExistingUser_TestCases.hamburger_Icon_Logout_From_LocationScreen(Location_ExistingUser_TestCases.java:189)
	at java.base/jdk.internal.reflect.NativeMethodAccessorImpl.invoke0(Native Method)
	at java.base/jdk.internal.reflect.NativeMethodAccessorImpl.invoke(NativeMethodAccessorImpl.java:64)
	at java.base/jdk.internal.reflect.DelegatingMethodAccessorImpl.invoke(DelegatingMethodAccessorImpl.java:43)
	at java.base/java.lang.reflect.Method.invoke(Method.java:564)
	at org.testng.internal.invokers.MethodInvocationHelper.invokeMethod(MethodInvocationHelper.java:141)
	at org.testng.internal.invokers.TestInvoker.invokeMethod(TestInvoker.java:686)
	at org.testng.internal.invokers.TestInvoker.invokeTestMethod(TestInvoker.java:230)
	at org.testng.internal.invokers.MethodRunner.runInSequence(MethodRunner.java:63)
	at org.testng.internal.invokers.TestInvoker$MethodInvocationAgent.invoke(TestInvoker.java:992)
	at org.testng.internal.invokers.TestInvoker.invokeTestMethods(TestInvoker.java:203)
	at org.testng.internal.invokers.TestMethodWorker.invokeTestMethods(TestMethodWorker.java:154)
	at org.testng.internal.invokers.TestMethodWorker.run(TestMethodWorker.java:134)
	at java.base/java.util.ArrayList.forEach(ArrayList.java:1511)
	at org.testng.TestRunner.privateRun(TestRunner.java:739)
	at org.testng.TestRunner.run(TestRunner.java:614)
	at org.testng.SuiteRunner.runTest(SuiteRunner.java:421)
	at org.testng.SuiteRunner.runSequentially(SuiteRunner.java:413)
	at org.testng.SuiteRunner.privateRun(SuiteRunner.java:373)
	at org.testng.SuiteRunner.run(SuiteRunner.java:312)
	at org.testng.SuiteRunnerWorker.runSuite(SuiteRunnerWorker.java:52)
	at org.testng.SuiteRunnerWorker.run(SuiteRunnerWorker.java:95)
	at org.testng.TestNG.runSuitesSequentially(TestNG.java:1274)
	at org.testng.TestNG.runSuitesLocally(TestNG.java:1208)
	at org.testng.TestNG.runSuites(TestNG.java:1112)
	at org.testng.TestNG.run(TestNG.java:1079)
	at org.testng.remote.AbstractRemoteTestNG.run(AbstractRemoteTestNG.java:115)
	at org.testng.remote.RemoteTestNG.initAndRun(RemoteTestNG.java:293)
	at org.testng.remote.RemoteTestNG.main(RemoteTestNG.java:91)
</pre></div></td>
<td>1</td>
<td>zapcg.Capillary.LocationPageTestCases.Location_ExistingUser_TestCases@631e06ab</td></tr>
<tr>
<td title='zapcg.Capillary.MemberLookupTestCases.MemberLookup_Valid_TestCases.hamburgerIcon_Logout_From_MemberLookup()'><b>hamburgerIcon_Logout_From_MemberLookup</b><br>Test class: zapcg.Capillary.MemberLookupTestCases.MemberLookup_Valid_TestCases</td>
<td><div><pre>org.openqa.selenium.ElementClickInterceptedException: element click intercepted: Element is not clickable at point (390, 235)
  (Session info: chrome=126.0.6478.127)
Build info: version: &apos;4.22.0&apos;, revision: &apos;c5f3146703*&apos;
System info: os.name: &apos;Windows 10&apos;, os.arch: &apos;amd64&apos;, os.version: &apos;10.0&apos;, java.version: &apos;15.0.2&apos;
Driver info: org.openqa.selenium.chrome.ChromeDriver
Command: [54e095c9ff2f6b8372e9a85dc05b664d, clickElement {id=f.D5E29718A388BB6C2EF2BDB07C178A46.d.9780136C5801F9775D07AC12F653D8E8.e.178}]
Capabilities {acceptInsecureCerts: false, browserName: chrome, browserVersion: 126.0.6478.127, chrome: {chromedriverVersion: 126.0.6478.182 (5b5d8292ddf..., userDataDir: C:\Users\KAJALS~1\AppData\L...}, fedcm:accounts: true, goog:chromeOptions: {debuggerAddress: localhost:58502}, networkConnectionEnabled: false, pageLoadStrategy: normal, platformName: windows, proxy: Proxy(), se:cdp: ws://localhost:58502/devtoo..., se:cdpVersion: 126.0.6478.127, setWindowRect: true, strictFileInteractability: false, timeouts: {implicit: 0, pageLoad: 300000, script: 30000}, unhandledPromptBehavior: dismiss and notify, webauthn:extension:credBlob: true, webauthn:extension:largeBlob: true, webauthn:extension:minPinLength: true, webauthn:extension:prf: true, webauthn:virtualAuthenticators: true}
Element: [[ChromeDriver: chrome on windows (54e095c9ff2f6b8372e9a85dc05b664d)] -&gt; xpath: //ul/li/div[@id=&apos;MENMODHI3&apos;]]
Session ID: 54e095c9ff2f6b8372e9a85dc05b664d
	at org.openqa.selenium.remote.ErrorCodec.decode(ErrorCodec.java:167)
	at org.openqa.selenium.remote.codec.w3c.W3CHttpResponseCodec.decode(W3CHttpResponseCodec.java:138)
	at org.openqa.selenium.remote.codec.w3c.W3CHttpResponseCodec.decode(W3CHttpResponseCodec.java:50)
	at org.openqa.selenium.remote.HttpCommandExecutor.execute(HttpCommandExecutor.java:190)
	at org.openqa.selenium.remote.service.DriverCommandExecutor.invokeExecute(DriverCommandExecutor.java:216)
	at org.openqa.selenium.remote.service.DriverCommandExecutor.execute(DriverCommandExecutor.java:174)
	at org.openqa.selenium.remote.RemoteWebDriver.execute(RemoteWebDriver.java:518)
	at org.openqa.selenium.remote.RemoteWebElement.execute(RemoteWebElement.java:223)
	at org.openqa.selenium.remote.RemoteWebElement.click(RemoteWebElement.java:76)
	at org.openqa.selenium.support.pagefactory.internal.LocatingElementHandler.invoke(LocatingElementHandler.java:51)
	at com.sun.proxy.$Proxy16.click(Unknown Source)
	at zapcg.Capillary.PageObject.memberLookupPage.chooseLogout(memberLookupPage.java:431)
	at zapcg.Capillary.MemberLookupTestCases.MemberLookup_Valid_TestCases.hamburgerIcon_Logout_From_MemberLookup(MemberLookup_Valid_TestCases.java:106)
	at java.base/java.util.ArrayList.forEach(ArrayList.java:1511)
... Removed 35 stack frames</pre></div><a href='#' onClick='toggleBox("stack-trace1992734352", this, "Click to show all stack frames", "Click to hide stack frames")'>Click to show all stack frames</a>
<div class='stack-trace' id='stack-trace1992734352'><pre>org.openqa.selenium.ElementClickInterceptedException: element click intercepted: Element is not clickable at point (390, 235)
  (Session info: chrome=126.0.6478.127)
Build info: version: &apos;4.22.0&apos;, revision: &apos;c5f3146703*&apos;
System info: os.name: &apos;Windows 10&apos;, os.arch: &apos;amd64&apos;, os.version: &apos;10.0&apos;, java.version: &apos;15.0.2&apos;
Driver info: org.openqa.selenium.chrome.ChromeDriver
Command: [54e095c9ff2f6b8372e9a85dc05b664d, clickElement {id=f.D5E29718A388BB6C2EF2BDB07C178A46.d.9780136C5801F9775D07AC12F653D8E8.e.178}]
Capabilities {acceptInsecureCerts: false, browserName: chrome, browserVersion: 126.0.6478.127, chrome: {chromedriverVersion: 126.0.6478.182 (5b5d8292ddf..., userDataDir: C:\Users\KAJALS~1\AppData\L...}, fedcm:accounts: true, goog:chromeOptions: {debuggerAddress: localhost:58502}, networkConnectionEnabled: false, pageLoadStrategy: normal, platformName: windows, proxy: Proxy(), se:cdp: ws://localhost:58502/devtoo..., se:cdpVersion: 126.0.6478.127, setWindowRect: true, strictFileInteractability: false, timeouts: {implicit: 0, pageLoad: 300000, script: 30000}, unhandledPromptBehavior: dismiss and notify, webauthn:extension:credBlob: true, webauthn:extension:largeBlob: true, webauthn:extension:minPinLength: true, webauthn:extension:prf: true, webauthn:virtualAuthenticators: true}
Element: [[ChromeDriver: chrome on windows (54e095c9ff2f6b8372e9a85dc05b664d)] -&gt; xpath: //ul/li/div[@id=&apos;MENMODHI3&apos;]]
Session ID: 54e095c9ff2f6b8372e9a85dc05b664d
	at java.base/jdk.internal.reflect.NativeConstructorAccessorImpl.newInstance0(Native Method)
	at java.base/jdk.internal.reflect.NativeConstructorAccessorImpl.newInstance(NativeConstructorAccessorImpl.java:64)
	at java.base/jdk.internal.reflect.DelegatingConstructorAccessorImpl.newInstance(DelegatingConstructorAccessorImpl.java:45)
	at java.base/java.lang.reflect.Constructor.newInstanceWithCaller(Constructor.java:500)
	at java.base/java.lang.reflect.Constructor.newInstance(Constructor.java:481)
	at org.openqa.selenium.remote.ErrorCodec.decode(ErrorCodec.java:167)
	at org.openqa.selenium.remote.codec.w3c.W3CHttpResponseCodec.decode(W3CHttpResponseCodec.java:138)
	at org.openqa.selenium.remote.codec.w3c.W3CHttpResponseCodec.decode(W3CHttpResponseCodec.java:50)
	at org.openqa.selenium.remote.HttpCommandExecutor.execute(HttpCommandExecutor.java:190)
	at org.openqa.selenium.remote.service.DriverCommandExecutor.invokeExecute(DriverCommandExecutor.java:216)
	at org.openqa.selenium.remote.service.DriverCommandExecutor.execute(DriverCommandExecutor.java:174)
	at org.openqa.selenium.remote.RemoteWebDriver.execute(RemoteWebDriver.java:518)
	at org.openqa.selenium.remote.RemoteWebElement.execute(RemoteWebElement.java:223)
	at org.openqa.selenium.remote.RemoteWebElement.click(RemoteWebElement.java:76)
	at jdk.internal.reflect.GeneratedMethodAccessor2.invoke(Unknown Source)
	at java.base/jdk.internal.reflect.DelegatingMethodAccessorImpl.invoke(DelegatingMethodAccessorImpl.java:43)
	at java.base/java.lang.reflect.Method.invoke(Method.java:564)
	at org.openqa.selenium.support.pagefactory.internal.LocatingElementHandler.invoke(LocatingElementHandler.java:51)
	at com.sun.proxy.$Proxy16.click(Unknown Source)
	at zapcg.Capillary.PageObject.memberLookupPage.chooseLogout(memberLookupPage.java:431)
	at zapcg.Capillary.MemberLookupTestCases.MemberLookup_Valid_TestCases.hamburgerIcon_Logout_From_MemberLookup(MemberLookup_Valid_TestCases.java:106)
	at java.base/jdk.internal.reflect.NativeMethodAccessorImpl.invoke0(Native Method)
	at java.base/jdk.internal.reflect.NativeMethodAccessorImpl.invoke(NativeMethodAccessorImpl.java:64)
	at java.base/jdk.internal.reflect.DelegatingMethodAccessorImpl.invoke(DelegatingMethodAccessorImpl.java:43)
	at java.base/java.lang.reflect.Method.invoke(Method.java:564)
	at org.testng.internal.invokers.MethodInvocationHelper.invokeMethod(MethodInvocationHelper.java:141)
	at org.testng.internal.invokers.TestInvoker.invokeMethod(TestInvoker.java:686)
	at org.testng.internal.invokers.TestInvoker.invokeTestMethod(TestInvoker.java:230)
	at org.testng.internal.invokers.MethodRunner.runInSequence(MethodRunner.java:63)
	at org.testng.internal.invokers.TestInvoker$MethodInvocationAgent.invoke(TestInvoker.java:992)
	at org.testng.internal.invokers.TestInvoker.invokeTestMethods(TestInvoker.java:203)
	at org.testng.internal.invokers.TestMethodWorker.invokeTestMethods(TestMethodWorker.java:154)
	at org.testng.internal.invokers.TestMethodWorker.run(TestMethodWorker.java:134)
	at java.base/java.util.ArrayList.forEach(ArrayList.java:1511)
	at org.testng.TestRunner.privateRun(TestRunner.java:739)
	at org.testng.TestRunner.run(TestRunner.java:614)
	at org.testng.SuiteRunner.runTest(SuiteRunner.java:421)
	at org.testng.SuiteRunner.runSequentially(SuiteRunner.java:413)
	at org.testng.SuiteRunner.privateRun(SuiteRunner.java:373)
	at org.testng.SuiteRunner.run(SuiteRunner.java:312)
	at org.testng.SuiteRunnerWorker.runSuite(SuiteRunnerWorker.java:52)
	at org.testng.SuiteRunnerWorker.run(SuiteRunnerWorker.java:95)
	at org.testng.TestNG.runSuitesSequentially(TestNG.java:1274)
	at org.testng.TestNG.runSuitesLocally(TestNG.java:1208)
	at org.testng.TestNG.runSuites(TestNG.java:1112)
	at org.testng.TestNG.run(TestNG.java:1079)
	at org.testng.remote.AbstractRemoteTestNG.run(AbstractRemoteTestNG.java:115)
	at org.testng.remote.RemoteTestNG.initAndRun(RemoteTestNG.java:293)
	at org.testng.remote.RemoteTestNG.main(RemoteTestNG.java:91)
</pre></div></td>
<td>2</td>
<td>zapcg.Capillary.MemberLookupTestCases.MemberLookup_Valid_TestCases@2a3591c5</td></tr>
<tr>
<td title='zapcg.Capillary.EarnPointPageTestCases.EarnPoint_Valid_TestCases.verify_HamBurger_LogoutOption_From_EarnPoint_Page()'><b>verify_HamBurger_LogoutOption_From_EarnPoint_Page</b><br>Test class: zapcg.Capillary.EarnPointPageTestCases.EarnPoint_Valid_TestCases</td>
<td><div><pre>org.openqa.selenium.ElementClickInterceptedException: element click intercepted: Element is not clickable at point (390, 235)
  (Session info: chrome=126.0.6478.127)
Build info: version: &apos;4.22.0&apos;, revision: &apos;c5f3146703*&apos;
System info: os.name: &apos;Windows 10&apos;, os.arch: &apos;amd64&apos;, os.version: &apos;10.0&apos;, java.version: &apos;15.0.2&apos;
Driver info: org.openqa.selenium.chrome.ChromeDriver
Command: [9a83e5deaa00055320a28eadb5d117e6, clickElement {id=f.5198B022986ADEC9568BCA377A6B280E.d.87758BC51498AC7CA389A8A381AC8AD9.e.378}]
Capabilities {acceptInsecureCerts: false, browserName: chrome, browserVersion: 126.0.6478.127, chrome: {chromedriverVersion: 126.0.6478.182 (5b5d8292ddf..., userDataDir: C:\Users\KAJALS~1\AppData\L...}, fedcm:accounts: true, goog:chromeOptions: {debuggerAddress: localhost:58892}, networkConnectionEnabled: false, pageLoadStrategy: normal, platformName: windows, proxy: Proxy(), se:cdp: ws://localhost:58892/devtoo..., se:cdpVersion: 126.0.6478.127, setWindowRect: true, strictFileInteractability: false, timeouts: {implicit: 0, pageLoad: 300000, script: 30000}, unhandledPromptBehavior: dismiss and notify, webauthn:extension:credBlob: true, webauthn:extension:largeBlob: true, webauthn:extension:minPinLength: true, webauthn:extension:prf: true, webauthn:virtualAuthenticators: true}
Element: [[ChromeDriver: chrome on windows (9a83e5deaa00055320a28eadb5d117e6)] -&gt; xpath: //ul/li/div[@id=&apos;MENMODHI3&apos;]]
Session ID: 9a83e5deaa00055320a28eadb5d117e6
	at org.openqa.selenium.remote.ErrorCodec.decode(ErrorCodec.java:167)
	at org.openqa.selenium.remote.codec.w3c.W3CHttpResponseCodec.decode(W3CHttpResponseCodec.java:138)
	at org.openqa.selenium.remote.codec.w3c.W3CHttpResponseCodec.decode(W3CHttpResponseCodec.java:50)
	at org.openqa.selenium.remote.HttpCommandExecutor.execute(HttpCommandExecutor.java:190)
	at org.openqa.selenium.remote.service.DriverCommandExecutor.invokeExecute(DriverCommandExecutor.java:216)
	at org.openqa.selenium.remote.service.DriverCommandExecutor.execute(DriverCommandExecutor.java:174)
	at org.openqa.selenium.remote.RemoteWebDriver.execute(RemoteWebDriver.java:518)
	at org.openqa.selenium.remote.RemoteWebElement.execute(RemoteWebElement.java:223)
	at org.openqa.selenium.remote.RemoteWebElement.click(RemoteWebElement.java:76)
	at org.openqa.selenium.support.pagefactory.internal.LocatingElementHandler.invoke(LocatingElementHandler.java:51)
	at com.sun.proxy.$Proxy16.click(Unknown Source)
	at zapcg.Capillary.PageObject.earnPointsPage.chooseLogout(earnPointsPage.java:466)
	at zapcg.Capillary.EarnPointPageTestCases.EarnPoint_Valid_TestCases.verify_HamBurger_LogoutOption_From_EarnPoint_Page(EarnPoint_Valid_TestCases.java:137)
	at java.base/java.util.ArrayList.forEach(ArrayList.java:1511)
... Removed 35 stack frames</pre></div><a href='#' onClick='toggleBox("stack-trace59818346", this, "Click to show all stack frames", "Click to hide stack frames")'>Click to show all stack frames</a>
<div class='stack-trace' id='stack-trace59818346'><pre>org.openqa.selenium.ElementClickInterceptedException: element click intercepted: Element is not clickable at point (390, 235)
  (Session info: chrome=126.0.6478.127)
Build info: version: &apos;4.22.0&apos;, revision: &apos;c5f3146703*&apos;
System info: os.name: &apos;Windows 10&apos;, os.arch: &apos;amd64&apos;, os.version: &apos;10.0&apos;, java.version: &apos;15.0.2&apos;
Driver info: org.openqa.selenium.chrome.ChromeDriver
Command: [9a83e5deaa00055320a28eadb5d117e6, clickElement {id=f.5198B022986ADEC9568BCA377A6B280E.d.87758BC51498AC7CA389A8A381AC8AD9.e.378}]
Capabilities {acceptInsecureCerts: false, browserName: chrome, browserVersion: 126.0.6478.127, chrome: {chromedriverVersion: 126.0.6478.182 (5b5d8292ddf..., userDataDir: C:\Users\KAJALS~1\AppData\L...}, fedcm:accounts: true, goog:chromeOptions: {debuggerAddress: localhost:58892}, networkConnectionEnabled: false, pageLoadStrategy: normal, platformName: windows, proxy: Proxy(), se:cdp: ws://localhost:58892/devtoo..., se:cdpVersion: 126.0.6478.127, setWindowRect: true, strictFileInteractability: false, timeouts: {implicit: 0, pageLoad: 300000, script: 30000}, unhandledPromptBehavior: dismiss and notify, webauthn:extension:credBlob: true, webauthn:extension:largeBlob: true, webauthn:extension:minPinLength: true, webauthn:extension:prf: true, webauthn:virtualAuthenticators: true}
Element: [[ChromeDriver: chrome on windows (9a83e5deaa00055320a28eadb5d117e6)] -&gt; xpath: //ul/li/div[@id=&apos;MENMODHI3&apos;]]
Session ID: 9a83e5deaa00055320a28eadb5d117e6
	at java.base/jdk.internal.reflect.NativeConstructorAccessorImpl.newInstance0(Native Method)
	at java.base/jdk.internal.reflect.NativeConstructorAccessorImpl.newInstance(NativeConstructorAccessorImpl.java:64)
	at java.base/jdk.internal.reflect.DelegatingConstructorAccessorImpl.newInstance(DelegatingConstructorAccessorImpl.java:45)
	at java.base/java.lang.reflect.Constructor.newInstanceWithCaller(Constructor.java:500)
	at java.base/java.lang.reflect.Constructor.newInstance(Constructor.java:481)
	at org.openqa.selenium.remote.ErrorCodec.decode(ErrorCodec.java:167)
	at org.openqa.selenium.remote.codec.w3c.W3CHttpResponseCodec.decode(W3CHttpResponseCodec.java:138)
	at org.openqa.selenium.remote.codec.w3c.W3CHttpResponseCodec.decode(W3CHttpResponseCodec.java:50)
	at org.openqa.selenium.remote.HttpCommandExecutor.execute(HttpCommandExecutor.java:190)
	at org.openqa.selenium.remote.service.DriverCommandExecutor.invokeExecute(DriverCommandExecutor.java:216)
	at org.openqa.selenium.remote.service.DriverCommandExecutor.execute(DriverCommandExecutor.java:174)
	at org.openqa.selenium.remote.RemoteWebDriver.execute(RemoteWebDriver.java:518)
	at org.openqa.selenium.remote.RemoteWebElement.execute(RemoteWebElement.java:223)
	at org.openqa.selenium.remote.RemoteWebElement.click(RemoteWebElement.java:76)
	at jdk.internal.reflect.GeneratedMethodAccessor2.invoke(Unknown Source)
	at java.base/jdk.internal.reflect.DelegatingMethodAccessorImpl.invoke(DelegatingMethodAccessorImpl.java:43)
	at java.base/java.lang.reflect.Method.invoke(Method.java:564)
	at org.openqa.selenium.support.pagefactory.internal.LocatingElementHandler.invoke(LocatingElementHandler.java:51)
	at com.sun.proxy.$Proxy16.click(Unknown Source)
	at zapcg.Capillary.PageObject.earnPointsPage.chooseLogout(earnPointsPage.java:466)
	at zapcg.Capillary.EarnPointPageTestCases.EarnPoint_Valid_TestCases.verify_HamBurger_LogoutOption_From_EarnPoint_Page(EarnPoint_Valid_TestCases.java:137)
	at java.base/jdk.internal.reflect.NativeMethodAccessorImpl.invoke0(Native Method)
	at java.base/jdk.internal.reflect.NativeMethodAccessorImpl.invoke(NativeMethodAccessorImpl.java:64)
	at java.base/jdk.internal.reflect.DelegatingMethodAccessorImpl.invoke(DelegatingMethodAccessorImpl.java:43)
	at java.base/java.lang.reflect.Method.invoke(Method.java:564)
	at org.testng.internal.invokers.MethodInvocationHelper.invokeMethod(MethodInvocationHelper.java:141)
	at org.testng.internal.invokers.TestInvoker.invokeMethod(TestInvoker.java:686)
	at org.testng.internal.invokers.TestInvoker.invokeTestMethod(TestInvoker.java:230)
	at org.testng.internal.invokers.MethodRunner.runInSequence(MethodRunner.java:63)
	at org.testng.internal.invokers.TestInvoker$MethodInvocationAgent.invoke(TestInvoker.java:992)
	at org.testng.internal.invokers.TestInvoker.invokeTestMethods(TestInvoker.java:203)
	at org.testng.internal.invokers.TestMethodWorker.invokeTestMethods(TestMethodWorker.java:154)
	at org.testng.internal.invokers.TestMethodWorker.run(TestMethodWorker.java:134)
	at java.base/java.util.ArrayList.forEach(ArrayList.java:1511)
	at org.testng.TestRunner.privateRun(TestRunner.java:739)
	at org.testng.TestRunner.run(TestRunner.java:614)
	at org.testng.SuiteRunner.runTest(SuiteRunner.java:421)
	at org.testng.SuiteRunner.runSequentially(SuiteRunner.java:413)
	at org.testng.SuiteRunner.privateRun(SuiteRunner.java:373)
	at org.testng.SuiteRunner.run(SuiteRunner.java:312)
	at org.testng.SuiteRunnerWorker.runSuite(SuiteRunnerWorker.java:52)
	at org.testng.SuiteRunnerWorker.run(SuiteRunnerWorker.java:95)
	at org.testng.TestNG.runSuitesSequentially(TestNG.java:1274)
	at org.testng.TestNG.runSuitesLocally(TestNG.java:1208)
	at org.testng.TestNG.runSuites(TestNG.java:1112)
	at org.testng.TestNG.run(TestNG.java:1079)
	at org.testng.remote.AbstractRemoteTestNG.run(AbstractRemoteTestNG.java:115)
	at org.testng.remote.RemoteTestNG.initAndRun(RemoteTestNG.java:293)
	at org.testng.remote.RemoteTestNG.main(RemoteTestNG.java:91)
</pre></div></td>
<td>2</td>
<td>zapcg.Capillary.EarnPointPageTestCases.EarnPoint_Valid_TestCases@346a361</td></tr>
</table><p>
<table width='100%' border='1' class='invocation-passed'>
<tr><td colspan='4' align='center'><b>PASSED TESTS</b></td></tr>
<tr><td><b>Test method</b></td>
<td><b>Attribute(s)</b></td>
<td width="30%"><b>Exception</b></td>
<td width="10%"><b>Time (seconds)</b></td>
<td><b>Instance</b></td>
</tr>
<tr>
<td title='zapcg.Capillary.LoginTestCases.Login_Invalid_TestCases.verify_Disabled_LoginButton_EmptyUsername()'><b>verify_Disabled_LoginButton_EmptyUsername</b><br>Test class: zapcg.Capillary.LoginTestCases.Login_Invalid_TestCases</td>
<td></td>
<td>0</td>
<td>zapcg.Capillary.LoginTestCases.Login_Invalid_TestCases@6d0b5baf</td></tr>
<tr>
<td title='zapcg.Capillary.EarnPointPageTestCases.EarnPoint_Valid_TestCases.empty_TxnAmount_But_GoToPassPoint_Value()'><b>empty_TxnAmount_But_GoToPassPoint_Value</b><br>Test class: zapcg.Capillary.EarnPointPageTestCases.EarnPoint_Valid_TestCases</td>
<td></td>
<td>1</td>
<td>zapcg.Capillary.EarnPointPageTestCases.EarnPoint_Valid_TestCases@346a361</td></tr>
<tr>
<td title='zapcg.Capillary.EarnPointPageTestCases.EarnPoint_Valid_TestCases.verify_NonEditable_TimeField()'><b>verify_NonEditable_TimeField</b><br>Test class: zapcg.Capillary.EarnPointPageTestCases.EarnPoint_Valid_TestCases</td>
<td></td>
<td>2</td>
<td>zapcg.Capillary.EarnPointPageTestCases.EarnPoint_Valid_TestCases@346a361</td></tr>
<tr>
<td title='zapcg.Capillary.LoginTestCases.Login_Invalid_TestCases.test_Invalid_Username()'><b>test_Invalid_Username</b><br>Test class: zapcg.Capillary.LoginTestCases.Login_Invalid_TestCases</td>
<td></td>
<td>1</td>
<td>zapcg.Capillary.LoginTestCases.Login_Invalid_TestCases@6d0b5baf</td></tr>
<tr>
<td title='zapcg.Capillary.LoginTestCases.Login_Invalid_TestCases.verify_Enabled_LoginButton()'><b>verify_Enabled_LoginButton</b><br>Test class: zapcg.Capillary.LoginTestCases.Login_Invalid_TestCases</td>
<td></td>
<td>2</td>
<td>zapcg.Capillary.LoginTestCases.Login_Invalid_TestCases@6d0b5baf</td></tr>
<tr>
<td title='zapcg.Capillary.LoginTestCases.Login_Invalid_TestCases.verify_Disabled_LoginButton_EmptyPassword()'><b>verify_Disabled_LoginButton_EmptyPassword</b><br>Test class: zapcg.Capillary.LoginTestCases.Login_Invalid_TestCases</td>
<td></td>
<td>0</td>
<td>zapcg.Capillary.LoginTestCases.Login_Invalid_TestCases@6d0b5baf</td></tr>
<tr>
<td title='zapcg.Capillary.LoginTestCases.Login_Invalid_TestCases.test_Username_WithSpaces()'><b>test_Username_WithSpaces</b><br>Test class: zapcg.Capillary.LoginTestCases.Login_Invalid_TestCases</td>
<td></td>
<td>0</td>
<td>zapcg.Capillary.LoginTestCases.Login_Invalid_TestCases@6d0b5baf</td></tr>
<tr>
<td title='zapcg.Capillary.LocationPageTestCases.Location_ExistingUser_TestCases.verify_Header_Of_MemberLookup_Screen()'><b>verify_Header_Of_MemberLookup_Screen</b><br>Test class: zapcg.Capillary.LocationPageTestCases.Location_ExistingUser_TestCases</td>
<td></td>
<td>2</td>
<td>zapcg.Capillary.LocationPageTestCases.Location_ExistingUser_TestCases@631e06ab</td></tr>
<tr>
<td title='zapcg.Capillary.MemberLookupTestCases.memberLookup_Invalid_TestCases.verify_Invalid_CardNumber_MinLength()'><b>verify_Invalid_CardNumber_MinLength</b><br>Test class: zapcg.Capillary.MemberLookupTestCases.memberLookup_Invalid_TestCases</td>
<td></td>
<td>3</td>
<td>zapcg.Capillary.MemberLookupTestCases.memberLookup_Invalid_TestCases@34a75079</td></tr>
<tr>
<td title='zapcg.Capillary.LoginTestCases.Login_Invalid_TestCases.test_Invalid_Password()'><b>test_Invalid_Password</b><br>Test class: zapcg.Capillary.LoginTestCases.Login_Invalid_TestCases</td>
<td></td>
<td>1</td>
<td>zapcg.Capillary.LoginTestCases.Login_Invalid_TestCases@6d0b5baf</td></tr>
<tr>
<td title='zapcg.Capillary.LoginTestCases.Login_Invalid_TestCases.test_MinLength_Password()'><b>test_MinLength_Password</b><br>Test class: zapcg.Capillary.LoginTestCases.Login_Invalid_TestCases</td>
<td></td>
<td>0</td>
<td>zapcg.Capillary.LoginTestCases.Login_Invalid_TestCases@6d0b5baf</td></tr>
<tr>
<td title='zapcg.Capillary.EarnPointPageTestCases.OneTimeExecution_SuccessMessage_RedeemPoint.verify_SuccessMessage_For_RedeemPoint()'><b>verify_SuccessMessage_For_RedeemPoint</b><br>Test class: zapcg.Capillary.EarnPointPageTestCases.OneTimeExecution_SuccessMessage_RedeemPoint</td>
<td></td>
<td>4</td>
<td>zapcg.Capillary.EarnPointPageTestCases.OneTimeExecution_SuccessMessage_RedeemPoint@482d776b</td></tr>
<tr>
<td title='zapcg.Capillary.LoginTestCases.Login_Invalid_TestCases.test_TooLong_Username()'><b>test_TooLong_Username</b><br>Test class: zapcg.Capillary.LoginTestCases.Login_Invalid_TestCases</td>
<td></td>
<td>0</td>
<td>zapcg.Capillary.LoginTestCases.Login_Invalid_TestCases@6d0b5baf</td></tr>
<tr>
<td title='zapcg.Capillary.LoginTestCases.Login_Valid_TestCases.Valid_Login()'><b>Valid_Login</b><br>Test class: zapcg.Capillary.LoginTestCases.Login_Valid_TestCases</td>
<td></td>
<td>30</td>
<td>zapcg.Capillary.LoginTestCases.Login_Valid_TestCases@5049d8b2</td></tr>
<tr>
<td title='zapcg.Capillary.LoginTestCases.Login_Invalid_TestCases.verify_Disabled_LoginButton_EmptyUsernamePassword_TestCase10()'><b>verify_Disabled_LoginButton_EmptyUsernamePassword_TestCase10</b><br>Test class: zapcg.Capillary.LoginTestCases.Login_Invalid_TestCases</td>
<td></td>
<td>0</td>
<td>zapcg.Capillary.LoginTestCases.Login_Invalid_TestCases@6d0b5baf</td></tr>
<tr>
<td title='zapcg.Capillary.MemberLookupTestCases.MemberLookup_Valid_TestCases.hamburgerIcon_Location_Navigation_From_MemberLookup()'><b>hamburgerIcon_Location_Navigation_From_MemberLookup</b><br>Test class: zapcg.Capillary.MemberLookupTestCases.MemberLookup_Valid_TestCases</td>
<td></td>
<td>2</td>
<td>zapcg.Capillary.MemberLookupTestCases.MemberLookup_Valid_TestCases@2a3591c5</td></tr>
<tr>
<td title='zapcg.Capillary.MemberLookupTestCases.memberLookup_Invalid_TestCases.verify_Invalid_MemberID()'><b>verify_Invalid_MemberID</b><br>Test class: zapcg.Capillary.MemberLookupTestCases.memberLookup_Invalid_TestCases</td>
<td></td>
<td>3</td>
<td>zapcg.Capillary.MemberLookupTestCases.memberLookup_Invalid_TestCases@34a75079</td></tr>
<tr>
<td title='zapcg.Capillary.EarnPointPageTestCases.EarnPoint_Valid_TestCases.verify_Time_Equal_To_System_CurrentTime()'><b>verify_Time_Equal_To_System_CurrentTime</b><br>Test class: zapcg.Capillary.EarnPointPageTestCases.EarnPoint_Valid_TestCases</td>
<td></td>
<td>1</td>
<td>zapcg.Capillary.EarnPointPageTestCases.EarnPoint_Valid_TestCases@346a361</td></tr>
<tr>
<td title='zapcg.Capillary.EarnPointPageTestCases.EarnPoint_Invalid_TestCases.empty_TxnAmount_But_GoToPassPointValue()'><b>empty_TxnAmount_But_GoToPassPointValue</b><br>Test class: zapcg.Capillary.EarnPointPageTestCases.EarnPoint_Invalid_TestCases</td>
<td></td>
<td>2</td>
<td>zapcg.Capillary.EarnPointPageTestCases.EarnPoint_Invalid_TestCases@107ed6fc</td></tr>
<tr>
<td title='zapcg.Capillary.EarnPointPageTestCases.EarnPoint_Valid_TestCases.verify_Date_Equal_To_System_CurrentDate()'><b>verify_Date_Equal_To_System_CurrentDate</b><br>Test class: zapcg.Capillary.EarnPointPageTestCases.EarnPoint_Valid_TestCases</td>
<td></td>
<td>1</td>
<td>zapcg.Capillary.EarnPointPageTestCases.EarnPoint_Valid_TestCases@346a361</td></tr>
<tr>
<td title='zapcg.Capillary.EarnPointPageTestCases.OneTimeExecute_pointVerificationAfterRedeemingPoints.verify_TotalPoints_Before_and_After()'><b>verify_TotalPoints_Before_and_After</b><br>Test class: zapcg.Capillary.EarnPointPageTestCases.OneTimeExecute_pointVerificationAfterRedeemingPoints</td>
<td></td>
<td>0</td>
<td>zapcg.Capillary.EarnPointPageTestCases.OneTimeExecute_pointVerificationAfterRedeemingPoints@186978a6</td></tr>
<tr>
<td title='zapcg.Capillary.LocationPageTestCases.Location_ExistingUser_TestCases.navigated_From_Location_To_LookupScreen_With_Valid_Inputs()'><b>navigated_From_Location_To_LookupScreen_With_Valid_Inputs</b><br>Test class: zapcg.Capillary.LocationPageTestCases.Location_ExistingUser_TestCases</td>
<td></td>
<td>2</td>
<td>zapcg.Capillary.LocationPageTestCases.Location_ExistingUser_TestCases@631e06ab</td></tr>
<tr>
<td title='zapcg.Capillary.MemberLookupTestCases.MemberLookup_Valid_TestCases.verify_Header_Hyperlink()'><b>verify_Header_Hyperlink</b><br>Test class: zapcg.Capillary.MemberLookupTestCases.MemberLookup_Valid_TestCases</td>
<td></td>
<td>1</td>
<td>zapcg.Capillary.MemberLookupTestCases.MemberLookup_Valid_TestCases@2a3591c5</td></tr>
<tr>
<td title='zapcg.Capillary.EarnPointPageTestCases.EarnPoint_Valid_TestCases.verifySuccessMessageForOnlyTransactionAmount()'><b>verifySuccessMessageForOnlyTransactionAmount</b><br>Test class: zapcg.Capillary.EarnPointPageTestCases.EarnPoint_Valid_TestCases</td>
<td></td>
<td>4</td>
<td>zapcg.Capillary.EarnPointPageTestCases.EarnPoint_Valid_TestCases@346a361</td></tr>
<tr>
<td title='zapcg.Capillary.MemberLookupTestCases.memberLookup_Invalid_TestCases.verify_MemberId_Field_MaxLength()'><b>verify_MemberId_Field_MaxLength</b><br>Test class: zapcg.Capillary.MemberLookupTestCases.memberLookup_Invalid_TestCases</td>
<td></td>
<td>1</td>
<td>zapcg.Capillary.MemberLookupTestCases.memberLookup_Invalid_TestCases@34a75079</td></tr>
<tr>
<td title='zapcg.Capillary.EarnPointPageTestCases.EarnPoint_Valid_TestCases.verify_HeaderHyperlink_On_EarnPoint_Page()'><b>verify_HeaderHyperlink_On_EarnPoint_Page</b><br>Test class: zapcg.Capillary.EarnPointPageTestCases.EarnPoint_Valid_TestCases</td>
<td></td>
<td>1</td>
<td>zapcg.Capillary.EarnPointPageTestCases.EarnPoint_Valid_TestCases@346a361</td></tr>
<tr>
<td title='zapcg.Capillary.EarnPointPageTestCases.EarnPoint_Valid_TestCases.verify_Hamburger_LocationOption_From_EarnPoint_Page()'><b>verify_Hamburger_LocationOption_From_EarnPoint_Page</b><br>Test class: zapcg.Capillary.EarnPointPageTestCases.EarnPoint_Valid_TestCases</td>
<td></td>
<td>2</td>
<td>zapcg.Capillary.EarnPointPageTestCases.EarnPoint_Valid_TestCases@346a361</td></tr>
<tr>
<td title='zapcg.Capillary.EarnPointPageTestCases.EarnPoint_Valid_TestCases.verify_MemberDetails_Content_Displaying_On_EarnPointScreen()'><b>verify_MemberDetails_Content_Displaying_On_EarnPointScreen</b><br>Test class: zapcg.Capillary.EarnPointPageTestCases.EarnPoint_Valid_TestCases</td>
<td></td>
<td>1</td>
<td>zapcg.Capillary.EarnPointPageTestCases.EarnPoint_Valid_TestCases@346a361</td></tr>
<tr>
<td title='zapcg.Capillary.EarnPointPageTestCases.EarnPoint_Invalid_TestCases.goTOPassPoint_More_Than_TransactionAmount()'><b>goTOPassPoint_More_Than_TransactionAmount</b><br>Test class: zapcg.Capillary.EarnPointPageTestCases.EarnPoint_Invalid_TestCases</td>
<td></td>
<td>2</td>
<td>zapcg.Capillary.EarnPointPageTestCases.EarnPoint_Invalid_TestCases@107ed6fc</td></tr>
<tr>
<td title='zapcg.Capillary.LocationPageTestCases.Location_ExistingUser_TestCases.hamburgerIcon_MemberLookup_Navigation_From_LocationScreen()'><b>hamburgerIcon_MemberLookup_Navigation_From_LocationScreen</b><br>Test class: zapcg.Capillary.LocationPageTestCases.Location_ExistingUser_TestCases</td>
<td></td>
<td>0</td>
<td>zapcg.Capillary.LocationPageTestCases.Location_ExistingUser_TestCases@631e06ab</td></tr>
<tr>
<td title='zapcg.Capillary.LocationPageTestCases.Location_ExistingUser_TestCases.verify_Able_To_SelectOption_From_DropDown()'><b>verify_Able_To_SelectOption_From_DropDown</b><br>Test class: zapcg.Capillary.LocationPageTestCases.Location_ExistingUser_TestCases</td>
<td></td>
<td>0</td>
<td>zapcg.Capillary.LocationPageTestCases.Location_ExistingUser_TestCases@631e06ab</td></tr>
<tr>
<td title='zapcg.Capillary.EarnPointPageTestCases.EarnPoint_Valid_TestCases.verify_NonEditable_DateField()'><b>verify_NonEditable_DateField</b><br>Test class: zapcg.Capillary.EarnPointPageTestCases.EarnPoint_Valid_TestCases</td>
<td></td>
<td>1</td>
<td>zapcg.Capillary.EarnPointPageTestCases.EarnPoint_Valid_TestCases@346a361</td></tr>
<tr>
<td title='zapcg.Capillary.MemberLookupTestCases.MemberLookup_Valid_TestCases.verifyScanButtonAvailability()'><b>verifyScanButtonAvailability</b><br>Test class: zapcg.Capillary.MemberLookupTestCases.MemberLookup_Valid_TestCases</td>
<td></td>
<td>1</td>
<td>zapcg.Capillary.MemberLookupTestCases.MemberLookup_Valid_TestCases@2a3591c5</td></tr>
<tr>
<td title='zapcg.Capillary.MemberLookupTestCases.MemberLookup_Valid_TestCases.enter_Valid_MemberId()'><b>enter_Valid_MemberId</b><br>Test class: zapcg.Capillary.MemberLookupTestCases.MemberLookup_Valid_TestCases</td>
<td></td>
<td>3</td>
<td>zapcg.Capillary.MemberLookupTestCases.MemberLookup_Valid_TestCases@2a3591c5</td></tr>
<tr>
<td title='zapcg.Capillary.EarnPointPageTestCases.OneTimeExecute_TransactionExceedsThreshold.TransactionExceedsThreshold()'><b>TransactionExceedsThreshold</b><br>Test class: zapcg.Capillary.EarnPointPageTestCases.OneTimeExecute_TransactionExceedsThreshold</td>
<td></td>
<td>2</td>
<td>zapcg.Capillary.EarnPointPageTestCases.OneTimeExecute_TransactionExceedsThreshold@2e029d61</td></tr>
<tr>
<td title='zapcg.Capillary.LocationPageTestCases.Location_ExistingUser_TestCases.verify_DropDown_Availability()'><b>verify_DropDown_Availability</b><br>Test class: zapcg.Capillary.LocationPageTestCases.Location_ExistingUser_TestCases</td>
<td></td>
<td>0</td>
<td>zapcg.Capillary.LocationPageTestCases.Location_ExistingUser_TestCases@631e06ab</td></tr>
<tr>
<td title='zapcg.Capillary.EarnPointPageTestCases.EarnPoint_Valid_TestCases.verify_ExceedThresold_SuccessMessage()'><b>verify_ExceedThresold_SuccessMessage</b><br>Test class: zapcg.Capillary.EarnPointPageTestCases.EarnPoint_Valid_TestCases</td>
<td></td>
<td>4</td>
<td>zapcg.Capillary.EarnPointPageTestCases.EarnPoint_Valid_TestCases@346a361</td></tr>
<tr>
<td title='zapcg.Capillary.EarnPointPageTestCases.EarnPoint_Valid_TestCases.verify_Hamburger_MemberLookupOption_From_EarnPoint_Page()'><b>verify_Hamburger_MemberLookupOption_From_EarnPoint_Page</b><br>Test class: zapcg.Capillary.EarnPointPageTestCases.EarnPoint_Valid_TestCases</td>
<td></td>
<td>2</td>
<td>zapcg.Capillary.EarnPointPageTestCases.EarnPoint_Valid_TestCases@346a361</td></tr>
<tr>
<td title='zapcg.Capillary.EarnPointPageTestCases.GoToPassPointMoreThanAvailablePoint.verify_ValidationMessage_If_GoToPass_Is_Greater_Than_AvailablePoints()'><b>verify_ValidationMessage_If_GoToPass_Is_Greater_Than_AvailablePoints</b><br>Test class: zapcg.Capillary.EarnPointPageTestCases.GoToPassPointMoreThanAvailablePoint</td>
<td></td>
<td>0</td>
<td>zapcg.Capillary.EarnPointPageTestCases.GoToPassPointMoreThanAvailablePoint@1643d68f</td></tr>
<tr>
<td title='zapcg.Capillary.LocationPageTestCases.Location_ExistingUser_TestCases.hamburgerIcon_MemberLocation_Navigation_From_LocationScreen()'><b>hamburgerIcon_MemberLocation_Navigation_From_LocationScreen</b><br>Test class: zapcg.Capillary.LocationPageTestCases.Location_ExistingUser_TestCases</td>
<td></td>
<td>0</td>
<td>zapcg.Capillary.LocationPageTestCases.Location_ExistingUser_TestCases@631e06ab</td></tr>
<tr>
<td title='zapcg.Capillary.LocationPageTestCases.Location_ExistingUser_TestCases.choose_ValidLocation_For_NewUser()'><b>choose_ValidLocation_For_NewUser</b><br>Test class: zapcg.Capillary.LocationPageTestCases.Location_ExistingUser_TestCases</td>
<td></td>
<td>2</td>
<td>zapcg.Capillary.LocationPageTestCases.Location_ExistingUser_TestCases@631e06ab</td></tr>
<tr>
<td title='zapcg.Capillary.EarnPointPageTestCases.EarnPoint_Valid_TestCases.verify_Eligible_EarningPoints()'><b>verify_Eligible_EarningPoints</b><br>Test class: zapcg.Capillary.EarnPointPageTestCases.EarnPoint_Valid_TestCases</td>
<td></td>
<td>2</td>
<td>zapcg.Capillary.EarnPointPageTestCases.EarnPoint_Valid_TestCases@346a361</td></tr>
<tr>
<td title='zapcg.Capillary.EarnPointPageTestCases.EarnPoint_Valid_TestCases.verify_TaxAssumedAmount()'><b>verify_TaxAssumedAmount</b><br>Test class: zapcg.Capillary.EarnPointPageTestCases.EarnPoint_Valid_TestCases</td>
<td></td>
<td>1</td>
<td>zapcg.Capillary.EarnPointPageTestCases.EarnPoint_Valid_TestCases@346a361</td></tr>
<tr>
<td title='zapcg.Capillary.LocationPageTestCases.Location_ExistingUser_TestCases.verify_Choose_Location_Button_Availability()'><b>verify_Choose_Location_Button_Availability</b><br>Test class: zapcg.Capillary.LocationPageTestCases.Location_ExistingUser_TestCases</td>
<td></td>
<td>2</td>
<td>zapcg.Capillary.LocationPageTestCases.Location_ExistingUser_TestCases@631e06ab</td></tr>
<tr>
<td title='zapcg.Capillary.EarnPointPageTestCases.EarnPoint_Valid_TestCases.verify_NonEditable_LocationField()'><b>verify_NonEditable_LocationField</b><br>Test class: zapcg.Capillary.EarnPointPageTestCases.EarnPoint_Valid_TestCases</td>
<td></td>
<td>1</td>
<td>zapcg.Capillary.EarnPointPageTestCases.EarnPoint_Valid_TestCases@346a361</td></tr>
<tr>
<td title='zapcg.Capillary.MemberLookupTestCases.MemberLookup_Valid_TestCases.hamburgerIcon_MemberLookup_Navigation_From_MemberLookup()'><b>hamburgerIcon_MemberLookup_Navigation_From_MemberLookup</b><br>Test class: zapcg.Capillary.MemberLookupTestCases.MemberLookup_Valid_TestCases</td>
<td></td>
<td>1</td>
<td>zapcg.Capillary.MemberLookupTestCases.MemberLookup_Valid_TestCases@2a3591c5</td></tr>
<tr>
<td title='zapcg.Capillary.MemberLookupTestCases.memberLookup_Invalid_TestCases.verify_CardNumber_Field_MaxLength()'><b>verify_CardNumber_Field_MaxLength</b><br>Test class: zapcg.Capillary.MemberLookupTestCases.memberLookup_Invalid_TestCases</td>
<td></td>
<td>1</td>
<td>zapcg.Capillary.MemberLookupTestCases.memberLookup_Invalid_TestCases@34a75079</td></tr>
<tr>
<td title='zapcg.Capillary.EarnPointPageTestCases.EarnPoint_Invalid_TestCases.verify_With_Empty_TransactionAmount()'><b>verify_With_Empty_TransactionAmount</b><br>Test class: zapcg.Capillary.EarnPointPageTestCases.EarnPoint_Invalid_TestCases</td>
<td></td>
<td>1</td>
<td>zapcg.Capillary.EarnPointPageTestCases.EarnPoint_Invalid_TestCases@107ed6fc</td></tr>
<tr>
<td title='zapcg.Capillary.MemberLookupTestCases.memberLookup_Invalid_TestCases.verify_Empty_CardNumber_ButtonIsDisabled()'><b>verify_Empty_CardNumber_ButtonIsDisabled</b><br>Test class: zapcg.Capillary.MemberLookupTestCases.memberLookup_Invalid_TestCases</td>
<td></td>
<td>1</td>
<td>zapcg.Capillary.MemberLookupTestCases.memberLookup_Invalid_TestCases@34a75079</td></tr>
<tr>
<td title='zapcg.Capillary.EarnPointPageTestCases.EarnPoint_Valid_TestCases.verify_With_Empty_TransactionAmount()'><b>verify_With_Empty_TransactionAmount</b><br>Test class: zapcg.Capillary.EarnPointPageTestCases.EarnPoint_Valid_TestCases</td>
<td></td>
<td>1</td>
<td>zapcg.Capillary.EarnPointPageTestCases.EarnPoint_Valid_TestCases@346a361</td></tr>
<tr>
<td title='zapcg.Capillary.EarnPointPageTestCases.EarnPoint_Valid_TestCases.verify_EarnPoints_Navigation_From_MeberDetailsScreen()'><b>verify_EarnPoints_Navigation_From_MeberDetailsScreen</b><br>Test class: zapcg.Capillary.EarnPointPageTestCases.EarnPoint_Valid_TestCases</td>
<td></td>
<td>1</td>
<td>zapcg.Capillary.EarnPointPageTestCases.EarnPoint_Valid_TestCases@346a361</td></tr>
<tr>
<td title='zapcg.Capillary.EarnPointPageTestCases.EarnPoint_Valid_TestCases.verify_BackButton_Navigation_On_EarnPoint_Page()'><b>verify_BackButton_Navigation_On_EarnPoint_Page</b><br>Test class: zapcg.Capillary.EarnPointPageTestCases.EarnPoint_Valid_TestCases</td>
<td></td>
<td>1</td>
<td>zapcg.Capillary.EarnPointPageTestCases.EarnPoint_Valid_TestCases@346a361</td></tr>
</table><p>
</body>
</html>